CRITICAL - 2024-04-11 14:15:28 --> Undefined variable $cartCount
in APPPATH\Controllers\UserController.php on line 803.
 1 APPPATH\Controllers\UserController.php(803): CodeIgniter\Debug\Exceptions->errorHandler(2, 'Undefined variable $cartCount', 'C:\\laragon\\www\\adonbacked\\app\\Controllers\\UserController.php', 803)
 2 SYSTEMPATH\CodeIgniter.php(942): App\Controllers\UserController->viewCart()
 3 SYSTEMPATH\CodeIgniter.php(502): CodeIgniter\CodeIgniter->runController(Object(App\Controllers\UserController))
 4 SYSTEMPATH\CodeIgniter.php(361): CodeIgniter\CodeIgniter->handleRequest(null, Object(Config\Cache), false)
 5 FCPATH\index.php(87): CodeIgniter\CodeIgniter->run()
 6 SYSTEMPATH\Commands\Server\rewrite.php(47): require_once('C:\\laragon\\www\\adonbacked\\public\\index.php')
CRITICAL - 2024-04-11 15:33:43 --> Undefined array key "product"
in APPPATH\Controllers\UserController.php on line 863.
 1 APPPATH\Controllers\UserController.php(863): CodeIgniter\Debug\Exceptions->errorHandler(2, 'Undefined array key "product"', 'C:\\laragon\\www\\adonbacked\\app\\Controllers\\UserController.php', 863)
 2 SYSTEMPATH\CodeIgniter.php(942): App\Controllers\UserController->itemCheckout()
 3 SYSTEMPATH\CodeIgniter.php(502): CodeIgniter\CodeIgniter->runController(Object(App\Controllers\UserController))
 4 SYSTEMPATH\CodeIgniter.php(361): CodeIgniter\CodeIgniter->handleRequest(null, Object(Config\Cache), false)
 5 FCPATH\index.php(87): CodeIgniter\CodeIgniter->run()
 6 SYSTEMPATH\Commands\Server\rewrite.php(47): require_once('C:\\laragon\\www\\adonbacked\\public\\index.php')
CRITICAL - 2024-04-11 15:33:48 --> Undefined array key "product"
in APPPATH\Controllers\UserController.php on line 863.
 1 APPPATH\Controllers\UserController.php(863): CodeIgniter\Debug\Exceptions->errorHandler(2, 'Undefined array key "product"', 'C:\\laragon\\www\\adonbacked\\app\\Controllers\\UserController.php', 863)
 2 SYSTEMPATH\CodeIgniter.php(942): App\Controllers\UserController->itemCheckout()
 3 SYSTEMPATH\CodeIgniter.php(502): CodeIgniter\CodeIgniter->runController(Object(App\Controllers\UserController))
 4 SYSTEMPATH\CodeIgniter.php(361): CodeIgniter\CodeIgniter->handleRequest(null, Object(Config\Cache), false)
 5 FCPATH\index.php(87): CodeIgniter\CodeIgniter->run()
 6 SYSTEMPATH\Commands\Server\rewrite.php(47): require_once('C:\\laragon\\www\\adonbacked\\public\\index.php')
CRITICAL - 2024-04-11 15:35:41 --> Undefined array key "product"
in APPPATH\Controllers\UserController.php on line 863.
 1 APPPATH\Controllers\UserController.php(863): CodeIgniter\Debug\Exceptions->errorHandler(2, 'Undefined array key "product"', 'C:\\laragon\\www\\adonbacked\\app\\Controllers\\UserController.php', 863)
 2 SYSTEMPATH\CodeIgniter.php(942): App\Controllers\UserController->itemCheckout()
 3 SYSTEMPATH\CodeIgniter.php(502): CodeIgniter\CodeIgniter->runController(Object(App\Controllers\UserController))
 4 SYSTEMPATH\CodeIgniter.php(361): CodeIgniter\CodeIgniter->handleRequest(null, Object(Config\Cache), false)
 5 FCPATH\index.php(87): CodeIgniter\CodeIgniter->run()
 6 SYSTEMPATH\Commands\Server\rewrite.php(47): require_once('C:\\laragon\\www\\adonbacked\\public\\index.php')
CRITICAL - 2024-04-11 15:35:52 --> Undefined array key "product"
in APPPATH\Controllers\UserController.php on line 863.
 1 APPPATH\Controllers\UserController.php(863): CodeIgniter\Debug\Exceptions->errorHandler(2, 'Undefined array key "product"', 'C:\\laragon\\www\\adonbacked\\app\\Controllers\\UserController.php', 863)
 2 SYSTEMPATH\CodeIgniter.php(942): App\Controllers\UserController->itemCheckout()
 3 SYSTEMPATH\CodeIgniter.php(502): CodeIgniter\CodeIgniter->runController(Object(App\Controllers\UserController))
 4 SYSTEMPATH\CodeIgniter.php(361): CodeIgniter\CodeIgniter->handleRequest(null, Object(Config\Cache), false)
 5 FCPATH\index.php(87): CodeIgniter\CodeIgniter->run()
 6 SYSTEMPATH\Commands\Server\rewrite.php(47): require_once('C:\\laragon\\www\\adonbacked\\public\\index.php')
CRITICAL - 2024-04-11 15:39:32 --> Undefined array key "product"
in APPPATH\Controllers\UserController.php on line 863.
 1 APPPATH\Controllers\UserController.php(863): CodeIgniter\Debug\Exceptions->errorHandler(2, 'Undefined array key "product"', 'C:\\laragon\\www\\adonbacked\\app\\Controllers\\UserController.php', 863)
 2 SYSTEMPATH\CodeIgniter.php(942): App\Controllers\UserController->item_checkout()
 3 SYSTEMPATH\CodeIgniter.php(502): CodeIgniter\CodeIgniter->runController(Object(App\Controllers\UserController))
 4 SYSTEMPATH\CodeIgniter.php(361): CodeIgniter\CodeIgniter->handleRequest(null, Object(Config\Cache), false)
 5 FCPATH\index.php(87): CodeIgniter\CodeIgniter->run()
 6 SYSTEMPATH\Commands\Server\rewrite.php(47): require_once('C:\\laragon\\www\\adonbacked\\public\\index.php')
CRITICAL - 2024-04-11 15:39:42 --> Undefined array key "product"
in APPPATH\Controllers\UserController.php on line 863.
 1 APPPATH\Controllers\UserController.php(863): CodeIgniter\Debug\Exceptions->errorHandler(2, 'Undefined array key "product"', 'C:\\laragon\\www\\adonbacked\\app\\Controllers\\UserController.php', 863)
 2 SYSTEMPATH\CodeIgniter.php(942): App\Controllers\UserController->item_checkout()
 3 SYSTEMPATH\CodeIgniter.php(502): CodeIgniter\CodeIgniter->runController(Object(App\Controllers\UserController))
 4 SYSTEMPATH\CodeIgniter.php(361): CodeIgniter\CodeIgniter->handleRequest(null, Object(Config\Cache), false)
 5 FCPATH\index.php(87): CodeIgniter\CodeIgniter->run()
 6 SYSTEMPATH\Commands\Server\rewrite.php(47): require_once('C:\\laragon\\www\\adonbacked\\public\\index.php')
CRITICAL - 2024-04-11 15:40:19 --> Undefined array key "product"
in APPPATH\Controllers\UserController.php on line 863.
 1 APPPATH\Controllers\UserController.php(863): CodeIgniter\Debug\Exceptions->errorHandler(2, 'Undefined array key "product"', 'C:\\laragon\\www\\adonbacked\\app\\Controllers\\UserController.php', 863)
 2 SYSTEMPATH\CodeIgniter.php(942): App\Controllers\UserController->item_checkout()
 3 SYSTEMPATH\CodeIgniter.php(502): CodeIgniter\CodeIgniter->runController(Object(App\Controllers\UserController))
 4 SYSTEMPATH\CodeIgniter.php(361): CodeIgniter\CodeIgniter->handleRequest(null, Object(Config\Cache), false)
 5 FCPATH\index.php(87): CodeIgniter\CodeIgniter->run()
 6 SYSTEMPATH\Commands\Server\rewrite.php(47): require_once('C:\\laragon\\www\\adonbacked\\public\\index.php')
CRITICAL - 2024-04-11 15:40:28 --> Undefined array key "product"
in APPPATH\Controllers\UserController.php on line 863.
 1 APPPATH\Controllers\UserController.php(863): CodeIgniter\Debug\Exceptions->errorHandler(2, 'Undefined array key "product"', 'C:\\laragon\\www\\adonbacked\\app\\Controllers\\UserController.php', 863)
 2 SYSTEMPATH\CodeIgniter.php(942): App\Controllers\UserController->item_checkout()
 3 SYSTEMPATH\CodeIgniter.php(502): CodeIgniter\CodeIgniter->runController(Object(App\Controllers\UserController))
 4 SYSTEMPATH\CodeIgniter.php(361): CodeIgniter\CodeIgniter->handleRequest(null, Object(Config\Cache), false)
 5 FCPATH\index.php(87): CodeIgniter\CodeIgniter->run()
 6 SYSTEMPATH\Commands\Server\rewrite.php(47): require_once('C:\\laragon\\www\\adonbacked\\public\\index.php')
CRITICAL - 2024-04-11 15:40:32 --> Undefined array key "product"
in APPPATH\Controllers\UserController.php on line 863.
 1 APPPATH\Controllers\UserController.php(863): CodeIgniter\Debug\Exceptions->errorHandler(2, 'Undefined array key "product"', 'C:\\laragon\\www\\adonbacked\\app\\Controllers\\UserController.php', 863)
 2 SYSTEMPATH\CodeIgniter.php(942): App\Controllers\UserController->item_checkout()
 3 SYSTEMPATH\CodeIgniter.php(502): CodeIgniter\CodeIgniter->runController(Object(App\Controllers\UserController))
 4 SYSTEMPATH\CodeIgniter.php(361): CodeIgniter\CodeIgniter->handleRequest(null, Object(Config\Cache), false)
 5 FCPATH\index.php(87): CodeIgniter\CodeIgniter->run()
 6 SYSTEMPATH\Commands\Server\rewrite.php(47): require_once('C:\\laragon\\www\\adonbacked\\public\\index.php')
CRITICAL - 2024-04-11 15:41:21 --> Undefined array key "product"
in APPPATH\Controllers\UserController.php on line 863.
 1 APPPATH\Controllers\UserController.php(863): CodeIgniter\Debug\Exceptions->errorHandler(2, 'Undefined array key "product"', 'C:\\laragon\\www\\adonbacked\\app\\Controllers\\UserController.php', 863)
 2 SYSTEMPATH\CodeIgniter.php(942): App\Controllers\UserController->item_checkout()
 3 SYSTEMPATH\CodeIgniter.php(502): CodeIgniter\CodeIgniter->runController(Object(App\Controllers\UserController))
 4 SYSTEMPATH\CodeIgniter.php(361): CodeIgniter\CodeIgniter->handleRequest(null, Object(Config\Cache), false)
 5 FCPATH\index.php(87): CodeIgniter\CodeIgniter->run()
 6 SYSTEMPATH\Commands\Server\rewrite.php(47): require_once('C:\\laragon\\www\\adonbacked\\public\\index.php')
CRITICAL - 2024-04-11 15:41:44 --> Undefined array key "product"
in APPPATH\Controllers\UserController.php on line 863.
 1 APPPATH\Controllers\UserController.php(863): CodeIgniter\Debug\Exceptions->errorHandler(2, 'Undefined array key "product"', 'C:\\laragon\\www\\adonbacked\\app\\Controllers\\UserController.php', 863)
 2 SYSTEMPATH\CodeIgniter.php(942): App\Controllers\UserController->item_checkout()
 3 SYSTEMPATH\CodeIgniter.php(502): CodeIgniter\CodeIgniter->runController(Object(App\Controllers\UserController))
 4 SYSTEMPATH\CodeIgniter.php(361): CodeIgniter\CodeIgniter->handleRequest(null, Object(Config\Cache), false)
 5 FCPATH\index.php(87): CodeIgniter\CodeIgniter->run()
 6 SYSTEMPATH\Commands\Server\rewrite.php(47): require_once('C:\\laragon\\www\\adonbacked\\public\\index.php')
ERROR - 2024-04-11 15:46:20 --> Undefined array key "product"
