CRITICAL - 2024-01-24 02:33:29 --> require(vendor/autoload.php): Failed to open stream: No such file or directory
in APPPATH\Controllers\DoctorController.php on line 19.
 1 APPPATH\Controllers\DoctorController.php(19): CodeIgniter\Debug\Exceptions->errorHandler(2, 'require(vendor/autoload.php): Failed to open stream: No such file or directory', 'C:\\laragon\\www\\adonback\\app\\Controllers\\DoctorController.php', 19)
 2 APPPATH\Controllers\DoctorController.php(19): require()
 3 SYSTEMPATH\Autoloader\Autoloader.php(312): include_once('C:\\laragon\\www\\adonback\\app\\Controllers\\DoctorController.php')
 4 SYSTEMPATH\Autoloader\Autoloader.php(291): CodeIgniter\Autoloader\Autoloader->includeFile('C:\\laragon\\www\\adonback\\app\\Controllers\\DoctorController.php')
 5 SYSTEMPATH\Autoloader\Autoloader.php(269): CodeIgniter\Autoloader\Autoloader->loadInNamespace('App\\Controllers\\DoctorController')
 6 [internal function]: CodeIgniter\Autoloader\Autoloader->loadClass('App\\Controllers\\DoctorController')
 7 SYSTEMPATH\CodeIgniter.php(900): class_exists('\\App\\Controllers\\DoctorController', true)
 8 SYSTEMPATH\CodeIgniter.php(489): CodeIgniter\CodeIgniter->startController()
 9 SYSTEMPATH\CodeIgniter.php(361): CodeIgniter\CodeIgniter->handleRequest(null, Object(Config\Cache), false)
10 FCPATH\index.php(87): CodeIgniter\CodeIgniter->run()
CRITICAL - 2024-01-24 02:33:29 --> require(vendor/autoload.php): Failed to open stream: No such file or directory
in APPPATH\Controllers\DoctorController.php on line 19.
 1 APPPATH\Controllers\DoctorController.php(19): CodeIgniter\Debug\Exceptions->errorHandler(2, 'require(vendor/autoload.php): Failed to open stream: No such file or directory', 'C:\\laragon\\www\\adonback\\app\\Controllers\\DoctorController.php', 19)
 2 APPPATH\Controllers\DoctorController.php(19): require()
 3 SYSTEMPATH\Autoloader\Autoloader.php(312): include_once('C:\\laragon\\www\\adonback\\app\\Controllers\\DoctorController.php')
 4 SYSTEMPATH\Autoloader\Autoloader.php(291): CodeIgniter\Autoloader\Autoloader->includeFile('C:\\laragon\\www\\adonback\\app\\Controllers\\DoctorController.php')
 5 SYSTEMPATH\Autoloader\Autoloader.php(269): CodeIgniter\Autoloader\Autoloader->loadInNamespace('App\\Controllers\\DoctorController')
 6 [internal function]: CodeIgniter\Autoloader\Autoloader->loadClass('App\\Controllers\\DoctorController')
 7 SYSTEMPATH\CodeIgniter.php(900): class_exists('\\App\\Controllers\\DoctorController', true)
 8 SYSTEMPATH\CodeIgniter.php(489): CodeIgniter\CodeIgniter->startController()
 9 SYSTEMPATH\CodeIgniter.php(361): CodeIgniter\CodeIgniter->handleRequest(null, Object(Config\Cache), false)
10 FCPATH\index.php(87): CodeIgniter\CodeIgniter->run()
CRITICAL - 2024-01-24 02:33:29 --> require(vendor/autoload.php): Failed to open stream: No such file or directory
in APPPATH\Controllers\DoctorController.php on line 19.
 1 APPPATH\Controllers\DoctorController.php(19): CodeIgniter\Debug\Exceptions->errorHandler(2, 'require(vendor/autoload.php): Failed to open stream: No such file or directory', 'C:\\laragon\\www\\adonback\\app\\Controllers\\DoctorController.php', 19)
 2 APPPATH\Controllers\DoctorController.php(19): require()
 3 SYSTEMPATH\Autoloader\Autoloader.php(312): include_once('C:\\laragon\\www\\adonback\\app\\Controllers\\DoctorController.php')
 4 SYSTEMPATH\Autoloader\Autoloader.php(291): CodeIgniter\Autoloader\Autoloader->includeFile('C:\\laragon\\www\\adonback\\app\\Controllers\\DoctorController.php')
 5 SYSTEMPATH\Autoloader\Autoloader.php(269): CodeIgniter\Autoloader\Autoloader->loadInNamespace('App\\Controllers\\DoctorController')
 6 [internal function]: CodeIgniter\Autoloader\Autoloader->loadClass('App\\Controllers\\DoctorController')
 7 SYSTEMPATH\CodeIgniter.php(900): class_exists('\\App\\Controllers\\DoctorController', true)
 8 SYSTEMPATH\CodeIgniter.php(489): CodeIgniter\CodeIgniter->startController()
 9 SYSTEMPATH\CodeIgniter.php(361): CodeIgniter\CodeIgniter->handleRequest(null, Object(Config\Cache), false)
10 FCPATH\index.php(87): CodeIgniter\CodeIgniter->run()
CRITICAL - 2024-01-24 02:33:29 --> require(vendor/autoload.php): Failed to open stream: No such file or directory
in APPPATH\Controllers\DoctorController.php on line 19.
 1 APPPATH\Controllers\DoctorController.php(19): CodeIgniter\Debug\Exceptions->errorHandler(2, 'require(vendor/autoload.php): Failed to open stream: No such file or directory', 'C:\\laragon\\www\\adonback\\app\\Controllers\\DoctorController.php', 19)
 2 APPPATH\Controllers\DoctorController.php(19): require()
 3 SYSTEMPATH\Autoloader\Autoloader.php(312): include_once('C:\\laragon\\www\\adonback\\app\\Controllers\\DoctorController.php')
 4 SYSTEMPATH\Autoloader\Autoloader.php(291): CodeIgniter\Autoloader\Autoloader->includeFile('C:\\laragon\\www\\adonback\\app\\Controllers\\DoctorController.php')
 5 SYSTEMPATH\Autoloader\Autoloader.php(269): CodeIgniter\Autoloader\Autoloader->loadInNamespace('App\\Controllers\\DoctorController')
 6 [internal function]: CodeIgniter\Autoloader\Autoloader->loadClass('App\\Controllers\\DoctorController')
 7 SYSTEMPATH\CodeIgniter.php(900): class_exists('\\App\\Controllers\\DoctorController', true)
 8 SYSTEMPATH\CodeIgniter.php(489): CodeIgniter\CodeIgniter->startController()
 9 SYSTEMPATH\CodeIgniter.php(361): CodeIgniter\CodeIgniter->handleRequest(null, Object(Config\Cache), false)
10 FCPATH\index.php(87): CodeIgniter\CodeIgniter->run()
CRITICAL - 2024-01-24 02:38:14 --> require(vendor/autoload.php): Failed to open stream: No such file or directory
in APPPATH\Controllers\DoctorController.php on line 19.
 1 APPPATH\Controllers\DoctorController.php(19): CodeIgniter\Debug\Exceptions->errorHandler(2, 'require(vendor/autoload.php): Failed to open stream: No such file or directory', 'C:\\laragon\\www\\adonback\\app\\Controllers\\DoctorController.php', 19)
 2 APPPATH\Controllers\DoctorController.php(19): require()
 3 SYSTEMPATH\Autoloader\Autoloader.php(312): include_once('C:\\laragon\\www\\adonback\\app\\Controllers\\DoctorController.php')
 4 SYSTEMPATH\Autoloader\Autoloader.php(291): CodeIgniter\Autoloader\Autoloader->includeFile('C:\\laragon\\www\\adonback\\app\\Controllers\\DoctorController.php')
 5 SYSTEMPATH\Autoloader\Autoloader.php(269): CodeIgniter\Autoloader\Autoloader->loadInNamespace('App\\Controllers\\DoctorController')
 6 [internal function]: CodeIgniter\Autoloader\Autoloader->loadClass('App\\Controllers\\DoctorController')
 7 SYSTEMPATH\CodeIgniter.php(900): class_exists('\\App\\Controllers\\DoctorController', true)
 8 SYSTEMPATH\CodeIgniter.php(489): CodeIgniter\CodeIgniter->startController()
 9 SYSTEMPATH\CodeIgniter.php(361): CodeIgniter\CodeIgniter->handleRequest(null, Object(Config\Cache), false)
10 FCPATH\index.php(87): CodeIgniter\CodeIgniter->run()
CRITICAL - 2024-01-24 02:38:14 --> require(vendor/autoload.php): Failed to open stream: No such file or directory
in APPPATH\Controllers\DoctorController.php on line 19.
 1 APPPATH\Controllers\DoctorController.php(19): CodeIgniter\Debug\Exceptions->errorHandler(2, 'require(vendor/autoload.php): Failed to open stream: No such file or directory', 'C:\\laragon\\www\\adonback\\app\\Controllers\\DoctorController.php', 19)
 2 APPPATH\Controllers\DoctorController.php(19): require()
 3 SYSTEMPATH\Autoloader\Autoloader.php(312): include_once('C:\\laragon\\www\\adonback\\app\\Controllers\\DoctorController.php')
 4 SYSTEMPATH\Autoloader\Autoloader.php(291): CodeIgniter\Autoloader\Autoloader->includeFile('C:\\laragon\\www\\adonback\\app\\Controllers\\DoctorController.php')
 5 SYSTEMPATH\Autoloader\Autoloader.php(269): CodeIgniter\Autoloader\Autoloader->loadInNamespace('App\\Controllers\\DoctorController')
 6 [internal function]: CodeIgniter\Autoloader\Autoloader->loadClass('App\\Controllers\\DoctorController')
 7 SYSTEMPATH\CodeIgniter.php(900): class_exists('\\App\\Controllers\\DoctorController', true)
 8 SYSTEMPATH\CodeIgniter.php(489): CodeIgniter\CodeIgniter->startController()
 9 SYSTEMPATH\CodeIgniter.php(361): CodeIgniter\CodeIgniter->handleRequest(null, Object(Config\Cache), false)
10 FCPATH\index.php(87): CodeIgniter\CodeIgniter->run()
CRITICAL - 2024-01-24 02:38:14 --> require(vendor/autoload.php): Failed to open stream: No such file or directory
in APPPATH\Controllers\DoctorController.php on line 19.
 1 APPPATH\Controllers\DoctorController.php(19): CodeIgniter\Debug\Exceptions->errorHandler(2, 'require(vendor/autoload.php): Failed to open stream: No such file or directory', 'C:\\laragon\\www\\adonback\\app\\Controllers\\DoctorController.php', 19)
 2 APPPATH\Controllers\DoctorController.php(19): require()
 3 SYSTEMPATH\Autoloader\Autoloader.php(312): include_once('C:\\laragon\\www\\adonback\\app\\Controllers\\DoctorController.php')
 4 SYSTEMPATH\Autoloader\Autoloader.php(291): CodeIgniter\Autoloader\Autoloader->includeFile('C:\\laragon\\www\\adonback\\app\\Controllers\\DoctorController.php')
 5 SYSTEMPATH\Autoloader\Autoloader.php(269): CodeIgniter\Autoloader\Autoloader->loadInNamespace('App\\Controllers\\DoctorController')
 6 [internal function]: CodeIgniter\Autoloader\Autoloader->loadClass('App\\Controllers\\DoctorController')
 7 SYSTEMPATH\CodeIgniter.php(900): class_exists('\\App\\Controllers\\DoctorController', true)
 8 SYSTEMPATH\CodeIgniter.php(489): CodeIgniter\CodeIgniter->startController()
 9 SYSTEMPATH\CodeIgniter.php(361): CodeIgniter\CodeIgniter->handleRequest(null, Object(Config\Cache), false)
10 FCPATH\index.php(87): CodeIgniter\CodeIgniter->run()
CRITICAL - 2024-01-24 02:38:14 --> require(vendor/autoload.php): Failed to open stream: No such file or directory
in APPPATH\Controllers\DoctorController.php on line 19.
 1 APPPATH\Controllers\DoctorController.php(19): CodeIgniter\Debug\Exceptions->errorHandler(2, 'require(vendor/autoload.php): Failed to open stream: No such file or directory', 'C:\\laragon\\www\\adonback\\app\\Controllers\\DoctorController.php', 19)
 2 APPPATH\Controllers\DoctorController.php(19): require()
 3 SYSTEMPATH\Autoloader\Autoloader.php(312): include_once('C:\\laragon\\www\\adonback\\app\\Controllers\\DoctorController.php')
 4 SYSTEMPATH\Autoloader\Autoloader.php(291): CodeIgniter\Autoloader\Autoloader->includeFile('C:\\laragon\\www\\adonback\\app\\Controllers\\DoctorController.php')
 5 SYSTEMPATH\Autoloader\Autoloader.php(269): CodeIgniter\Autoloader\Autoloader->loadInNamespace('App\\Controllers\\DoctorController')
 6 [internal function]: CodeIgniter\Autoloader\Autoloader->loadClass('App\\Controllers\\DoctorController')
 7 SYSTEMPATH\CodeIgniter.php(900): class_exists('\\App\\Controllers\\DoctorController', true)
 8 SYSTEMPATH\CodeIgniter.php(489): CodeIgniter\CodeIgniter->startController()
 9 SYSTEMPATH\CodeIgniter.php(361): CodeIgniter\CodeIgniter->handleRequest(null, Object(Config\Cache), false)
10 FCPATH\index.php(87): CodeIgniter\CodeIgniter->run()
CRITICAL - 2024-01-24 02:38:22 --> require(vendor/autoload.php): Failed to open stream: No such file or directory
in APPPATH\Controllers\DoctorController.php on line 19.
 1 APPPATH\Controllers\DoctorController.php(19): CodeIgniter\Debug\Exceptions->errorHandler(2, 'require(vendor/autoload.php): Failed to open stream: No such file or directory', 'C:\\laragon\\www\\adonback\\app\\Controllers\\DoctorController.php', 19)
 2 APPPATH\Controllers\DoctorController.php(19): require()
 3 SYSTEMPATH\Autoloader\Autoloader.php(312): include_once('C:\\laragon\\www\\adonback\\app\\Controllers\\DoctorController.php')
 4 SYSTEMPATH\Autoloader\Autoloader.php(291): CodeIgniter\Autoloader\Autoloader->includeFile('C:\\laragon\\www\\adonback\\app\\Controllers\\DoctorController.php')
 5 SYSTEMPATH\Autoloader\Autoloader.php(269): CodeIgniter\Autoloader\Autoloader->loadInNamespace('App\\Controllers\\DoctorController')
 6 [internal function]: CodeIgniter\Autoloader\Autoloader->loadClass('App\\Controllers\\DoctorController')
 7 SYSTEMPATH\CodeIgniter.php(900): class_exists('\\App\\Controllers\\DoctorController', true)
 8 SYSTEMPATH\CodeIgniter.php(489): CodeIgniter\CodeIgniter->startController()
 9 SYSTEMPATH\CodeIgniter.php(361): CodeIgniter\CodeIgniter->handleRequest(null, Object(Config\Cache), false)
10 FCPATH\index.php(87): CodeIgniter\CodeIgniter->run()
CRITICAL - 2024-01-24 02:38:22 --> require(vendor/autoload.php): Failed to open stream: No such file or directory
in APPPATH\Controllers\DoctorController.php on line 19.
 1 APPPATH\Controllers\DoctorController.php(19): CodeIgniter\Debug\Exceptions->errorHandler(2, 'require(vendor/autoload.php): Failed to open stream: No such file or directory', 'C:\\laragon\\www\\adonback\\app\\Controllers\\DoctorController.php', 19)
 2 APPPATH\Controllers\DoctorController.php(19): require()
 3 SYSTEMPATH\Autoloader\Autoloader.php(312): include_once('C:\\laragon\\www\\adonback\\app\\Controllers\\DoctorController.php')
 4 SYSTEMPATH\Autoloader\Autoloader.php(291): CodeIgniter\Autoloader\Autoloader->includeFile('C:\\laragon\\www\\adonback\\app\\Controllers\\DoctorController.php')
 5 SYSTEMPATH\Autoloader\Autoloader.php(269): CodeIgniter\Autoloader\Autoloader->loadInNamespace('App\\Controllers\\DoctorController')
 6 [internal function]: CodeIgniter\Autoloader\Autoloader->loadClass('App\\Controllers\\DoctorController')
 7 SYSTEMPATH\CodeIgniter.php(900): class_exists('\\App\\Controllers\\DoctorController', true)
 8 SYSTEMPATH\CodeIgniter.php(489): CodeIgniter\CodeIgniter->startController()
 9 SYSTEMPATH\CodeIgniter.php(361): CodeIgniter\CodeIgniter->handleRequest(null, Object(Config\Cache), false)
10 FCPATH\index.php(87): CodeIgniter\CodeIgniter->run()
CRITICAL - 2024-01-24 02:38:22 --> require(vendor/autoload.php): Failed to open stream: No such file or directory
in APPPATH\Controllers\DoctorController.php on line 19.
 1 APPPATH\Controllers\DoctorController.php(19): CodeIgniter\Debug\Exceptions->errorHandler(2, 'require(vendor/autoload.php): Failed to open stream: No such file or directory', 'C:\\laragon\\www\\adonback\\app\\Controllers\\DoctorController.php', 19)
 2 APPPATH\Controllers\DoctorController.php(19): require()
 3 SYSTEMPATH\Autoloader\Autoloader.php(312): include_once('C:\\laragon\\www\\adonback\\app\\Controllers\\DoctorController.php')
 4 SYSTEMPATH\Autoloader\Autoloader.php(291): CodeIgniter\Autoloader\Autoloader->includeFile('C:\\laragon\\www\\adonback\\app\\Controllers\\DoctorController.php')
 5 SYSTEMPATH\Autoloader\Autoloader.php(269): CodeIgniter\Autoloader\Autoloader->loadInNamespace('App\\Controllers\\DoctorController')
 6 [internal function]: CodeIgniter\Autoloader\Autoloader->loadClass('App\\Controllers\\DoctorController')
 7 SYSTEMPATH\CodeIgniter.php(900): class_exists('\\App\\Controllers\\DoctorController', true)
 8 SYSTEMPATH\CodeIgniter.php(489): CodeIgniter\CodeIgniter->startController()
 9 SYSTEMPATH\CodeIgniter.php(361): CodeIgniter\CodeIgniter->handleRequest(null, Object(Config\Cache), false)
10 FCPATH\index.php(87): CodeIgniter\CodeIgniter->run()
CRITICAL - 2024-01-24 02:38:22 --> require(vendor/autoload.php): Failed to open stream: No such file or directory
in APPPATH\Controllers\DoctorController.php on line 19.
 1 APPPATH\Controllers\DoctorController.php(19): CodeIgniter\Debug\Exceptions->errorHandler(2, 'require(vendor/autoload.php): Failed to open stream: No such file or directory', 'C:\\laragon\\www\\adonback\\app\\Controllers\\DoctorController.php', 19)
 2 APPPATH\Controllers\DoctorController.php(19): require()
 3 SYSTEMPATH\Autoloader\Autoloader.php(312): include_once('C:\\laragon\\www\\adonback\\app\\Controllers\\DoctorController.php')
 4 SYSTEMPATH\Autoloader\Autoloader.php(291): CodeIgniter\Autoloader\Autoloader->includeFile('C:\\laragon\\www\\adonback\\app\\Controllers\\DoctorController.php')
 5 SYSTEMPATH\Autoloader\Autoloader.php(269): CodeIgniter\Autoloader\Autoloader->loadInNamespace('App\\Controllers\\DoctorController')
 6 [internal function]: CodeIgniter\Autoloader\Autoloader->loadClass('App\\Controllers\\DoctorController')
 7 SYSTEMPATH\CodeIgniter.php(900): class_exists('\\App\\Controllers\\DoctorController', true)
 8 SYSTEMPATH\CodeIgniter.php(489): CodeIgniter\CodeIgniter->startController()
 9 SYSTEMPATH\CodeIgniter.php(361): CodeIgniter\CodeIgniter->handleRequest(null, Object(Config\Cache), false)
10 FCPATH\index.php(87): CodeIgniter\CodeIgniter->run()
CRITICAL - 2024-01-24 03:03:49 --> require(vendor/autoload.php): Failed to open stream: No such file or directory
in APPPATH\Controllers\DoctorController.php on line 19.
 1 APPPATH\Controllers\DoctorController.php(19): CodeIgniter\Debug\Exceptions->errorHandler(2, 'require(vendor/autoload.php): Failed to open stream: No such file or directory', 'C:\\laragon\\www\\adonback\\app\\Controllers\\DoctorController.php', 19)
 2 APPPATH\Controllers\DoctorController.php(19): require()
 3 SYSTEMPATH\Autoloader\Autoloader.php(312): include_once('C:\\laragon\\www\\adonback\\app\\Controllers\\DoctorController.php')
 4 SYSTEMPATH\Autoloader\Autoloader.php(291): CodeIgniter\Autoloader\Autoloader->includeFile('C:\\laragon\\www\\adonback\\app\\Controllers\\DoctorController.php')
 5 SYSTEMPATH\Autoloader\Autoloader.php(269): CodeIgniter\Autoloader\Autoloader->loadInNamespace('App\\Controllers\\DoctorController')
 6 [internal function]: CodeIgniter\Autoloader\Autoloader->loadClass('App\\Controllers\\DoctorController')
 7 SYSTEMPATH\CodeIgniter.php(900): class_exists('\\App\\Controllers\\DoctorController', true)
 8 SYSTEMPATH\CodeIgniter.php(489): CodeIgniter\CodeIgniter->startController()
 9 SYSTEMPATH\CodeIgniter.php(361): CodeIgniter\CodeIgniter->handleRequest(null, Object(Config\Cache), false)
10 FCPATH\index.php(87): CodeIgniter\CodeIgniter->run()
CRITICAL - 2024-01-24 03:03:49 --> require(vendor/autoload.php): Failed to open stream: No such file or directory
in APPPATH\Controllers\DoctorController.php on line 19.
 1 APPPATH\Controllers\DoctorController.php(19): CodeIgniter\Debug\Exceptions->errorHandler(2, 'require(vendor/autoload.php): Failed to open stream: No such file or directory', 'C:\\laragon\\www\\adonback\\app\\Controllers\\DoctorController.php', 19)
 2 APPPATH\Controllers\DoctorController.php(19): require()
 3 SYSTEMPATH\Autoloader\Autoloader.php(312): include_once('C:\\laragon\\www\\adonback\\app\\Controllers\\DoctorController.php')
 4 SYSTEMPATH\Autoloader\Autoloader.php(291): CodeIgniter\Autoloader\Autoloader->includeFile('C:\\laragon\\www\\adonback\\app\\Controllers\\DoctorController.php')
 5 SYSTEMPATH\Autoloader\Autoloader.php(269): CodeIgniter\Autoloader\Autoloader->loadInNamespace('App\\Controllers\\DoctorController')
 6 [internal function]: CodeIgniter\Autoloader\Autoloader->loadClass('App\\Controllers\\DoctorController')
 7 SYSTEMPATH\CodeIgniter.php(900): class_exists('\\App\\Controllers\\DoctorController', true)
 8 SYSTEMPATH\CodeIgniter.php(489): CodeIgniter\CodeIgniter->startController()
 9 SYSTEMPATH\CodeIgniter.php(361): CodeIgniter\CodeIgniter->handleRequest(null, Object(Config\Cache), false)
10 FCPATH\index.php(87): CodeIgniter\CodeIgniter->run()
CRITICAL - 2024-01-24 03:03:49 --> require(vendor/autoload.php): Failed to open stream: No such file or directory
in APPPATH\Controllers\DoctorController.php on line 19.
 1 APPPATH\Controllers\DoctorController.php(19): CodeIgniter\Debug\Exceptions->errorHandler(2, 'require(vendor/autoload.php): Failed to open stream: No such file or directory', 'C:\\laragon\\www\\adonback\\app\\Controllers\\DoctorController.php', 19)
 2 APPPATH\Controllers\DoctorController.php(19): require()
 3 SYSTEMPATH\Autoloader\Autoloader.php(312): include_once('C:\\laragon\\www\\adonback\\app\\Controllers\\DoctorController.php')
 4 SYSTEMPATH\Autoloader\Autoloader.php(291): CodeIgniter\Autoloader\Autoloader->includeFile('C:\\laragon\\www\\adonback\\app\\Controllers\\DoctorController.php')
 5 SYSTEMPATH\Autoloader\Autoloader.php(269): CodeIgniter\Autoloader\Autoloader->loadInNamespace('App\\Controllers\\DoctorController')
 6 [internal function]: CodeIgniter\Autoloader\Autoloader->loadClass('App\\Controllers\\DoctorController')
 7 SYSTEMPATH\CodeIgniter.php(900): class_exists('\\App\\Controllers\\DoctorController', true)
 8 SYSTEMPATH\CodeIgniter.php(489): CodeIgniter\CodeIgniter->startController()
 9 SYSTEMPATH\CodeIgniter.php(361): CodeIgniter\CodeIgniter->handleRequest(null, Object(Config\Cache), false)
10 FCPATH\index.php(87): CodeIgniter\CodeIgniter->run()
CRITICAL - 2024-01-24 03:03:49 --> require(vendor/autoload.php): Failed to open stream: No such file or directory
in APPPATH\Controllers\DoctorController.php on line 19.
 1 APPPATH\Controllers\DoctorController.php(19): CodeIgniter\Debug\Exceptions->errorHandler(2, 'require(vendor/autoload.php): Failed to open stream: No such file or directory', 'C:\\laragon\\www\\adonback\\app\\Controllers\\DoctorController.php', 19)
 2 APPPATH\Controllers\DoctorController.php(19): require()
 3 SYSTEMPATH\Autoloader\Autoloader.php(312): include_once('C:\\laragon\\www\\adonback\\app\\Controllers\\DoctorController.php')
 4 SYSTEMPATH\Autoloader\Autoloader.php(291): CodeIgniter\Autoloader\Autoloader->includeFile('C:\\laragon\\www\\adonback\\app\\Controllers\\DoctorController.php')
 5 SYSTEMPATH\Autoloader\Autoloader.php(269): CodeIgniter\Autoloader\Autoloader->loadInNamespace('App\\Controllers\\DoctorController')
 6 [internal function]: CodeIgniter\Autoloader\Autoloader->loadClass('App\\Controllers\\DoctorController')
 7 SYSTEMPATH\CodeIgniter.php(900): class_exists('\\App\\Controllers\\DoctorController', true)
 8 SYSTEMPATH\CodeIgniter.php(489): CodeIgniter\CodeIgniter->startController()
 9 SYSTEMPATH\CodeIgniter.php(361): CodeIgniter\CodeIgniter->handleRequest(null, Object(Config\Cache), false)
10 FCPATH\index.php(87): CodeIgniter\CodeIgniter->run()
CRITICAL - 2024-01-24 03:03:53 --> require(vendor/autoload.php): Failed to open stream: No such file or directory
in APPPATH\Controllers\DoctorController.php on line 19.
 1 APPPATH\Controllers\DoctorController.php(19): CodeIgniter\Debug\Exceptions->errorHandler(2, 'require(vendor/autoload.php): Failed to open stream: No such file or directory', 'C:\\laragon\\www\\adonback\\app\\Controllers\\DoctorController.php', 19)
 2 APPPATH\Controllers\DoctorController.php(19): require()
 3 SYSTEMPATH\Autoloader\Autoloader.php(312): include_once('C:\\laragon\\www\\adonback\\app\\Controllers\\DoctorController.php')
 4 SYSTEMPATH\Autoloader\Autoloader.php(291): CodeIgniter\Autoloader\Autoloader->includeFile('C:\\laragon\\www\\adonback\\app\\Controllers\\DoctorController.php')
 5 SYSTEMPATH\Autoloader\Autoloader.php(269): CodeIgniter\Autoloader\Autoloader->loadInNamespace('App\\Controllers\\DoctorController')
 6 [internal function]: CodeIgniter\Autoloader\Autoloader->loadClass('App\\Controllers\\DoctorController')
 7 SYSTEMPATH\CodeIgniter.php(900): class_exists('\\App\\Controllers\\DoctorController', true)
 8 SYSTEMPATH\CodeIgniter.php(489): CodeIgniter\CodeIgniter->startController()
 9 SYSTEMPATH\CodeIgniter.php(361): CodeIgniter\CodeIgniter->handleRequest(null, Object(Config\Cache), false)
10 FCPATH\index.php(87): CodeIgniter\CodeIgniter->run()
CRITICAL - 2024-01-24 03:03:53 --> require(vendor/autoload.php): Failed to open stream: No such file or directory
in APPPATH\Controllers\DoctorController.php on line 19.
 1 APPPATH\Controllers\DoctorController.php(19): CodeIgniter\Debug\Exceptions->errorHandler(2, 'require(vendor/autoload.php): Failed to open stream: No such file or directory', 'C:\\laragon\\www\\adonback\\app\\Controllers\\DoctorController.php', 19)
 2 APPPATH\Controllers\DoctorController.php(19): require()
 3 SYSTEMPATH\Autoloader\Autoloader.php(312): include_once('C:\\laragon\\www\\adonback\\app\\Controllers\\DoctorController.php')
 4 SYSTEMPATH\Autoloader\Autoloader.php(291): CodeIgniter\Autoloader\Autoloader->includeFile('C:\\laragon\\www\\adonback\\app\\Controllers\\DoctorController.php')
 5 SYSTEMPATH\Autoloader\Autoloader.php(269): CodeIgniter\Autoloader\Autoloader->loadInNamespace('App\\Controllers\\DoctorController')
 6 [internal function]: CodeIgniter\Autoloader\Autoloader->loadClass('App\\Controllers\\DoctorController')
 7 SYSTEMPATH\CodeIgniter.php(900): class_exists('\\App\\Controllers\\DoctorController', true)
 8 SYSTEMPATH\CodeIgniter.php(489): CodeIgniter\CodeIgniter->startController()
 9 SYSTEMPATH\CodeIgniter.php(361): CodeIgniter\CodeIgniter->handleRequest(null, Object(Config\Cache), false)
10 FCPATH\index.php(87): CodeIgniter\CodeIgniter->run()
CRITICAL - 2024-01-24 03:03:53 --> require(vendor/autoload.php): Failed to open stream: No such file or directory
in APPPATH\Controllers\DoctorController.php on line 19.
 1 APPPATH\Controllers\DoctorController.php(19): CodeIgniter\Debug\Exceptions->errorHandler(2, 'require(vendor/autoload.php): Failed to open stream: No such file or directory', 'C:\\laragon\\www\\adonback\\app\\Controllers\\DoctorController.php', 19)
 2 APPPATH\Controllers\DoctorController.php(19): require()
 3 SYSTEMPATH\Autoloader\Autoloader.php(312): include_once('C:\\laragon\\www\\adonback\\app\\Controllers\\DoctorController.php')
 4 SYSTEMPATH\Autoloader\Autoloader.php(291): CodeIgniter\Autoloader\Autoloader->includeFile('C:\\laragon\\www\\adonback\\app\\Controllers\\DoctorController.php')
 5 SYSTEMPATH\Autoloader\Autoloader.php(269): CodeIgniter\Autoloader\Autoloader->loadInNamespace('App\\Controllers\\DoctorController')
 6 [internal function]: CodeIgniter\Autoloader\Autoloader->loadClass('App\\Controllers\\DoctorController')
 7 SYSTEMPATH\CodeIgniter.php(900): class_exists('\\App\\Controllers\\DoctorController', true)
 8 SYSTEMPATH\CodeIgniter.php(489): CodeIgniter\CodeIgniter->startController()
 9 SYSTEMPATH\CodeIgniter.php(361): CodeIgniter\CodeIgniter->handleRequest(null, Object(Config\Cache), false)
10 FCPATH\index.php(87): CodeIgniter\CodeIgniter->run()
CRITICAL - 2024-01-24 03:03:53 --> require(vendor/autoload.php): Failed to open stream: No such file or directory
in APPPATH\Controllers\DoctorController.php on line 19.
 1 APPPATH\Controllers\DoctorController.php(19): CodeIgniter\Debug\Exceptions->errorHandler(2, 'require(vendor/autoload.php): Failed to open stream: No such file or directory', 'C:\\laragon\\www\\adonback\\app\\Controllers\\DoctorController.php', 19)
 2 APPPATH\Controllers\DoctorController.php(19): require()
 3 SYSTEMPATH\Autoloader\Autoloader.php(312): include_once('C:\\laragon\\www\\adonback\\app\\Controllers\\DoctorController.php')
 4 SYSTEMPATH\Autoloader\Autoloader.php(291): CodeIgniter\Autoloader\Autoloader->includeFile('C:\\laragon\\www\\adonback\\app\\Controllers\\DoctorController.php')
 5 SYSTEMPATH\Autoloader\Autoloader.php(269): CodeIgniter\Autoloader\Autoloader->loadInNamespace('App\\Controllers\\DoctorController')
 6 [internal function]: CodeIgniter\Autoloader\Autoloader->loadClass('App\\Controllers\\DoctorController')
 7 SYSTEMPATH\CodeIgniter.php(900): class_exists('\\App\\Controllers\\DoctorController', true)
 8 SYSTEMPATH\CodeIgniter.php(489): CodeIgniter\CodeIgniter->startController()
 9 SYSTEMPATH\CodeIgniter.php(361): CodeIgniter\CodeIgniter->handleRequest(null, Object(Config\Cache), false)
10 FCPATH\index.php(87): CodeIgniter\CodeIgniter->run()
CRITICAL - 2024-01-24 03:03:58 --> require(vendor/autoload.php): Failed to open stream: No such file or directory
in APPPATH\Controllers\DoctorController.php on line 19.
 1 APPPATH\Controllers\DoctorController.php(19): CodeIgniter\Debug\Exceptions->errorHandler(2, 'require(vendor/autoload.php): Failed to open stream: No such file or directory', 'C:\\laragon\\www\\adonback\\app\\Controllers\\DoctorController.php', 19)
 2 APPPATH\Controllers\DoctorController.php(19): require()
 3 SYSTEMPATH\Autoloader\Autoloader.php(312): include_once('C:\\laragon\\www\\adonback\\app\\Controllers\\DoctorController.php')
 4 SYSTEMPATH\Autoloader\Autoloader.php(291): CodeIgniter\Autoloader\Autoloader->includeFile('C:\\laragon\\www\\adonback\\app\\Controllers\\DoctorController.php')
 5 SYSTEMPATH\Autoloader\Autoloader.php(269): CodeIgniter\Autoloader\Autoloader->loadInNamespace('App\\Controllers\\DoctorController')
 6 [internal function]: CodeIgniter\Autoloader\Autoloader->loadClass('App\\Controllers\\DoctorController')
 7 SYSTEMPATH\CodeIgniter.php(900): class_exists('\\App\\Controllers\\DoctorController', true)
 8 SYSTEMPATH\CodeIgniter.php(489): CodeIgniter\CodeIgniter->startController()
 9 SYSTEMPATH\CodeIgniter.php(361): CodeIgniter\CodeIgniter->handleRequest(null, Object(Config\Cache), false)
10 FCPATH\index.php(87): CodeIgniter\CodeIgniter->run()
CRITICAL - 2024-01-24 03:03:58 --> require(vendor/autoload.php): Failed to open stream: No such file or directory
in APPPATH\Controllers\DoctorController.php on line 19.
 1 APPPATH\Controllers\DoctorController.php(19): CodeIgniter\Debug\Exceptions->errorHandler(2, 'require(vendor/autoload.php): Failed to open stream: No such file or directory', 'C:\\laragon\\www\\adonback\\app\\Controllers\\DoctorController.php', 19)
 2 APPPATH\Controllers\DoctorController.php(19): require()
 3 SYSTEMPATH\Autoloader\Autoloader.php(312): include_once('C:\\laragon\\www\\adonback\\app\\Controllers\\DoctorController.php')
 4 SYSTEMPATH\Autoloader\Autoloader.php(291): CodeIgniter\Autoloader\Autoloader->includeFile('C:\\laragon\\www\\adonback\\app\\Controllers\\DoctorController.php')
 5 SYSTEMPATH\Autoloader\Autoloader.php(269): CodeIgniter\Autoloader\Autoloader->loadInNamespace('App\\Controllers\\DoctorController')
 6 [internal function]: CodeIgniter\Autoloader\Autoloader->loadClass('App\\Controllers\\DoctorController')
 7 SYSTEMPATH\CodeIgniter.php(900): class_exists('\\App\\Controllers\\DoctorController', true)
 8 SYSTEMPATH\CodeIgniter.php(489): CodeIgniter\CodeIgniter->startController()
 9 SYSTEMPATH\CodeIgniter.php(361): CodeIgniter\CodeIgniter->handleRequest(null, Object(Config\Cache), false)
10 FCPATH\index.php(87): CodeIgniter\CodeIgniter->run()
CRITICAL - 2024-01-24 03:03:58 --> require(vendor/autoload.php): Failed to open stream: No such file or directory
in APPPATH\Controllers\DoctorController.php on line 19.
 1 APPPATH\Controllers\DoctorController.php(19): CodeIgniter\Debug\Exceptions->errorHandler(2, 'require(vendor/autoload.php): Failed to open stream: No such file or directory', 'C:\\laragon\\www\\adonback\\app\\Controllers\\DoctorController.php', 19)
 2 APPPATH\Controllers\DoctorController.php(19): require()
 3 SYSTEMPATH\Autoloader\Autoloader.php(312): include_once('C:\\laragon\\www\\adonback\\app\\Controllers\\DoctorController.php')
 4 SYSTEMPATH\Autoloader\Autoloader.php(291): CodeIgniter\Autoloader\Autoloader->includeFile('C:\\laragon\\www\\adonback\\app\\Controllers\\DoctorController.php')
 5 SYSTEMPATH\Autoloader\Autoloader.php(269): CodeIgniter\Autoloader\Autoloader->loadInNamespace('App\\Controllers\\DoctorController')
 6 [internal function]: CodeIgniter\Autoloader\Autoloader->loadClass('App\\Controllers\\DoctorController')
 7 SYSTEMPATH\CodeIgniter.php(900): class_exists('\\App\\Controllers\\DoctorController', true)
 8 SYSTEMPATH\CodeIgniter.php(489): CodeIgniter\CodeIgniter->startController()
 9 SYSTEMPATH\CodeIgniter.php(361): CodeIgniter\CodeIgniter->handleRequest(null, Object(Config\Cache), false)
10 FCPATH\index.php(87): CodeIgniter\CodeIgniter->run()
CRITICAL - 2024-01-24 03:03:58 --> require(vendor/autoload.php): Failed to open stream: No such file or directory
in APPPATH\Controllers\DoctorController.php on line 19.
 1 APPPATH\Controllers\DoctorController.php(19): CodeIgniter\Debug\Exceptions->errorHandler(2, 'require(vendor/autoload.php): Failed to open stream: No such file or directory', 'C:\\laragon\\www\\adonback\\app\\Controllers\\DoctorController.php', 19)
 2 APPPATH\Controllers\DoctorController.php(19): require()
 3 SYSTEMPATH\Autoloader\Autoloader.php(312): include_once('C:\\laragon\\www\\adonback\\app\\Controllers\\DoctorController.php')
 4 SYSTEMPATH\Autoloader\Autoloader.php(291): CodeIgniter\Autoloader\Autoloader->includeFile('C:\\laragon\\www\\adonback\\app\\Controllers\\DoctorController.php')
 5 SYSTEMPATH\Autoloader\Autoloader.php(269): CodeIgniter\Autoloader\Autoloader->loadInNamespace('App\\Controllers\\DoctorController')
 6 [internal function]: CodeIgniter\Autoloader\Autoloader->loadClass('App\\Controllers\\DoctorController')
 7 SYSTEMPATH\CodeIgniter.php(900): class_exists('\\App\\Controllers\\DoctorController', true)
 8 SYSTEMPATH\CodeIgniter.php(489): CodeIgniter\CodeIgniter->startController()
 9 SYSTEMPATH\CodeIgniter.php(361): CodeIgniter\CodeIgniter->handleRequest(null, Object(Config\Cache), false)
10 FCPATH\index.php(87): CodeIgniter\CodeIgniter->run()
CRITICAL - 2024-01-24 03:04:09 --> require(vendor/autoload.php): Failed to open stream: No such file or directory
in APPPATH\Controllers\DoctorController.php on line 19.
 1 APPPATH\Controllers\DoctorController.php(19): CodeIgniter\Debug\Exceptions->errorHandler(2, 'require(vendor/autoload.php): Failed to open stream: No such file or directory', 'C:\\laragon\\www\\adonback\\app\\Controllers\\DoctorController.php', 19)
 2 APPPATH\Controllers\DoctorController.php(19): require()
 3 SYSTEMPATH\Autoloader\Autoloader.php(312): include_once('C:\\laragon\\www\\adonback\\app\\Controllers\\DoctorController.php')
 4 SYSTEMPATH\Autoloader\Autoloader.php(291): CodeIgniter\Autoloader\Autoloader->includeFile('C:\\laragon\\www\\adonback\\app\\Controllers\\DoctorController.php')
 5 SYSTEMPATH\Autoloader\Autoloader.php(269): CodeIgniter\Autoloader\Autoloader->loadInNamespace('App\\Controllers\\DoctorController')
 6 [internal function]: CodeIgniter\Autoloader\Autoloader->loadClass('App\\Controllers\\DoctorController')
 7 SYSTEMPATH\CodeIgniter.php(900): class_exists('\\App\\Controllers\\DoctorController', true)
 8 SYSTEMPATH\CodeIgniter.php(489): CodeIgniter\CodeIgniter->startController()
 9 SYSTEMPATH\CodeIgniter.php(361): CodeIgniter\CodeIgniter->handleRequest(null, Object(Config\Cache), false)
10 FCPATH\index.php(87): CodeIgniter\CodeIgniter->run()
CRITICAL - 2024-01-24 03:04:09 --> require(vendor/autoload.php): Failed to open stream: No such file or directory
in APPPATH\Controllers\DoctorController.php on line 19.
 1 APPPATH\Controllers\DoctorController.php(19): CodeIgniter\Debug\Exceptions->errorHandler(2, 'require(vendor/autoload.php): Failed to open stream: No such file or directory', 'C:\\laragon\\www\\adonback\\app\\Controllers\\DoctorController.php', 19)
 2 APPPATH\Controllers\DoctorController.php(19): require()
 3 SYSTEMPATH\Autoloader\Autoloader.php(312): include_once('C:\\laragon\\www\\adonback\\app\\Controllers\\DoctorController.php')
 4 SYSTEMPATH\Autoloader\Autoloader.php(291): CodeIgniter\Autoloader\Autoloader->includeFile('C:\\laragon\\www\\adonback\\app\\Controllers\\DoctorController.php')
 5 SYSTEMPATH\Autoloader\Autoloader.php(269): CodeIgniter\Autoloader\Autoloader->loadInNamespace('App\\Controllers\\DoctorController')
 6 [internal function]: CodeIgniter\Autoloader\Autoloader->loadClass('App\\Controllers\\DoctorController')
 7 SYSTEMPATH\CodeIgniter.php(900): class_exists('\\App\\Controllers\\DoctorController', true)
 8 SYSTEMPATH\CodeIgniter.php(489): CodeIgniter\CodeIgniter->startController()
 9 SYSTEMPATH\CodeIgniter.php(361): CodeIgniter\CodeIgniter->handleRequest(null, Object(Config\Cache), false)
10 FCPATH\index.php(87): CodeIgniter\CodeIgniter->run()
CRITICAL - 2024-01-24 03:04:09 --> require(vendor/autoload.php): Failed to open stream: No such file or directory
in APPPATH\Controllers\DoctorController.php on line 19.
 1 APPPATH\Controllers\DoctorController.php(19): CodeIgniter\Debug\Exceptions->errorHandler(2, 'require(vendor/autoload.php): Failed to open stream: No such file or directory', 'C:\\laragon\\www\\adonback\\app\\Controllers\\DoctorController.php', 19)
 2 APPPATH\Controllers\DoctorController.php(19): require()
 3 SYSTEMPATH\Autoloader\Autoloader.php(312): include_once('C:\\laragon\\www\\adonback\\app\\Controllers\\DoctorController.php')
 4 SYSTEMPATH\Autoloader\Autoloader.php(291): CodeIgniter\Autoloader\Autoloader->includeFile('C:\\laragon\\www\\adonback\\app\\Controllers\\DoctorController.php')
 5 SYSTEMPATH\Autoloader\Autoloader.php(269): CodeIgniter\Autoloader\Autoloader->loadInNamespace('App\\Controllers\\DoctorController')
 6 [internal function]: CodeIgniter\Autoloader\Autoloader->loadClass('App\\Controllers\\DoctorController')
 7 SYSTEMPATH\CodeIgniter.php(900): class_exists('\\App\\Controllers\\DoctorController', true)
 8 SYSTEMPATH\CodeIgniter.php(489): CodeIgniter\CodeIgniter->startController()
 9 SYSTEMPATH\CodeIgniter.php(361): CodeIgniter\CodeIgniter->handleRequest(null, Object(Config\Cache), false)
10 FCPATH\index.php(87): CodeIgniter\CodeIgniter->run()
CRITICAL - 2024-01-24 03:04:10 --> require(vendor/autoload.php): Failed to open stream: No such file or directory
in APPPATH\Controllers\DoctorController.php on line 19.
 1 APPPATH\Controllers\DoctorController.php(19): CodeIgniter\Debug\Exceptions->errorHandler(2, 'require(vendor/autoload.php): Failed to open stream: No such file or directory', 'C:\\laragon\\www\\adonback\\app\\Controllers\\DoctorController.php', 19)
 2 APPPATH\Controllers\DoctorController.php(19): require()
 3 SYSTEMPATH\Autoloader\Autoloader.php(312): include_once('C:\\laragon\\www\\adonback\\app\\Controllers\\DoctorController.php')
 4 SYSTEMPATH\Autoloader\Autoloader.php(291): CodeIgniter\Autoloader\Autoloader->includeFile('C:\\laragon\\www\\adonback\\app\\Controllers\\DoctorController.php')
 5 SYSTEMPATH\Autoloader\Autoloader.php(269): CodeIgniter\Autoloader\Autoloader->loadInNamespace('App\\Controllers\\DoctorController')
 6 [internal function]: CodeIgniter\Autoloader\Autoloader->loadClass('App\\Controllers\\DoctorController')
 7 SYSTEMPATH\CodeIgniter.php(900): class_exists('\\App\\Controllers\\DoctorController', true)
 8 SYSTEMPATH\CodeIgniter.php(489): CodeIgniter\CodeIgniter->startController()
 9 SYSTEMPATH\CodeIgniter.php(361): CodeIgniter\CodeIgniter->handleRequest(null, Object(Config\Cache), false)
10 FCPATH\index.php(87): CodeIgniter\CodeIgniter->run()
CRITICAL - 2024-01-24 03:04:15 --> require(vendor/autoload.php): Failed to open stream: No such file or directory
in APPPATH\Controllers\DoctorController.php on line 19.
 1 APPPATH\Controllers\DoctorController.php(19): CodeIgniter\Debug\Exceptions->errorHandler(2, 'require(vendor/autoload.php): Failed to open stream: No such file or directory', 'C:\\laragon\\www\\adonback\\app\\Controllers\\DoctorController.php', 19)
 2 APPPATH\Controllers\DoctorController.php(19): require()
 3 SYSTEMPATH\Autoloader\Autoloader.php(312): include_once('C:\\laragon\\www\\adonback\\app\\Controllers\\DoctorController.php')
 4 SYSTEMPATH\Autoloader\Autoloader.php(291): CodeIgniter\Autoloader\Autoloader->includeFile('C:\\laragon\\www\\adonback\\app\\Controllers\\DoctorController.php')
 5 SYSTEMPATH\Autoloader\Autoloader.php(269): CodeIgniter\Autoloader\Autoloader->loadInNamespace('App\\Controllers\\DoctorController')
 6 [internal function]: CodeIgniter\Autoloader\Autoloader->loadClass('App\\Controllers\\DoctorController')
 7 SYSTEMPATH\CodeIgniter.php(900): class_exists('\\App\\Controllers\\DoctorController', true)
 8 SYSTEMPATH\CodeIgniter.php(489): CodeIgniter\CodeIgniter->startController()
 9 SYSTEMPATH\CodeIgniter.php(361): CodeIgniter\CodeIgniter->handleRequest(null, Object(Config\Cache), false)
10 FCPATH\index.php(87): CodeIgniter\CodeIgniter->run()
CRITICAL - 2024-01-24 03:04:15 --> require(vendor/autoload.php): Failed to open stream: No such file or directory
in APPPATH\Controllers\DoctorController.php on line 19.
 1 APPPATH\Controllers\DoctorController.php(19): CodeIgniter\Debug\Exceptions->errorHandler(2, 'require(vendor/autoload.php): Failed to open stream: No such file or directory', 'C:\\laragon\\www\\adonback\\app\\Controllers\\DoctorController.php', 19)
 2 APPPATH\Controllers\DoctorController.php(19): require()
 3 SYSTEMPATH\Autoloader\Autoloader.php(312): include_once('C:\\laragon\\www\\adonback\\app\\Controllers\\DoctorController.php')
 4 SYSTEMPATH\Autoloader\Autoloader.php(291): CodeIgniter\Autoloader\Autoloader->includeFile('C:\\laragon\\www\\adonback\\app\\Controllers\\DoctorController.php')
 5 SYSTEMPATH\Autoloader\Autoloader.php(269): CodeIgniter\Autoloader\Autoloader->loadInNamespace('App\\Controllers\\DoctorController')
 6 [internal function]: CodeIgniter\Autoloader\Autoloader->loadClass('App\\Controllers\\DoctorController')
 7 SYSTEMPATH\CodeIgniter.php(900): class_exists('\\App\\Controllers\\DoctorController', true)
 8 SYSTEMPATH\CodeIgniter.php(489): CodeIgniter\CodeIgniter->startController()
 9 SYSTEMPATH\CodeIgniter.php(361): CodeIgniter\CodeIgniter->handleRequest(null, Object(Config\Cache), false)
10 FCPATH\index.php(87): CodeIgniter\CodeIgniter->run()
CRITICAL - 2024-01-24 03:04:15 --> require(vendor/autoload.php): Failed to open stream: No such file or directory
in APPPATH\Controllers\DoctorController.php on line 19.
 1 APPPATH\Controllers\DoctorController.php(19): CodeIgniter\Debug\Exceptions->errorHandler(2, 'require(vendor/autoload.php): Failed to open stream: No such file or directory', 'C:\\laragon\\www\\adonback\\app\\Controllers\\DoctorController.php', 19)
 2 APPPATH\Controllers\DoctorController.php(19): require()
 3 SYSTEMPATH\Autoloader\Autoloader.php(312): include_once('C:\\laragon\\www\\adonback\\app\\Controllers\\DoctorController.php')
 4 SYSTEMPATH\Autoloader\Autoloader.php(291): CodeIgniter\Autoloader\Autoloader->includeFile('C:\\laragon\\www\\adonback\\app\\Controllers\\DoctorController.php')
 5 SYSTEMPATH\Autoloader\Autoloader.php(269): CodeIgniter\Autoloader\Autoloader->loadInNamespace('App\\Controllers\\DoctorController')
 6 [internal function]: CodeIgniter\Autoloader\Autoloader->loadClass('App\\Controllers\\DoctorController')
 7 SYSTEMPATH\CodeIgniter.php(900): class_exists('\\App\\Controllers\\DoctorController', true)
 8 SYSTEMPATH\CodeIgniter.php(489): CodeIgniter\CodeIgniter->startController()
 9 SYSTEMPATH\CodeIgniter.php(361): CodeIgniter\CodeIgniter->handleRequest(null, Object(Config\Cache), false)
10 FCPATH\index.php(87): CodeIgniter\CodeIgniter->run()
CRITICAL - 2024-01-24 03:04:15 --> require(vendor/autoload.php): Failed to open stream: No such file or directory
in APPPATH\Controllers\DoctorController.php on line 19.
 1 APPPATH\Controllers\DoctorController.php(19): CodeIgniter\Debug\Exceptions->errorHandler(2, 'require(vendor/autoload.php): Failed to open stream: No such file or directory', 'C:\\laragon\\www\\adonback\\app\\Controllers\\DoctorController.php', 19)
 2 APPPATH\Controllers\DoctorController.php(19): require()
 3 SYSTEMPATH\Autoloader\Autoloader.php(312): include_once('C:\\laragon\\www\\adonback\\app\\Controllers\\DoctorController.php')
 4 SYSTEMPATH\Autoloader\Autoloader.php(291): CodeIgniter\Autoloader\Autoloader->includeFile('C:\\laragon\\www\\adonback\\app\\Controllers\\DoctorController.php')
 5 SYSTEMPATH\Autoloader\Autoloader.php(269): CodeIgniter\Autoloader\Autoloader->loadInNamespace('App\\Controllers\\DoctorController')
 6 [internal function]: CodeIgniter\Autoloader\Autoloader->loadClass('App\\Controllers\\DoctorController')
 7 SYSTEMPATH\CodeIgniter.php(900): class_exists('\\App\\Controllers\\DoctorController', true)
 8 SYSTEMPATH\CodeIgniter.php(489): CodeIgniter\CodeIgniter->startController()
 9 SYSTEMPATH\CodeIgniter.php(361): CodeIgniter\CodeIgniter->handleRequest(null, Object(Config\Cache), false)
10 FCPATH\index.php(87): CodeIgniter\CodeIgniter->run()
CRITICAL - 2024-01-24 03:04:26 --> require(vendor/autoload.php): Failed to open stream: No such file or directory
in APPPATH\Controllers\DoctorController.php on line 19.
 1 APPPATH\Controllers\DoctorController.php(19): CodeIgniter\Debug\Exceptions->errorHandler(2, 'require(vendor/autoload.php): Failed to open stream: No such file or directory', 'C:\\laragon\\www\\adonback\\app\\Controllers\\DoctorController.php', 19)
 2 APPPATH\Controllers\DoctorController.php(19): require()
 3 SYSTEMPATH\Autoloader\Autoloader.php(312): include_once('C:\\laragon\\www\\adonback\\app\\Controllers\\DoctorController.php')
 4 SYSTEMPATH\Autoloader\Autoloader.php(291): CodeIgniter\Autoloader\Autoloader->includeFile('C:\\laragon\\www\\adonback\\app\\Controllers\\DoctorController.php')
 5 SYSTEMPATH\Autoloader\Autoloader.php(269): CodeIgniter\Autoloader\Autoloader->loadInNamespace('App\\Controllers\\DoctorController')
 6 [internal function]: CodeIgniter\Autoloader\Autoloader->loadClass('App\\Controllers\\DoctorController')
 7 SYSTEMPATH\CodeIgniter.php(900): class_exists('\\App\\Controllers\\DoctorController', true)
 8 SYSTEMPATH\CodeIgniter.php(489): CodeIgniter\CodeIgniter->startController()
 9 SYSTEMPATH\CodeIgniter.php(361): CodeIgniter\CodeIgniter->handleRequest(null, Object(Config\Cache), false)
10 FCPATH\index.php(87): CodeIgniter\CodeIgniter->run()
CRITICAL - 2024-01-24 03:04:26 --> require(vendor/autoload.php): Failed to open stream: No such file or directory
in APPPATH\Controllers\DoctorController.php on line 19.
 1 APPPATH\Controllers\DoctorController.php(19): CodeIgniter\Debug\Exceptions->errorHandler(2, 'require(vendor/autoload.php): Failed to open stream: No such file or directory', 'C:\\laragon\\www\\adonback\\app\\Controllers\\DoctorController.php', 19)
 2 APPPATH\Controllers\DoctorController.php(19): require()
 3 SYSTEMPATH\Autoloader\Autoloader.php(312): include_once('C:\\laragon\\www\\adonback\\app\\Controllers\\DoctorController.php')
 4 SYSTEMPATH\Autoloader\Autoloader.php(291): CodeIgniter\Autoloader\Autoloader->includeFile('C:\\laragon\\www\\adonback\\app\\Controllers\\DoctorController.php')
 5 SYSTEMPATH\Autoloader\Autoloader.php(269): CodeIgniter\Autoloader\Autoloader->loadInNamespace('App\\Controllers\\DoctorController')
 6 [internal function]: CodeIgniter\Autoloader\Autoloader->loadClass('App\\Controllers\\DoctorController')
 7 SYSTEMPATH\CodeIgniter.php(900): class_exists('\\App\\Controllers\\DoctorController', true)
 8 SYSTEMPATH\CodeIgniter.php(489): CodeIgniter\CodeIgniter->startController()
 9 SYSTEMPATH\CodeIgniter.php(361): CodeIgniter\CodeIgniter->handleRequest(null, Object(Config\Cache), false)
10 FCPATH\index.php(87): CodeIgniter\CodeIgniter->run()
CRITICAL - 2024-01-24 03:04:26 --> require(vendor/autoload.php): Failed to open stream: No such file or directory
in APPPATH\Controllers\DoctorController.php on line 19.
 1 APPPATH\Controllers\DoctorController.php(19): CodeIgniter\Debug\Exceptions->errorHandler(2, 'require(vendor/autoload.php): Failed to open stream: No such file or directory', 'C:\\laragon\\www\\adonback\\app\\Controllers\\DoctorController.php', 19)
 2 APPPATH\Controllers\DoctorController.php(19): require()
 3 SYSTEMPATH\Autoloader\Autoloader.php(312): include_once('C:\\laragon\\www\\adonback\\app\\Controllers\\DoctorController.php')
 4 SYSTEMPATH\Autoloader\Autoloader.php(291): CodeIgniter\Autoloader\Autoloader->includeFile('C:\\laragon\\www\\adonback\\app\\Controllers\\DoctorController.php')
 5 SYSTEMPATH\Autoloader\Autoloader.php(269): CodeIgniter\Autoloader\Autoloader->loadInNamespace('App\\Controllers\\DoctorController')
 6 [internal function]: CodeIgniter\Autoloader\Autoloader->loadClass('App\\Controllers\\DoctorController')
 7 SYSTEMPATH\CodeIgniter.php(900): class_exists('\\App\\Controllers\\DoctorController', true)
 8 SYSTEMPATH\CodeIgniter.php(489): CodeIgniter\CodeIgniter->startController()
 9 SYSTEMPATH\CodeIgniter.php(361): CodeIgniter\CodeIgniter->handleRequest(null, Object(Config\Cache), false)
10 FCPATH\index.php(87): CodeIgniter\CodeIgniter->run()
CRITICAL - 2024-01-24 03:04:27 --> require(vendor/autoload.php): Failed to open stream: No such file or directory
in APPPATH\Controllers\DoctorController.php on line 19.
 1 APPPATH\Controllers\DoctorController.php(19): CodeIgniter\Debug\Exceptions->errorHandler(2, 'require(vendor/autoload.php): Failed to open stream: No such file or directory', 'C:\\laragon\\www\\adonback\\app\\Controllers\\DoctorController.php', 19)
 2 APPPATH\Controllers\DoctorController.php(19): require()
 3 SYSTEMPATH\Autoloader\Autoloader.php(312): include_once('C:\\laragon\\www\\adonback\\app\\Controllers\\DoctorController.php')
 4 SYSTEMPATH\Autoloader\Autoloader.php(291): CodeIgniter\Autoloader\Autoloader->includeFile('C:\\laragon\\www\\adonback\\app\\Controllers\\DoctorController.php')
 5 SYSTEMPATH\Autoloader\Autoloader.php(269): CodeIgniter\Autoloader\Autoloader->loadInNamespace('App\\Controllers\\DoctorController')
 6 [internal function]: CodeIgniter\Autoloader\Autoloader->loadClass('App\\Controllers\\DoctorController')
 7 SYSTEMPATH\CodeIgniter.php(900): class_exists('\\App\\Controllers\\DoctorController', true)
 8 SYSTEMPATH\CodeIgniter.php(489): CodeIgniter\CodeIgniter->startController()
 9 SYSTEMPATH\CodeIgniter.php(361): CodeIgniter\CodeIgniter->handleRequest(null, Object(Config\Cache), false)
10 FCPATH\index.php(87): CodeIgniter\CodeIgniter->run()
CRITICAL - 2024-01-24 03:04:32 --> require(vendor/autoload.php): Failed to open stream: No such file or directory
in APPPATH\Controllers\DoctorController.php on line 19.
 1 APPPATH\Controllers\DoctorController.php(19): CodeIgniter\Debug\Exceptions->errorHandler(2, 'require(vendor/autoload.php): Failed to open stream: No such file or directory', 'C:\\laragon\\www\\adonback\\app\\Controllers\\DoctorController.php', 19)
 2 APPPATH\Controllers\DoctorController.php(19): require()
 3 SYSTEMPATH\Autoloader\Autoloader.php(312): include_once('C:\\laragon\\www\\adonback\\app\\Controllers\\DoctorController.php')
 4 SYSTEMPATH\Autoloader\Autoloader.php(291): CodeIgniter\Autoloader\Autoloader->includeFile('C:\\laragon\\www\\adonback\\app\\Controllers\\DoctorController.php')
 5 SYSTEMPATH\Autoloader\Autoloader.php(269): CodeIgniter\Autoloader\Autoloader->loadInNamespace('App\\Controllers\\DoctorController')
 6 [internal function]: CodeIgniter\Autoloader\Autoloader->loadClass('App\\Controllers\\DoctorController')
 7 SYSTEMPATH\CodeIgniter.php(900): class_exists('\\App\\Controllers\\DoctorController', true)
 8 SYSTEMPATH\CodeIgniter.php(489): CodeIgniter\CodeIgniter->startController()
 9 SYSTEMPATH\CodeIgniter.php(361): CodeIgniter\CodeIgniter->handleRequest(null, Object(Config\Cache), false)
10 FCPATH\index.php(87): CodeIgniter\CodeIgniter->run()
CRITICAL - 2024-01-24 03:04:32 --> require(vendor/autoload.php): Failed to open stream: No such file or directory
in APPPATH\Controllers\DoctorController.php on line 19.
 1 APPPATH\Controllers\DoctorController.php(19): CodeIgniter\Debug\Exceptions->errorHandler(2, 'require(vendor/autoload.php): Failed to open stream: No such file or directory', 'C:\\laragon\\www\\adonback\\app\\Controllers\\DoctorController.php', 19)
 2 APPPATH\Controllers\DoctorController.php(19): require()
 3 SYSTEMPATH\Autoloader\Autoloader.php(312): include_once('C:\\laragon\\www\\adonback\\app\\Controllers\\DoctorController.php')
 4 SYSTEMPATH\Autoloader\Autoloader.php(291): CodeIgniter\Autoloader\Autoloader->includeFile('C:\\laragon\\www\\adonback\\app\\Controllers\\DoctorController.php')
 5 SYSTEMPATH\Autoloader\Autoloader.php(269): CodeIgniter\Autoloader\Autoloader->loadInNamespace('App\\Controllers\\DoctorController')
 6 [internal function]: CodeIgniter\Autoloader\Autoloader->loadClass('App\\Controllers\\DoctorController')
 7 SYSTEMPATH\CodeIgniter.php(900): class_exists('\\App\\Controllers\\DoctorController', true)
 8 SYSTEMPATH\CodeIgniter.php(489): CodeIgniter\CodeIgniter->startController()
 9 SYSTEMPATH\CodeIgniter.php(361): CodeIgniter\CodeIgniter->handleRequest(null, Object(Config\Cache), false)
10 FCPATH\index.php(87): CodeIgniter\CodeIgniter->run()
CRITICAL - 2024-01-24 03:04:32 --> require(vendor/autoload.php): Failed to open stream: No such file or directory
in APPPATH\Controllers\DoctorController.php on line 19.
 1 APPPATH\Controllers\DoctorController.php(19): CodeIgniter\Debug\Exceptions->errorHandler(2, 'require(vendor/autoload.php): Failed to open stream: No such file or directory', 'C:\\laragon\\www\\adonback\\app\\Controllers\\DoctorController.php', 19)
 2 APPPATH\Controllers\DoctorController.php(19): require()
 3 SYSTEMPATH\Autoloader\Autoloader.php(312): include_once('C:\\laragon\\www\\adonback\\app\\Controllers\\DoctorController.php')
 4 SYSTEMPATH\Autoloader\Autoloader.php(291): CodeIgniter\Autoloader\Autoloader->includeFile('C:\\laragon\\www\\adonback\\app\\Controllers\\DoctorController.php')
 5 SYSTEMPATH\Autoloader\Autoloader.php(269): CodeIgniter\Autoloader\Autoloader->loadInNamespace('App\\Controllers\\DoctorController')
 6 [internal function]: CodeIgniter\Autoloader\Autoloader->loadClass('App\\Controllers\\DoctorController')
 7 SYSTEMPATH\CodeIgniter.php(900): class_exists('\\App\\Controllers\\DoctorController', true)
 8 SYSTEMPATH\CodeIgniter.php(489): CodeIgniter\CodeIgniter->startController()
 9 SYSTEMPATH\CodeIgniter.php(361): CodeIgniter\CodeIgniter->handleRequest(null, Object(Config\Cache), false)
10 FCPATH\index.php(87): CodeIgniter\CodeIgniter->run()
CRITICAL - 2024-01-24 03:04:32 --> require(vendor/autoload.php): Failed to open stream: No such file or directory
in APPPATH\Controllers\DoctorController.php on line 19.
 1 APPPATH\Controllers\DoctorController.php(19): CodeIgniter\Debug\Exceptions->errorHandler(2, 'require(vendor/autoload.php): Failed to open stream: No such file or directory', 'C:\\laragon\\www\\adonback\\app\\Controllers\\DoctorController.php', 19)
 2 APPPATH\Controllers\DoctorController.php(19): require()
 3 SYSTEMPATH\Autoloader\Autoloader.php(312): include_once('C:\\laragon\\www\\adonback\\app\\Controllers\\DoctorController.php')
 4 SYSTEMPATH\Autoloader\Autoloader.php(291): CodeIgniter\Autoloader\Autoloader->includeFile('C:\\laragon\\www\\adonback\\app\\Controllers\\DoctorController.php')
 5 SYSTEMPATH\Autoloader\Autoloader.php(269): CodeIgniter\Autoloader\Autoloader->loadInNamespace('App\\Controllers\\DoctorController')
 6 [internal function]: CodeIgniter\Autoloader\Autoloader->loadClass('App\\Controllers\\DoctorController')
 7 SYSTEMPATH\CodeIgniter.php(900): class_exists('\\App\\Controllers\\DoctorController', true)
 8 SYSTEMPATH\CodeIgniter.php(489): CodeIgniter\CodeIgniter->startController()
 9 SYSTEMPATH\CodeIgniter.php(361): CodeIgniter\CodeIgniter->handleRequest(null, Object(Config\Cache), false)
10 FCPATH\index.php(87): CodeIgniter\CodeIgniter->run()
CRITICAL - 2024-01-24 03:04:42 --> require(vendor/autoload.php): Failed to open stream: No such file or directory
in APPPATH\Controllers\DoctorController.php on line 19.
 1 APPPATH\Controllers\DoctorController.php(19): CodeIgniter\Debug\Exceptions->errorHandler(2, 'require(vendor/autoload.php): Failed to open stream: No such file or directory', 'C:\\laragon\\www\\adonback\\app\\Controllers\\DoctorController.php', 19)
 2 APPPATH\Controllers\DoctorController.php(19): require()
 3 SYSTEMPATH\Autoloader\Autoloader.php(312): include_once('C:\\laragon\\www\\adonback\\app\\Controllers\\DoctorController.php')
 4 SYSTEMPATH\Autoloader\Autoloader.php(291): CodeIgniter\Autoloader\Autoloader->includeFile('C:\\laragon\\www\\adonback\\app\\Controllers\\DoctorController.php')
 5 SYSTEMPATH\Autoloader\Autoloader.php(269): CodeIgniter\Autoloader\Autoloader->loadInNamespace('App\\Controllers\\DoctorController')
 6 [internal function]: CodeIgniter\Autoloader\Autoloader->loadClass('App\\Controllers\\DoctorController')
 7 SYSTEMPATH\CodeIgniter.php(900): class_exists('\\App\\Controllers\\DoctorController', true)
 8 SYSTEMPATH\CodeIgniter.php(489): CodeIgniter\CodeIgniter->startController()
 9 SYSTEMPATH\CodeIgniter.php(361): CodeIgniter\CodeIgniter->handleRequest(null, Object(Config\Cache), false)
10 FCPATH\index.php(87): CodeIgniter\CodeIgniter->run()
CRITICAL - 2024-01-24 03:04:42 --> require(vendor/autoload.php): Failed to open stream: No such file or directory
in APPPATH\Controllers\DoctorController.php on line 19.
 1 APPPATH\Controllers\DoctorController.php(19): CodeIgniter\Debug\Exceptions->errorHandler(2, 'require(vendor/autoload.php): Failed to open stream: No such file or directory', 'C:\\laragon\\www\\adonback\\app\\Controllers\\DoctorController.php', 19)
 2 APPPATH\Controllers\DoctorController.php(19): require()
 3 SYSTEMPATH\Autoloader\Autoloader.php(312): include_once('C:\\laragon\\www\\adonback\\app\\Controllers\\DoctorController.php')
 4 SYSTEMPATH\Autoloader\Autoloader.php(291): CodeIgniter\Autoloader\Autoloader->includeFile('C:\\laragon\\www\\adonback\\app\\Controllers\\DoctorController.php')
 5 SYSTEMPATH\Autoloader\Autoloader.php(269): CodeIgniter\Autoloader\Autoloader->loadInNamespace('App\\Controllers\\DoctorController')
 6 [internal function]: CodeIgniter\Autoloader\Autoloader->loadClass('App\\Controllers\\DoctorController')
 7 SYSTEMPATH\CodeIgniter.php(900): class_exists('\\App\\Controllers\\DoctorController', true)
 8 SYSTEMPATH\CodeIgniter.php(489): CodeIgniter\CodeIgniter->startController()
 9 SYSTEMPATH\CodeIgniter.php(361): CodeIgniter\CodeIgniter->handleRequest(null, Object(Config\Cache), false)
10 FCPATH\index.php(87): CodeIgniter\CodeIgniter->run()
CRITICAL - 2024-01-24 03:04:42 --> require(vendor/autoload.php): Failed to open stream: No such file or directory
in APPPATH\Controllers\DoctorController.php on line 19.
 1 APPPATH\Controllers\DoctorController.php(19): CodeIgniter\Debug\Exceptions->errorHandler(2, 'require(vendor/autoload.php): Failed to open stream: No such file or directory', 'C:\\laragon\\www\\adonback\\app\\Controllers\\DoctorController.php', 19)
 2 APPPATH\Controllers\DoctorController.php(19): require()
 3 SYSTEMPATH\Autoloader\Autoloader.php(312): include_once('C:\\laragon\\www\\adonback\\app\\Controllers\\DoctorController.php')
 4 SYSTEMPATH\Autoloader\Autoloader.php(291): CodeIgniter\Autoloader\Autoloader->includeFile('C:\\laragon\\www\\adonback\\app\\Controllers\\DoctorController.php')
 5 SYSTEMPATH\Autoloader\Autoloader.php(269): CodeIgniter\Autoloader\Autoloader->loadInNamespace('App\\Controllers\\DoctorController')
 6 [internal function]: CodeIgniter\Autoloader\Autoloader->loadClass('App\\Controllers\\DoctorController')
 7 SYSTEMPATH\CodeIgniter.php(900): class_exists('\\App\\Controllers\\DoctorController', true)
 8 SYSTEMPATH\CodeIgniter.php(489): CodeIgniter\CodeIgniter->startController()
 9 SYSTEMPATH\CodeIgniter.php(361): CodeIgniter\CodeIgniter->handleRequest(null, Object(Config\Cache), false)
10 FCPATH\index.php(87): CodeIgniter\CodeIgniter->run()
CRITICAL - 2024-01-24 03:04:42 --> require(vendor/autoload.php): Failed to open stream: No such file or directory
in APPPATH\Controllers\DoctorController.php on line 19.
 1 APPPATH\Controllers\DoctorController.php(19): CodeIgniter\Debug\Exceptions->errorHandler(2, 'require(vendor/autoload.php): Failed to open stream: No such file or directory', 'C:\\laragon\\www\\adonback\\app\\Controllers\\DoctorController.php', 19)
 2 APPPATH\Controllers\DoctorController.php(19): require()
 3 SYSTEMPATH\Autoloader\Autoloader.php(312): include_once('C:\\laragon\\www\\adonback\\app\\Controllers\\DoctorController.php')
 4 SYSTEMPATH\Autoloader\Autoloader.php(291): CodeIgniter\Autoloader\Autoloader->includeFile('C:\\laragon\\www\\adonback\\app\\Controllers\\DoctorController.php')
 5 SYSTEMPATH\Autoloader\Autoloader.php(269): CodeIgniter\Autoloader\Autoloader->loadInNamespace('App\\Controllers\\DoctorController')
 6 [internal function]: CodeIgniter\Autoloader\Autoloader->loadClass('App\\Controllers\\DoctorController')
 7 SYSTEMPATH\CodeIgniter.php(900): class_exists('\\App\\Controllers\\DoctorController', true)
 8 SYSTEMPATH\CodeIgniter.php(489): CodeIgniter\CodeIgniter->startController()
 9 SYSTEMPATH\CodeIgniter.php(361): CodeIgniter\CodeIgniter->handleRequest(null, Object(Config\Cache), false)
10 FCPATH\index.php(87): CodeIgniter\CodeIgniter->run()
CRITICAL - 2024-01-24 03:04:53 --> require(vendor/autoload.php): Failed to open stream: No such file or directory
in APPPATH\Controllers\DoctorController.php on line 19.
 1 APPPATH\Controllers\DoctorController.php(19): CodeIgniter\Debug\Exceptions->errorHandler(2, 'require(vendor/autoload.php): Failed to open stream: No such file or directory', 'C:\\laragon\\www\\adonback\\app\\Controllers\\DoctorController.php', 19)
 2 APPPATH\Controllers\DoctorController.php(19): require()
 3 SYSTEMPATH\Autoloader\Autoloader.php(312): include_once('C:\\laragon\\www\\adonback\\app\\Controllers\\DoctorController.php')
 4 SYSTEMPATH\Autoloader\Autoloader.php(291): CodeIgniter\Autoloader\Autoloader->includeFile('C:\\laragon\\www\\adonback\\app\\Controllers\\DoctorController.php')
 5 SYSTEMPATH\Autoloader\Autoloader.php(269): CodeIgniter\Autoloader\Autoloader->loadInNamespace('App\\Controllers\\DoctorController')
 6 [internal function]: CodeIgniter\Autoloader\Autoloader->loadClass('App\\Controllers\\DoctorController')
 7 SYSTEMPATH\CodeIgniter.php(900): class_exists('\\App\\Controllers\\DoctorController', true)
 8 SYSTEMPATH\CodeIgniter.php(489): CodeIgniter\CodeIgniter->startController()
 9 SYSTEMPATH\CodeIgniter.php(361): CodeIgniter\CodeIgniter->handleRequest(null, Object(Config\Cache), false)
10 FCPATH\index.php(87): CodeIgniter\CodeIgniter->run()
CRITICAL - 2024-01-24 03:04:53 --> require(vendor/autoload.php): Failed to open stream: No such file or directory
in APPPATH\Controllers\DoctorController.php on line 19.
 1 APPPATH\Controllers\DoctorController.php(19): CodeIgniter\Debug\Exceptions->errorHandler(2, 'require(vendor/autoload.php): Failed to open stream: No such file or directory', 'C:\\laragon\\www\\adonback\\app\\Controllers\\DoctorController.php', 19)
 2 APPPATH\Controllers\DoctorController.php(19): require()
 3 SYSTEMPATH\Autoloader\Autoloader.php(312): include_once('C:\\laragon\\www\\adonback\\app\\Controllers\\DoctorController.php')
 4 SYSTEMPATH\Autoloader\Autoloader.php(291): CodeIgniter\Autoloader\Autoloader->includeFile('C:\\laragon\\www\\adonback\\app\\Controllers\\DoctorController.php')
 5 SYSTEMPATH\Autoloader\Autoloader.php(269): CodeIgniter\Autoloader\Autoloader->loadInNamespace('App\\Controllers\\DoctorController')
 6 [internal function]: CodeIgniter\Autoloader\Autoloader->loadClass('App\\Controllers\\DoctorController')
 7 SYSTEMPATH\CodeIgniter.php(900): class_exists('\\App\\Controllers\\DoctorController', true)
 8 SYSTEMPATH\CodeIgniter.php(489): CodeIgniter\CodeIgniter->startController()
 9 SYSTEMPATH\CodeIgniter.php(361): CodeIgniter\CodeIgniter->handleRequest(null, Object(Config\Cache), false)
10 FCPATH\index.php(87): CodeIgniter\CodeIgniter->run()
CRITICAL - 2024-01-24 03:04:53 --> require(vendor/autoload.php): Failed to open stream: No such file or directory
in APPPATH\Controllers\DoctorController.php on line 19.
 1 APPPATH\Controllers\DoctorController.php(19): CodeIgniter\Debug\Exceptions->errorHandler(2, 'require(vendor/autoload.php): Failed to open stream: No such file or directory', 'C:\\laragon\\www\\adonback\\app\\Controllers\\DoctorController.php', 19)
 2 APPPATH\Controllers\DoctorController.php(19): require()
 3 SYSTEMPATH\Autoloader\Autoloader.php(312): include_once('C:\\laragon\\www\\adonback\\app\\Controllers\\DoctorController.php')
 4 SYSTEMPATH\Autoloader\Autoloader.php(291): CodeIgniter\Autoloader\Autoloader->includeFile('C:\\laragon\\www\\adonback\\app\\Controllers\\DoctorController.php')
 5 SYSTEMPATH\Autoloader\Autoloader.php(269): CodeIgniter\Autoloader\Autoloader->loadInNamespace('App\\Controllers\\DoctorController')
 6 [internal function]: CodeIgniter\Autoloader\Autoloader->loadClass('App\\Controllers\\DoctorController')
 7 SYSTEMPATH\CodeIgniter.php(900): class_exists('\\App\\Controllers\\DoctorController', true)
 8 SYSTEMPATH\CodeIgniter.php(489): CodeIgniter\CodeIgniter->startController()
 9 SYSTEMPATH\CodeIgniter.php(361): CodeIgniter\CodeIgniter->handleRequest(null, Object(Config\Cache), false)
10 FCPATH\index.php(87): CodeIgniter\CodeIgniter->run()
CRITICAL - 2024-01-24 03:04:53 --> require(vendor/autoload.php): Failed to open stream: No such file or directory
in APPPATH\Controllers\DoctorController.php on line 19.
 1 APPPATH\Controllers\DoctorController.php(19): CodeIgniter\Debug\Exceptions->errorHandler(2, 'require(vendor/autoload.php): Failed to open stream: No such file or directory', 'C:\\laragon\\www\\adonback\\app\\Controllers\\DoctorController.php', 19)
 2 APPPATH\Controllers\DoctorController.php(19): require()
 3 SYSTEMPATH\Autoloader\Autoloader.php(312): include_once('C:\\laragon\\www\\adonback\\app\\Controllers\\DoctorController.php')
 4 SYSTEMPATH\Autoloader\Autoloader.php(291): CodeIgniter\Autoloader\Autoloader->includeFile('C:\\laragon\\www\\adonback\\app\\Controllers\\DoctorController.php')
 5 SYSTEMPATH\Autoloader\Autoloader.php(269): CodeIgniter\Autoloader\Autoloader->loadInNamespace('App\\Controllers\\DoctorController')
 6 [internal function]: CodeIgniter\Autoloader\Autoloader->loadClass('App\\Controllers\\DoctorController')
 7 SYSTEMPATH\CodeIgniter.php(900): class_exists('\\App\\Controllers\\DoctorController', true)
 8 SYSTEMPATH\CodeIgniter.php(489): CodeIgniter\CodeIgniter->startController()
 9 SYSTEMPATH\CodeIgniter.php(361): CodeIgniter\CodeIgniter->handleRequest(null, Object(Config\Cache), false)
10 FCPATH\index.php(87): CodeIgniter\CodeIgniter->run()
CRITICAL - 2024-01-24 03:04:58 --> require(vendor/autoload.php): Failed to open stream: No such file or directory
in APPPATH\Controllers\DoctorController.php on line 19.
 1 APPPATH\Controllers\DoctorController.php(19): CodeIgniter\Debug\Exceptions->errorHandler(2, 'require(vendor/autoload.php): Failed to open stream: No such file or directory', 'C:\\laragon\\www\\adonback\\app\\Controllers\\DoctorController.php', 19)
 2 APPPATH\Controllers\DoctorController.php(19): require()
 3 SYSTEMPATH\Autoloader\Autoloader.php(312): include_once('C:\\laragon\\www\\adonback\\app\\Controllers\\DoctorController.php')
 4 SYSTEMPATH\Autoloader\Autoloader.php(291): CodeIgniter\Autoloader\Autoloader->includeFile('C:\\laragon\\www\\adonback\\app\\Controllers\\DoctorController.php')
 5 SYSTEMPATH\Autoloader\Autoloader.php(269): CodeIgniter\Autoloader\Autoloader->loadInNamespace('App\\Controllers\\DoctorController')
 6 [internal function]: CodeIgniter\Autoloader\Autoloader->loadClass('App\\Controllers\\DoctorController')
 7 SYSTEMPATH\CodeIgniter.php(900): class_exists('\\App\\Controllers\\DoctorController', true)
 8 SYSTEMPATH\CodeIgniter.php(489): CodeIgniter\CodeIgniter->startController()
 9 SYSTEMPATH\CodeIgniter.php(361): CodeIgniter\CodeIgniter->handleRequest(null, Object(Config\Cache), false)
10 FCPATH\index.php(87): CodeIgniter\CodeIgniter->run()
CRITICAL - 2024-01-24 03:04:58 --> require(vendor/autoload.php): Failed to open stream: No such file or directory
in APPPATH\Controllers\DoctorController.php on line 19.
 1 APPPATH\Controllers\DoctorController.php(19): CodeIgniter\Debug\Exceptions->errorHandler(2, 'require(vendor/autoload.php): Failed to open stream: No such file or directory', 'C:\\laragon\\www\\adonback\\app\\Controllers\\DoctorController.php', 19)
 2 APPPATH\Controllers\DoctorController.php(19): require()
 3 SYSTEMPATH\Autoloader\Autoloader.php(312): include_once('C:\\laragon\\www\\adonback\\app\\Controllers\\DoctorController.php')
 4 SYSTEMPATH\Autoloader\Autoloader.php(291): CodeIgniter\Autoloader\Autoloader->includeFile('C:\\laragon\\www\\adonback\\app\\Controllers\\DoctorController.php')
 5 SYSTEMPATH\Autoloader\Autoloader.php(269): CodeIgniter\Autoloader\Autoloader->loadInNamespace('App\\Controllers\\DoctorController')
 6 [internal function]: CodeIgniter\Autoloader\Autoloader->loadClass('App\\Controllers\\DoctorController')
 7 SYSTEMPATH\CodeIgniter.php(900): class_exists('\\App\\Controllers\\DoctorController', true)
 8 SYSTEMPATH\CodeIgniter.php(489): CodeIgniter\CodeIgniter->startController()
 9 SYSTEMPATH\CodeIgniter.php(361): CodeIgniter\CodeIgniter->handleRequest(null, Object(Config\Cache), false)
10 FCPATH\index.php(87): CodeIgniter\CodeIgniter->run()
CRITICAL - 2024-01-24 03:04:59 --> require(vendor/autoload.php): Failed to open stream: No such file or directory
in APPPATH\Controllers\DoctorController.php on line 19.
 1 APPPATH\Controllers\DoctorController.php(19): CodeIgniter\Debug\Exceptions->errorHandler(2, 'require(vendor/autoload.php): Failed to open stream: No such file or directory', 'C:\\laragon\\www\\adonback\\app\\Controllers\\DoctorController.php', 19)
 2 APPPATH\Controllers\DoctorController.php(19): require()
 3 SYSTEMPATH\Autoloader\Autoloader.php(312): include_once('C:\\laragon\\www\\adonback\\app\\Controllers\\DoctorController.php')
 4 SYSTEMPATH\Autoloader\Autoloader.php(291): CodeIgniter\Autoloader\Autoloader->includeFile('C:\\laragon\\www\\adonback\\app\\Controllers\\DoctorController.php')
 5 SYSTEMPATH\Autoloader\Autoloader.php(269): CodeIgniter\Autoloader\Autoloader->loadInNamespace('App\\Controllers\\DoctorController')
 6 [internal function]: CodeIgniter\Autoloader\Autoloader->loadClass('App\\Controllers\\DoctorController')
 7 SYSTEMPATH\CodeIgniter.php(900): class_exists('\\App\\Controllers\\DoctorController', true)
 8 SYSTEMPATH\CodeIgniter.php(489): CodeIgniter\CodeIgniter->startController()
 9 SYSTEMPATH\CodeIgniter.php(361): CodeIgniter\CodeIgniter->handleRequest(null, Object(Config\Cache), false)
10 FCPATH\index.php(87): CodeIgniter\CodeIgniter->run()
CRITICAL - 2024-01-24 03:04:59 --> require(vendor/autoload.php): Failed to open stream: No such file or directory
in APPPATH\Controllers\DoctorController.php on line 19.
 1 APPPATH\Controllers\DoctorController.php(19): CodeIgniter\Debug\Exceptions->errorHandler(2, 'require(vendor/autoload.php): Failed to open stream: No such file or directory', 'C:\\laragon\\www\\adonback\\app\\Controllers\\DoctorController.php', 19)
 2 APPPATH\Controllers\DoctorController.php(19): require()
 3 SYSTEMPATH\Autoloader\Autoloader.php(312): include_once('C:\\laragon\\www\\adonback\\app\\Controllers\\DoctorController.php')
 4 SYSTEMPATH\Autoloader\Autoloader.php(291): CodeIgniter\Autoloader\Autoloader->includeFile('C:\\laragon\\www\\adonback\\app\\Controllers\\DoctorController.php')
 5 SYSTEMPATH\Autoloader\Autoloader.php(269): CodeIgniter\Autoloader\Autoloader->loadInNamespace('App\\Controllers\\DoctorController')
 6 [internal function]: CodeIgniter\Autoloader\Autoloader->loadClass('App\\Controllers\\DoctorController')
 7 SYSTEMPATH\CodeIgniter.php(900): class_exists('\\App\\Controllers\\DoctorController', true)
 8 SYSTEMPATH\CodeIgniter.php(489): CodeIgniter\CodeIgniter->startController()
 9 SYSTEMPATH\CodeIgniter.php(361): CodeIgniter\CodeIgniter->handleRequest(null, Object(Config\Cache), false)
10 FCPATH\index.php(87): CodeIgniter\CodeIgniter->run()
CRITICAL - 2024-01-24 03:05:09 --> require(vendor/autoload.php): Failed to open stream: No such file or directory
in APPPATH\Controllers\DoctorController.php on line 19.
 1 APPPATH\Controllers\DoctorController.php(19): CodeIgniter\Debug\Exceptions->errorHandler(2, 'require(vendor/autoload.php): Failed to open stream: No such file or directory', 'C:\\laragon\\www\\adonback\\app\\Controllers\\DoctorController.php', 19)
 2 APPPATH\Controllers\DoctorController.php(19): require()
 3 SYSTEMPATH\Autoloader\Autoloader.php(312): include_once('C:\\laragon\\www\\adonback\\app\\Controllers\\DoctorController.php')
 4 SYSTEMPATH\Autoloader\Autoloader.php(291): CodeIgniter\Autoloader\Autoloader->includeFile('C:\\laragon\\www\\adonback\\app\\Controllers\\DoctorController.php')
 5 SYSTEMPATH\Autoloader\Autoloader.php(269): CodeIgniter\Autoloader\Autoloader->loadInNamespace('App\\Controllers\\DoctorController')
 6 [internal function]: CodeIgniter\Autoloader\Autoloader->loadClass('App\\Controllers\\DoctorController')
 7 SYSTEMPATH\CodeIgniter.php(900): class_exists('\\App\\Controllers\\DoctorController', true)
 8 SYSTEMPATH\CodeIgniter.php(489): CodeIgniter\CodeIgniter->startController()
 9 SYSTEMPATH\CodeIgniter.php(361): CodeIgniter\CodeIgniter->handleRequest(null, Object(Config\Cache), false)
10 FCPATH\index.php(87): CodeIgniter\CodeIgniter->run()
CRITICAL - 2024-01-24 03:05:09 --> require(vendor/autoload.php): Failed to open stream: No such file or directory
in APPPATH\Controllers\DoctorController.php on line 19.
 1 APPPATH\Controllers\DoctorController.php(19): CodeIgniter\Debug\Exceptions->errorHandler(2, 'require(vendor/autoload.php): Failed to open stream: No such file or directory', 'C:\\laragon\\www\\adonback\\app\\Controllers\\DoctorController.php', 19)
 2 APPPATH\Controllers\DoctorController.php(19): require()
 3 SYSTEMPATH\Autoloader\Autoloader.php(312): include_once('C:\\laragon\\www\\adonback\\app\\Controllers\\DoctorController.php')
 4 SYSTEMPATH\Autoloader\Autoloader.php(291): CodeIgniter\Autoloader\Autoloader->includeFile('C:\\laragon\\www\\adonback\\app\\Controllers\\DoctorController.php')
 5 SYSTEMPATH\Autoloader\Autoloader.php(269): CodeIgniter\Autoloader\Autoloader->loadInNamespace('App\\Controllers\\DoctorController')
 6 [internal function]: CodeIgniter\Autoloader\Autoloader->loadClass('App\\Controllers\\DoctorController')
 7 SYSTEMPATH\CodeIgniter.php(900): class_exists('\\App\\Controllers\\DoctorController', true)
 8 SYSTEMPATH\CodeIgniter.php(489): CodeIgniter\CodeIgniter->startController()
 9 SYSTEMPATH\CodeIgniter.php(361): CodeIgniter\CodeIgniter->handleRequest(null, Object(Config\Cache), false)
10 FCPATH\index.php(87): CodeIgniter\CodeIgniter->run()
CRITICAL - 2024-01-24 03:05:09 --> require(vendor/autoload.php): Failed to open stream: No such file or directory
in APPPATH\Controllers\DoctorController.php on line 19.
 1 APPPATH\Controllers\DoctorController.php(19): CodeIgniter\Debug\Exceptions->errorHandler(2, 'require(vendor/autoload.php): Failed to open stream: No such file or directory', 'C:\\laragon\\www\\adonback\\app\\Controllers\\DoctorController.php', 19)
 2 APPPATH\Controllers\DoctorController.php(19): require()
 3 SYSTEMPATH\Autoloader\Autoloader.php(312): include_once('C:\\laragon\\www\\adonback\\app\\Controllers\\DoctorController.php')
 4 SYSTEMPATH\Autoloader\Autoloader.php(291): CodeIgniter\Autoloader\Autoloader->includeFile('C:\\laragon\\www\\adonback\\app\\Controllers\\DoctorController.php')
 5 SYSTEMPATH\Autoloader\Autoloader.php(269): CodeIgniter\Autoloader\Autoloader->loadInNamespace('App\\Controllers\\DoctorController')
 6 [internal function]: CodeIgniter\Autoloader\Autoloader->loadClass('App\\Controllers\\DoctorController')
 7 SYSTEMPATH\CodeIgniter.php(900): class_exists('\\App\\Controllers\\DoctorController', true)
 8 SYSTEMPATH\CodeIgniter.php(489): CodeIgniter\CodeIgniter->startController()
 9 SYSTEMPATH\CodeIgniter.php(361): CodeIgniter\CodeIgniter->handleRequest(null, Object(Config\Cache), false)
10 FCPATH\index.php(87): CodeIgniter\CodeIgniter->run()
CRITICAL - 2024-01-24 03:05:10 --> require(vendor/autoload.php): Failed to open stream: No such file or directory
in APPPATH\Controllers\DoctorController.php on line 19.
 1 APPPATH\Controllers\DoctorController.php(19): CodeIgniter\Debug\Exceptions->errorHandler(2, 'require(vendor/autoload.php): Failed to open stream: No such file or directory', 'C:\\laragon\\www\\adonback\\app\\Controllers\\DoctorController.php', 19)
 2 APPPATH\Controllers\DoctorController.php(19): require()
 3 SYSTEMPATH\Autoloader\Autoloader.php(312): include_once('C:\\laragon\\www\\adonback\\app\\Controllers\\DoctorController.php')
 4 SYSTEMPATH\Autoloader\Autoloader.php(291): CodeIgniter\Autoloader\Autoloader->includeFile('C:\\laragon\\www\\adonback\\app\\Controllers\\DoctorController.php')
 5 SYSTEMPATH\Autoloader\Autoloader.php(269): CodeIgniter\Autoloader\Autoloader->loadInNamespace('App\\Controllers\\DoctorController')
 6 [internal function]: CodeIgniter\Autoloader\Autoloader->loadClass('App\\Controllers\\DoctorController')
 7 SYSTEMPATH\CodeIgniter.php(900): class_exists('\\App\\Controllers\\DoctorController', true)
 8 SYSTEMPATH\CodeIgniter.php(489): CodeIgniter\CodeIgniter->startController()
 9 SYSTEMPATH\CodeIgniter.php(361): CodeIgniter\CodeIgniter->handleRequest(null, Object(Config\Cache), false)
10 FCPATH\index.php(87): CodeIgniter\CodeIgniter->run()
CRITICAL - 2024-01-24 03:05:17 --> require(vendor/autoload.php): Failed to open stream: No such file or directory
in APPPATH\Controllers\DoctorController.php on line 19.
 1 APPPATH\Controllers\DoctorController.php(19): CodeIgniter\Debug\Exceptions->errorHandler(2, 'require(vendor/autoload.php): Failed to open stream: No such file or directory', 'C:\\laragon\\www\\adonback\\app\\Controllers\\DoctorController.php', 19)
 2 APPPATH\Controllers\DoctorController.php(19): require()
 3 SYSTEMPATH\Autoloader\Autoloader.php(312): include_once('C:\\laragon\\www\\adonback\\app\\Controllers\\DoctorController.php')
 4 SYSTEMPATH\Autoloader\Autoloader.php(291): CodeIgniter\Autoloader\Autoloader->includeFile('C:\\laragon\\www\\adonback\\app\\Controllers\\DoctorController.php')
 5 SYSTEMPATH\Autoloader\Autoloader.php(269): CodeIgniter\Autoloader\Autoloader->loadInNamespace('App\\Controllers\\DoctorController')
 6 [internal function]: CodeIgniter\Autoloader\Autoloader->loadClass('App\\Controllers\\DoctorController')
 7 SYSTEMPATH\CodeIgniter.php(900): class_exists('\\App\\Controllers\\DoctorController', true)
 8 SYSTEMPATH\CodeIgniter.php(489): CodeIgniter\CodeIgniter->startController()
 9 SYSTEMPATH\CodeIgniter.php(361): CodeIgniter\CodeIgniter->handleRequest(null, Object(Config\Cache), false)
10 FCPATH\index.php(87): CodeIgniter\CodeIgniter->run()
CRITICAL - 2024-01-24 03:05:17 --> require(vendor/autoload.php): Failed to open stream: No such file or directory
in APPPATH\Controllers\DoctorController.php on line 19.
 1 APPPATH\Controllers\DoctorController.php(19): CodeIgniter\Debug\Exceptions->errorHandler(2, 'require(vendor/autoload.php): Failed to open stream: No such file or directory', 'C:\\laragon\\www\\adonback\\app\\Controllers\\DoctorController.php', 19)
 2 APPPATH\Controllers\DoctorController.php(19): require()
 3 SYSTEMPATH\Autoloader\Autoloader.php(312): include_once('C:\\laragon\\www\\adonback\\app\\Controllers\\DoctorController.php')
 4 SYSTEMPATH\Autoloader\Autoloader.php(291): CodeIgniter\Autoloader\Autoloader->includeFile('C:\\laragon\\www\\adonback\\app\\Controllers\\DoctorController.php')
 5 SYSTEMPATH\Autoloader\Autoloader.php(269): CodeIgniter\Autoloader\Autoloader->loadInNamespace('App\\Controllers\\DoctorController')
 6 [internal function]: CodeIgniter\Autoloader\Autoloader->loadClass('App\\Controllers\\DoctorController')
 7 SYSTEMPATH\CodeIgniter.php(900): class_exists('\\App\\Controllers\\DoctorController', true)
 8 SYSTEMPATH\CodeIgniter.php(489): CodeIgniter\CodeIgniter->startController()
 9 SYSTEMPATH\CodeIgniter.php(361): CodeIgniter\CodeIgniter->handleRequest(null, Object(Config\Cache), false)
10 FCPATH\index.php(87): CodeIgniter\CodeIgniter->run()
CRITICAL - 2024-01-24 03:05:18 --> require(vendor/autoload.php): Failed to open stream: No such file or directory
in APPPATH\Controllers\DoctorController.php on line 19.
 1 APPPATH\Controllers\DoctorController.php(19): CodeIgniter\Debug\Exceptions->errorHandler(2, 'require(vendor/autoload.php): Failed to open stream: No such file or directory', 'C:\\laragon\\www\\adonback\\app\\Controllers\\DoctorController.php', 19)
 2 APPPATH\Controllers\DoctorController.php(19): require()
 3 SYSTEMPATH\Autoloader\Autoloader.php(312): include_once('C:\\laragon\\www\\adonback\\app\\Controllers\\DoctorController.php')
 4 SYSTEMPATH\Autoloader\Autoloader.php(291): CodeIgniter\Autoloader\Autoloader->includeFile('C:\\laragon\\www\\adonback\\app\\Controllers\\DoctorController.php')
 5 SYSTEMPATH\Autoloader\Autoloader.php(269): CodeIgniter\Autoloader\Autoloader->loadInNamespace('App\\Controllers\\DoctorController')
 6 [internal function]: CodeIgniter\Autoloader\Autoloader->loadClass('App\\Controllers\\DoctorController')
 7 SYSTEMPATH\CodeIgniter.php(900): class_exists('\\App\\Controllers\\DoctorController', true)
 8 SYSTEMPATH\CodeIgniter.php(489): CodeIgniter\CodeIgniter->startController()
 9 SYSTEMPATH\CodeIgniter.php(361): CodeIgniter\CodeIgniter->handleRequest(null, Object(Config\Cache), false)
10 FCPATH\index.php(87): CodeIgniter\CodeIgniter->run()
CRITICAL - 2024-01-24 03:05:18 --> require(vendor/autoload.php): Failed to open stream: No such file or directory
in APPPATH\Controllers\DoctorController.php on line 19.
 1 APPPATH\Controllers\DoctorController.php(19): CodeIgniter\Debug\Exceptions->errorHandler(2, 'require(vendor/autoload.php): Failed to open stream: No such file or directory', 'C:\\laragon\\www\\adonback\\app\\Controllers\\DoctorController.php', 19)
 2 APPPATH\Controllers\DoctorController.php(19): require()
 3 SYSTEMPATH\Autoloader\Autoloader.php(312): include_once('C:\\laragon\\www\\adonback\\app\\Controllers\\DoctorController.php')
 4 SYSTEMPATH\Autoloader\Autoloader.php(291): CodeIgniter\Autoloader\Autoloader->includeFile('C:\\laragon\\www\\adonback\\app\\Controllers\\DoctorController.php')
 5 SYSTEMPATH\Autoloader\Autoloader.php(269): CodeIgniter\Autoloader\Autoloader->loadInNamespace('App\\Controllers\\DoctorController')
 6 [internal function]: CodeIgniter\Autoloader\Autoloader->loadClass('App\\Controllers\\DoctorController')
 7 SYSTEMPATH\CodeIgniter.php(900): class_exists('\\App\\Controllers\\DoctorController', true)
 8 SYSTEMPATH\CodeIgniter.php(489): CodeIgniter\CodeIgniter->startController()
 9 SYSTEMPATH\CodeIgniter.php(361): CodeIgniter\CodeIgniter->handleRequest(null, Object(Config\Cache), false)
10 FCPATH\index.php(87): CodeIgniter\CodeIgniter->run()
