CRITICAL - 2024-03-05 16:48:10 --> Undefined array key "Profile_url"
in APPPATH\Views\user\checkout.php on line 270.
 1 APPPATH\Views\user\checkout.php(270): CodeIgniter\Debug\Exceptions->errorHandler(2, 'Undefined array key "Profile_url"', 'C:\\laragon\\www\\adonbacked\\app\\Views\\user\\checkout.php', 270)
 2 SYSTEMPATH\View\View.php(228): include('C:\\laragon\\www\\adonbacked\\app\\Views\\user\\checkout.php')
 3 SYSTEMPATH\View\View.php(231): CodeIgniter\View\View->CodeIgniter\View\{closure}()
 4 SYSTEMPATH\Common.php(1190): CodeIgniter\View\View->render('user/checkout', [], true)
 5 APPPATH\Controllers\UserController.php(44): view('user/checkout', [...])
 6 SYSTEMPATH\CodeIgniter.php(942): App\Controllers\UserController->checkout()
 7 SYSTEMPATH\CodeIgniter.php(502): CodeIgniter\CodeIgniter->runController(Object(App\Controllers\UserController))
 8 SYSTEMPATH\CodeIgniter.php(361): CodeIgniter\CodeIgniter->handleRequest(null, Object(Config\Cache), false)
 9 FCPATH\index.php(87): CodeIgniter\CodeIgniter->run()
10 SYSTEMPATH\Commands\Server\rewrite.php(47): require_once('C:\\laragon\\www\\adonbacked\\public\\index.php')
CRITICAL - 2024-03-05 16:49:12 --> Undefined array key "DoctorID"
in APPPATH\Controllers\UserController.php on line 362.
 1 APPPATH\Controllers\UserController.php(362): CodeIgniter\Debug\Exceptions->errorHandler(2, 'Undefined array key "DoctorID"', 'C:\\laragon\\www\\adonbacked\\app\\Controllers\\UserController.php', 362)
 2 SYSTEMPATH\CodeIgniter.php(942): App\Controllers\UserController->checkSessionData()
 3 SYSTEMPATH\CodeIgniter.php(502): CodeIgniter\CodeIgniter->runController(Object(App\Controllers\UserController))
 4 SYSTEMPATH\CodeIgniter.php(361): CodeIgniter\CodeIgniter->handleRequest(null, Object(Config\Cache), false)
 5 FCPATH\index.php(87): CodeIgniter\CodeIgniter->run()
 6 SYSTEMPATH\Commands\Server\rewrite.php(47): require_once('C:\\laragon\\www\\adonbacked\\public\\index.php')
CRITICAL - 2024-03-05 16:49:15 --> Undefined array key "DoctorID"
in APPPATH\Controllers\UserController.php on line 362.
 1 APPPATH\Controllers\UserController.php(362): CodeIgniter\Debug\Exceptions->errorHandler(2, 'Undefined array key "DoctorID"', 'C:\\laragon\\www\\adonbacked\\app\\Controllers\\UserController.php', 362)
 2 SYSTEMPATH\CodeIgniter.php(942): App\Controllers\UserController->checkSessionData()
 3 SYSTEMPATH\CodeIgniter.php(502): CodeIgniter\CodeIgniter->runController(Object(App\Controllers\UserController))
 4 SYSTEMPATH\CodeIgniter.php(361): CodeIgniter\CodeIgniter->handleRequest(null, Object(Config\Cache), false)
 5 FCPATH\index.php(87): CodeIgniter\CodeIgniter->run()
 6 SYSTEMPATH\Commands\Server\rewrite.php(47): require_once('C:\\laragon\\www\\adonbacked\\public\\index.php')
CRITICAL - 2024-03-05 16:49:17 --> Undefined array key "DoctorID"
in APPPATH\Controllers\UserController.php on line 362.
 1 APPPATH\Controllers\UserController.php(362): CodeIgniter\Debug\Exceptions->errorHandler(2, 'Undefined array key "DoctorID"', 'C:\\laragon\\www\\adonbacked\\app\\Controllers\\UserController.php', 362)
 2 SYSTEMPATH\CodeIgniter.php(942): App\Controllers\UserController->checkSessionData()
 3 SYSTEMPATH\CodeIgniter.php(502): CodeIgniter\CodeIgniter->runController(Object(App\Controllers\UserController))
 4 SYSTEMPATH\CodeIgniter.php(361): CodeIgniter\CodeIgniter->handleRequest(null, Object(Config\Cache), false)
 5 FCPATH\index.php(87): CodeIgniter\CodeIgniter->run()
 6 SYSTEMPATH\Commands\Server\rewrite.php(47): require_once('C:\\laragon\\www\\adonbacked\\public\\index.php')
CRITICAL - 2024-03-05 16:49:17 --> Undefined array key "DoctorID"
in APPPATH\Controllers\UserController.php on line 362.
 1 APPPATH\Controllers\UserController.php(362): CodeIgniter\Debug\Exceptions->errorHandler(2, 'Undefined array key "DoctorID"', 'C:\\laragon\\www\\adonbacked\\app\\Controllers\\UserController.php', 362)
 2 SYSTEMPATH\CodeIgniter.php(942): App\Controllers\UserController->checkSessionData()
 3 SYSTEMPATH\CodeIgniter.php(502): CodeIgniter\CodeIgniter->runController(Object(App\Controllers\UserController))
 4 SYSTEMPATH\CodeIgniter.php(361): CodeIgniter\CodeIgniter->handleRequest(null, Object(Config\Cache), false)
 5 FCPATH\index.php(87): CodeIgniter\CodeIgniter->run()
 6 SYSTEMPATH\Commands\Server\rewrite.php(47): require_once('C:\\laragon\\www\\adonbacked\\public\\index.php')
CRITICAL - 2024-03-05 16:49:17 --> Undefined array key "DoctorID"
in APPPATH\Controllers\UserController.php on line 362.
 1 APPPATH\Controllers\UserController.php(362): CodeIgniter\Debug\Exceptions->errorHandler(2, 'Undefined array key "DoctorID"', 'C:\\laragon\\www\\adonbacked\\app\\Controllers\\UserController.php', 362)
 2 SYSTEMPATH\CodeIgniter.php(942): App\Controllers\UserController->checkSessionData()
 3 SYSTEMPATH\CodeIgniter.php(502): CodeIgniter\CodeIgniter->runController(Object(App\Controllers\UserController))
 4 SYSTEMPATH\CodeIgniter.php(361): CodeIgniter\CodeIgniter->handleRequest(null, Object(Config\Cache), false)
 5 FCPATH\index.php(87): CodeIgniter\CodeIgniter->run()
 6 SYSTEMPATH\Commands\Server\rewrite.php(47): require_once('C:\\laragon\\www\\adonbacked\\public\\index.php')
CRITICAL - 2024-03-05 16:49:36 --> Undefined array key "DoctorID"
in APPPATH\Controllers\UserController.php on line 362.
 1 APPPATH\Controllers\UserController.php(362): CodeIgniter\Debug\Exceptions->errorHandler(2, 'Undefined array key "DoctorID"', 'C:\\laragon\\www\\adonbacked\\app\\Controllers\\UserController.php', 362)
 2 SYSTEMPATH\CodeIgniter.php(942): App\Controllers\UserController->checkSessionData()
 3 SYSTEMPATH\CodeIgniter.php(502): CodeIgniter\CodeIgniter->runController(Object(App\Controllers\UserController))
 4 SYSTEMPATH\CodeIgniter.php(361): CodeIgniter\CodeIgniter->handleRequest(null, Object(Config\Cache), false)
 5 FCPATH\index.php(87): CodeIgniter\CodeIgniter->run()
 6 SYSTEMPATH\Commands\Server\rewrite.php(47): require_once('C:\\laragon\\www\\adonbacked\\public\\index.php')
CRITICAL - 2024-03-05 16:50:03 --> Undefined array key "DoctorID"
in APPPATH\Controllers\UserController.php on line 362.
 1 APPPATH\Controllers\UserController.php(362): CodeIgniter\Debug\Exceptions->errorHandler(2, 'Undefined array key "DoctorID"', 'C:\\laragon\\www\\adonbacked\\app\\Controllers\\UserController.php', 362)
 2 SYSTEMPATH\CodeIgniter.php(942): App\Controllers\UserController->checkSessionData()
 3 SYSTEMPATH\CodeIgniter.php(502): CodeIgniter\CodeIgniter->runController(Object(App\Controllers\UserController))
 4 SYSTEMPATH\CodeIgniter.php(361): CodeIgniter\CodeIgniter->handleRequest(null, Object(Config\Cache), false)
 5 FCPATH\index.php(87): CodeIgniter\CodeIgniter->run()
 6 SYSTEMPATH\Commands\Server\rewrite.php(47): require_once('C:\\laragon\\www\\adonbacked\\public\\index.php')
CRITICAL - 2024-03-05 17:05:50 --> Undefined array key "PatientID"
in APPPATH\Controllers\UserController.php on line 365.
 1 APPPATH\Controllers\UserController.php(365): CodeIgniter\Debug\Exceptions->errorHandler(2, 'Undefined array key "PatientID"', 'C:\\laragon\\www\\adonbacked\\app\\Controllers\\UserController.php', 365)
 2 SYSTEMPATH\CodeIgniter.php(942): App\Controllers\UserController->checkSessionData()
 3 SYSTEMPATH\CodeIgniter.php(502): CodeIgniter\CodeIgniter->runController(Object(App\Controllers\UserController))
 4 SYSTEMPATH\CodeIgniter.php(361): CodeIgniter\CodeIgniter->handleRequest(null, Object(Config\Cache), false)
 5 FCPATH\index.php(87): CodeIgniter\CodeIgniter->run()
 6 SYSTEMPATH\Commands\Server\rewrite.php(47): require_once('C:\\laragon\\www\\adonbacked\\public\\index.php')
ERROR - 2024-03-05 17:13:49 --> mysqli_sql_exception: Column 'Pref_Date' cannot be null in C:\laragon\www\adonbacked\system\Database\MySQLi\Connection.php:306
Stack trace:
#0 C:\laragon\www\adonbacked\system\Database\MySQLi\Connection.php(306): mysqli->query('INSERT INTO `ap...', 0)
#1 C:\laragon\www\adonbacked\system\Database\BaseConnection.php(693): CodeIgniter\Database\MySQLi\Connection->execute('INSERT INTO `ap...')
#2 C:\laragon\www\adonbacked\system\Database\BaseConnection.php(607): CodeIgniter\Database\BaseConnection->simpleQuery('INSERT INTO `ap...')
#3 C:\laragon\www\adonbacked\system\Database\BaseBuilder.php(2308): CodeIgniter\Database\BaseConnection->query('INSERT INTO `ap...', Array, false)
#4 C:\laragon\www\adonbacked\system\Model.php(319): CodeIgniter\Database\BaseBuilder->insert()
#5 C:\laragon\www\adonbacked\system\BaseModel.php(788): CodeIgniter\Model->doInsert(Array)
#6 C:\laragon\www\adonbacked\system\Model.php(715): CodeIgniter\BaseModel->insert(Array, true)
#7 C:\laragon\www\adonbacked\app\Controllers\PatientController.php(82): CodeIgniter\Model->insert(Array)
#8 C:\laragon\www\adonbacked\system\CodeIgniter.php(942): App\Controllers\PatientController->insertBooking()
#9 C:\laragon\www\adonbacked\system\CodeIgniter.php(502): CodeIgniter\CodeIgniter->runController(Object(App\Controllers\PatientController))
#10 C:\laragon\www\adonbacked\system\CodeIgniter.php(361): CodeIgniter\CodeIgniter->handleRequest(NULL, Object(Config\Cache), false)
#11 C:\laragon\www\adonbacked\public\index.php(87): CodeIgniter\CodeIgniter->run()
#12 C:\laragon\www\adonbacked\system\Commands\Server\rewrite.php(47): require_once('C:\\laragon\\www\\...')
#13 {main}
CRITICAL - 2024-03-05 17:13:49 --> Column 'Pref_Date' cannot be null
in SYSTEMPATH\Database\BaseConnection.php on line 647.
 1 SYSTEMPATH\Database\BaseBuilder.php(2308): CodeIgniter\Database\BaseConnection->query('INSERT INTO `appointments` (`PatientID`, `Firstname`, `Lastname`, `Email`, `Phone`, `Pref_Date`, `Pref_Doctor`, `Purpose`, `Pref_Location`, `Add_message`, `Status`) VALUES (:PatientID:, :Firstname:, :Lastname:, :Email:, :Phone:, :Pref_Date:, :Pref_Doctor:, :Purpose:, :Pref_Location:, :Add_message:, :Status:)', [...], false)
 2 SYSTEMPATH\Model.php(319): CodeIgniter\Database\BaseBuilder->insert()
 3 SYSTEMPATH\BaseModel.php(788): CodeIgniter\Model->doInsert([...])
 4 SYSTEMPATH\Model.php(715): CodeIgniter\BaseModel->insert([...], true)
 5 APPPATH\Controllers\PatientController.php(82): CodeIgniter\Model->insert([...])
 6 SYSTEMPATH\CodeIgniter.php(942): App\Controllers\PatientController->insertBooking()
 7 SYSTEMPATH\CodeIgniter.php(502): CodeIgniter\CodeIgniter->runController(Object(App\Controllers\PatientController))
 8 SYSTEMPATH\CodeIgniter.php(361): CodeIgniter\CodeIgniter->handleRequest(null, Object(Config\Cache), false)
 9 FCPATH\index.php(87): CodeIgniter\CodeIgniter->run()
10 SYSTEMPATH\Commands\Server\rewrite.php(47): require_once('C:\\laragon\\www\\adonbacked\\public\\index.php')
