CRITICAL - 2024-04-07 05:30:28 --> Undefined variable $patients
in APPPATH\Views\include\navbar_user.php on line 50.
 1 APPPATH\Views\include\navbar_user.php(50): CodeIgniter\Debug\Exceptions->errorHandler(2, 'Undefined variable $patients', 'C:\\laragon\\www\\adonbacked\\app\\Views\\include\\navbar_user.php', 50)
 2 SYSTEMPATH\View\View.php(228): include('C:\\laragon\\www\\adonbacked\\app\\Views\\include\\navbar_user.php')
 3 SYSTEMPATH\View\View.php(231): CodeIgniter\View\View->CodeIgniter\View\{closure}()
 4 SYSTEMPATH\View\View.php(469): CodeIgniter\View\View->render('include/navbar_user', null, true)
 5 APPPATH\Views\user\booking.php(41): CodeIgniter\View\View->include('include/navbar_user')
 6 SYSTEMPATH\View\View.php(228): include('C:\\laragon\\www\\adonbacked\\app\\Views\\user\\booking.php')
 7 SYSTEMPATH\View\View.php(231): CodeIgniter\View\View->CodeIgniter\View\{closure}()
 8 SYSTEMPATH\Common.php(1190): CodeIgniter\View\View->render('user/booking', [], true)
 9 APPPATH\Controllers\UserController.php(135): view('user/booking', [...])
10 SYSTEMPATH\CodeIgniter.php(942): App\Controllers\UserController->booking()
11 SYSTEMPATH\CodeIgniter.php(502): CodeIgniter\CodeIgniter->runController(Object(App\Controllers\UserController))
12 SYSTEMPATH\CodeIgniter.php(361): CodeIgniter\CodeIgniter->handleRequest(null, Object(Config\Cache), false)
13 FCPATH\index.php(87): CodeIgniter\CodeIgniter->run()
14 SYSTEMPATH\Commands\Server\rewrite.php(47): require_once('C:\\laragon\\www\\adonbacked\\public\\index.php')
CRITICAL - 2024-04-07 05:46:05 --> Undefined variable $doctor
in APPPATH\Views\user\booking.php on line 86.
 1 APPPATH\Views\user\booking.php(86): CodeIgniter\Debug\Exceptions->errorHandler(2, 'Undefined variable $doctor', 'C:\\laragon\\www\\adonbacked\\app\\Views\\user\\booking.php', 86)
 2 SYSTEMPATH\View\View.php(228): include('C:\\laragon\\www\\adonbacked\\app\\Views\\user\\booking.php')
 3 SYSTEMPATH\View\View.php(231): CodeIgniter\View\View->CodeIgniter\View\{closure}()
 4 SYSTEMPATH\Common.php(1190): CodeIgniter\View\View->render('user/booking', [...], true)
 5 APPPATH\Controllers\UserController.php(146): view('user/booking', [...], [...])
 6 SYSTEMPATH\CodeIgniter.php(942): App\Controllers\UserController->booking()
 7 SYSTEMPATH\CodeIgniter.php(502): CodeIgniter\CodeIgniter->runController(Object(App\Controllers\UserController))
 8 SYSTEMPATH\CodeIgniter.php(361): CodeIgniter\CodeIgniter->handleRequest(null, Object(Config\Cache), false)
 9 FCPATH\index.php(87): CodeIgniter\CodeIgniter->run()
10 SYSTEMPATH\Commands\Server\rewrite.php(47): require_once('C:\\laragon\\www\\adonbacked\\public\\index.php')
CRITICAL - 2024-04-07 05:51:17 --> Undefined array key "Rsole"
in APPPATH\Controllers\UserController.php on line 36.
 1 APPPATH\Controllers\UserController.php(36): CodeIgniter\Debug\Exceptions->errorHandler(2, 'Undefined array key "Rsole"', 'C:\\laragon\\www\\adonbacked\\app\\Controllers\\UserController.php', 36)
 2 SYSTEMPATH\CodeIgniter.php(942): App\Controllers\UserController->index()
 3 SYSTEMPATH\CodeIgniter.php(502): CodeIgniter\CodeIgniter->runController(Object(App\Controllers\UserController))
 4 SYSTEMPATH\CodeIgniter.php(361): CodeIgniter\CodeIgniter->handleRequest(null, Object(Config\Cache), false)
 5 FCPATH\index.php(87): CodeIgniter\CodeIgniter->run()
 6 SYSTEMPATH\Commands\Server\rewrite.php(47): require_once('C:\\laragon\\www\\adonbacked\\public\\index.php')
CRITICAL - 2024-04-07 07:44:07 --> Undefined variable $patients
in APPPATH\Views\include\navbar_user.php on line 50.
 1 APPPATH\Views\include\navbar_user.php(50): CodeIgniter\Debug\Exceptions->errorHandler(2, 'Undefined variable $patients', 'C:\\laragon\\www\\adonbacked\\app\\Views\\include\\navbar_user.php', 50)
 2 SYSTEMPATH\View\View.php(228): include('C:\\laragon\\www\\adonbacked\\app\\Views\\include\\navbar_user.php')
 3 SYSTEMPATH\View\View.php(231): CodeIgniter\View\View->CodeIgniter\View\{closure}()
 4 SYSTEMPATH\View\View.php(469): CodeIgniter\View\View->render('include/navbar_user', null, true)
 5 APPPATH\Views\user\booking.php(41): CodeIgniter\View\View->include('include/navbar_user')
 6 SYSTEMPATH\View\View.php(228): include('C:\\laragon\\www\\adonbacked\\app\\Views\\user\\booking.php')
 7 SYSTEMPATH\View\View.php(231): CodeIgniter\View\View->CodeIgniter\View\{closure}()
 8 SYSTEMPATH\Common.php(1190): CodeIgniter\View\View->render('user/booking', [], true)
 9 APPPATH\Controllers\UserController.php(137): view('user/booking', [...])
10 SYSTEMPATH\CodeIgniter.php(942): App\Controllers\UserController->booking()
11 SYSTEMPATH\CodeIgniter.php(502): CodeIgniter\CodeIgniter->runController(Object(App\Controllers\UserController))
12 SYSTEMPATH\CodeIgniter.php(361): CodeIgniter\CodeIgniter->handleRequest(null, Object(Config\Cache), false)
13 FCPATH\index.php(87): CodeIgniter\CodeIgniter->run()
14 SYSTEMPATH\Commands\Server\rewrite.php(47): require_once('C:\\laragon\\www\\adonbacked\\public\\index.php')
CRITICAL - 2024-04-07 07:56:53 --> Invalid file: "include/navbar_users.php"
in SYSTEMPATH\Exceptions\FrameworkException.php on line 39.
 1 SYSTEMPATH\View\View.php(216): CodeIgniter\Exceptions\FrameworkException::forInvalidFile('include/navbar_users.php')
 2 SYSTEMPATH\View\View.php(469): CodeIgniter\View\View->render('include/navbar_users', null, true)
 3 APPPATH\Views\user\checkout.php(41): CodeIgniter\View\View->include('include/navbar_users')
 4 SYSTEMPATH\View\View.php(228): include('C:\\laragon\\www\\adonbacked\\app\\Views\\user\\checkout.php')
 5 SYSTEMPATH\View\View.php(231): CodeIgniter\View\View->CodeIgniter\View\{closure}()
 6 SYSTEMPATH\Common.php(1190): CodeIgniter\View\View->render('user/checkout', [], true)
 7 APPPATH\Controllers\UserController.php(119): view('user/checkout', [...])
 8 SYSTEMPATH\CodeIgniter.php(942): App\Controllers\UserController->checkout()
 9 SYSTEMPATH\CodeIgniter.php(502): CodeIgniter\CodeIgniter->runController(Object(App\Controllers\UserController))
10 SYSTEMPATH\CodeIgniter.php(361): CodeIgniter\CodeIgniter->handleRequest(null, Object(Config\Cache), false)
11 FCPATH\index.php(87): CodeIgniter\CodeIgniter->run()
12 SYSTEMPATH\Commands\Server\rewrite.php(47): require_once('C:\\laragon\\www\\adonbacked\\public\\index.php')
CRITICAL - 2024-04-07 08:19:03 --> Undefined array key "Profile_url"
in APPPATH\Views\user\booking.php on line 86.
 1 APPPATH\Views\user\booking.php(86): CodeIgniter\Debug\Exceptions->errorHandler(2, 'Undefined array key "Profile_url"', 'C:\\laragon\\www\\adonbacked\\app\\Views\\user\\booking.php', 86)
 2 SYSTEMPATH\View\View.php(228): include('C:\\laragon\\www\\adonbacked\\app\\Views\\user\\booking.php')
 3 SYSTEMPATH\View\View.php(231): CodeIgniter\View\View->CodeIgniter\View\{closure}()
 4 SYSTEMPATH\Common.php(1190): CodeIgniter\View\View->render('user/booking', [], true)
 5 APPPATH\Controllers\UserController.php(191): view('user/booking', [...])
 6 SYSTEMPATH\CodeIgniter.php(942): App\Controllers\UserController->booking()
 7 SYSTEMPATH\CodeIgniter.php(502): CodeIgniter\CodeIgniter->runController(Object(App\Controllers\UserController))
 8 SYSTEMPATH\CodeIgniter.php(361): CodeIgniter\CodeIgniter->handleRequest(null, Object(Config\Cache), false)
 9 FCPATH\index.php(87): CodeIgniter\CodeIgniter->run()
10 SYSTEMPATH\Commands\Server\rewrite.php(47): require_once('C:\\laragon\\www\\adonbacked\\public\\index.php')
