CRITICAL - 2024-07-12 06:37:35 --> Invalid file: "error.php"
in SYSTEMPATH\Exceptions\FrameworkException.php on line 39.
 1 SYSTEMPATH\View\View.php(216): CodeIgniter\Exceptions\FrameworkException::forInvalidFile('error.php')
 2 SYSTEMPATH\Common.php(1190): CodeIgniter\View\View->render('error', [], true)
 3 APPPATH\Controllers\UserController.php(868): view('error', [...])
 4 SYSTEMPATH\CodeIgniter.php(942): App\Controllers\UserController->db_admin()
 5 SYSTEMPATH\CodeIgniter.php(502): CodeIgniter\CodeIgniter->runController(Object(App\Controllers\UserController))
 6 SYSTEMPATH\CodeIgniter.php(361): CodeIgniter\CodeIgniter->handleRequest(null, Object(Config\Cache), false)
 7 FCPATH\index.php(87): CodeIgniter\CodeIgniter->run()
 8 SYSTEMPATH\Commands\Server\rewrite.php(47): require_once('C:\\laragon\\www\\adonbacked\\public\\index.php')
CRITICAL - 2024-07-12 06:37:40 --> Undefined variable $token
in APPPATH\Controllers\UserController.php on line 73.
 1 APPPATH\Controllers\UserController.php(73): CodeIgniter\Debug\Exceptions->errorHandler(2, 'Undefined variable $token', 'C:\\laragon\\www\\adonbacked\\app\\Controllers\\UserController.php', 73)
 2 SYSTEMPATH\CodeIgniter.php(942): App\Controllers\UserController->index()
 3 SYSTEMPATH\CodeIgniter.php(502): CodeIgniter\CodeIgniter->runController(Object(App\Controllers\UserController))
 4 SYSTEMPATH\CodeIgniter.php(361): CodeIgniter\CodeIgniter->handleRequest(null, Object(Config\Cache), false)
 5 FCPATH\index.php(87): CodeIgniter\CodeIgniter->run()
 6 SYSTEMPATH\Commands\Server\rewrite.php(47): require_once('C:\\laragon\\www\\adonbacked\\public\\index.php')
CRITICAL - 2024-07-12 11:12:52 --> Invalid file: "error.php"
in SYSTEMPATH\Exceptions\FrameworkException.php on line 39.
 1 SYSTEMPATH\View\View.php(216): CodeIgniter\Exceptions\FrameworkException::forInvalidFile('error.php')
 2 SYSTEMPATH\Common.php(1190): CodeIgniter\View\View->render('error', [], true)
 3 APPPATH\Controllers\UserController.php(868): view('error', [...])
 4 SYSTEMPATH\CodeIgniter.php(942): App\Controllers\UserController->db_admin()
 5 SYSTEMPATH\CodeIgniter.php(502): CodeIgniter\CodeIgniter->runController(Object(App\Controllers\UserController))
 6 SYSTEMPATH\CodeIgniter.php(361): CodeIgniter\CodeIgniter->handleRequest(null, Object(Config\Cache), false)
 7 FCPATH\index.php(87): CodeIgniter\CodeIgniter->run()
 8 SYSTEMPATH\Commands\Server\rewrite.php(47): require_once('C:\\laragon\\www\\adonbacked\\public\\index.php')
CRITICAL - 2024-07-12 13:20:42 --> Invalid file: "error.php"
in SYSTEMPATH\Exceptions\FrameworkException.php on line 39.
 1 SYSTEMPATH\View\View.php(216): CodeIgniter\Exceptions\FrameworkException::forInvalidFile('error.php')
 2 SYSTEMPATH\Common.php(1190): CodeIgniter\View\View->render('error', [], true)
 3 APPPATH\Controllers\UserController.php(868): view('error', [...])
 4 SYSTEMPATH\CodeIgniter.php(942): App\Controllers\UserController->db_admin()
 5 SYSTEMPATH\CodeIgniter.php(502): CodeIgniter\CodeIgniter->runController(Object(App\Controllers\UserController))
 6 SYSTEMPATH\CodeIgniter.php(361): CodeIgniter\CodeIgniter->handleRequest(null, Object(Config\Cache), false)
 7 FCPATH\index.php(87): CodeIgniter\CodeIgniter->run()
 8 SYSTEMPATH\Commands\Server\rewrite.php(47): require_once('C:\\laragon\\www\\adonbacked\\public\\index.php')
CRITICAL - 2024-07-12 13:50:09 --> Invalid file: "admin/products.php"
in SYSTEMPATH\Exceptions\FrameworkException.php on line 39.
 1 SYSTEMPATH\View\View.php(216): CodeIgniter\Exceptions\FrameworkException::forInvalidFile('admin/products.php')
 2 SYSTEMPATH\Common.php(1190): CodeIgniter\View\View->render('admin/products', [], true)
 3 APPPATH\Controllers\AdminController.php(27): view('admin/products', [...])
 4 SYSTEMPATH\CodeIgniter.php(942): App\Controllers\AdminController->showProducts()
 5 SYSTEMPATH\CodeIgniter.php(502): CodeIgniter\CodeIgniter->runController(Object(App\Controllers\AdminController))
 6 SYSTEMPATH\CodeIgniter.php(361): CodeIgniter\CodeIgniter->handleRequest(null, Object(Config\Cache), false)
 7 FCPATH\index.php(87): CodeIgniter\CodeIgniter->run()
 8 SYSTEMPATH\Commands\Server\rewrite.php(47): require_once('C:\\laragon\\www\\adonbacked\\public\\index.php')
CRITICAL - 2024-07-12 14:02:14 --> Division by zero
in APPPATH\Views\admin\product.php on line 323.
 1 SYSTEMPATH\View\View.php(228): include()
 2 SYSTEMPATH\View\View.php(231): CodeIgniter\View\View->CodeIgniter\View\{closure}()
 3 SYSTEMPATH\Common.php(1190): CodeIgniter\View\View->render('admin/product', [], true)
 4 APPPATH\Controllers\AdminController.php(32): view('admin/product', [...])
 5 SYSTEMPATH\CodeIgniter.php(942): App\Controllers\AdminController->showProducts()
 6 SYSTEMPATH\CodeIgniter.php(502): CodeIgniter\CodeIgniter->runController(Object(App\Controllers\AdminController))
 7 SYSTEMPATH\CodeIgniter.php(361): CodeIgniter\CodeIgniter->handleRequest(null, Object(Config\Cache), false)
 8 FCPATH\index.php(87): CodeIgniter\CodeIgniter->run()
 9 SYSTEMPATH\Commands\Server\rewrite.php(47): require_once('C:\\laragon\\www\\adonbacked\\public\\index.php')
CRITICAL - 2024-07-12 14:10:52 --> Undefined variable $onprocesssCount
in APPPATH\Views\admin\product.php on line 349.
 1 APPPATH\Views\admin\product.php(349): CodeIgniter\Debug\Exceptions->errorHandler(2, 'Undefined variable $onprocesssCount', 'C:\\laragon\\www\\adonbacked\\app\\Views\\admin\\product.php', 349)
 2 SYSTEMPATH\View\View.php(228): include('C:\\laragon\\www\\adonbacked\\app\\Views\\admin\\product.php')
 3 SYSTEMPATH\View\View.php(231): CodeIgniter\View\View->CodeIgniter\View\{closure}()
 4 SYSTEMPATH\Common.php(1190): CodeIgniter\View\View->render('admin/product', [], true)
 5 APPPATH\Controllers\AdminController.php(35): view('admin/product', [...])
 6 SYSTEMPATH\CodeIgniter.php(942): App\Controllers\AdminController->showProducts()
 7 SYSTEMPATH\CodeIgniter.php(502): CodeIgniter\CodeIgniter->runController(Object(App\Controllers\AdminController))
 8 SYSTEMPATH\CodeIgniter.php(361): CodeIgniter\CodeIgniter->handleRequest(null, Object(Config\Cache), false)
 9 FCPATH\index.php(87): CodeIgniter\CodeIgniter->run()
10 SYSTEMPATH\Commands\Server\rewrite.php(47): require_once('C:\\laragon\\www\\adonbacked\\public\\index.php')
ERROR - 2024-07-12 14:12:29 --> mysqli_sql_exception: You have an error in your SQL syntax; check the manual that corresponds to your MySQL server version for the right syntax to use near '`END`) AS `pendingCount`, COUNT(`CASE WHEN Status = "On-Process" THEN 1 ELSE 0` ' at line 1 in C:\laragon\www\adonbacked\system\Database\MySQLi\Connection.php:306
Stack trace:
#0 C:\laragon\www\adonbacked\system\Database\MySQLi\Connection.php(306): mysqli->query('SELECT COUNT(`C...', 0)
#1 C:\laragon\www\adonbacked\system\Database\BaseConnection.php(693): CodeIgniter\Database\MySQLi\Connection->execute('SELECT COUNT(`C...')
#2 C:\laragon\www\adonbacked\system\Database\BaseConnection.php(607): CodeIgniter\Database\BaseConnection->simpleQuery('SELECT COUNT(`C...')
#3 C:\laragon\www\adonbacked\system\Database\BaseBuilder.php(1615): CodeIgniter\Database\BaseConnection->query('SELECT COUNT(`C...', Array, false)
#4 C:\laragon\www\adonbacked\system\Model.php(264): CodeIgniter\Database\BaseBuilder->get()
#5 C:\laragon\www\adonbacked\system\BaseModel.php(662): CodeIgniter\Model->doFirst()
#6 C:\laragon\www\adonbacked\app\Controllers\AdminController.php(29): CodeIgniter\BaseModel->first()
#7 C:\laragon\www\adonbacked\system\CodeIgniter.php(942): App\Controllers\AdminController->showProducts()
#8 C:\laragon\www\adonbacked\system\CodeIgniter.php(502): CodeIgniter\CodeIgniter->runController(Object(App\Controllers\AdminController))
#9 C:\laragon\www\adonbacked\system\CodeIgniter.php(361): CodeIgniter\CodeIgniter->handleRequest(NULL, Object(Config\Cache), false)
#10 C:\laragon\www\adonbacked\public\index.php(87): CodeIgniter\CodeIgniter->run()
#11 C:\laragon\www\adonbacked\system\Commands\Server\rewrite.php(47): require_once('C:\\laragon\\www\\...')
#12 {main}
CRITICAL - 2024-07-12 14:12:29 --> You have an error in your SQL syntax; check the manual that corresponds to your MySQL server version for the right syntax to use near '`END`) AS `pendingCount`, COUNT(`CASE WHEN Status = "On-Process" THEN 1 ELSE 0` ' at line 1
in SYSTEMPATH\Database\BaseConnection.php on line 647.
 1 SYSTEMPATH\Database\BaseBuilder.php(1615): CodeIgniter\Database\BaseConnection->query('SELECT COUNT(`CASE WHEN Status = "Pending" THEN 1 ELSE 0` `END`) AS `pendingCount`, COUNT(`CASE WHEN Status = "On-Process" THEN 1 ELSE 0` `END`) AS `onProcessCount`
FROM `purchases`
 LIMIT 1', [], false)
 2 SYSTEMPATH\Model.php(264): CodeIgniter\Database\BaseBuilder->get()
 3 SYSTEMPATH\BaseModel.php(662): CodeIgniter\Model->doFirst()
 4 APPPATH\Controllers\AdminController.php(29): CodeIgniter\BaseModel->first()
 5 SYSTEMPATH\CodeIgniter.php(942): App\Controllers\AdminController->showProducts()
 6 SYSTEMPATH\CodeIgniter.php(502): CodeIgniter\CodeIgniter->runController(Object(App\Controllers\AdminController))
 7 SYSTEMPATH\CodeIgniter.php(361): CodeIgniter\CodeIgniter->handleRequest(null, Object(Config\Cache), false)
 8 FCPATH\index.php(87): CodeIgniter\CodeIgniter->run()
 9 SYSTEMPATH\Commands\Server\rewrite.php(47): require_once('C:\\laragon\\www\\adonbacked\\public\\index.php')
CRITICAL - 2024-07-12 14:13:21 --> Undefined variable $onprocessCount
in APPPATH\Views\admin\product.php on line 349.
 1 APPPATH\Views\admin\product.php(349): CodeIgniter\Debug\Exceptions->errorHandler(2, 'Undefined variable $onprocessCount', 'C:\\laragon\\www\\adonbacked\\app\\Views\\admin\\product.php', 349)
 2 SYSTEMPATH\View\View.php(228): include('C:\\laragon\\www\\adonbacked\\app\\Views\\admin\\product.php')
 3 SYSTEMPATH\View\View.php(231): CodeIgniter\View\View->CodeIgniter\View\{closure}()
 4 SYSTEMPATH\Common.php(1190): CodeIgniter\View\View->render('admin/product', [], true)
 5 APPPATH\Controllers\AdminController.php(35): view('admin/product', [...])
 6 SYSTEMPATH\CodeIgniter.php(942): App\Controllers\AdminController->showProducts()
 7 SYSTEMPATH\CodeIgniter.php(502): CodeIgniter\CodeIgniter->runController(Object(App\Controllers\AdminController))
 8 SYSTEMPATH\CodeIgniter.php(361): CodeIgniter\CodeIgniter->handleRequest(null, Object(Config\Cache), false)
 9 FCPATH\index.php(87): CodeIgniter\CodeIgniter->run()
10 SYSTEMPATH\Commands\Server\rewrite.php(47): require_once('C:\\laragon\\www\\adonbacked\\public\\index.php')
CRITICAL - 2024-07-12 14:13:24 --> Undefined variable $onprocessCount
in APPPATH\Views\admin\product.php on line 349.
 1 APPPATH\Views\admin\product.php(349): CodeIgniter\Debug\Exceptions->errorHandler(2, 'Undefined variable $onprocessCount', 'C:\\laragon\\www\\adonbacked\\app\\Views\\admin\\product.php', 349)
 2 SYSTEMPATH\View\View.php(228): include('C:\\laragon\\www\\adonbacked\\app\\Views\\admin\\product.php')
 3 SYSTEMPATH\View\View.php(231): CodeIgniter\View\View->CodeIgniter\View\{closure}()
 4 SYSTEMPATH\Common.php(1190): CodeIgniter\View\View->render('admin/product', [], true)
 5 APPPATH\Controllers\AdminController.php(35): view('admin/product', [...])
 6 SYSTEMPATH\CodeIgniter.php(942): App\Controllers\AdminController->showProducts()
 7 SYSTEMPATH\CodeIgniter.php(502): CodeIgniter\CodeIgniter->runController(Object(App\Controllers\AdminController))
 8 SYSTEMPATH\CodeIgniter.php(361): CodeIgniter\CodeIgniter->handleRequest(null, Object(Config\Cache), false)
 9 FCPATH\index.php(87): CodeIgniter\CodeIgniter->run()
10 SYSTEMPATH\Commands\Server\rewrite.php(47): require_once('C:\\laragon\\www\\adonbacked\\public\\index.php')
CRITICAL - 2024-07-12 14:15:07 --> Undefined variable $status
in APPPATH\Views\admin\product.php on line 315.
 1 APPPATH\Views\admin\product.php(315): CodeIgniter\Debug\Exceptions->errorHandler(2, 'Undefined variable $status', 'C:\\laragon\\www\\adonbacked\\app\\Views\\admin\\product.php', 315)
 2 SYSTEMPATH\View\View.php(228): include('C:\\laragon\\www\\adonbacked\\app\\Views\\admin\\product.php')
 3 SYSTEMPATH\View\View.php(231): CodeIgniter\View\View->CodeIgniter\View\{closure}()
 4 SYSTEMPATH\Common.php(1190): CodeIgniter\View\View->render('admin/product', [], true)
 5 APPPATH\Controllers\AdminController.php(35): view('admin/product', [...])
 6 SYSTEMPATH\CodeIgniter.php(942): App\Controllers\AdminController->showProducts()
 7 SYSTEMPATH\CodeIgniter.php(502): CodeIgniter\CodeIgniter->runController(Object(App\Controllers\AdminController))
 8 SYSTEMPATH\CodeIgniter.php(361): CodeIgniter\CodeIgniter->handleRequest(null, Object(Config\Cache), false)
 9 FCPATH\index.php(87): CodeIgniter\CodeIgniter->run()
10 SYSTEMPATH\Commands\Server\rewrite.php(47): require_once('C:\\laragon\\www\\adonbacked\\public\\index.php')
CRITICAL - 2024-07-12 14:15:20 --> Undefined variable $Status
in APPPATH\Views\admin\product.php on line 315.
 1 APPPATH\Views\admin\product.php(315): CodeIgniter\Debug\Exceptions->errorHandler(2, 'Undefined variable $Status', 'C:\\laragon\\www\\adonbacked\\app\\Views\\admin\\product.php', 315)
 2 SYSTEMPATH\View\View.php(228): include('C:\\laragon\\www\\adonbacked\\app\\Views\\admin\\product.php')
 3 SYSTEMPATH\View\View.php(231): CodeIgniter\View\View->CodeIgniter\View\{closure}()
 4 SYSTEMPATH\Common.php(1190): CodeIgniter\View\View->render('admin/product', [], true)
 5 APPPATH\Controllers\AdminController.php(35): view('admin/product', [...])
 6 SYSTEMPATH\CodeIgniter.php(942): App\Controllers\AdminController->showProducts()
 7 SYSTEMPATH\CodeIgniter.php(502): CodeIgniter\CodeIgniter->runController(Object(App\Controllers\AdminController))
 8 SYSTEMPATH\CodeIgniter.php(361): CodeIgniter\CodeIgniter->handleRequest(null, Object(Config\Cache), false)
 9 FCPATH\index.php(87): CodeIgniter\CodeIgniter->run()
10 SYSTEMPATH\Commands\Server\rewrite.php(47): require_once('C:\\laragon\\www\\adonbacked\\public\\index.php')
CRITICAL - 2024-07-12 14:15:22 --> Undefined variable $Status
in APPPATH\Views\admin\product.php on line 315.
 1 APPPATH\Views\admin\product.php(315): CodeIgniter\Debug\Exceptions->errorHandler(2, 'Undefined variable $Status', 'C:\\laragon\\www\\adonbacked\\app\\Views\\admin\\product.php', 315)
 2 SYSTEMPATH\View\View.php(228): include('C:\\laragon\\www\\adonbacked\\app\\Views\\admin\\product.php')
 3 SYSTEMPATH\View\View.php(231): CodeIgniter\View\View->CodeIgniter\View\{closure}()
 4 SYSTEMPATH\Common.php(1190): CodeIgniter\View\View->render('admin/product', [], true)
 5 APPPATH\Controllers\AdminController.php(35): view('admin/product', [...])
 6 SYSTEMPATH\CodeIgniter.php(942): App\Controllers\AdminController->showProducts()
 7 SYSTEMPATH\CodeIgniter.php(502): CodeIgniter\CodeIgniter->runController(Object(App\Controllers\AdminController))
 8 SYSTEMPATH\CodeIgniter.php(361): CodeIgniter\CodeIgniter->handleRequest(null, Object(Config\Cache), false)
 9 FCPATH\index.php(87): CodeIgniter\CodeIgniter->run()
10 SYSTEMPATH\Commands\Server\rewrite.php(47): require_once('C:\\laragon\\www\\adonbacked\\public\\index.php')
CRITICAL - 2024-07-12 14:17:56 --> Undefined variable $data
in APPPATH\Views\admin\product.php on line 315.
 1 APPPATH\Views\admin\product.php(315): CodeIgniter\Debug\Exceptions->errorHandler(2, 'Undefined variable $data', 'C:\\laragon\\www\\adonbacked\\app\\Views\\admin\\product.php', 315)
 2 SYSTEMPATH\View\View.php(228): include('C:\\laragon\\www\\adonbacked\\app\\Views\\admin\\product.php')
 3 SYSTEMPATH\View\View.php(231): CodeIgniter\View\View->CodeIgniter\View\{closure}()
 4 SYSTEMPATH\Common.php(1190): CodeIgniter\View\View->render('admin/product', [], true)
 5 APPPATH\Controllers\AdminController.php(35): view('admin/product', [...])
 6 SYSTEMPATH\CodeIgniter.php(942): App\Controllers\AdminController->showProducts()
 7 SYSTEMPATH\CodeIgniter.php(502): CodeIgniter\CodeIgniter->runController(Object(App\Controllers\AdminController))
 8 SYSTEMPATH\CodeIgniter.php(361): CodeIgniter\CodeIgniter->handleRequest(null, Object(Config\Cache), false)
 9 FCPATH\index.php(87): CodeIgniter\CodeIgniter->run()
10 SYSTEMPATH\Commands\Server\rewrite.php(47): require_once('C:\\laragon\\www\\adonbacked\\public\\index.php')
CRITICAL - 2024-07-12 14:19:58 --> Call to undefined method App\Models\PurchaseModel::count
in SYSTEMPATH\Model.php on line 873.
 1 APPPATH\Controllers\AdminController.php(26): CodeIgniter\Model->__call('count', [])
 2 SYSTEMPATH\CodeIgniter.php(942): App\Controllers\AdminController->showProducts()
 3 SYSTEMPATH\CodeIgniter.php(502): CodeIgniter\CodeIgniter->runController(Object(App\Controllers\AdminController))
 4 SYSTEMPATH\CodeIgniter.php(361): CodeIgniter\CodeIgniter->handleRequest(null, Object(Config\Cache), false)
 5 FCPATH\index.php(87): CodeIgniter\CodeIgniter->run()
 6 SYSTEMPATH\Commands\Server\rewrite.php(47): require_once('C:\\laragon\\www\\adonbacked\\public\\index.php')
CRITICAL - 2024-07-12 14:23:56 --> Undefined variable $returnesCount
in APPPATH\Views\admin\product.php on line 371.
 1 APPPATH\Views\admin\product.php(371): CodeIgniter\Debug\Exceptions->errorHandler(2, 'Undefined variable $returnesCount', 'C:\\laragon\\www\\adonbacked\\app\\Views\\admin\\product.php', 371)
 2 SYSTEMPATH\View\View.php(228): include('C:\\laragon\\www\\adonbacked\\app\\Views\\admin\\product.php')
 3 SYSTEMPATH\View\View.php(231): CodeIgniter\View\View->CodeIgniter\View\{closure}()
 4 SYSTEMPATH\Common.php(1190): CodeIgniter\View\View->render('admin/product', [], true)
 5 APPPATH\Controllers\AdminController.php(43): view('admin/product', [...])
 6 SYSTEMPATH\CodeIgniter.php(942): App\Controllers\AdminController->showProducts()
 7 SYSTEMPATH\CodeIgniter.php(502): CodeIgniter\CodeIgniter->runController(Object(App\Controllers\AdminController))
 8 SYSTEMPATH\CodeIgniter.php(361): CodeIgniter\CodeIgniter->handleRequest(null, Object(Config\Cache), false)
 9 FCPATH\index.php(87): CodeIgniter\CodeIgniter->run()
10 SYSTEMPATH\Commands\Server\rewrite.php(47): require_once('C:\\laragon\\www\\adonbacked\\public\\index.php')
CRITICAL - 2024-07-12 14:31:53 --> Undefined variable $purchaseModel
in APPPATH\Views\admin\product.php on line 317.
 1 APPPATH\Views\admin\product.php(317): CodeIgniter\Debug\Exceptions->errorHandler(2, 'Undefined variable $purchaseModel', 'C:\\laragon\\www\\adonbacked\\app\\Views\\admin\\product.php', 317)
 2 SYSTEMPATH\View\View.php(228): include('C:\\laragon\\www\\adonbacked\\app\\Views\\admin\\product.php')
 3 SYSTEMPATH\View\View.php(231): CodeIgniter\View\View->CodeIgniter\View\{closure}()
 4 SYSTEMPATH\Common.php(1190): CodeIgniter\View\View->render('admin/product', [], true)
 5 APPPATH\Controllers\AdminController.php(35): view('admin/product', [...])
 6 SYSTEMPATH\CodeIgniter.php(942): App\Controllers\AdminController->showProducts()
 7 SYSTEMPATH\CodeIgniter.php(502): CodeIgniter\CodeIgniter->runController(Object(App\Controllers\AdminController))
 8 SYSTEMPATH\CodeIgniter.php(361): CodeIgniter\CodeIgniter->handleRequest(null, Object(Config\Cache), false)
 9 FCPATH\index.php(87): CodeIgniter\CodeIgniter->run()
10 SYSTEMPATH\Commands\Server\rewrite.php(47): require_once('C:\\laragon\\www\\adonbacked\\public\\index.php')
