CRITICAL - 2024-04-06 14:02:47 --> Invalid file: "include/navbarguest.php"
in SYSTEMPATH\Exceptions\FrameworkException.php on line 39.
 1 SYSTEMPATH\View\View.php(216): CodeIgniter\Exceptions\FrameworkException::forInvalidFile('include/navbarguest.php')
 2 SYSTEMPATH\View\View.php(469): CodeIgniter\View\View->render('include/navbarguest', null, true)
 3 APPPATH\Views\login.php(9): CodeIgniter\View\View->include('include/navbarguest')
 4 SYSTEMPATH\View\View.php(228): include('C:\\laragon\\www\\adonbacked\\app\\Views\\login.php')
 5 SYSTEMPATH\View\View.php(231): CodeIgniter\View\View->CodeIgniter\View\{closure}()
 6 SYSTEMPATH\Common.php(1190): CodeIgniter\View\View->render('login', [], true)
 7 APPPATH\Controllers\UserController.php(37): view('login')
 8 SYSTEMPATH\CodeIgniter.php(942): App\Controllers\UserController->login()
 9 SYSTEMPATH\CodeIgniter.php(502): CodeIgniter\CodeIgniter->runController(Object(App\Controllers\UserController))
10 SYSTEMPATH\CodeIgniter.php(361): CodeIgniter\CodeIgniter->handleRequest(null, Object(Config\Cache), false)
11 FCPATH\index.php(87): CodeIgniter\CodeIgniter->run()
12 SYSTEMPATH\Commands\Server\rewrite.php(47): require_once('C:\\laragon\\www\\adonbacked\\public\\index.php')
CRITICAL - 2024-04-06 15:47:29 --> Undefined array key "AdminID"
in APPPATH\Controllers\UserController.php on line 435.
 1 APPPATH\Controllers\UserController.php(435): CodeIgniter\Debug\Exceptions->errorHandler(2, 'Undefined array key "AdminID"', 'C:\\laragon\\www\\adonbacked\\app\\Controllers\\UserController.php', 435)
 2 SYSTEMPATH\CodeIgniter.php(942): App\Controllers\UserController->checkSessionData()
 3 SYSTEMPATH\CodeIgniter.php(502): CodeIgniter\CodeIgniter->runController(Object(App\Controllers\UserController))
 4 SYSTEMPATH\CodeIgniter.php(361): CodeIgniter\CodeIgniter->handleRequest(null, Object(Config\Cache), false)
 5 FCPATH\index.php(87): CodeIgniter\CodeIgniter->run()
 6 SYSTEMPATH\Commands\Server\rewrite.php(47): require_once('C:\\laragon\\www\\adonbacked\\public\\index.php')
CRITICAL - 2024-04-06 15:50:42 --> Undefined variable $loggedIn
in APPPATH\Views\login.php on line 10.
 1 APPPATH\Views\login.php(10): CodeIgniter\Debug\Exceptions->errorHandler(2, 'Undefined variable $loggedIn', 'C:\\laragon\\www\\adonbacked\\app\\Views\\login.php', 10)
 2 SYSTEMPATH\View\View.php(228): include('C:\\laragon\\www\\adonbacked\\app\\Views\\login.php')
 3 SYSTEMPATH\View\View.php(231): CodeIgniter\View\View->CodeIgniter\View\{closure}()
 4 SYSTEMPATH\Common.php(1190): CodeIgniter\View\View->render('login', [], true)
 5 APPPATH\Controllers\UserController.php(54): view('login')
 6 SYSTEMPATH\CodeIgniter.php(942): App\Controllers\UserController->login()
 7 SYSTEMPATH\CodeIgniter.php(502): CodeIgniter\CodeIgniter->runController(Object(App\Controllers\UserController))
 8 SYSTEMPATH\CodeIgniter.php(361): CodeIgniter\CodeIgniter->handleRequest(null, Object(Config\Cache), false)
 9 FCPATH\index.php(87): CodeIgniter\CodeIgniter->run()
10 SYSTEMPATH\Commands\Server\rewrite.php(47): require_once('C:\\laragon\\www\\adonbacked\\public\\index.php')
CRITICAL - 2024-04-06 15:52:45 --> Undefined variable $loggedIn
in APPPATH\Views\login.php on line 10.
 1 APPPATH\Views\login.php(10): CodeIgniter\Debug\Exceptions->errorHandler(2, 'Undefined variable $loggedIn', 'C:\\laragon\\www\\adonbacked\\app\\Views\\login.php', 10)
 2 SYSTEMPATH\View\View.php(228): include('C:\\laragon\\www\\adonbacked\\app\\Views\\login.php')
 3 SYSTEMPATH\View\View.php(231): CodeIgniter\View\View->CodeIgniter\View\{closure}()
 4 SYSTEMPATH\Common.php(1190): CodeIgniter\View\View->render('login', [], true)
 5 APPPATH\Controllers\UserController.php(54): view('login')
 6 SYSTEMPATH\CodeIgniter.php(942): App\Controllers\UserController->login()
 7 SYSTEMPATH\CodeIgniter.php(502): CodeIgniter\CodeIgniter->runController(Object(App\Controllers\UserController))
 8 SYSTEMPATH\CodeIgniter.php(361): CodeIgniter\CodeIgniter->handleRequest(null, Object(Config\Cache), false)
 9 FCPATH\index.php(87): CodeIgniter\CodeIgniter->run()
10 SYSTEMPATH\Commands\Server\rewrite.php(47): require_once('C:\\laragon\\www\\adonbacked\\public\\index.php')
CRITICAL - 2024-04-06 15:54:45 --> Undefined array key "role"
in APPPATH\Controllers\UserController.php on line 35.
 1 APPPATH\Controllers\UserController.php(35): CodeIgniter\Debug\Exceptions->errorHandler(2, 'Undefined array key "role"', 'C:\\laragon\\www\\adonbacked\\app\\Controllers\\UserController.php', 35)
 2 SYSTEMPATH\CodeIgniter.php(942): App\Controllers\UserController->index()
 3 SYSTEMPATH\CodeIgniter.php(502): CodeIgniter\CodeIgniter->runController(Object(App\Controllers\UserController))
 4 SYSTEMPATH\CodeIgniter.php(361): CodeIgniter\CodeIgniter->handleRequest(null, Object(Config\Cache), false)
 5 FCPATH\index.php(87): CodeIgniter\CodeIgniter->run()
 6 SYSTEMPATH\Commands\Server\rewrite.php(47): require_once('C:\\laragon\\www\\adonbacked\\public\\index.php')
CRITICAL - 2024-04-06 15:55:00 --> Undefined array key "AdminID"
in APPPATH\Controllers\UserController.php on line 452.
 1 APPPATH\Controllers\UserController.php(452): CodeIgniter\Debug\Exceptions->errorHandler(2, 'Undefined array key "AdminID"', 'C:\\laragon\\www\\adonbacked\\app\\Controllers\\UserController.php', 452)
 2 SYSTEMPATH\CodeIgniter.php(942): App\Controllers\UserController->checkSessionData()
 3 SYSTEMPATH\CodeIgniter.php(502): CodeIgniter\CodeIgniter->runController(Object(App\Controllers\UserController))
 4 SYSTEMPATH\CodeIgniter.php(361): CodeIgniter\CodeIgniter->handleRequest(null, Object(Config\Cache), false)
 5 FCPATH\index.php(87): CodeIgniter\CodeIgniter->run()
 6 SYSTEMPATH\Commands\Server\rewrite.php(47): require_once('C:\\laragon\\www\\adonbacked\\public\\index.php')
CRITICAL - 2024-04-06 15:55:05 --> Undefined array key "AdminID"
in APPPATH\Controllers\UserController.php on line 452.
 1 APPPATH\Controllers\UserController.php(452): CodeIgniter\Debug\Exceptions->errorHandler(2, 'Undefined array key "AdminID"', 'C:\\laragon\\www\\adonbacked\\app\\Controllers\\UserController.php', 452)
 2 SYSTEMPATH\CodeIgniter.php(942): App\Controllers\UserController->checkSessionData()
 3 SYSTEMPATH\CodeIgniter.php(502): CodeIgniter\CodeIgniter->runController(Object(App\Controllers\UserController))
 4 SYSTEMPATH\CodeIgniter.php(361): CodeIgniter\CodeIgniter->handleRequest(null, Object(Config\Cache), false)
 5 FCPATH\index.php(87): CodeIgniter\CodeIgniter->run()
 6 SYSTEMPATH\Commands\Server\rewrite.php(47): require_once('C:\\laragon\\www\\adonbacked\\public\\index.php')
CRITICAL - 2024-04-06 15:56:50 --> Undefined array key "role"
in APPPATH\Controllers\UserController.php on line 36.
 1 APPPATH\Controllers\UserController.php(36): CodeIgniter\Debug\Exceptions->errorHandler(2, 'Undefined array key "role"', 'C:\\laragon\\www\\adonbacked\\app\\Controllers\\UserController.php', 36)
 2 SYSTEMPATH\CodeIgniter.php(942): App\Controllers\UserController->index()
 3 SYSTEMPATH\CodeIgniter.php(502): CodeIgniter\CodeIgniter->runController(Object(App\Controllers\UserController))
 4 SYSTEMPATH\CodeIgniter.php(361): CodeIgniter\CodeIgniter->handleRequest(null, Object(Config\Cache), false)
 5 FCPATH\index.php(87): CodeIgniter\CodeIgniter->run()
 6 SYSTEMPATH\Commands\Server\rewrite.php(47): require_once('C:\\laragon\\www\\adonbacked\\public\\index.php')
CRITICAL - 2024-04-06 15:57:55 --> Undefined array key "role"
in APPPATH\Controllers\UserController.php on line 36.
 1 APPPATH\Controllers\UserController.php(36): CodeIgniter\Debug\Exceptions->errorHandler(2, 'Undefined array key "role"', 'C:\\laragon\\www\\adonbacked\\app\\Controllers\\UserController.php', 36)
 2 SYSTEMPATH\CodeIgniter.php(942): App\Controllers\UserController->index()
 3 SYSTEMPATH\CodeIgniter.php(502): CodeIgniter\CodeIgniter->runController(Object(App\Controllers\UserController))
 4 SYSTEMPATH\CodeIgniter.php(361): CodeIgniter\CodeIgniter->handleRequest(null, Object(Config\Cache), false)
 5 FCPATH\index.php(87): CodeIgniter\CodeIgniter->run()
 6 SYSTEMPATH\Commands\Server\rewrite.php(47): require_once('C:\\laragon\\www\\adonbacked\\public\\index.php')
CRITICAL - 2024-04-06 15:58:00 --> Undefined array key "AdminID"
in APPPATH\Controllers\UserController.php on line 453.
 1 APPPATH\Controllers\UserController.php(453): CodeIgniter\Debug\Exceptions->errorHandler(2, 'Undefined array key "AdminID"', 'C:\\laragon\\www\\adonbacked\\app\\Controllers\\UserController.php', 453)
 2 SYSTEMPATH\CodeIgniter.php(942): App\Controllers\UserController->checkSessionData()
 3 SYSTEMPATH\CodeIgniter.php(502): CodeIgniter\CodeIgniter->runController(Object(App\Controllers\UserController))
 4 SYSTEMPATH\CodeIgniter.php(361): CodeIgniter\CodeIgniter->handleRequest(null, Object(Config\Cache), false)
 5 FCPATH\index.php(87): CodeIgniter\CodeIgniter->run()
 6 SYSTEMPATH\Commands\Server\rewrite.php(47): require_once('C:\\laragon\\www\\adonbacked\\public\\index.php')
CRITICAL - 2024-04-06 15:58:46 --> Undefined variable $role
in APPPATH\Views\user\index.php on line 11.
 1 APPPATH\Views\user\index.php(11): CodeIgniter\Debug\Exceptions->errorHandler(2, 'Undefined variable $role', 'C:\\laragon\\www\\adonbacked\\app\\Views\\user\\index.php', 11)
 2 SYSTEMPATH\View\View.php(228): include('C:\\laragon\\www\\adonbacked\\app\\Views\\user\\index.php')
 3 SYSTEMPATH\View\View.php(231): CodeIgniter\View\View->CodeIgniter\View\{closure}()
 4 SYSTEMPATH\Common.php(1190): CodeIgniter\View\View->render('user/index', [], true)
 5 APPPATH\Controllers\UserController.php(47): view('user/index', [...])
 6 SYSTEMPATH\CodeIgniter.php(942): App\Controllers\UserController->index()
 7 SYSTEMPATH\CodeIgniter.php(502): CodeIgniter\CodeIgniter->runController(Object(App\Controllers\UserController))
 8 SYSTEMPATH\CodeIgniter.php(361): CodeIgniter\CodeIgniter->handleRequest(null, Object(Config\Cache), false)
 9 FCPATH\index.php(87): CodeIgniter\CodeIgniter->run()
10 SYSTEMPATH\Commands\Server\rewrite.php(47): require_once('C:\\laragon\\www\\adonbacked\\public\\index.php')
CRITICAL - 2024-04-06 15:59:05 --> Undefined array key "role"
in APPPATH\Controllers\UserController.php on line 36.
 1 APPPATH\Controllers\UserController.php(36): CodeIgniter\Debug\Exceptions->errorHandler(2, 'Undefined array key "role"', 'C:\\laragon\\www\\adonbacked\\app\\Controllers\\UserController.php', 36)
 2 SYSTEMPATH\CodeIgniter.php(942): App\Controllers\UserController->index()
 3 SYSTEMPATH\CodeIgniter.php(502): CodeIgniter\CodeIgniter->runController(Object(App\Controllers\UserController))
 4 SYSTEMPATH\CodeIgniter.php(361): CodeIgniter\CodeIgniter->handleRequest(null, Object(Config\Cache), false)
 5 FCPATH\index.php(87): CodeIgniter\CodeIgniter->run()
 6 SYSTEMPATH\Commands\Server\rewrite.php(47): require_once('C:\\laragon\\www\\adonbacked\\public\\index.php')
CRITICAL - 2024-04-06 15:59:13 --> Undefined variable $role
in APPPATH\Views\user\index.php on line 11.
 1 APPPATH\Views\user\index.php(11): CodeIgniter\Debug\Exceptions->errorHandler(2, 'Undefined variable $role', 'C:\\laragon\\www\\adonbacked\\app\\Views\\user\\index.php', 11)
 2 SYSTEMPATH\View\View.php(228): include('C:\\laragon\\www\\adonbacked\\app\\Views\\user\\index.php')
 3 SYSTEMPATH\View\View.php(231): CodeIgniter\View\View->CodeIgniter\View\{closure}()
 4 SYSTEMPATH\Common.php(1190): CodeIgniter\View\View->render('user/index', [], true)
 5 APPPATH\Controllers\UserController.php(47): view('user/index', [...])
 6 SYSTEMPATH\CodeIgniter.php(942): App\Controllers\UserController->index()
 7 SYSTEMPATH\CodeIgniter.php(502): CodeIgniter\CodeIgniter->runController(Object(App\Controllers\UserController))
 8 SYSTEMPATH\CodeIgniter.php(361): CodeIgniter\CodeIgniter->handleRequest(null, Object(Config\Cache), false)
 9 FCPATH\index.php(87): CodeIgniter\CodeIgniter->run()
10 SYSTEMPATH\Commands\Server\rewrite.php(47): require_once('C:\\laragon\\www\\adonbacked\\public\\index.php')
CRITICAL - 2024-04-06 16:04:59 --> Undefined array key "AdminID"
in APPPATH\Controllers\UserController.php on line 453.
 1 APPPATH\Controllers\UserController.php(453): CodeIgniter\Debug\Exceptions->errorHandler(2, 'Undefined array key "AdminID"', 'C:\\laragon\\www\\adonbacked\\app\\Controllers\\UserController.php', 453)
 2 SYSTEMPATH\CodeIgniter.php(942): App\Controllers\UserController->checkSessionData()
 3 SYSTEMPATH\CodeIgniter.php(502): CodeIgniter\CodeIgniter->runController(Object(App\Controllers\UserController))
 4 SYSTEMPATH\CodeIgniter.php(361): CodeIgniter\CodeIgniter->handleRequest(null, Object(Config\Cache), false)
 5 FCPATH\index.php(87): CodeIgniter\CodeIgniter->run()
 6 SYSTEMPATH\Commands\Server\rewrite.php(47): require_once('C:\\laragon\\www\\adonbacked\\public\\index.php')
CRITICAL - 2024-04-06 16:06:24 --> Undefined variable $loggedIn
in APPPATH\Views\doctor\doctor_dashboard.php on line 37.
 1 APPPATH\Views\doctor\doctor_dashboard.php(37): CodeIgniter\Debug\Exceptions->errorHandler(2, 'Undefined variable $loggedIn', 'C:\\laragon\\www\\adonbacked\\app\\Views\\doctor\\doctor_dashboard.php', 37)
 2 SYSTEMPATH\View\View.php(228): include('C:\\laragon\\www\\adonbacked\\app\\Views\\doctor\\doctor_dashboard.php')
 3 SYSTEMPATH\View\View.php(231): CodeIgniter\View\View->CodeIgniter\View\{closure}()
 4 SYSTEMPATH\Common.php(1190): CodeIgniter\View\View->render('doctor/doctor_dashboard', [], true)
 5 APPPATH\Controllers\UserController.php(140): view('doctor/doctor_dashboard', [...])
 6 SYSTEMPATH\CodeIgniter.php(942): App\Controllers\UserController->db_doctor()
 7 SYSTEMPATH\CodeIgniter.php(502): CodeIgniter\CodeIgniter->runController(Object(App\Controllers\UserController))
 8 SYSTEMPATH\CodeIgniter.php(361): CodeIgniter\CodeIgniter->handleRequest(null, Object(Config\Cache), false)
 9 FCPATH\index.php(87): CodeIgniter\CodeIgniter->run()
10 SYSTEMPATH\Commands\Server\rewrite.php(47): require_once('C:\\laragon\\www\\adonbacked\\public\\index.php')
CRITICAL - 2024-04-06 16:07:47 --> Undefined variable $role
in APPPATH\Views\user\index.php on line 11.
 1 APPPATH\Views\user\index.php(11): CodeIgniter\Debug\Exceptions->errorHandler(2, 'Undefined variable $role', 'C:\\laragon\\www\\adonbacked\\app\\Views\\user\\index.php', 11)
 2 SYSTEMPATH\View\View.php(228): include('C:\\laragon\\www\\adonbacked\\app\\Views\\user\\index.php')
 3 SYSTEMPATH\View\View.php(231): CodeIgniter\View\View->CodeIgniter\View\{closure}()
 4 SYSTEMPATH\Common.php(1190): CodeIgniter\View\View->render('user/index', [], true)
 5 APPPATH\Controllers\UserController.php(47): view('user/index', [...])
 6 SYSTEMPATH\CodeIgniter.php(942): App\Controllers\UserController->index()
 7 SYSTEMPATH\CodeIgniter.php(502): CodeIgniter\CodeIgniter->runController(Object(App\Controllers\UserController))
 8 SYSTEMPATH\CodeIgniter.php(361): CodeIgniter\CodeIgniter->handleRequest(null, Object(Config\Cache), false)
 9 FCPATH\index.php(87): CodeIgniter\CodeIgniter->run()
10 SYSTEMPATH\Commands\Server\rewrite.php(47): require_once('C:\\laragon\\www\\adonbacked\\public\\index.php')
CRITICAL - 2024-04-06 16:08:13 --> Invalid file: "header_user.php"
in SYSTEMPATH\Exceptions\FrameworkException.php on line 39.
 1 SYSTEMPATH\View\View.php(216): CodeIgniter\Exceptions\FrameworkException::forInvalidFile('header_user.php')
 2 SYSTEMPATH\View\View.php(469): CodeIgniter\View\View->render('header_user', null, true)
 3 APPPATH\Views\user\index.php(11): CodeIgniter\View\View->include('header_user')
 4 SYSTEMPATH\View\View.php(228): include('C:\\laragon\\www\\adonbacked\\app\\Views\\user\\index.php')
 5 SYSTEMPATH\View\View.php(231): CodeIgniter\View\View->CodeIgniter\View\{closure}()
 6 SYSTEMPATH\Common.php(1190): CodeIgniter\View\View->render('user/index', [], true)
 7 APPPATH\Controllers\UserController.php(47): view('user/index', [...])
 8 SYSTEMPATH\CodeIgniter.php(942): App\Controllers\UserController->index()
 9 SYSTEMPATH\CodeIgniter.php(502): CodeIgniter\CodeIgniter->runController(Object(App\Controllers\UserController))
10 SYSTEMPATH\CodeIgniter.php(361): CodeIgniter\CodeIgniter->handleRequest(null, Object(Config\Cache), false)
11 FCPATH\index.php(87): CodeIgniter\CodeIgniter->run()
12 SYSTEMPATH\Commands\Server\rewrite.php(47): require_once('C:\\laragon\\www\\adonbacked\\public\\index.php')
CRITICAL - 2024-04-06 16:08:27 --> Invalid file: "navbar_user.php"
in SYSTEMPATH\Exceptions\FrameworkException.php on line 39.
 1 SYSTEMPATH\View\View.php(216): CodeIgniter\Exceptions\FrameworkException::forInvalidFile('navbar_user.php')
 2 SYSTEMPATH\View\View.php(469): CodeIgniter\View\View->render('navbar_user', null, true)
 3 APPPATH\Views\user\index.php(11): CodeIgniter\View\View->include('navbar_user')
 4 SYSTEMPATH\View\View.php(228): include('C:\\laragon\\www\\adonbacked\\app\\Views\\user\\index.php')
 5 SYSTEMPATH\View\View.php(231): CodeIgniter\View\View->CodeIgniter\View\{closure}()
 6 SYSTEMPATH\Common.php(1190): CodeIgniter\View\View->render('user/index', [], true)
 7 APPPATH\Controllers\UserController.php(47): view('user/index', [...])
 8 SYSTEMPATH\CodeIgniter.php(942): App\Controllers\UserController->index()
 9 SYSTEMPATH\CodeIgniter.php(502): CodeIgniter\CodeIgniter->runController(Object(App\Controllers\UserController))
10 SYSTEMPATH\CodeIgniter.php(361): CodeIgniter\CodeIgniter->handleRequest(null, Object(Config\Cache), false)
11 FCPATH\index.php(87): CodeIgniter\CodeIgniter->run()
12 SYSTEMPATH\Commands\Server\rewrite.php(47): require_once('C:\\laragon\\www\\adonbacked\\public\\index.php')
CRITICAL - 2024-04-06 16:09:24 --> Undefined variable $loggedIn
in APPPATH\Views\doctor\doctor_dashboard.php on line 37.
 1 APPPATH\Views\doctor\doctor_dashboard.php(37): CodeIgniter\Debug\Exceptions->errorHandler(2, 'Undefined variable $loggedIn', 'C:\\laragon\\www\\adonbacked\\app\\Views\\doctor\\doctor_dashboard.php', 37)
 2 SYSTEMPATH\View\View.php(228): include('C:\\laragon\\www\\adonbacked\\app\\Views\\doctor\\doctor_dashboard.php')
 3 SYSTEMPATH\View\View.php(231): CodeIgniter\View\View->CodeIgniter\View\{closure}()
 4 SYSTEMPATH\Common.php(1190): CodeIgniter\View\View->render('doctor/doctor_dashboard', [], true)
 5 APPPATH\Controllers\UserController.php(140): view('doctor/doctor_dashboard', [...])
 6 SYSTEMPATH\CodeIgniter.php(942): App\Controllers\UserController->db_doctor()
 7 SYSTEMPATH\CodeIgniter.php(502): CodeIgniter\CodeIgniter->runController(Object(App\Controllers\UserController))
 8 SYSTEMPATH\CodeIgniter.php(361): CodeIgniter\CodeIgniter->handleRequest(null, Object(Config\Cache), false)
 9 FCPATH\index.php(87): CodeIgniter\CodeIgniter->run()
10 SYSTEMPATH\Commands\Server\rewrite.php(47): require_once('C:\\laragon\\www\\adonbacked\\public\\index.php')
CRITICAL - 2024-04-06 16:14:02 --> Invalid file: "include/navbar_users.php"
in SYSTEMPATH\Exceptions\FrameworkException.php on line 39.
 1 SYSTEMPATH\View\View.php(216): CodeIgniter\Exceptions\FrameworkException::forInvalidFile('include/navbar_users.php')
 2 SYSTEMPATH\View\View.php(469): CodeIgniter\View\View->render('include/navbar_users', null, true)
 3 APPPATH\Views\user\index.php(11): CodeIgniter\View\View->include('include/navbar_users')
 4 SYSTEMPATH\View\View.php(228): include('C:\\laragon\\www\\adonbacked\\app\\Views\\user\\index.php')
 5 SYSTEMPATH\View\View.php(231): CodeIgniter\View\View->CodeIgniter\View\{closure}()
 6 SYSTEMPATH\Common.php(1190): CodeIgniter\View\View->render('user/index', [], true)
 7 APPPATH\Controllers\UserController.php(47): view('user/index', [...])
 8 SYSTEMPATH\CodeIgniter.php(942): App\Controllers\UserController->index()
 9 SYSTEMPATH\CodeIgniter.php(502): CodeIgniter\CodeIgniter->runController(Object(App\Controllers\UserController))
10 SYSTEMPATH\CodeIgniter.php(361): CodeIgniter\CodeIgniter->handleRequest(null, Object(Config\Cache), false)
11 FCPATH\index.php(87): CodeIgniter\CodeIgniter->run()
12 SYSTEMPATH\Commands\Server\rewrite.php(47): require_once('C:\\laragon\\www\\adonbacked\\public\\index.php')
CRITICAL - 2024-04-06 16:14:14 --> Undefined array key "AdminID"
in APPPATH\Controllers\UserController.php on line 453.
 1 APPPATH\Controllers\UserController.php(453): CodeIgniter\Debug\Exceptions->errorHandler(2, 'Undefined array key "AdminID"', 'C:\\laragon\\www\\adonbacked\\app\\Controllers\\UserController.php', 453)
 2 SYSTEMPATH\CodeIgniter.php(942): App\Controllers\UserController->checkSessionData()
 3 SYSTEMPATH\CodeIgniter.php(502): CodeIgniter\CodeIgniter->runController(Object(App\Controllers\UserController))
 4 SYSTEMPATH\CodeIgniter.php(361): CodeIgniter\CodeIgniter->handleRequest(null, Object(Config\Cache), false)
 5 FCPATH\index.php(87): CodeIgniter\CodeIgniter->run()
 6 SYSTEMPATH\Commands\Server\rewrite.php(47): require_once('C:\\laragon\\www\\adonbacked\\public\\index.php')
CRITICAL - 2024-04-06 16:16:27 --> Invalid file: "include/dcotor_header.php"
in SYSTEMPATH\Exceptions\FrameworkException.php on line 39.
 1 SYSTEMPATH\View\View.php(216): CodeIgniter\Exceptions\FrameworkException::forInvalidFile('include/dcotor_header.php')
 2 SYSTEMPATH\View\View.php(469): CodeIgniter\View\View->render('include/dcotor_header', null, true)
 3 APPPATH\Views\doctor\doctor_dashboard.php(1): CodeIgniter\View\View->include('include/dcotor_header')
 4 SYSTEMPATH\View\View.php(228): include('C:\\laragon\\www\\adonbacked\\app\\Views\\doctor\\doctor_dashboard.php')
 5 SYSTEMPATH\View\View.php(231): CodeIgniter\View\View->CodeIgniter\View\{closure}()
 6 SYSTEMPATH\Common.php(1190): CodeIgniter\View\View->render('doctor/doctor_dashboard', [], true)
 7 APPPATH\Controllers\UserController.php(140): view('doctor/doctor_dashboard', [...])
 8 SYSTEMPATH\CodeIgniter.php(942): App\Controllers\UserController->db_doctor()
 9 SYSTEMPATH\CodeIgniter.php(502): CodeIgniter\CodeIgniter->runController(Object(App\Controllers\UserController))
10 SYSTEMPATH\CodeIgniter.php(361): CodeIgniter\CodeIgniter->handleRequest(null, Object(Config\Cache), false)
11 FCPATH\index.php(87): CodeIgniter\CodeIgniter->run()
12 SYSTEMPATH\Commands\Server\rewrite.php(47): require_once('C:\\laragon\\www\\adonbacked\\public\\index.php')
CRITICAL - 2024-04-06 16:24:00 --> Undefined variable $role
in APPPATH\Views\user\index.php on line 10.
 1 APPPATH\Views\user\index.php(10): CodeIgniter\Debug\Exceptions->errorHandler(2, 'Undefined variable $role', 'C:\\laragon\\www\\adonbacked\\app\\Views\\user\\index.php', 10)
 2 SYSTEMPATH\View\View.php(228): include('C:\\laragon\\www\\adonbacked\\app\\Views\\user\\index.php')
 3 SYSTEMPATH\View\View.php(231): CodeIgniter\View\View->CodeIgniter\View\{closure}()
 4 SYSTEMPATH\Common.php(1190): CodeIgniter\View\View->render('user/index', [], true)
 5 APPPATH\Controllers\UserController.php(47): view('user/index', [...])
 6 SYSTEMPATH\CodeIgniter.php(942): App\Controllers\UserController->index()
 7 SYSTEMPATH\CodeIgniter.php(502): CodeIgniter\CodeIgniter->runController(Object(App\Controllers\UserController))
 8 SYSTEMPATH\CodeIgniter.php(361): CodeIgniter\CodeIgniter->handleRequest(null, Object(Config\Cache), false)
 9 FCPATH\index.php(87): CodeIgniter\CodeIgniter->run()
10 SYSTEMPATH\Commands\Server\rewrite.php(47): require_once('C:\\laragon\\www\\adonbacked\\public\\index.php')
CRITICAL - 2024-04-06 16:24:08 --> Undefined array key "DoctorID"
in APPPATH\Controllers\UserController.php on line 452.
 1 APPPATH\Controllers\UserController.php(452): CodeIgniter\Debug\Exceptions->errorHandler(2, 'Undefined array key "DoctorID"', 'C:\\laragon\\www\\adonbacked\\app\\Controllers\\UserController.php', 452)
 2 SYSTEMPATH\CodeIgniter.php(942): App\Controllers\UserController->checkSessionData()
 3 SYSTEMPATH\CodeIgniter.php(502): CodeIgniter\CodeIgniter->runController(Object(App\Controllers\UserController))
 4 SYSTEMPATH\CodeIgniter.php(361): CodeIgniter\CodeIgniter->handleRequest(null, Object(Config\Cache), false)
 5 FCPATH\index.php(87): CodeIgniter\CodeIgniter->run()
 6 SYSTEMPATH\Commands\Server\rewrite.php(47): require_once('C:\\laragon\\www\\adonbacked\\public\\index.php')
CRITICAL - 2024-04-06 16:28:09 --> Undefined variable $role
in APPPATH\Views\user\index.php on line 10.
 1 APPPATH\Views\user\index.php(10): CodeIgniter\Debug\Exceptions->errorHandler(2, 'Undefined variable $role', 'C:\\laragon\\www\\adonbacked\\app\\Views\\user\\index.php', 10)
 2 SYSTEMPATH\View\View.php(228): include('C:\\laragon\\www\\adonbacked\\app\\Views\\user\\index.php')
 3 SYSTEMPATH\View\View.php(231): CodeIgniter\View\View->CodeIgniter\View\{closure}()
 4 SYSTEMPATH\Common.php(1190): CodeIgniter\View\View->render('user/index', [], true)
 5 APPPATH\Controllers\UserController.php(47): view('user/index', [...])
 6 SYSTEMPATH\CodeIgniter.php(942): App\Controllers\UserController->index()
 7 SYSTEMPATH\CodeIgniter.php(502): CodeIgniter\CodeIgniter->runController(Object(App\Controllers\UserController))
 8 SYSTEMPATH\CodeIgniter.php(361): CodeIgniter\CodeIgniter->handleRequest(null, Object(Config\Cache), false)
 9 FCPATH\index.php(87): CodeIgniter\CodeIgniter->run()
10 SYSTEMPATH\Commands\Server\rewrite.php(47): require_once('C:\\laragon\\www\\adonbacked\\public\\index.php')
CRITICAL - 2024-04-06 16:28:22 --> Undefined array key "AdminID"
in APPPATH\Controllers\UserController.php on line 453.
 1 APPPATH\Controllers\UserController.php(453): CodeIgniter\Debug\Exceptions->errorHandler(2, 'Undefined array key "AdminID"', 'C:\\laragon\\www\\adonbacked\\app\\Controllers\\UserController.php', 453)
 2 SYSTEMPATH\CodeIgniter.php(942): App\Controllers\UserController->checkSessionData()
 3 SYSTEMPATH\CodeIgniter.php(502): CodeIgniter\CodeIgniter->runController(Object(App\Controllers\UserController))
 4 SYSTEMPATH\CodeIgniter.php(361): CodeIgniter\CodeIgniter->handleRequest(null, Object(Config\Cache), false)
 5 FCPATH\index.php(87): CodeIgniter\CodeIgniter->run()
 6 SYSTEMPATH\Commands\Server\rewrite.php(47): require_once('C:\\laragon\\www\\adonbacked\\public\\index.php')
CRITICAL - 2024-04-06 16:28:33 --> Undefined array key "AdminID"
in APPPATH\Controllers\UserController.php on line 453.
 1 APPPATH\Controllers\UserController.php(453): CodeIgniter\Debug\Exceptions->errorHandler(2, 'Undefined array key "AdminID"', 'C:\\laragon\\www\\adonbacked\\app\\Controllers\\UserController.php', 453)
 2 SYSTEMPATH\CodeIgniter.php(942): App\Controllers\UserController->checkSessionData()
 3 SYSTEMPATH\CodeIgniter.php(502): CodeIgniter\CodeIgniter->runController(Object(App\Controllers\UserController))
 4 SYSTEMPATH\CodeIgniter.php(361): CodeIgniter\CodeIgniter->handleRequest(null, Object(Config\Cache), false)
 5 FCPATH\index.php(87): CodeIgniter\CodeIgniter->run()
 6 SYSTEMPATH\Commands\Server\rewrite.php(47): require_once('C:\\laragon\\www\\adonbacked\\public\\index.php')
CRITICAL - 2024-04-06 16:28:35 --> Undefined variable $role
in APPPATH\Views\user\index.php on line 10.
 1 APPPATH\Views\user\index.php(10): CodeIgniter\Debug\Exceptions->errorHandler(2, 'Undefined variable $role', 'C:\\laragon\\www\\adonbacked\\app\\Views\\user\\index.php', 10)
 2 SYSTEMPATH\View\View.php(228): include('C:\\laragon\\www\\adonbacked\\app\\Views\\user\\index.php')
 3 SYSTEMPATH\View\View.php(231): CodeIgniter\View\View->CodeIgniter\View\{closure}()
 4 SYSTEMPATH\Common.php(1190): CodeIgniter\View\View->render('user/index', [], true)
 5 APPPATH\Controllers\UserController.php(47): view('user/index', [...])
 6 SYSTEMPATH\CodeIgniter.php(942): App\Controllers\UserController->index()
 7 SYSTEMPATH\CodeIgniter.php(502): CodeIgniter\CodeIgniter->runController(Object(App\Controllers\UserController))
 8 SYSTEMPATH\CodeIgniter.php(361): CodeIgniter\CodeIgniter->handleRequest(null, Object(Config\Cache), false)
 9 FCPATH\index.php(87): CodeIgniter\CodeIgniter->run()
10 SYSTEMPATH\Commands\Server\rewrite.php(47): require_once('C:\\laragon\\www\\adonbacked\\public\\index.php')
CRITICAL - 2024-04-06 16:28:36 --> Undefined variable $role
in APPPATH\Views\user\index.php on line 10.
 1 APPPATH\Views\user\index.php(10): CodeIgniter\Debug\Exceptions->errorHandler(2, 'Undefined variable $role', 'C:\\laragon\\www\\adonbacked\\app\\Views\\user\\index.php', 10)
 2 SYSTEMPATH\View\View.php(228): include('C:\\laragon\\www\\adonbacked\\app\\Views\\user\\index.php')
 3 SYSTEMPATH\View\View.php(231): CodeIgniter\View\View->CodeIgniter\View\{closure}()
 4 SYSTEMPATH\Common.php(1190): CodeIgniter\View\View->render('user/index', [], true)
 5 APPPATH\Controllers\UserController.php(47): view('user/index', [...])
 6 SYSTEMPATH\CodeIgniter.php(942): App\Controllers\UserController->index()
 7 SYSTEMPATH\CodeIgniter.php(502): CodeIgniter\CodeIgniter->runController(Object(App\Controllers\UserController))
 8 SYSTEMPATH\CodeIgniter.php(361): CodeIgniter\CodeIgniter->handleRequest(null, Object(Config\Cache), false)
 9 FCPATH\index.php(87): CodeIgniter\CodeIgniter->run()
10 SYSTEMPATH\Commands\Server\rewrite.php(47): require_once('C:\\laragon\\www\\adonbacked\\public\\index.php')
CRITICAL - 2024-04-06 16:28:37 --> Undefined variable $role
in APPPATH\Views\user\index.php on line 10.
 1 APPPATH\Views\user\index.php(10): CodeIgniter\Debug\Exceptions->errorHandler(2, 'Undefined variable $role', 'C:\\laragon\\www\\adonbacked\\app\\Views\\user\\index.php', 10)
 2 SYSTEMPATH\View\View.php(228): include('C:\\laragon\\www\\adonbacked\\app\\Views\\user\\index.php')
 3 SYSTEMPATH\View\View.php(231): CodeIgniter\View\View->CodeIgniter\View\{closure}()
 4 SYSTEMPATH\Common.php(1190): CodeIgniter\View\View->render('user/index', [], true)
 5 APPPATH\Controllers\UserController.php(47): view('user/index', [...])
 6 SYSTEMPATH\CodeIgniter.php(942): App\Controllers\UserController->index()
 7 SYSTEMPATH\CodeIgniter.php(502): CodeIgniter\CodeIgniter->runController(Object(App\Controllers\UserController))
 8 SYSTEMPATH\CodeIgniter.php(361): CodeIgniter\CodeIgniter->handleRequest(null, Object(Config\Cache), false)
 9 FCPATH\index.php(87): CodeIgniter\CodeIgniter->run()
10 SYSTEMPATH\Commands\Server\rewrite.php(47): require_once('C:\\laragon\\www\\adonbacked\\public\\index.php')
CRITICAL - 2024-04-06 16:29:53 --> Undefined array key "AdminID"
in APPPATH\Controllers\UserController.php on line 453.
 1 APPPATH\Controllers\UserController.php(453): CodeIgniter\Debug\Exceptions->errorHandler(2, 'Undefined array key "AdminID"', 'C:\\laragon\\www\\adonbacked\\app\\Controllers\\UserController.php', 453)
 2 SYSTEMPATH\CodeIgniter.php(942): App\Controllers\UserController->checkSessionData()
 3 SYSTEMPATH\CodeIgniter.php(502): CodeIgniter\CodeIgniter->runController(Object(App\Controllers\UserController))
 4 SYSTEMPATH\CodeIgniter.php(361): CodeIgniter\CodeIgniter->handleRequest(null, Object(Config\Cache), false)
 5 FCPATH\index.php(87): CodeIgniter\CodeIgniter->run()
 6 SYSTEMPATH\Commands\Server\rewrite.php(47): require_once('C:\\laragon\\www\\adonbacked\\public\\index.php')
CRITICAL - 2024-04-06 16:30:55 --> Undefined array key "AdminID"
in APPPATH\Controllers\UserController.php on line 453.
 1 APPPATH\Controllers\UserController.php(453): CodeIgniter\Debug\Exceptions->errorHandler(2, 'Undefined array key "AdminID"', 'C:\\laragon\\www\\adonbacked\\app\\Controllers\\UserController.php', 453)
 2 SYSTEMPATH\CodeIgniter.php(942): App\Controllers\UserController->checkSessionData()
 3 SYSTEMPATH\CodeIgniter.php(502): CodeIgniter\CodeIgniter->runController(Object(App\Controllers\UserController))
 4 SYSTEMPATH\CodeIgniter.php(361): CodeIgniter\CodeIgniter->handleRequest(null, Object(Config\Cache), false)
 5 FCPATH\index.php(87): CodeIgniter\CodeIgniter->run()
 6 SYSTEMPATH\Commands\Server\rewrite.php(47): require_once('C:\\laragon\\www\\adonbacked\\public\\index.php')
CRITICAL - 2024-04-06 16:35:02 --> syntax error, unexpected end of file, expecting "elseif" or "else" or "endif"
in APPPATH\Views\doctor\doctor_dashboard.php on line 627.
 1 SYSTEMPATH\View\View.php(231): CodeIgniter\View\View->CodeIgniter\View\{closure}()
 2 SYSTEMPATH\Common.php(1190): CodeIgniter\View\View->render('doctor/doctor_dashboard', [], true)
 3 APPPATH\Controllers\UserController.php(140): view('doctor/doctor_dashboard', [...])
 4 SYSTEMPATH\CodeIgniter.php(942): App\Controllers\UserController->db_doctor()
 5 SYSTEMPATH\CodeIgniter.php(502): CodeIgniter\CodeIgniter->runController(Object(App\Controllers\UserController))
 6 SYSTEMPATH\CodeIgniter.php(361): CodeIgniter\CodeIgniter->handleRequest(null, Object(Config\Cache), false)
 7 FCPATH\index.php(87): CodeIgniter\CodeIgniter->run()
 8 SYSTEMPATH\Commands\Server\rewrite.php(47): require_once('C:\\laragon\\www\\adonbacked\\public\\index.php')
CRITICAL - 2024-04-06 16:41:24 --> Undefined array key "AdminID"
in APPPATH\Controllers\UserController.php on line 453.
 1 APPPATH\Controllers\UserController.php(453): CodeIgniter\Debug\Exceptions->errorHandler(2, 'Undefined array key "AdminID"', 'C:\\laragon\\www\\adonbacked\\app\\Controllers\\UserController.php', 453)
 2 SYSTEMPATH\CodeIgniter.php(942): App\Controllers\UserController->checkSessionData()
 3 SYSTEMPATH\CodeIgniter.php(502): CodeIgniter\CodeIgniter->runController(Object(App\Controllers\UserController))
 4 SYSTEMPATH\CodeIgniter.php(361): CodeIgniter\CodeIgniter->handleRequest(null, Object(Config\Cache), false)
 5 FCPATH\index.php(87): CodeIgniter\CodeIgniter->run()
 6 SYSTEMPATH\Commands\Server\rewrite.php(47): require_once('C:\\laragon\\www\\adonbacked\\public\\index.php')
CRITICAL - 2024-04-06 16:41:25 --> Undefined array key "AdminID"
in APPPATH\Controllers\UserController.php on line 453.
 1 APPPATH\Controllers\UserController.php(453): CodeIgniter\Debug\Exceptions->errorHandler(2, 'Undefined array key "AdminID"', 'C:\\laragon\\www\\adonbacked\\app\\Controllers\\UserController.php', 453)
 2 SYSTEMPATH\CodeIgniter.php(942): App\Controllers\UserController->checkSessionData()
 3 SYSTEMPATH\CodeIgniter.php(502): CodeIgniter\CodeIgniter->runController(Object(App\Controllers\UserController))
 4 SYSTEMPATH\CodeIgniter.php(361): CodeIgniter\CodeIgniter->handleRequest(null, Object(Config\Cache), false)
 5 FCPATH\index.php(87): CodeIgniter\CodeIgniter->run()
 6 SYSTEMPATH\Commands\Server\rewrite.php(47): require_once('C:\\laragon\\www\\adonbacked\\public\\index.php')
CRITICAL - 2024-04-06 16:41:41 --> Undefined array key "DoctorID"
in APPPATH\Controllers\UserController.php on line 452.
 1 APPPATH\Controllers\UserController.php(452): CodeIgniter\Debug\Exceptions->errorHandler(2, 'Undefined array key "DoctorID"', 'C:\\laragon\\www\\adonbacked\\app\\Controllers\\UserController.php', 452)
 2 SYSTEMPATH\CodeIgniter.php(942): App\Controllers\UserController->checkSessionData()
 3 SYSTEMPATH\CodeIgniter.php(502): CodeIgniter\CodeIgniter->runController(Object(App\Controllers\UserController))
 4 SYSTEMPATH\CodeIgniter.php(361): CodeIgniter\CodeIgniter->handleRequest(null, Object(Config\Cache), false)
 5 FCPATH\index.php(87): CodeIgniter\CodeIgniter->run()
 6 SYSTEMPATH\Commands\Server\rewrite.php(47): require_once('C:\\laragon\\www\\adonbacked\\public\\index.php')
CRITICAL - 2024-04-06 16:41:44 --> Undefined array key "DoctorID"
in APPPATH\Controllers\UserController.php on line 452.
 1 APPPATH\Controllers\UserController.php(452): CodeIgniter\Debug\Exceptions->errorHandler(2, 'Undefined array key "DoctorID"', 'C:\\laragon\\www\\adonbacked\\app\\Controllers\\UserController.php', 452)
 2 SYSTEMPATH\CodeIgniter.php(942): App\Controllers\UserController->checkSessionData()
 3 SYSTEMPATH\CodeIgniter.php(502): CodeIgniter\CodeIgniter->runController(Object(App\Controllers\UserController))
 4 SYSTEMPATH\CodeIgniter.php(361): CodeIgniter\CodeIgniter->handleRequest(null, Object(Config\Cache), false)
 5 FCPATH\index.php(87): CodeIgniter\CodeIgniter->run()
 6 SYSTEMPATH\Commands\Server\rewrite.php(47): require_once('C:\\laragon\\www\\adonbacked\\public\\index.php')
CRITICAL - 2024-04-06 16:45:03 --> Invalid file: "include/navbar_userq.php"
in SYSTEMPATH\Exceptions\FrameworkException.php on line 39.
 1 SYSTEMPATH\View\View.php(216): CodeIgniter\Exceptions\FrameworkException::forInvalidFile('include/navbar_userq.php')
 2 SYSTEMPATH\View\View.php(469): CodeIgniter\View\View->render('include/navbar_userq', null, true)
 3 APPPATH\Views\user\index.php(13): CodeIgniter\View\View->include('include/navbar_userq')
 4 SYSTEMPATH\View\View.php(228): include('C:\\laragon\\www\\adonbacked\\app\\Views\\user\\index.php')
 5 SYSTEMPATH\View\View.php(231): CodeIgniter\View\View->CodeIgniter\View\{closure}()
 6 SYSTEMPATH\Common.php(1190): CodeIgniter\View\View->render('user/index', [], true)
 7 APPPATH\Controllers\UserController.php(47): view('user/index', [...])
 8 SYSTEMPATH\CodeIgniter.php(942): App\Controllers\UserController->index()
 9 SYSTEMPATH\CodeIgniter.php(502): CodeIgniter\CodeIgniter->runController(Object(App\Controllers\UserController))
10 SYSTEMPATH\CodeIgniter.php(361): CodeIgniter\CodeIgniter->handleRequest(null, Object(Config\Cache), false)
11 FCPATH\index.php(87): CodeIgniter\CodeIgniter->run()
12 SYSTEMPATH\Commands\Server\rewrite.php(47): require_once('C:\\laragon\\www\\adonbacked\\public\\index.php')
CRITICAL - 2024-04-06 16:58:17 --> Undefined array key "Profile_url"
in APPPATH\Views\include\navbar_user.php on line 53.
 1 APPPATH\Views\include\navbar_user.php(53): CodeIgniter\Debug\Exceptions->errorHandler(2, 'Undefined array key "Profile_url"', 'C:\\laragon\\www\\adonbacked\\app\\Views\\include\\navbar_user.php', 53)
 2 SYSTEMPATH\View\View.php(228): include('C:\\laragon\\www\\adonbacked\\app\\Views\\include\\navbar_user.php')
 3 SYSTEMPATH\View\View.php(231): CodeIgniter\View\View->CodeIgniter\View\{closure}()
 4 SYSTEMPATH\View\View.php(469): CodeIgniter\View\View->render('include/navbar_user', null, true)
 5 APPPATH\Views\user\index.php(13): CodeIgniter\View\View->include('include/navbar_user')
 6 SYSTEMPATH\View\View.php(228): include('C:\\laragon\\www\\adonbacked\\app\\Views\\user\\index.php')
 7 SYSTEMPATH\View\View.php(231): CodeIgniter\View\View->CodeIgniter\View\{closure}()
 8 SYSTEMPATH\Common.php(1190): CodeIgniter\View\View->render('user/index', [], true)
 9 APPPATH\Controllers\UserController.php(52): view('user/index', [...])
10 SYSTEMPATH\CodeIgniter.php(942): App\Controllers\UserController->index()
11 SYSTEMPATH\CodeIgniter.php(502): CodeIgniter\CodeIgniter->runController(Object(App\Controllers\UserController))
12 SYSTEMPATH\CodeIgniter.php(361): CodeIgniter\CodeIgniter->handleRequest(null, Object(Config\Cache), false)
13 FCPATH\index.php(87): CodeIgniter\CodeIgniter->run()
14 SYSTEMPATH\Commands\Server\rewrite.php(47): require_once('C:\\laragon\\www\\adonbacked\\public\\index.php')
CRITICAL - 2024-04-06 17:09:52 --> Trying to access array offset on value of type null
in APPPATH\Controllers\UserController.php on line 359.
 1 APPPATH\Controllers\UserController.php(359): CodeIgniter\Debug\Exceptions->errorHandler(2, 'Trying to access array offset on value of type null', 'C:\\laragon\\www\\adonbacked\\app\\Controllers\\UserController.php', 359)
 2 SYSTEMPATH\CodeIgniter.php(942): App\Controllers\UserController->fn_login()
 3 SYSTEMPATH\CodeIgniter.php(502): CodeIgniter\CodeIgniter->runController(Object(App\Controllers\UserController))
 4 SYSTEMPATH\CodeIgniter.php(361): CodeIgniter\CodeIgniter->handleRequest(null, Object(Config\Cache), false)
 5 FCPATH\index.php(87): CodeIgniter\CodeIgniter->run()
 6 SYSTEMPATH\Commands\Server\rewrite.php(47): require_once('C:\\laragon\\www\\adonbacked\\public\\index.php')
CRITICAL - 2024-04-06 17:18:49 --> Undefined variable $userData
in APPPATH\Views\include\navbar_user.php on line 53.
 1 APPPATH\Views\include\navbar_user.php(53): CodeIgniter\Debug\Exceptions->errorHandler(2, 'Undefined variable $userData', 'C:\\laragon\\www\\adonbacked\\app\\Views\\include\\navbar_user.php', 53)
 2 SYSTEMPATH\View\View.php(228): include('C:\\laragon\\www\\adonbacked\\app\\Views\\include\\navbar_user.php')
 3 SYSTEMPATH\View\View.php(231): CodeIgniter\View\View->CodeIgniter\View\{closure}()
 4 SYSTEMPATH\View\View.php(469): CodeIgniter\View\View->render('include/navbar_user', null, true)
 5 APPPATH\Views\user\index.php(13): CodeIgniter\View\View->include('include/navbar_user')
 6 SYSTEMPATH\View\View.php(228): include('C:\\laragon\\www\\adonbacked\\app\\Views\\user\\index.php')
 7 SYSTEMPATH\View\View.php(231): CodeIgniter\View\View->CodeIgniter\View\{closure}()
 8 SYSTEMPATH\Common.php(1190): CodeIgniter\View\View->render('user/index', [], true)
 9 APPPATH\Controllers\UserController.php(52): view('user/index', [...])
10 SYSTEMPATH\CodeIgniter.php(942): App\Controllers\UserController->index()
11 SYSTEMPATH\CodeIgniter.php(502): CodeIgniter\CodeIgniter->runController(Object(App\Controllers\UserController))
12 SYSTEMPATH\CodeIgniter.php(361): CodeIgniter\CodeIgniter->handleRequest(null, Object(Config\Cache), false)
13 FCPATH\index.php(87): CodeIgniter\CodeIgniter->run()
14 SYSTEMPATH\Commands\Server\rewrite.php(47): require_once('C:\\laragon\\www\\adonbacked\\public\\index.php')
CRITICAL - 2024-04-06 17:22:12 --> Undefined array key "DoctorID"
in APPPATH\Controllers\UserController.php on line 469.
 1 APPPATH\Controllers\UserController.php(469): CodeIgniter\Debug\Exceptions->errorHandler(2, 'Undefined array key "DoctorID"', 'C:\\laragon\\www\\adonbacked\\app\\Controllers\\UserController.php', 469)
 2 SYSTEMPATH\CodeIgniter.php(942): App\Controllers\UserController->checkSessionData()
 3 SYSTEMPATH\CodeIgniter.php(502): CodeIgniter\CodeIgniter->runController(Object(App\Controllers\UserController))
 4 SYSTEMPATH\CodeIgniter.php(361): CodeIgniter\CodeIgniter->handleRequest(null, Object(Config\Cache), false)
 5 FCPATH\index.php(87): CodeIgniter\CodeIgniter->run()
 6 SYSTEMPATH\Commands\Server\rewrite.php(47): require_once('C:\\laragon\\www\\adonbacked\\public\\index.php')
ERROR - 2024-04-06 17:24:02 --> mysqli_sql_exception: Unknown column 'id' in 'where clause' in C:\laragon\www\adonbacked\system\Database\MySQLi\Connection.php:306
Stack trace:
#0 C:\laragon\www\adonbacked\system\Database\MySQLi\Connection.php(306): mysqli->query('SELECT *\nFROM `...', 0)
#1 C:\laragon\www\adonbacked\system\Database\BaseConnection.php(693): CodeIgniter\Database\MySQLi\Connection->execute('SELECT *\nFROM `...')
#2 C:\laragon\www\adonbacked\system\Database\BaseConnection.php(607): CodeIgniter\Database\BaseConnection->simpleQuery('SELECT *\nFROM `...')
#3 C:\laragon\www\adonbacked\system\Database\BaseBuilder.php(1615): CodeIgniter\Database\BaseConnection->query('SELECT *\nFROM `...', Array, false)
#4 C:\laragon\www\adonbacked\system\Model.php(237): CodeIgniter\Database\BaseBuilder->get()
#5 C:\laragon\www\adonbacked\system\BaseModel.php(624): CodeIgniter\Model->doFindAll(0, 0)
#6 C:\laragon\www\adonbacked\app\Controllers\UserController.php(44): CodeIgniter\BaseModel->findAll()
#7 C:\laragon\www\adonbacked\system\CodeIgniter.php(942): App\Controllers\UserController->index()
#8 C:\laragon\www\adonbacked\system\CodeIgniter.php(502): CodeIgniter\CodeIgniter->runController(Object(App\Controllers\UserController))
#9 C:\laragon\www\adonbacked\system\CodeIgniter.php(361): CodeIgniter\CodeIgniter->handleRequest(NULL, Object(Config\Cache), false)
#10 C:\laragon\www\adonbacked\public\index.php(87): CodeIgniter\CodeIgniter->run()
#11 C:\laragon\www\adonbacked\system\Commands\Server\rewrite.php(47): require_once('C:\\laragon\\www\\...')
#12 {main}
CRITICAL - 2024-04-06 17:24:02 --> Unknown column 'id' in 'where clause'
in SYSTEMPATH\Database\BaseConnection.php on line 647.
 1 SYSTEMPATH\Database\BaseBuilder.php(1615): CodeIgniter\Database\BaseConnection->query('SELECT *
FROM `patients`
WHERE `id` = :id:', [...], false)
 2 SYSTEMPATH\Model.php(237): CodeIgniter\Database\BaseBuilder->get()
 3 SYSTEMPATH\BaseModel.php(624): CodeIgniter\Model->doFindAll(0, 0)
 4 APPPATH\Controllers\UserController.php(44): CodeIgniter\BaseModel->findAll()
 5 SYSTEMPATH\CodeIgniter.php(942): App\Controllers\UserController->index()
 6 SYSTEMPATH\CodeIgniter.php(502): CodeIgniter\CodeIgniter->runController(Object(App\Controllers\UserController))
 7 SYSTEMPATH\CodeIgniter.php(361): CodeIgniter\CodeIgniter->handleRequest(null, Object(Config\Cache), false)
 8 FCPATH\index.php(87): CodeIgniter\CodeIgniter->run()
 9 SYSTEMPATH\Commands\Server\rewrite.php(47): require_once('C:\\laragon\\www\\adonbacked\\public\\index.php')
CRITICAL - 2024-04-06 17:29:48 --> Undefined variable $patients
in APPPATH\Views\include\navbar_user.php on line 50.
 1 APPPATH\Views\include\navbar_user.php(50): CodeIgniter\Debug\Exceptions->errorHandler(2, 'Undefined variable $patients', 'C:\\laragon\\www\\adonbacked\\app\\Views\\include\\navbar_user.php', 50)
 2 SYSTEMPATH\View\View.php(228): include('C:\\laragon\\www\\adonbacked\\app\\Views\\include\\navbar_user.php')
 3 SYSTEMPATH\View\View.php(231): CodeIgniter\View\View->CodeIgniter\View\{closure}()
 4 SYSTEMPATH\View\View.php(469): CodeIgniter\View\View->render('include/navbar_user', null, true)
 5 APPPATH\Views\user\booking.php(41): CodeIgniter\View\View->include('include/navbar_user')
 6 SYSTEMPATH\View\View.php(228): include('C:\\laragon\\www\\adonbacked\\app\\Views\\user\\booking.php')
 7 SYSTEMPATH\View\View.php(231): CodeIgniter\View\View->CodeIgniter\View\{closure}()
 8 SYSTEMPATH\Common.php(1190): CodeIgniter\View\View->render('user/booking', [], true)
 9 APPPATH\Controllers\UserController.php(127): view('user/booking', [...])
10 SYSTEMPATH\CodeIgniter.php(942): App\Controllers\UserController->booking()
11 SYSTEMPATH\CodeIgniter.php(502): CodeIgniter\CodeIgniter->runController(Object(App\Controllers\UserController))
12 SYSTEMPATH\CodeIgniter.php(361): CodeIgniter\CodeIgniter->handleRequest(null, Object(Config\Cache), false)
13 FCPATH\index.php(87): CodeIgniter\CodeIgniter->run()
14 SYSTEMPATH\Commands\Server\rewrite.php(47): require_once('C:\\laragon\\www\\adonbacked\\public\\index.php')
CRITICAL - 2024-04-06 17:32:00 --> Undefined variable $patients
in APPPATH\Views\include\navbar_user.php on line 50.
 1 APPPATH\Views\include\navbar_user.php(50): CodeIgniter\Debug\Exceptions->errorHandler(2, 'Undefined variable $patients', 'C:\\laragon\\www\\adonbacked\\app\\Views\\include\\navbar_user.php', 50)
 2 SYSTEMPATH\View\View.php(228): include('C:\\laragon\\www\\adonbacked\\app\\Views\\include\\navbar_user.php')
 3 SYSTEMPATH\View\View.php(231): CodeIgniter\View\View->CodeIgniter\View\{closure}()
 4 SYSTEMPATH\View\View.php(469): CodeIgniter\View\View->render('include/navbar_user', null, true)
 5 APPPATH\Views\user\booking.php(41): CodeIgniter\View\View->include('include/navbar_user')
 6 SYSTEMPATH\View\View.php(228): include('C:\\laragon\\www\\adonbacked\\app\\Views\\user\\booking.php')
 7 SYSTEMPATH\View\View.php(231): CodeIgniter\View\View->CodeIgniter\View\{closure}()
 8 SYSTEMPATH\Common.php(1190): CodeIgniter\View\View->render('user/booking', [], true)
 9 APPPATH\Controllers\UserController.php(135): view('user/booking', [...])
10 SYSTEMPATH\CodeIgniter.php(942): App\Controllers\UserController->booking()
11 SYSTEMPATH\CodeIgniter.php(502): CodeIgniter\CodeIgniter->runController(Object(App\Controllers\UserController))
12 SYSTEMPATH\CodeIgniter.php(361): CodeIgniter\CodeIgniter->handleRequest(null, Object(Config\Cache), false)
13 FCPATH\index.php(87): CodeIgniter\CodeIgniter->run()
14 SYSTEMPATH\Commands\Server\rewrite.php(47): require_once('C:\\laragon\\www\\adonbacked\\public\\index.php')
CRITICAL - 2024-04-06 17:32:02 --> Undefined variable $patients
in APPPATH\Views\include\navbar_user.php on line 50.
 1 APPPATH\Views\include\navbar_user.php(50): CodeIgniter\Debug\Exceptions->errorHandler(2, 'Undefined variable $patients', 'C:\\laragon\\www\\adonbacked\\app\\Views\\include\\navbar_user.php', 50)
 2 SYSTEMPATH\View\View.php(228): include('C:\\laragon\\www\\adonbacked\\app\\Views\\include\\navbar_user.php')
 3 SYSTEMPATH\View\View.php(231): CodeIgniter\View\View->CodeIgniter\View\{closure}()
 4 SYSTEMPATH\View\View.php(469): CodeIgniter\View\View->render('include/navbar_user', null, true)
 5 APPPATH\Views\user\booking.php(41): CodeIgniter\View\View->include('include/navbar_user')
 6 SYSTEMPATH\View\View.php(228): include('C:\\laragon\\www\\adonbacked\\app\\Views\\user\\booking.php')
 7 SYSTEMPATH\View\View.php(231): CodeIgniter\View\View->CodeIgniter\View\{closure}()
 8 SYSTEMPATH\Common.php(1190): CodeIgniter\View\View->render('user/booking', [], true)
 9 APPPATH\Controllers\UserController.php(135): view('user/booking', [...])
10 SYSTEMPATH\CodeIgniter.php(942): App\Controllers\UserController->booking()
11 SYSTEMPATH\CodeIgniter.php(502): CodeIgniter\CodeIgniter->runController(Object(App\Controllers\UserController))
12 SYSTEMPATH\CodeIgniter.php(361): CodeIgniter\CodeIgniter->handleRequest(null, Object(Config\Cache), false)
13 FCPATH\index.php(87): CodeIgniter\CodeIgniter->run()
14 SYSTEMPATH\Commands\Server\rewrite.php(47): require_once('C:\\laragon\\www\\adonbacked\\public\\index.php')
