CRITICAL - 2024-04-04 17:07:03 --> Undefined variable $cartCount
in APPPATH\Views\login.php on line 92.
 1 APPPATH\Views\login.php(92): CodeIgniter\Debug\Exceptions->errorHandler(2, 'Undefined variable $cartCount', 'C:\\laragon\\www\\adonbacked\\app\\Views\\login.php', 92)
 2 SYSTEMPATH\View\View.php(228): include('C:\\laragon\\www\\adonbacked\\app\\Views\\login.php')
 3 SYSTEMPATH\View\View.php(231): CodeIgniter\View\View->CodeIgniter\View\{closure}()
 4 SYSTEMPATH\Common.php(1190): CodeIgniter\View\View->render('login', [], true)
 5 APPPATH\Controllers\UserController.php(37): view('login')
 6 SYSTEMPATH\CodeIgniter.php(942): App\Controllers\UserController->login()
 7 SYSTEMPATH\CodeIgniter.php(502): CodeIgniter\CodeIgniter->runController(Object(App\Controllers\UserController))
 8 SYSTEMPATH\CodeIgniter.php(361): CodeIgniter\CodeIgniter->handleRequest(null, Object(Config\Cache), false)
 9 FCPATH\index.php(87): CodeIgniter\CodeIgniter->run()
10 SYSTEMPATH\Commands\Server\rewrite.php(47): require_once('C:\\laragon\\www\\adonbacked\\public\\index.php')
CRITICAL - 2024-04-04 17:07:27 --> Undefined variable $cartCount
in APPPATH\Views\login.php on line 92.
 1 APPPATH\Views\login.php(92): CodeIgniter\Debug\Exceptions->errorHandler(2, 'Undefined variable $cartCount', 'C:\\laragon\\www\\adonbacked\\app\\Views\\login.php', 92)
 2 SYSTEMPATH\View\View.php(228): include('C:\\laragon\\www\\adonbacked\\app\\Views\\login.php')
 3 SYSTEMPATH\View\View.php(231): CodeIgniter\View\View->CodeIgniter\View\{closure}()
 4 SYSTEMPATH\Common.php(1190): CodeIgniter\View\View->render('login', [], true)
 5 APPPATH\Controllers\UserController.php(37): view('login')
 6 SYSTEMPATH\CodeIgniter.php(942): App\Controllers\UserController->login()
 7 SYSTEMPATH\CodeIgniter.php(502): CodeIgniter\CodeIgniter->runController(Object(App\Controllers\UserController))
 8 SYSTEMPATH\CodeIgniter.php(361): CodeIgniter\CodeIgniter->handleRequest(null, Object(Config\Cache), false)
 9 FCPATH\index.php(87): CodeIgniter\CodeIgniter->run()
10 SYSTEMPATH\Commands\Server\rewrite.php(47): require_once('C:\\laragon\\www\\adonbacked\\public\\index.php')
CRITICAL - 2024-04-04 17:08:48 --> Undefined variable $cartCount
in APPPATH\Views\login.php on line 92.
 1 APPPATH\Views\login.php(92): CodeIgniter\Debug\Exceptions->errorHandler(2, 'Undefined variable $cartCount', 'C:\\laragon\\www\\adonbacked\\app\\Views\\login.php', 92)
 2 SYSTEMPATH\View\View.php(228): include('C:\\laragon\\www\\adonbacked\\app\\Views\\login.php')
 3 SYSTEMPATH\View\View.php(231): CodeIgniter\View\View->CodeIgniter\View\{closure}()
 4 SYSTEMPATH\Common.php(1190): CodeIgniter\View\View->render('login', [], true)
 5 APPPATH\Controllers\UserController.php(37): view('login')
 6 SYSTEMPATH\CodeIgniter.php(942): App\Controllers\UserController->login()
 7 SYSTEMPATH\CodeIgniter.php(502): CodeIgniter\CodeIgniter->runController(Object(App\Controllers\UserController))
 8 SYSTEMPATH\CodeIgniter.php(361): CodeIgniter\CodeIgniter->handleRequest(null, Object(Config\Cache), false)
 9 FCPATH\index.php(87): CodeIgniter\CodeIgniter->run()
10 SYSTEMPATH\Commands\Server\rewrite.php(47): require_once('C:\\laragon\\www\\adonbacked\\public\\index.php')
