CRITICAL - 2024-03-16 18:22:42 --> Undefined variable $userID
in APPPATH\Views\user\show_product.php on line 196.
 1 APPPATH\Views\user\show_product.php(196): CodeIgniter\Debug\Exceptions->errorHandler(2, 'Undefined variable $userID', 'C:\\laragon\\www\\adonbacked\\app\\Views\\user\\show_product.php', 196)
 2 SYSTEMPATH\View\View.php(228): include('C:\\laragon\\www\\adonbacked\\app\\Views\\user\\show_product.php')
 3 SYSTEMPATH\View\View.php(231): CodeIgniter\View\View->CodeIgniter\View\{closure}()
 4 SYSTEMPATH\Common.php(1190): CodeIgniter\View\View->render('user/show_product', [], true)
 5 APPPATH\Controllers\UserController.php(467): view('user/show_product', [...])
 6 SYSTEMPATH\CodeIgniter.php(942): App\Controllers\UserController->showProdDetails('1')
 7 SYSTEMPATH\CodeIgniter.php(502): CodeIgniter\CodeIgniter->runController(Object(App\Controllers\UserController))
 8 SYSTEMPATH\CodeIgniter.php(361): CodeIgniter\CodeIgniter->handleRequest(null, Object(Config\Cache), false)
 9 FCPATH\index.php(87): CodeIgniter\CodeIgniter->run()
10 SYSTEMPATH\Commands\Server\rewrite.php(47): require_once('C:\\laragon\\www\\adonbacked\\public\\index.php')
CRITICAL - 2024-03-16 18:28:22 --> Undefined variable $userID
in APPPATH\Views\user\show_product.php on line 196.
 1 APPPATH\Views\user\show_product.php(196): CodeIgniter\Debug\Exceptions->errorHandler(2, 'Undefined variable $userID', 'C:\\laragon\\www\\adonbacked\\app\\Views\\user\\show_product.php', 196)
 2 SYSTEMPATH\View\View.php(228): include('C:\\laragon\\www\\adonbacked\\app\\Views\\user\\show_product.php')
 3 SYSTEMPATH\View\View.php(231): CodeIgniter\View\View->CodeIgniter\View\{closure}()
 4 SYSTEMPATH\Common.php(1190): CodeIgniter\View\View->render('user/show_product', [], true)
 5 APPPATH\Controllers\UserController.php(467): view('user/show_product', [...])
 6 SYSTEMPATH\CodeIgniter.php(942): App\Controllers\UserController->showProdDetails('1')
 7 SYSTEMPATH\CodeIgniter.php(502): CodeIgniter\CodeIgniter->runController(Object(App\Controllers\UserController))
 8 SYSTEMPATH\CodeIgniter.php(361): CodeIgniter\CodeIgniter->handleRequest(null, Object(Config\Cache), false)
 9 FCPATH\index.php(87): CodeIgniter\CodeIgniter->run()
10 SYSTEMPATH\Commands\Server\rewrite.php(47): require_once('C:\\laragon\\www\\adonbacked\\public\\index.php')
CRITICAL - 2024-03-16 18:28:53 --> Undefined variable $lenses
in APPPATH\Views\user\show_product.php on line 202.
 1 APPPATH\Views\user\show_product.php(202): CodeIgniter\Debug\Exceptions->errorHandler(2, 'Undefined variable $lenses', 'C:\\laragon\\www\\adonbacked\\app\\Views\\user\\show_product.php', 202)
 2 SYSTEMPATH\View\View.php(228): include('C:\\laragon\\www\\adonbacked\\app\\Views\\user\\show_product.php')
 3 SYSTEMPATH\View\View.php(231): CodeIgniter\View\View->CodeIgniter\View\{closure}()
 4 SYSTEMPATH\Common.php(1190): CodeIgniter\View\View->render('user/show_product', [], true)
 5 APPPATH\Controllers\UserController.php(467): view('user/show_product', [...])
 6 SYSTEMPATH\CodeIgniter.php(942): App\Controllers\UserController->showProdDetails('1')
 7 SYSTEMPATH\CodeIgniter.php(502): CodeIgniter\CodeIgniter->runController(Object(App\Controllers\UserController))
 8 SYSTEMPATH\CodeIgniter.php(361): CodeIgniter\CodeIgniter->handleRequest(null, Object(Config\Cache), false)
 9 FCPATH\index.php(87): CodeIgniter\CodeIgniter->run()
10 SYSTEMPATH\Commands\Server\rewrite.php(47): require_once('C:\\laragon\\www\\adonbacked\\public\\index.php')
CRITICAL - 2024-03-16 18:30:24 --> Invalid file: "error.php"
in SYSTEMPATH\Exceptions\FrameworkException.php on line 39.
 1 SYSTEMPATH\View\View.php(216): CodeIgniter\Exceptions\FrameworkException::forInvalidFile('error.php')
 2 SYSTEMPATH\Common.php(1190): CodeIgniter\View\View->render('error', [], true)
 3 APPPATH\Controllers\UserController.php(509): view('error', [...])
 4 SYSTEMPATH\CodeIgniter.php(942): App\Controllers\UserController->addToCart()
 5 SYSTEMPATH\CodeIgniter.php(502): CodeIgniter\CodeIgniter->runController(Object(App\Controllers\UserController))
 6 SYSTEMPATH\CodeIgniter.php(361): CodeIgniter\CodeIgniter->handleRequest(null, Object(Config\Cache), false)
 7 FCPATH\index.php(87): CodeIgniter\CodeIgniter->run()
 8 SYSTEMPATH\Commands\Server\rewrite.php(47): require_once('C:\\laragon\\www\\adonbacked\\public\\index.php')
CRITICAL - 2024-03-16 18:31:36 --> Invalid file: "error.php"
in SYSTEMPATH\Exceptions\FrameworkException.php on line 39.
 1 SYSTEMPATH\View\View.php(216): CodeIgniter\Exceptions\FrameworkException::forInvalidFile('error.php')
 2 SYSTEMPATH\Common.php(1190): CodeIgniter\View\View->render('error', [], true)
 3 APPPATH\Controllers\UserController.php(509): view('error', [...])
 4 SYSTEMPATH\CodeIgniter.php(942): App\Controllers\UserController->addToCart()
 5 SYSTEMPATH\CodeIgniter.php(502): CodeIgniter\CodeIgniter->runController(Object(App\Controllers\UserController))
 6 SYSTEMPATH\CodeIgniter.php(361): CodeIgniter\CodeIgniter->handleRequest(null, Object(Config\Cache), false)
 7 FCPATH\index.php(87): CodeIgniter\CodeIgniter->run()
 8 SYSTEMPATH\Commands\Server\rewrite.php(47): require_once('C:\\laragon\\www\\adonbacked\\public\\index.php')
CRITICAL - 2024-03-16 18:32:48 --> Invalid file: "error.php"
in SYSTEMPATH\Exceptions\FrameworkException.php on line 39.
 1 SYSTEMPATH\View\View.php(216): CodeIgniter\Exceptions\FrameworkException::forInvalidFile('error.php')
 2 SYSTEMPATH\Common.php(1190): CodeIgniter\View\View->render('error', [], true)
 3 APPPATH\Controllers\UserController.php(509): view('error', [...])
 4 SYSTEMPATH\CodeIgniter.php(942): App\Controllers\UserController->addToCart()
 5 SYSTEMPATH\CodeIgniter.php(502): CodeIgniter\CodeIgniter->runController(Object(App\Controllers\UserController))
 6 SYSTEMPATH\CodeIgniter.php(361): CodeIgniter\CodeIgniter->handleRequest(null, Object(Config\Cache), false)
 7 FCPATH\index.php(87): CodeIgniter\CodeIgniter->run()
 8 SYSTEMPATH\Commands\Server\rewrite.php(47): require_once('C:\\laragon\\www\\adonbacked\\public\\index.php')
CRITICAL - 2024-03-16 18:35:45 --> Invalid file: "error.php"
in SYSTEMPATH\Exceptions\FrameworkException.php on line 39.
 1 SYSTEMPATH\View\View.php(216): CodeIgniter\Exceptions\FrameworkException::forInvalidFile('error.php')
 2 SYSTEMPATH\Common.php(1190): CodeIgniter\View\View->render('error', [], true)
 3 APPPATH\Controllers\UserController.php(509): view('error', [...])
 4 SYSTEMPATH\CodeIgniter.php(942): App\Controllers\UserController->addToCart()
 5 SYSTEMPATH\CodeIgniter.php(502): CodeIgniter\CodeIgniter->runController(Object(App\Controllers\UserController))
 6 SYSTEMPATH\CodeIgniter.php(361): CodeIgniter\CodeIgniter->handleRequest(null, Object(Config\Cache), false)
 7 FCPATH\index.php(87): CodeIgniter\CodeIgniter->run()
 8 SYSTEMPATH\Commands\Server\rewrite.php(47): require_once('C:\\laragon\\www\\adonbacked\\public\\index.php')
CRITICAL - 2024-03-16 18:38:00 --> Invalid file: "error.php"
in SYSTEMPATH\Exceptions\FrameworkException.php on line 39.
 1 SYSTEMPATH\View\View.php(216): CodeIgniter\Exceptions\FrameworkException::forInvalidFile('error.php')
 2 SYSTEMPATH\Common.php(1190): CodeIgniter\View\View->render('error', [], true)
 3 APPPATH\Controllers\UserController.php(514): view('error', [...])
 4 SYSTEMPATH\CodeIgniter.php(942): App\Controllers\UserController->addToCart()
 5 SYSTEMPATH\CodeIgniter.php(502): CodeIgniter\CodeIgniter->runController(Object(App\Controllers\UserController))
 6 SYSTEMPATH\CodeIgniter.php(361): CodeIgniter\CodeIgniter->handleRequest(null, Object(Config\Cache), false)
 7 FCPATH\index.php(87): CodeIgniter\CodeIgniter->run()
 8 SYSTEMPATH\Commands\Server\rewrite.php(47): require_once('C:\\laragon\\www\\adonbacked\\public\\index.php')
CRITICAL - 2024-03-16 18:38:42 --> Invalid file: "error.php"
in SYSTEMPATH\Exceptions\FrameworkException.php on line 39.
 1 SYSTEMPATH\View\View.php(216): CodeIgniter\Exceptions\FrameworkException::forInvalidFile('error.php')
 2 SYSTEMPATH\Common.php(1190): CodeIgniter\View\View->render('error', [], true)
 3 APPPATH\Controllers\UserController.php(514): view('error', [...])
 4 SYSTEMPATH\CodeIgniter.php(942): App\Controllers\UserController->addToCart()
 5 SYSTEMPATH\CodeIgniter.php(502): CodeIgniter\CodeIgniter->runController(Object(App\Controllers\UserController))
 6 SYSTEMPATH\CodeIgniter.php(361): CodeIgniter\CodeIgniter->handleRequest(null, Object(Config\Cache), false)
 7 FCPATH\index.php(87): CodeIgniter\CodeIgniter->run()
 8 SYSTEMPATH\Commands\Server\rewrite.php(47): require_once('C:\\laragon\\www\\adonbacked\\public\\index.php')
CRITICAL - 2024-03-16 18:38:48 --> Invalid file: "error.php"
in SYSTEMPATH\Exceptions\FrameworkException.php on line 39.
 1 SYSTEMPATH\View\View.php(216): CodeIgniter\Exceptions\FrameworkException::forInvalidFile('error.php')
 2 SYSTEMPATH\Common.php(1190): CodeIgniter\View\View->render('error', [], true)
 3 APPPATH\Controllers\UserController.php(514): view('error', [...])
 4 SYSTEMPATH\CodeIgniter.php(942): App\Controllers\UserController->addToCart()
 5 SYSTEMPATH\CodeIgniter.php(502): CodeIgniter\CodeIgniter->runController(Object(App\Controllers\UserController))
 6 SYSTEMPATH\CodeIgniter.php(361): CodeIgniter\CodeIgniter->handleRequest(null, Object(Config\Cache), false)
 7 FCPATH\index.php(87): CodeIgniter\CodeIgniter->run()
 8 SYSTEMPATH\Commands\Server\rewrite.php(47): require_once('C:\\laragon\\www\\adonbacked\\public\\index.php')
CRITICAL - 2024-03-16 18:41:00 --> syntax error, unexpected token "}", expecting ";"
in APPPATH\Controllers\UserController.php on line 507.
 1 SYSTEMPATH\Autoloader\Autoloader.php(291): CodeIgniter\Autoloader\Autoloader->includeFile('C:\\laragon\\www\\adonbacked\\app\\Controllers\\UserController.php')
 2 SYSTEMPATH\Autoloader\Autoloader.php(269): CodeIgniter\Autoloader\Autoloader->loadInNamespace('App\\Controllers\\UserController')
 3 [internal function]: CodeIgniter\Autoloader\Autoloader->loadClass('App\\Controllers\\UserController')
 4 SYSTEMPATH\CodeIgniter.php(900): class_exists('\\App\\Controllers\\UserController', true)
 5 SYSTEMPATH\CodeIgniter.php(489): CodeIgniter\CodeIgniter->startController()
 6 SYSTEMPATH\CodeIgniter.php(361): CodeIgniter\CodeIgniter->handleRequest(null, Object(Config\Cache), false)
 7 FCPATH\index.php(87): CodeIgniter\CodeIgniter->run()
 8 SYSTEMPATH\Commands\Server\rewrite.php(47): require_once('C:\\laragon\\www\\adonbacked\\public\\index.php')
CRITICAL - 2024-03-16 18:41:14 --> Invalid file: "error.php"
in SYSTEMPATH\Exceptions\FrameworkException.php on line 39.
 1 SYSTEMPATH\View\View.php(216): CodeIgniter\Exceptions\FrameworkException::forInvalidFile('error.php')
 2 SYSTEMPATH\Common.php(1190): CodeIgniter\View\View->render('error', [], true)
 3 APPPATH\Controllers\UserController.php(514): view('error', [...])
 4 SYSTEMPATH\CodeIgniter.php(942): App\Controllers\UserController->addToCart()
 5 SYSTEMPATH\CodeIgniter.php(502): CodeIgniter\CodeIgniter->runController(Object(App\Controllers\UserController))
 6 SYSTEMPATH\CodeIgniter.php(361): CodeIgniter\CodeIgniter->handleRequest(null, Object(Config\Cache), false)
 7 FCPATH\index.php(87): CodeIgniter\CodeIgniter->run()
 8 SYSTEMPATH\Commands\Server\rewrite.php(47): require_once('C:\\laragon\\www\\adonbacked\\public\\index.php')
