CRITICAL - 2024-03-03 09:28:09 --> Invalid file: "error.php"
in SYSTEMPATH\Exceptions\FrameworkException.php on line 39.
 1 SYSTEMPATH\View\View.php(216): CodeIgniter\Exceptions\FrameworkException::forInvalidFile('error.php')
 2 SYSTEMPATH\Common.php(1190): CodeIgniter\View\View->render('error', [], true)
 3 APPPATH\Controllers\DoctorController.php(113): view('error', [...])
 4 SYSTEMPATH\CodeIgniter.php(942): App\Controllers\DoctorController->schedule_timings()
 5 SYSTEMPATH\CodeIgniter.php(502): CodeIgniter\CodeIgniter->runController(Object(App\Controllers\DoctorController))
 6 SYSTEMPATH\CodeIgniter.php(361): CodeIgniter\CodeIgniter->handleRequest(null, Object(Config\Cache), false)
 7 FCPATH\index.php(87): CodeIgniter\CodeIgniter->run()
 8 SYSTEMPATH\Commands\Server\rewrite.php(47): require_once('C:\\laragon\\www\\adonbacked\\public\\index.php')
CRITICAL - 2024-03-03 09:28:11 --> Invalid file: "error.php"
in SYSTEMPATH\Exceptions\FrameworkException.php on line 39.
 1 SYSTEMPATH\View\View.php(216): CodeIgniter\Exceptions\FrameworkException::forInvalidFile('error.php')
 2 SYSTEMPATH\Common.php(1190): CodeIgniter\View\View->render('error', [], true)
 3 APPPATH\Controllers\UserController.php(97): view('error', [...])
 4 SYSTEMPATH\CodeIgniter.php(942): App\Controllers\UserController->db_doctor()
 5 SYSTEMPATH\CodeIgniter.php(502): CodeIgniter\CodeIgniter->runController(Object(App\Controllers\UserController))
 6 SYSTEMPATH\CodeIgniter.php(361): CodeIgniter\CodeIgniter->handleRequest(null, Object(Config\Cache), false)
 7 FCPATH\index.php(87): CodeIgniter\CodeIgniter->run()
 8 SYSTEMPATH\Commands\Server\rewrite.php(47): require_once('C:\\laragon\\www\\adonbacked\\public\\index.php')
ERROR - 2024-03-03 09:28:49 --> mysqli_sql_exception: Column 'day' cannot be null in C:\laragon\www\adonbacked\system\Database\MySQLi\Connection.php:306
Stack trace:
#0 C:\laragon\www\adonbacked\system\Database\MySQLi\Connection.php(306): mysqli->query('INSERT INTO `sc...', 0)
#1 C:\laragon\www\adonbacked\system\Database\BaseConnection.php(693): CodeIgniter\Database\MySQLi\Connection->execute('INSERT INTO `sc...')
#2 C:\laragon\www\adonbacked\system\Database\BaseConnection.php(607): CodeIgniter\Database\BaseConnection->simpleQuery('INSERT INTO `sc...')
#3 C:\laragon\www\adonbacked\system\Database\BaseBuilder.php(2308): CodeIgniter\Database\BaseConnection->query('INSERT INTO `sc...', Array, false)
#4 C:\laragon\www\adonbacked\system\Model.php(319): CodeIgniter\Database\BaseBuilder->insert()
#5 C:\laragon\www\adonbacked\system\BaseModel.php(788): CodeIgniter\Model->doInsert(Array)
#6 C:\laragon\www\adonbacked\system\Model.php(715): CodeIgniter\BaseModel->insert(Array, true)
#7 C:\laragon\www\adonbacked\app\Controllers\DoctorController.php(49): CodeIgniter\Model->insert(Array)
#8 C:\laragon\www\adonbacked\system\CodeIgniter.php(942): App\Controllers\DoctorController->insertSchedule()
#9 C:\laragon\www\adonbacked\system\CodeIgniter.php(502): CodeIgniter\CodeIgniter->runController(Object(App\Controllers\DoctorController))
#10 C:\laragon\www\adonbacked\system\CodeIgniter.php(361): CodeIgniter\CodeIgniter->handleRequest(NULL, Object(Config\Cache), false)
#11 C:\laragon\www\adonbacked\public\index.php(87): CodeIgniter\CodeIgniter->run()
#12 C:\laragon\www\adonbacked\system\Commands\Server\rewrite.php(47): require_once('C:\\laragon\\www\\...')
#13 {main}
CRITICAL - 2024-03-03 09:28:49 --> Column 'day' cannot be null
in SYSTEMPATH\Database\BaseConnection.php on line 647.
 1 SYSTEMPATH\Database\BaseBuilder.php(2308): CodeIgniter\Database\BaseConnection->query('INSERT INTO `schedule_timings` (`doctor_id`, `day`, `slot_duration`, `start_time`, `end_time`) VALUES (:doctor_id:, :day:, :slot_duration:, :start_time:, :end_time:)', [...], false)
 2 SYSTEMPATH\Model.php(319): CodeIgniter\Database\BaseBuilder->insert()
 3 SYSTEMPATH\BaseModel.php(788): CodeIgniter\Model->doInsert([...])
 4 SYSTEMPATH\Model.php(715): CodeIgniter\BaseModel->insert([...], true)
 5 APPPATH\Controllers\DoctorController.php(49): CodeIgniter\Model->insert([...])
 6 SYSTEMPATH\CodeIgniter.php(942): App\Controllers\DoctorController->insertSchedule()
 7 SYSTEMPATH\CodeIgniter.php(502): CodeIgniter\CodeIgniter->runController(Object(App\Controllers\DoctorController))
 8 SYSTEMPATH\CodeIgniter.php(361): CodeIgniter\CodeIgniter->handleRequest(null, Object(Config\Cache), false)
 9 FCPATH\index.php(87): CodeIgniter\CodeIgniter->run()
10 SYSTEMPATH\Commands\Server\rewrite.php(47): require_once('C:\\laragon\\www\\adonbacked\\public\\index.php')
CRITICAL - 2024-03-03 12:37:07 --> Undefined variable $doctor
in APPPATH\Views\user\checkout.php on line 294.
 1 APPPATH\Views\user\checkout.php(294): CodeIgniter\Debug\Exceptions->errorHandler(2, 'Undefined variable $doctor', 'C:\\laragon\\www\\adonbacked\\app\\Views\\user\\checkout.php', 294)
 2 SYSTEMPATH\View\View.php(228): include('C:\\laragon\\www\\adonbacked\\app\\Views\\user\\checkout.php')
 3 SYSTEMPATH\View\View.php(231): CodeIgniter\View\View->CodeIgniter\View\{closure}()
 4 SYSTEMPATH\Common.php(1190): CodeIgniter\View\View->render('user/checkout', [], true)
 5 APPPATH\Controllers\UserController.php(38): view('user/checkout')
 6 SYSTEMPATH\CodeIgniter.php(942): App\Controllers\UserController->checkout()
 7 SYSTEMPATH\CodeIgniter.php(502): CodeIgniter\CodeIgniter->runController(Object(App\Controllers\UserController))
 8 SYSTEMPATH\CodeIgniter.php(361): CodeIgniter\CodeIgniter->handleRequest(null, Object(Config\Cache), false)
 9 FCPATH\index.php(87): CodeIgniter\CodeIgniter->run()
10 SYSTEMPATH\Commands\Server\rewrite.php(47): require_once('C:\\laragon\\www\\adonbacked\\public\\index.php')
CRITICAL - 2024-03-03 12:54:18 --> Undefined variable $formattedDate
in APPPATH\Views\user\booking.php on line 272.
 1 APPPATH\Views\user\booking.php(272): CodeIgniter\Debug\Exceptions->errorHandler(2, 'Undefined variable $formattedDate', 'C:\\laragon\\www\\adonbacked\\app\\Views\\user\\booking.php', 272)
 2 SYSTEMPATH\View\View.php(228): include('C:\\laragon\\www\\adonbacked\\app\\Views\\user\\booking.php')
 3 SYSTEMPATH\View\View.php(231): CodeIgniter\View\View->CodeIgniter\View\{closure}()
 4 SYSTEMPATH\Common.php(1190): CodeIgniter\View\View->render('user/booking', [], true)
 5 APPPATH\Controllers\UserController.php(65): view('user/booking', [...])
 6 SYSTEMPATH\CodeIgniter.php(942): App\Controllers\UserController->booking()
 7 SYSTEMPATH\CodeIgniter.php(502): CodeIgniter\CodeIgniter->runController(Object(App\Controllers\UserController))
 8 SYSTEMPATH\CodeIgniter.php(361): CodeIgniter\CodeIgniter->handleRequest(null, Object(Config\Cache), false)
 9 FCPATH\index.php(87): CodeIgniter\CodeIgniter->run()
10 SYSTEMPATH\Commands\Server\rewrite.php(47): require_once('C:\\laragon\\www\\adonbacked\\public\\index.php')
CRITICAL - 2024-03-03 13:09:04 --> Undefined variable $currentDate
in APPPATH\Views\user\booking.php on line 267.
 1 APPPATH\Views\user\booking.php(267): CodeIgniter\Debug\Exceptions->errorHandler(2, 'Undefined variable $currentDate', 'C:\\laragon\\www\\adonbacked\\app\\Views\\user\\booking.php', 267)
 2 SYSTEMPATH\View\View.php(228): include('C:\\laragon\\www\\adonbacked\\app\\Views\\user\\booking.php')
 3 SYSTEMPATH\View\View.php(231): CodeIgniter\View\View->CodeIgniter\View\{closure}()
 4 SYSTEMPATH\Common.php(1190): CodeIgniter\View\View->render('user/booking', [], true)
 5 APPPATH\Controllers\UserController.php(65): view('user/booking', [...])
 6 SYSTEMPATH\CodeIgniter.php(942): App\Controllers\UserController->booking()
 7 SYSTEMPATH\CodeIgniter.php(502): CodeIgniter\CodeIgniter->runController(Object(App\Controllers\UserController))
 8 SYSTEMPATH\CodeIgniter.php(361): CodeIgniter\CodeIgniter->handleRequest(null, Object(Config\Cache), false)
 9 FCPATH\index.php(87): CodeIgniter\CodeIgniter->run()
10 SYSTEMPATH\Commands\Server\rewrite.php(47): require_once('C:\\laragon\\www\\adonbacked\\public\\index.php')
CRITICAL - 2024-03-03 13:54:41 --> Undefined variable $formattedDate
in APPPATH\Views\user\booking.php on line 274.
 1 APPPATH\Views\user\booking.php(274): CodeIgniter\Debug\Exceptions->errorHandler(2, 'Undefined variable $formattedDate', 'C:\\laragon\\www\\adonbacked\\app\\Views\\user\\booking.php', 274)
 2 SYSTEMPATH\View\View.php(228): include('C:\\laragon\\www\\adonbacked\\app\\Views\\user\\booking.php')
 3 SYSTEMPATH\View\View.php(231): CodeIgniter\View\View->CodeIgniter\View\{closure}()
 4 SYSTEMPATH\Common.php(1190): CodeIgniter\View\View->render('user/booking', [], true)
 5 APPPATH\Controllers\UserController.php(65): view('user/booking', [...])
 6 SYSTEMPATH\CodeIgniter.php(942): App\Controllers\UserController->booking()
 7 SYSTEMPATH\CodeIgniter.php(502): CodeIgniter\CodeIgniter->runController(Object(App\Controllers\UserController))
 8 SYSTEMPATH\CodeIgniter.php(361): CodeIgniter\CodeIgniter->handleRequest(null, Object(Config\Cache), false)
 9 FCPATH\index.php(87): CodeIgniter\CodeIgniter->run()
10 SYSTEMPATH\Commands\Server\rewrite.php(47): require_once('C:\\laragon\\www\\adonbacked\\public\\index.php')
CRITICAL - 2024-03-03 13:55:23 --> Undefined variable $formattedDate
in APPPATH\Views\user\booking.php on line 274.
 1 APPPATH\Views\user\booking.php(274): CodeIgniter\Debug\Exceptions->errorHandler(2, 'Undefined variable $formattedDate', 'C:\\laragon\\www\\adonbacked\\app\\Views\\user\\booking.php', 274)
 2 SYSTEMPATH\View\View.php(228): include('C:\\laragon\\www\\adonbacked\\app\\Views\\user\\booking.php')
 3 SYSTEMPATH\View\View.php(231): CodeIgniter\View\View->CodeIgniter\View\{closure}()
 4 SYSTEMPATH\Common.php(1190): CodeIgniter\View\View->render('user/booking', [], true)
 5 APPPATH\Controllers\UserController.php(65): view('user/booking', [...])
 6 SYSTEMPATH\CodeIgniter.php(942): App\Controllers\UserController->booking()
 7 SYSTEMPATH\CodeIgniter.php(502): CodeIgniter\CodeIgniter->runController(Object(App\Controllers\UserController))
 8 SYSTEMPATH\CodeIgniter.php(361): CodeIgniter\CodeIgniter->handleRequest(null, Object(Config\Cache), false)
 9 FCPATH\index.php(87): CodeIgniter\CodeIgniter->run()
10 SYSTEMPATH\Commands\Server\rewrite.php(47): require_once('C:\\laragon\\www\\adonbacked\\public\\index.php')
CRITICAL - 2024-03-03 13:55:25 --> Undefined variable $formattedDate
in APPPATH\Views\user\booking.php on line 274.
 1 APPPATH\Views\user\booking.php(274): CodeIgniter\Debug\Exceptions->errorHandler(2, 'Undefined variable $formattedDate', 'C:\\laragon\\www\\adonbacked\\app\\Views\\user\\booking.php', 274)
 2 SYSTEMPATH\View\View.php(228): include('C:\\laragon\\www\\adonbacked\\app\\Views\\user\\booking.php')
 3 SYSTEMPATH\View\View.php(231): CodeIgniter\View\View->CodeIgniter\View\{closure}()
 4 SYSTEMPATH\Common.php(1190): CodeIgniter\View\View->render('user/booking', [], true)
 5 APPPATH\Controllers\UserController.php(65): view('user/booking', [...])
 6 SYSTEMPATH\CodeIgniter.php(942): App\Controllers\UserController->booking()
 7 SYSTEMPATH\CodeIgniter.php(502): CodeIgniter\CodeIgniter->runController(Object(App\Controllers\UserController))
 8 SYSTEMPATH\CodeIgniter.php(361): CodeIgniter\CodeIgniter->handleRequest(null, Object(Config\Cache), false)
 9 FCPATH\index.php(87): CodeIgniter\CodeIgniter->run()
10 SYSTEMPATH\Commands\Server\rewrite.php(47): require_once('C:\\laragon\\www\\adonbacked\\public\\index.php')
CRITICAL - 2024-03-03 13:55:27 --> Undefined variable $formattedDate
in APPPATH\Views\user\booking.php on line 274.
 1 APPPATH\Views\user\booking.php(274): CodeIgniter\Debug\Exceptions->errorHandler(2, 'Undefined variable $formattedDate', 'C:\\laragon\\www\\adonbacked\\app\\Views\\user\\booking.php', 274)
 2 SYSTEMPATH\View\View.php(228): include('C:\\laragon\\www\\adonbacked\\app\\Views\\user\\booking.php')
 3 SYSTEMPATH\View\View.php(231): CodeIgniter\View\View->CodeIgniter\View\{closure}()
 4 SYSTEMPATH\Common.php(1190): CodeIgniter\View\View->render('user/booking', [], true)
 5 APPPATH\Controllers\UserController.php(65): view('user/booking', [...])
 6 SYSTEMPATH\CodeIgniter.php(942): App\Controllers\UserController->booking()
 7 SYSTEMPATH\CodeIgniter.php(502): CodeIgniter\CodeIgniter->runController(Object(App\Controllers\UserController))
 8 SYSTEMPATH\CodeIgniter.php(361): CodeIgniter\CodeIgniter->handleRequest(null, Object(Config\Cache), false)
 9 FCPATH\index.php(87): CodeIgniter\CodeIgniter->run()
10 SYSTEMPATH\Commands\Server\rewrite.php(47): require_once('C:\\laragon\\www\\adonbacked\\public\\index.php')
CRITICAL - 2024-03-03 13:55:28 --> Undefined variable $formattedDate
in APPPATH\Views\user\booking.php on line 274.
 1 APPPATH\Views\user\booking.php(274): CodeIgniter\Debug\Exceptions->errorHandler(2, 'Undefined variable $formattedDate', 'C:\\laragon\\www\\adonbacked\\app\\Views\\user\\booking.php', 274)
 2 SYSTEMPATH\View\View.php(228): include('C:\\laragon\\www\\adonbacked\\app\\Views\\user\\booking.php')
 3 SYSTEMPATH\View\View.php(231): CodeIgniter\View\View->CodeIgniter\View\{closure}()
 4 SYSTEMPATH\Common.php(1190): CodeIgniter\View\View->render('user/booking', [], true)
 5 APPPATH\Controllers\UserController.php(65): view('user/booking', [...])
 6 SYSTEMPATH\CodeIgniter.php(942): App\Controllers\UserController->booking()
 7 SYSTEMPATH\CodeIgniter.php(502): CodeIgniter\CodeIgniter->runController(Object(App\Controllers\UserController))
 8 SYSTEMPATH\CodeIgniter.php(361): CodeIgniter\CodeIgniter->handleRequest(null, Object(Config\Cache), false)
 9 FCPATH\index.php(87): CodeIgniter\CodeIgniter->run()
10 SYSTEMPATH\Commands\Server\rewrite.php(47): require_once('C:\\laragon\\www\\adonbacked\\public\\index.php')
CRITICAL - 2024-03-03 13:55:32 --> Undefined variable $formattedDate
in APPPATH\Views\user\booking.php on line 274.
 1 APPPATH\Views\user\booking.php(274): CodeIgniter\Debug\Exceptions->errorHandler(2, 'Undefined variable $formattedDate', 'C:\\laragon\\www\\adonbacked\\app\\Views\\user\\booking.php', 274)
 2 SYSTEMPATH\View\View.php(228): include('C:\\laragon\\www\\adonbacked\\app\\Views\\user\\booking.php')
 3 SYSTEMPATH\View\View.php(231): CodeIgniter\View\View->CodeIgniter\View\{closure}()
 4 SYSTEMPATH\Common.php(1190): CodeIgniter\View\View->render('user/booking', [], true)
 5 APPPATH\Controllers\UserController.php(65): view('user/booking', [...])
 6 SYSTEMPATH\CodeIgniter.php(942): App\Controllers\UserController->booking()
 7 SYSTEMPATH\CodeIgniter.php(502): CodeIgniter\CodeIgniter->runController(Object(App\Controllers\UserController))
 8 SYSTEMPATH\CodeIgniter.php(361): CodeIgniter\CodeIgniter->handleRequest(null, Object(Config\Cache), false)
 9 FCPATH\index.php(87): CodeIgniter\CodeIgniter->run()
10 SYSTEMPATH\Commands\Server\rewrite.php(47): require_once('C:\\laragon\\www\\adonbacked\\public\\index.php')
CRITICAL - 2024-03-03 13:55:33 --> Undefined variable $formattedDate
in APPPATH\Views\user\booking.php on line 274.
 1 APPPATH\Views\user\booking.php(274): CodeIgniter\Debug\Exceptions->errorHandler(2, 'Undefined variable $formattedDate', 'C:\\laragon\\www\\adonbacked\\app\\Views\\user\\booking.php', 274)
 2 SYSTEMPATH\View\View.php(228): include('C:\\laragon\\www\\adonbacked\\app\\Views\\user\\booking.php')
 3 SYSTEMPATH\View\View.php(231): CodeIgniter\View\View->CodeIgniter\View\{closure}()
 4 SYSTEMPATH\Common.php(1190): CodeIgniter\View\View->render('user/booking', [], true)
 5 APPPATH\Controllers\UserController.php(65): view('user/booking', [...])
 6 SYSTEMPATH\CodeIgniter.php(942): App\Controllers\UserController->booking()
 7 SYSTEMPATH\CodeIgniter.php(502): CodeIgniter\CodeIgniter->runController(Object(App\Controllers\UserController))
 8 SYSTEMPATH\CodeIgniter.php(361): CodeIgniter\CodeIgniter->handleRequest(null, Object(Config\Cache), false)
 9 FCPATH\index.php(87): CodeIgniter\CodeIgniter->run()
10 SYSTEMPATH\Commands\Server\rewrite.php(47): require_once('C:\\laragon\\www\\adonbacked\\public\\index.php')
CRITICAL - 2024-03-03 13:55:34 --> Undefined variable $formattedDate
in APPPATH\Views\user\booking.php on line 274.
 1 APPPATH\Views\user\booking.php(274): CodeIgniter\Debug\Exceptions->errorHandler(2, 'Undefined variable $formattedDate', 'C:\\laragon\\www\\adonbacked\\app\\Views\\user\\booking.php', 274)
 2 SYSTEMPATH\View\View.php(228): include('C:\\laragon\\www\\adonbacked\\app\\Views\\user\\booking.php')
 3 SYSTEMPATH\View\View.php(231): CodeIgniter\View\View->CodeIgniter\View\{closure}()
 4 SYSTEMPATH\Common.php(1190): CodeIgniter\View\View->render('user/booking', [], true)
 5 APPPATH\Controllers\UserController.php(65): view('user/booking', [...])
 6 SYSTEMPATH\CodeIgniter.php(942): App\Controllers\UserController->booking()
 7 SYSTEMPATH\CodeIgniter.php(502): CodeIgniter\CodeIgniter->runController(Object(App\Controllers\UserController))
 8 SYSTEMPATH\CodeIgniter.php(361): CodeIgniter\CodeIgniter->handleRequest(null, Object(Config\Cache), false)
 9 FCPATH\index.php(87): CodeIgniter\CodeIgniter->run()
10 SYSTEMPATH\Commands\Server\rewrite.php(47): require_once('C:\\laragon\\www\\adonbacked\\public\\index.php')
CRITICAL - 2024-03-03 13:56:23 --> Undefined variable $formattedDate
in APPPATH\Views\user\booking.php on line 274.
 1 APPPATH\Views\user\booking.php(274): CodeIgniter\Debug\Exceptions->errorHandler(2, 'Undefined variable $formattedDate', 'C:\\laragon\\www\\adonbacked\\app\\Views\\user\\booking.php', 274)
 2 SYSTEMPATH\View\View.php(228): include('C:\\laragon\\www\\adonbacked\\app\\Views\\user\\booking.php')
 3 SYSTEMPATH\View\View.php(231): CodeIgniter\View\View->CodeIgniter\View\{closure}()
 4 SYSTEMPATH\Common.php(1190): CodeIgniter\View\View->render('user/booking', [], true)
 5 APPPATH\Controllers\UserController.php(65): view('user/booking', [...])
 6 SYSTEMPATH\CodeIgniter.php(942): App\Controllers\UserController->booking()
 7 SYSTEMPATH\CodeIgniter.php(502): CodeIgniter\CodeIgniter->runController(Object(App\Controllers\UserController))
 8 SYSTEMPATH\CodeIgniter.php(361): CodeIgniter\CodeIgniter->handleRequest(null, Object(Config\Cache), false)
 9 FCPATH\index.php(87): CodeIgniter\CodeIgniter->run()
10 SYSTEMPATH\Commands\Server\rewrite.php(47): require_once('C:\\laragon\\www\\adonbacked\\public\\index.php')
CRITICAL - 2024-03-03 13:59:07 --> Undefined variable $formattedDate
in APPPATH\Views\user\booking.php on line 274.
 1 APPPATH\Views\user\booking.php(274): CodeIgniter\Debug\Exceptions->errorHandler(2, 'Undefined variable $formattedDate', 'C:\\laragon\\www\\adonbacked\\app\\Views\\user\\booking.php', 274)
 2 SYSTEMPATH\View\View.php(228): include('C:\\laragon\\www\\adonbacked\\app\\Views\\user\\booking.php')
 3 SYSTEMPATH\View\View.php(231): CodeIgniter\View\View->CodeIgniter\View\{closure}()
 4 SYSTEMPATH\Common.php(1190): CodeIgniter\View\View->render('user/booking', [], true)
 5 APPPATH\Controllers\UserController.php(65): view('user/booking', [...])
 6 SYSTEMPATH\CodeIgniter.php(942): App\Controllers\UserController->booking()
 7 SYSTEMPATH\CodeIgniter.php(502): CodeIgniter\CodeIgniter->runController(Object(App\Controllers\UserController))
 8 SYSTEMPATH\CodeIgniter.php(361): CodeIgniter\CodeIgniter->handleRequest(null, Object(Config\Cache), false)
 9 FCPATH\index.php(87): CodeIgniter\CodeIgniter->run()
10 SYSTEMPATH\Commands\Server\rewrite.php(47): require_once('C:\\laragon\\www\\adonbacked\\public\\index.php')
CRITICAL - 2024-03-03 14:00:47 --> Undefined variable $daysOfWeek
in APPPATH\Views\user\booking.php on line 246.
 1 APPPATH\Views\user\booking.php(246): CodeIgniter\Debug\Exceptions->errorHandler(2, 'Undefined variable $daysOfWeek', 'C:\\laragon\\www\\adonbacked\\app\\Views\\user\\booking.php', 246)
 2 SYSTEMPATH\View\View.php(228): include('C:\\laragon\\www\\adonbacked\\app\\Views\\user\\booking.php')
 3 SYSTEMPATH\View\View.php(231): CodeIgniter\View\View->CodeIgniter\View\{closure}()
 4 SYSTEMPATH\Common.php(1190): CodeIgniter\View\View->render('user/booking', [], true)
 5 APPPATH\Controllers\UserController.php(65): view('user/booking', [...])
 6 SYSTEMPATH\CodeIgniter.php(942): App\Controllers\UserController->booking()
 7 SYSTEMPATH\CodeIgniter.php(502): CodeIgniter\CodeIgniter->runController(Object(App\Controllers\UserController))
 8 SYSTEMPATH\CodeIgniter.php(361): CodeIgniter\CodeIgniter->handleRequest(null, Object(Config\Cache), false)
 9 FCPATH\index.php(87): CodeIgniter\CodeIgniter->run()
10 SYSTEMPATH\Commands\Server\rewrite.php(47): require_once('C:\\laragon\\www\\adonbacked\\public\\index.php')
CRITICAL - 2024-03-03 14:01:23 --> Undefined variable $daysOfWeek
in APPPATH\Views\user\booking.php on line 246.
 1 APPPATH\Views\user\booking.php(246): CodeIgniter\Debug\Exceptions->errorHandler(2, 'Undefined variable $daysOfWeek', 'C:\\laragon\\www\\adonbacked\\app\\Views\\user\\booking.php', 246)
 2 SYSTEMPATH\View\View.php(228): include('C:\\laragon\\www\\adonbacked\\app\\Views\\user\\booking.php')
 3 SYSTEMPATH\View\View.php(231): CodeIgniter\View\View->CodeIgniter\View\{closure}()
 4 SYSTEMPATH\Common.php(1190): CodeIgniter\View\View->render('user/booking', [], true)
 5 APPPATH\Controllers\UserController.php(65): view('user/booking', [...])
 6 SYSTEMPATH\CodeIgniter.php(942): App\Controllers\UserController->booking()
 7 SYSTEMPATH\CodeIgniter.php(502): CodeIgniter\CodeIgniter->runController(Object(App\Controllers\UserController))
 8 SYSTEMPATH\CodeIgniter.php(361): CodeIgniter\CodeIgniter->handleRequest(null, Object(Config\Cache), false)
 9 FCPATH\index.php(87): CodeIgniter\CodeIgniter->run()
10 SYSTEMPATH\Commands\Server\rewrite.php(47): require_once('C:\\laragon\\www\\adonbacked\\public\\index.php')
CRITICAL - 2024-03-03 14:05:25 --> Undefined variable $formattedDate
in APPPATH\Views\user\booking.php on line 263.
 1 APPPATH\Views\user\booking.php(263): CodeIgniter\Debug\Exceptions->errorHandler(2, 'Undefined variable $formattedDate', 'C:\\laragon\\www\\adonbacked\\app\\Views\\user\\booking.php', 263)
 2 SYSTEMPATH\View\View.php(228): include('C:\\laragon\\www\\adonbacked\\app\\Views\\user\\booking.php')
 3 SYSTEMPATH\View\View.php(231): CodeIgniter\View\View->CodeIgniter\View\{closure}()
 4 SYSTEMPATH\Common.php(1190): CodeIgniter\View\View->render('user/booking', [], true)
 5 APPPATH\Controllers\UserController.php(65): view('user/booking', [...])
 6 SYSTEMPATH\CodeIgniter.php(942): App\Controllers\UserController->booking()
 7 SYSTEMPATH\CodeIgniter.php(502): CodeIgniter\CodeIgniter->runController(Object(App\Controllers\UserController))
 8 SYSTEMPATH\CodeIgniter.php(361): CodeIgniter\CodeIgniter->handleRequest(null, Object(Config\Cache), false)
 9 FCPATH\index.php(87): CodeIgniter\CodeIgniter->run()
10 SYSTEMPATH\Commands\Server\rewrite.php(47): require_once('C:\\laragon\\www\\adonbacked\\public\\index.php')
CRITICAL - 2024-03-03 14:07:08 --> Undefined variable $formattedDate
in APPPATH\Views\user\booking.php on line 272.
 1 APPPATH\Views\user\booking.php(272): CodeIgniter\Debug\Exceptions->errorHandler(2, 'Undefined variable $formattedDate', 'C:\\laragon\\www\\adonbacked\\app\\Views\\user\\booking.php', 272)
 2 SYSTEMPATH\View\View.php(228): include('C:\\laragon\\www\\adonbacked\\app\\Views\\user\\booking.php')
 3 SYSTEMPATH\View\View.php(231): CodeIgniter\View\View->CodeIgniter\View\{closure}()
 4 SYSTEMPATH\Common.php(1190): CodeIgniter\View\View->render('user/booking', [], true)
 5 APPPATH\Controllers\UserController.php(65): view('user/booking', [...])
 6 SYSTEMPATH\CodeIgniter.php(942): App\Controllers\UserController->booking()
 7 SYSTEMPATH\CodeIgniter.php(502): CodeIgniter\CodeIgniter->runController(Object(App\Controllers\UserController))
 8 SYSTEMPATH\CodeIgniter.php(361): CodeIgniter\CodeIgniter->handleRequest(null, Object(Config\Cache), false)
 9 FCPATH\index.php(87): CodeIgniter\CodeIgniter->run()
10 SYSTEMPATH\Commands\Server\rewrite.php(47): require_once('C:\\laragon\\www\\adonbacked\\public\\index.php')
CRITICAL - 2024-03-03 14:12:40 --> Undefined array key "selectedDate"
in APPPATH\Views\user\checkout.php on line 316.
 1 APPPATH\Views\user\checkout.php(316): CodeIgniter\Debug\Exceptions->errorHandler(2, 'Undefined array key "selectedDate"', 'C:\\laragon\\www\\adonbacked\\app\\Views\\user\\checkout.php', 316)
 2 SYSTEMPATH\View\View.php(228): include('C:\\laragon\\www\\adonbacked\\app\\Views\\user\\checkout.php')
 3 SYSTEMPATH\View\View.php(231): CodeIgniter\View\View->CodeIgniter\View\{closure}()
 4 SYSTEMPATH\Common.php(1190): CodeIgniter\View\View->render('user/checkout', [], true)
 5 APPPATH\Controllers\UserController.php(38): view('user/checkout')
 6 SYSTEMPATH\CodeIgniter.php(942): App\Controllers\UserController->checkout()
 7 SYSTEMPATH\CodeIgniter.php(502): CodeIgniter\CodeIgniter->runController(Object(App\Controllers\UserController))
 8 SYSTEMPATH\CodeIgniter.php(361): CodeIgniter\CodeIgniter->handleRequest(null, Object(Config\Cache), false)
 9 FCPATH\index.php(87): CodeIgniter\CodeIgniter->run()
10 SYSTEMPATH\Commands\Server\rewrite.php(47): require_once('C:\\laragon\\www\\adonbacked\\public\\index.php')
CRITICAL - 2024-03-03 14:33:48 --> Undefined variable $doctor
in APPPATH\Views\user\checkout.php on line 294.
 1 APPPATH\Views\user\checkout.php(294): CodeIgniter\Debug\Exceptions->errorHandler(2, 'Undefined variable $doctor', 'C:\\laragon\\www\\adonbacked\\app\\Views\\user\\checkout.php', 294)
 2 SYSTEMPATH\View\View.php(228): include('C:\\laragon\\www\\adonbacked\\app\\Views\\user\\checkout.php')
 3 SYSTEMPATH\View\View.php(231): CodeIgniter\View\View->CodeIgniter\View\{closure}()
 4 SYSTEMPATH\Common.php(1190): CodeIgniter\View\View->render('user/checkout', [], true)
 5 APPPATH\Controllers\UserController.php(38): view('user/checkout')
 6 SYSTEMPATH\CodeIgniter.php(942): App\Controllers\UserController->checkout()
 7 SYSTEMPATH\CodeIgniter.php(502): CodeIgniter\CodeIgniter->runController(Object(App\Controllers\UserController))
 8 SYSTEMPATH\CodeIgniter.php(361): CodeIgniter\CodeIgniter->handleRequest(null, Object(Config\Cache), false)
 9 FCPATH\index.php(87): CodeIgniter\CodeIgniter->run()
10 SYSTEMPATH\Commands\Server\rewrite.php(47): require_once('C:\\laragon\\www\\adonbacked\\public\\index.php')
CRITICAL - 2024-03-03 14:34:00 --> Undefined variable $doctor
in APPPATH\Views\user\checkout.php on line 294.
 1 APPPATH\Views\user\checkout.php(294): CodeIgniter\Debug\Exceptions->errorHandler(2, 'Undefined variable $doctor', 'C:\\laragon\\www\\adonbacked\\app\\Views\\user\\checkout.php', 294)
 2 SYSTEMPATH\View\View.php(228): include('C:\\laragon\\www\\adonbacked\\app\\Views\\user\\checkout.php')
 3 SYSTEMPATH\View\View.php(231): CodeIgniter\View\View->CodeIgniter\View\{closure}()
 4 SYSTEMPATH\Common.php(1190): CodeIgniter\View\View->render('user/checkout', [], true)
 5 APPPATH\Controllers\UserController.php(38): view('user/checkout')
 6 SYSTEMPATH\CodeIgniter.php(942): App\Controllers\UserController->checkout()
 7 SYSTEMPATH\CodeIgniter.php(502): CodeIgniter\CodeIgniter->runController(Object(App\Controllers\UserController))
 8 SYSTEMPATH\CodeIgniter.php(361): CodeIgniter\CodeIgniter->handleRequest(null, Object(Config\Cache), false)
 9 FCPATH\index.php(87): CodeIgniter\CodeIgniter->run()
10 SYSTEMPATH\Commands\Server\rewrite.php(47): require_once('C:\\laragon\\www\\adonbacked\\public\\index.php')
CRITICAL - 2024-03-03 14:35:00 --> Undefined variable $doctor
in APPPATH\Views\user\checkout.php on line 294.
 1 APPPATH\Views\user\checkout.php(294): CodeIgniter\Debug\Exceptions->errorHandler(2, 'Undefined variable $doctor', 'C:\\laragon\\www\\adonbacked\\app\\Views\\user\\checkout.php', 294)
 2 SYSTEMPATH\View\View.php(228): include('C:\\laragon\\www\\adonbacked\\app\\Views\\user\\checkout.php')
 3 SYSTEMPATH\View\View.php(231): CodeIgniter\View\View->CodeIgniter\View\{closure}()
 4 SYSTEMPATH\Common.php(1190): CodeIgniter\View\View->render('user/checkout', [], true)
 5 APPPATH\Controllers\UserController.php(38): view('user/checkout')
 6 SYSTEMPATH\CodeIgniter.php(942): App\Controllers\UserController->checkout()
 7 SYSTEMPATH\CodeIgniter.php(502): CodeIgniter\CodeIgniter->runController(Object(App\Controllers\UserController))
 8 SYSTEMPATH\CodeIgniter.php(361): CodeIgniter\CodeIgniter->handleRequest(null, Object(Config\Cache), false)
 9 FCPATH\index.php(87): CodeIgniter\CodeIgniter->run()
10 SYSTEMPATH\Commands\Server\rewrite.php(47): require_once('C:\\laragon\\www\\adonbacked\\public\\index.php')
CRITICAL - 2024-03-03 14:36:04 --> Undefined variable $doctor
in APPPATH\Views\user\checkout.php on line 294.
 1 APPPATH\Views\user\checkout.php(294): CodeIgniter\Debug\Exceptions->errorHandler(2, 'Undefined variable $doctor', 'C:\\laragon\\www\\adonbacked\\app\\Views\\user\\checkout.php', 294)
 2 SYSTEMPATH\View\View.php(228): include('C:\\laragon\\www\\adonbacked\\app\\Views\\user\\checkout.php')
 3 SYSTEMPATH\View\View.php(231): CodeIgniter\View\View->CodeIgniter\View\{closure}()
 4 SYSTEMPATH\Common.php(1190): CodeIgniter\View\View->render('user/checkout', [], true)
 5 APPPATH\Controllers\UserController.php(38): view('user/checkout')
 6 SYSTEMPATH\CodeIgniter.php(942): App\Controllers\UserController->checkout()
 7 SYSTEMPATH\CodeIgniter.php(502): CodeIgniter\CodeIgniter->runController(Object(App\Controllers\UserController))
 8 SYSTEMPATH\CodeIgniter.php(361): CodeIgniter\CodeIgniter->handleRequest(null, Object(Config\Cache), false)
 9 FCPATH\index.php(87): CodeIgniter\CodeIgniter->run()
10 SYSTEMPATH\Commands\Server\rewrite.php(47): require_once('C:\\laragon\\www\\adonbacked\\public\\index.php')
CRITICAL - 2024-03-03 14:46:45 --> Undefined variable $currentDate
in APPPATH\Views\user\booking.php on line 275.
 1 APPPATH\Views\user\booking.php(275): CodeIgniter\Debug\Exceptions->errorHandler(2, 'Undefined variable $currentDate', 'C:\\laragon\\www\\adonbacked\\app\\Views\\user\\booking.php', 275)
 2 SYSTEMPATH\View\View.php(228): include('C:\\laragon\\www\\adonbacked\\app\\Views\\user\\booking.php')
 3 SYSTEMPATH\View\View.php(231): CodeIgniter\View\View->CodeIgniter\View\{closure}()
 4 SYSTEMPATH\Common.php(1190): CodeIgniter\View\View->render('user/booking', [], true)
 5 APPPATH\Controllers\UserController.php(71): view('user/booking', [...])
 6 SYSTEMPATH\CodeIgniter.php(942): App\Controllers\UserController->booking()
 7 SYSTEMPATH\CodeIgniter.php(502): CodeIgniter\CodeIgniter->runController(Object(App\Controllers\UserController))
 8 SYSTEMPATH\CodeIgniter.php(361): CodeIgniter\CodeIgniter->handleRequest(null, Object(Config\Cache), false)
 9 FCPATH\index.php(87): CodeIgniter\CodeIgniter->run()
10 SYSTEMPATH\Commands\Server\rewrite.php(47): require_once('C:\\laragon\\www\\adonbacked\\public\\index.php')
