CRITICAL - 2024-04-09 13:14:41 --> Undefined variable $cartCount
in APPPATH\Views\include\navbar_user.php on line 77.
 1 APPPATH\Views\include\navbar_user.php(77): CodeIgniter\Debug\Exceptions->errorHandler(2, 'Undefined variable $cartCount', 'C:\\laragon\\www\\adonbacked\\app\\Views\\include\\navbar_user.php', 77)
 2 SYSTEMPATH\View\View.php(228): include('C:\\laragon\\www\\adonbacked\\app\\Views\\include\\navbar_user.php')
 3 SYSTEMPATH\View\View.php(231): CodeIgniter\View\View->CodeIgniter\View\{closure}()
 4 SYSTEMPATH\View\View.php(469): CodeIgniter\View\View->render('include/navbar_user', null, true)
 5 APPPATH\Views\user\store.php(13): CodeIgniter\View\View->include('include/navbar_user')
 6 SYSTEMPATH\View\View.php(228): include('C:\\laragon\\www\\adonbacked\\app\\Views\\user\\store.php')
 7 SYSTEMPATH\View\View.php(231): CodeIgniter\View\View->CodeIgniter\View\{closure}()
 8 SYSTEMPATH\Common.php(1190): CodeIgniter\View\View->render('user/store', [], true)
 9 APPPATH\Controllers\UserController.php(117): view('user/store', [...])
10 SYSTEMPATH\CodeIgniter.php(942): App\Controllers\UserController->store()
11 SYSTEMPATH\CodeIgniter.php(502): CodeIgniter\CodeIgniter->runController(Object(App\Controllers\UserController))
12 SYSTEMPATH\CodeIgniter.php(361): CodeIgniter\CodeIgniter->handleRequest(null, Object(Config\Cache), false)
13 FCPATH\index.php(87): CodeIgniter\CodeIgniter->run()
14 SYSTEMPATH\Commands\Server\rewrite.php(47): require_once('C:\\laragon\\www\\adonbacked\\public\\index.php')
CRITICAL - 2024-04-09 13:15:32 --> Undefined variable $cartCount
in APPPATH\Views\include\navbar_user.php on line 77.
 1 APPPATH\Views\include\navbar_user.php(77): CodeIgniter\Debug\Exceptions->errorHandler(2, 'Undefined variable $cartCount', 'C:\\laragon\\www\\adonbacked\\app\\Views\\include\\navbar_user.php', 77)
 2 SYSTEMPATH\View\View.php(228): include('C:\\laragon\\www\\adonbacked\\app\\Views\\include\\navbar_user.php')
 3 SYSTEMPATH\View\View.php(231): CodeIgniter\View\View->CodeIgniter\View\{closure}()
 4 SYSTEMPATH\View\View.php(469): CodeIgniter\View\View->render('include/navbar_user', null, true)
 5 APPPATH\Views\user\store.php(13): CodeIgniter\View\View->include('include/navbar_user')
 6 SYSTEMPATH\View\View.php(228): include('C:\\laragon\\www\\adonbacked\\app\\Views\\user\\store.php')
 7 SYSTEMPATH\View\View.php(231): CodeIgniter\View\View->CodeIgniter\View\{closure}()
 8 SYSTEMPATH\Common.php(1190): CodeIgniter\View\View->render('user/store', [], true)
 9 APPPATH\Controllers\UserController.php(117): view('user/store', [...])
10 SYSTEMPATH\CodeIgniter.php(942): App\Controllers\UserController->store()
11 SYSTEMPATH\CodeIgniter.php(502): CodeIgniter\CodeIgniter->runController(Object(App\Controllers\UserController))
12 SYSTEMPATH\CodeIgniter.php(361): CodeIgniter\CodeIgniter->handleRequest(null, Object(Config\Cache), false)
13 FCPATH\index.php(87): CodeIgniter\CodeIgniter->run()
14 SYSTEMPATH\Commands\Server\rewrite.php(47): require_once('C:\\laragon\\www\\adonbacked\\public\\index.php')
CRITICAL - 2024-04-09 13:16:50 --> Undefined variable $cartCount
in APPPATH\Views\include\navbar_user.php on line 77.
 1 APPPATH\Views\include\navbar_user.php(77): CodeIgniter\Debug\Exceptions->errorHandler(2, 'Undefined variable $cartCount', 'C:\\laragon\\www\\adonbacked\\app\\Views\\include\\navbar_user.php', 77)
 2 SYSTEMPATH\View\View.php(228): include('C:\\laragon\\www\\adonbacked\\app\\Views\\include\\navbar_user.php')
 3 SYSTEMPATH\View\View.php(231): CodeIgniter\View\View->CodeIgniter\View\{closure}()
 4 SYSTEMPATH\View\View.php(469): CodeIgniter\View\View->render('include/navbar_user', null, true)
 5 APPPATH\Views\user\show_product.php(41): CodeIgniter\View\View->include('include/navbar_user')
 6 SYSTEMPATH\View\View.php(228): include('C:\\laragon\\www\\adonbacked\\app\\Views\\user\\show_product.php')
 7 SYSTEMPATH\View\View.php(231): CodeIgniter\View\View->CodeIgniter\View\{closure}()
 8 SYSTEMPATH\Common.php(1190): CodeIgniter\View\View->render('user/show_product', [], true)
 9 APPPATH\Controllers\UserController.php(635): view('user/show_product', [...])
10 SYSTEMPATH\CodeIgniter.php(942): App\Controllers\UserController->showProdDetails('1')
11 SYSTEMPATH\CodeIgniter.php(502): CodeIgniter\CodeIgniter->runController(Object(App\Controllers\UserController))
12 SYSTEMPATH\CodeIgniter.php(361): CodeIgniter\CodeIgniter->handleRequest(null, Object(Config\Cache), false)
13 FCPATH\index.php(87): CodeIgniter\CodeIgniter->run()
14 SYSTEMPATH\Commands\Server\rewrite.php(47): require_once('C:\\laragon\\www\\adonbacked\\public\\index.php')
CRITICAL - 2024-04-09 13:20:37 --> Undefined variable $cartCount
in APPPATH\Views\include\navbar_user.php on line 77.
 1 APPPATH\Views\include\navbar_user.php(77): CodeIgniter\Debug\Exceptions->errorHandler(2, 'Undefined variable $cartCount', 'C:\\laragon\\www\\adonbacked\\app\\Views\\include\\navbar_user.php', 77)
 2 SYSTEMPATH\View\View.php(228): include('C:\\laragon\\www\\adonbacked\\app\\Views\\include\\navbar_user.php')
 3 SYSTEMPATH\View\View.php(231): CodeIgniter\View\View->CodeIgniter\View\{closure}()
 4 SYSTEMPATH\View\View.php(469): CodeIgniter\View\View->render('include/navbar_user', null, true)
 5 APPPATH\Views\user\cart.php(12): CodeIgniter\View\View->include('include/navbar_user')
 6 SYSTEMPATH\View\View.php(228): include('C:\\laragon\\www\\adonbacked\\app\\Views\\user\\cart.php')
 7 SYSTEMPATH\View\View.php(231): CodeIgniter\View\View->CodeIgniter\View\{closure}()
 8 SYSTEMPATH\Common.php(1190): CodeIgniter\View\View->render('user/cart', [], true)
 9 APPPATH\Controllers\UserController.php(765): view('user/cart', [...])
10 SYSTEMPATH\CodeIgniter.php(942): App\Controllers\UserController->viewCart()
11 SYSTEMPATH\CodeIgniter.php(502): CodeIgniter\CodeIgniter->runController(Object(App\Controllers\UserController))
12 SYSTEMPATH\CodeIgniter.php(361): CodeIgniter\CodeIgniter->handleRequest(null, Object(Config\Cache), false)
13 FCPATH\index.php(87): CodeIgniter\CodeIgniter->run()
14 SYSTEMPATH\Commands\Server\rewrite.php(47): require_once('C:\\laragon\\www\\adonbacked\\public\\index.php')
CRITICAL - 2024-04-09 13:22:04 --> Undefined array key "product"
in APPPATH\Views\user\cart.php on line 73.
 1 APPPATH\Views\user\cart.php(73): CodeIgniter\Debug\Exceptions->errorHandler(2, 'Undefined array key "product"', 'C:\\laragon\\www\\adonbacked\\app\\Views\\user\\cart.php', 73)
 2 SYSTEMPATH\View\View.php(228): include('C:\\laragon\\www\\adonbacked\\app\\Views\\user\\cart.php')
 3 SYSTEMPATH\View\View.php(231): CodeIgniter\View\View->CodeIgniter\View\{closure}()
 4 SYSTEMPATH\Common.php(1190): CodeIgniter\View\View->render('user/cart', [], true)
 5 APPPATH\Controllers\UserController.php(779): view('user/cart', [...])
 6 SYSTEMPATH\CodeIgniter.php(942): App\Controllers\UserController->viewCart()
 7 SYSTEMPATH\CodeIgniter.php(502): CodeIgniter\CodeIgniter->runController(Object(App\Controllers\UserController))
 8 SYSTEMPATH\CodeIgniter.php(361): CodeIgniter\CodeIgniter->handleRequest(null, Object(Config\Cache), false)
 9 FCPATH\index.php(87): CodeIgniter\CodeIgniter->run()
10 SYSTEMPATH\Commands\Server\rewrite.php(47): require_once('C:\\laragon\\www\\adonbacked\\public\\index.php')
CRITICAL - 2024-04-09 13:22:20 --> Undefined variable $cartCount
in APPPATH\Views\include\navbar_user.php on line 77.
 1 APPPATH\Views\include\navbar_user.php(77): CodeIgniter\Debug\Exceptions->errorHandler(2, 'Undefined variable $cartCount', 'C:\\laragon\\www\\adonbacked\\app\\Views\\include\\navbar_user.php', 77)
 2 SYSTEMPATH\View\View.php(228): include('C:\\laragon\\www\\adonbacked\\app\\Views\\include\\navbar_user.php')
 3 SYSTEMPATH\View\View.php(231): CodeIgniter\View\View->CodeIgniter\View\{closure}()
 4 SYSTEMPATH\View\View.php(469): CodeIgniter\View\View->render('include/navbar_user', null, true)
 5 APPPATH\Views\user\cart.php(12): CodeIgniter\View\View->include('include/navbar_user')
 6 SYSTEMPATH\View\View.php(228): include('C:\\laragon\\www\\adonbacked\\app\\Views\\user\\cart.php')
 7 SYSTEMPATH\View\View.php(231): CodeIgniter\View\View->CodeIgniter\View\{closure}()
 8 SYSTEMPATH\Common.php(1190): CodeIgniter\View\View->render('user/cart', [], true)
 9 APPPATH\Controllers\UserController.php(779): view('user/cart', [...])
10 SYSTEMPATH\CodeIgniter.php(942): App\Controllers\UserController->viewCart()
11 SYSTEMPATH\CodeIgniter.php(502): CodeIgniter\CodeIgniter->runController(Object(App\Controllers\UserController))
12 SYSTEMPATH\CodeIgniter.php(361): CodeIgniter\CodeIgniter->handleRequest(null, Object(Config\Cache), false)
13 FCPATH\index.php(87): CodeIgniter\CodeIgniter->run()
14 SYSTEMPATH\Commands\Server\rewrite.php(47): require_once('C:\\laragon\\www\\adonbacked\\public\\index.php')
CRITICAL - 2024-04-09 13:22:39 --> Undefined array key "product"
in APPPATH\Views\user\cart.php on line 73.
 1 APPPATH\Views\user\cart.php(73): CodeIgniter\Debug\Exceptions->errorHandler(2, 'Undefined array key "product"', 'C:\\laragon\\www\\adonbacked\\app\\Views\\user\\cart.php', 73)
 2 SYSTEMPATH\View\View.php(228): include('C:\\laragon\\www\\adonbacked\\app\\Views\\user\\cart.php')
 3 SYSTEMPATH\View\View.php(231): CodeIgniter\View\View->CodeIgniter\View\{closure}()
 4 SYSTEMPATH\Common.php(1190): CodeIgniter\View\View->render('user/cart', [], true)
 5 APPPATH\Controllers\UserController.php(782): view('user/cart', [...])
 6 SYSTEMPATH\CodeIgniter.php(942): App\Controllers\UserController->viewCart()
 7 SYSTEMPATH\CodeIgniter.php(502): CodeIgniter\CodeIgniter->runController(Object(App\Controllers\UserController))
 8 SYSTEMPATH\CodeIgniter.php(361): CodeIgniter\CodeIgniter->handleRequest(null, Object(Config\Cache), false)
 9 FCPATH\index.php(87): CodeIgniter\CodeIgniter->run()
10 SYSTEMPATH\Commands\Server\rewrite.php(47): require_once('C:\\laragon\\www\\adonbacked\\public\\index.php')
CRITICAL - 2024-04-09 13:24:39 --> Undefined array key "product"
in APPPATH\Views\user\cart.php on line 73.
 1 APPPATH\Views\user\cart.php(73): CodeIgniter\Debug\Exceptions->errorHandler(2, 'Undefined array key "product"', 'C:\\laragon\\www\\adonbacked\\app\\Views\\user\\cart.php', 73)
 2 SYSTEMPATH\View\View.php(228): include('C:\\laragon\\www\\adonbacked\\app\\Views\\user\\cart.php')
 3 SYSTEMPATH\View\View.php(231): CodeIgniter\View\View->CodeIgniter\View\{closure}()
 4 SYSTEMPATH\Common.php(1190): CodeIgniter\View\View->render('user/cart', [], true)
 5 APPPATH\Controllers\UserController.php(779): view('user/cart', [...])
 6 SYSTEMPATH\CodeIgniter.php(942): App\Controllers\UserController->viewCart()
 7 SYSTEMPATH\CodeIgniter.php(502): CodeIgniter\CodeIgniter->runController(Object(App\Controllers\UserController))
 8 SYSTEMPATH\CodeIgniter.php(361): CodeIgniter\CodeIgniter->handleRequest(null, Object(Config\Cache), false)
 9 FCPATH\index.php(87): CodeIgniter\CodeIgniter->run()
10 SYSTEMPATH\Commands\Server\rewrite.php(47): require_once('C:\\laragon\\www\\adonbacked\\public\\index.php')
CRITICAL - 2024-04-09 16:14:39 --> Undefined variable $cartCount
in APPPATH\Views\include\navbar_user.php on line 77.
 1 APPPATH\Views\include\navbar_user.php(77): CodeIgniter\Debug\Exceptions->errorHandler(2, 'Undefined variable $cartCount', 'C:\\laragon\\www\\adonbacked\\app\\Views\\include\\navbar_user.php', 77)
 2 SYSTEMPATH\View\View.php(228): include('C:\\laragon\\www\\adonbacked\\app\\Views\\include\\navbar_user.php')
 3 SYSTEMPATH\View\View.php(231): CodeIgniter\View\View->CodeIgniter\View\{closure}()
 4 SYSTEMPATH\View\View.php(469): CodeIgniter\View\View->render('include/navbar_user', null, true)
 5 APPPATH\Views\user\booking.php(41): CodeIgniter\View\View->include('include/navbar_user')
 6 SYSTEMPATH\View\View.php(228): include('C:\\laragon\\www\\adonbacked\\app\\Views\\user\\booking.php')
 7 SYSTEMPATH\View\View.php(231): CodeIgniter\View\View->CodeIgniter\View\{closure}()
 8 SYSTEMPATH\Common.php(1190): CodeIgniter\View\View->render('user/booking', [], true)
 9 APPPATH\Controllers\UserController.php(218): view('user/booking', [...])
10 SYSTEMPATH\CodeIgniter.php(942): App\Controllers\UserController->booking()
11 SYSTEMPATH\CodeIgniter.php(502): CodeIgniter\CodeIgniter->runController(Object(App\Controllers\UserController))
12 SYSTEMPATH\CodeIgniter.php(361): CodeIgniter\CodeIgniter->handleRequest(null, Object(Config\Cache), false)
13 FCPATH\index.php(87): CodeIgniter\CodeIgniter->run()
14 SYSTEMPATH\Commands\Server\rewrite.php(47): require_once('C:\\laragon\\www\\adonbacked\\public\\index.php')
CRITICAL - 2024-04-09 16:15:17 --> Undefined variable $cartCount
in APPPATH\Views\include\navbar_user.php on line 77.
 1 APPPATH\Views\include\navbar_user.php(77): CodeIgniter\Debug\Exceptions->errorHandler(2, 'Undefined variable $cartCount', 'C:\\laragon\\www\\adonbacked\\app\\Views\\include\\navbar_user.php', 77)
 2 SYSTEMPATH\View\View.php(228): include('C:\\laragon\\www\\adonbacked\\app\\Views\\include\\navbar_user.php')
 3 SYSTEMPATH\View\View.php(231): CodeIgniter\View\View->CodeIgniter\View\{closure}()
 4 SYSTEMPATH\View\View.php(469): CodeIgniter\View\View->render('include/navbar_user', null, true)
 5 APPPATH\Views\user\booking.php(41): CodeIgniter\View\View->include('include/navbar_user')
 6 SYSTEMPATH\View\View.php(228): include('C:\\laragon\\www\\adonbacked\\app\\Views\\user\\booking.php')
 7 SYSTEMPATH\View\View.php(231): CodeIgniter\View\View->CodeIgniter\View\{closure}()
 8 SYSTEMPATH\Common.php(1190): CodeIgniter\View\View->render('user/booking', [], true)
 9 APPPATH\Controllers\UserController.php(218): view('user/booking', [...])
10 SYSTEMPATH\CodeIgniter.php(942): App\Controllers\UserController->booking()
11 SYSTEMPATH\CodeIgniter.php(502): CodeIgniter\CodeIgniter->runController(Object(App\Controllers\UserController))
12 SYSTEMPATH\CodeIgniter.php(361): CodeIgniter\CodeIgniter->handleRequest(null, Object(Config\Cache), false)
13 FCPATH\index.php(87): CodeIgniter\CodeIgniter->run()
14 SYSTEMPATH\Commands\Server\rewrite.php(47): require_once('C:\\laragon\\www\\adonbacked\\public\\index.php')
CRITICAL - 2024-04-09 16:16:52 --> Undefined variable $cartCount
in APPPATH\Views\include\navbar_user.php on line 77.
 1 APPPATH\Views\include\navbar_user.php(77): CodeIgniter\Debug\Exceptions->errorHandler(2, 'Undefined variable $cartCount', 'C:\\laragon\\www\\adonbacked\\app\\Views\\include\\navbar_user.php', 77)
 2 SYSTEMPATH\View\View.php(228): include('C:\\laragon\\www\\adonbacked\\app\\Views\\include\\navbar_user.php')
 3 SYSTEMPATH\View\View.php(231): CodeIgniter\View\View->CodeIgniter\View\{closure}()
 4 SYSTEMPATH\View\View.php(469): CodeIgniter\View\View->render('include/navbar_user', null, true)
 5 APPPATH\Views\user\checkout.php(41): CodeIgniter\View\View->include('include/navbar_user')
 6 SYSTEMPATH\View\View.php(228): include('C:\\laragon\\www\\adonbacked\\app\\Views\\user\\checkout.php')
 7 SYSTEMPATH\View\View.php(231): CodeIgniter\View\View->CodeIgniter\View\{closure}()
 8 SYSTEMPATH\Common.php(1190): CodeIgniter\View\View->render('user/checkout', [], true)
 9 APPPATH\Controllers\UserController.php(170): view('user/checkout', [...])
10 SYSTEMPATH\CodeIgniter.php(942): App\Controllers\UserController->checkout()
11 SYSTEMPATH\CodeIgniter.php(502): CodeIgniter\CodeIgniter->runController(Object(App\Controllers\UserController))
12 SYSTEMPATH\CodeIgniter.php(361): CodeIgniter\CodeIgniter->handleRequest(null, Object(Config\Cache), false)
13 FCPATH\index.php(87): CodeIgniter\CodeIgniter->run()
14 SYSTEMPATH\Commands\Server\rewrite.php(47): require_once('C:\\laragon\\www\\adonbacked\\public\\index.php')
