CRITICAL - 2024-05-25 13:04:58 --> Invalid file: "error.php"
in SYSTEMPATH\Exceptions\FrameworkException.php on line 39.
 1 SYSTEMPATH\View\View.php(216): CodeIgniter\Exceptions\FrameworkException::forInvalidFile('error.php')
 2 SYSTEMPATH\Common.php(1190): CodeIgniter\View\View->render('error', [], true)
 3 APPPATH\Controllers\UserController.php(450): view('error', [...])
 4 SYSTEMPATH\CodeIgniter.php(942): App\Controllers\UserController->db_doctor()
 5 SYSTEMPATH\CodeIgniter.php(502): CodeIgniter\CodeIgniter->runController(Object(App\Controllers\UserController))
 6 SYSTEMPATH\CodeIgniter.php(361): CodeIgniter\CodeIgniter->handleRequest(null, Object(Config\Cache), false)
 7 FCPATH\index.php(87): CodeIgniter\CodeIgniter->run()
 8 SYSTEMPATH\Commands\Server\rewrite.php(47): require_once('C:\\laragon\\www\\adonbacked\\public\\index.php')
CRITICAL - 2024-05-25 13:05:01 --> Invalid file: "error.php"
in SYSTEMPATH\Exceptions\FrameworkException.php on line 39.
 1 SYSTEMPATH\View\View.php(216): CodeIgniter\Exceptions\FrameworkException::forInvalidFile('error.php')
 2 SYSTEMPATH\Common.php(1190): CodeIgniter\View\View->render('error', [], true)
 3 APPPATH\Controllers\UserController.php(450): view('error', [...])
 4 SYSTEMPATH\CodeIgniter.php(942): App\Controllers\UserController->db_doctor()
 5 SYSTEMPATH\CodeIgniter.php(502): CodeIgniter\CodeIgniter->runController(Object(App\Controllers\UserController))
 6 SYSTEMPATH\CodeIgniter.php(361): CodeIgniter\CodeIgniter->handleRequest(null, Object(Config\Cache), false)
 7 FCPATH\index.php(87): CodeIgniter\CodeIgniter->run()
 8 SYSTEMPATH\Commands\Server\rewrite.php(47): require_once('C:\\laragon\\www\\adonbacked\\public\\index.php')
CRITICAL - 2024-05-25 13:15:46 --> Undefined variable $patientID
in APPPATH\Views\doctor\add_prescription.php on line 100.
 1 APPPATH\Views\doctor\add_prescription.php(100): CodeIgniter\Debug\Exceptions->errorHandler(2, 'Undefined variable $patientID', 'C:\\laragon\\www\\adonbacked\\app\\Views\\doctor\\add_prescription.php', 100)
 2 SYSTEMPATH\View\View.php(228): include('C:\\laragon\\www\\adonbacked\\app\\Views\\doctor\\add_prescription.php')
 3 SYSTEMPATH\View\View.php(231): CodeIgniter\View\View->CodeIgniter\View\{closure}()
 4 SYSTEMPATH\Common.php(1190): CodeIgniter\View\View->render('doctor/add_prescription', [], true)
 5 APPPATH\Controllers\DoctorController.php(290): view('doctor/add_prescription', [...])
 6 SYSTEMPATH\CodeIgniter.php(942): App\Controllers\DoctorController->show_prof_pres('2')
 7 SYSTEMPATH\CodeIgniter.php(502): CodeIgniter\CodeIgniter->runController(Object(App\Controllers\DoctorController))
 8 SYSTEMPATH\CodeIgniter.php(361): CodeIgniter\CodeIgniter->handleRequest(null, Object(Config\Cache), false)
 9 FCPATH\index.php(87): CodeIgniter\CodeIgniter->run()
10 SYSTEMPATH\Commands\Server\rewrite.php(47): require_once('C:\\laragon\\www\\adonbacked\\public\\index.php')
CRITICAL - 2024-05-25 13:18:30 --> Undefined variable $patientID
in APPPATH\Views\doctor\add_prescription.php on line 100.
 1 APPPATH\Views\doctor\add_prescription.php(100): CodeIgniter\Debug\Exceptions->errorHandler(2, 'Undefined variable $patientID', 'C:\\laragon\\www\\adonbacked\\app\\Views\\doctor\\add_prescription.php', 100)
 2 SYSTEMPATH\View\View.php(228): include('C:\\laragon\\www\\adonbacked\\app\\Views\\doctor\\add_prescription.php')
 3 SYSTEMPATH\View\View.php(231): CodeIgniter\View\View->CodeIgniter\View\{closure}()
 4 SYSTEMPATH\Common.php(1190): CodeIgniter\View\View->render('doctor/add_prescription', [], true)
 5 APPPATH\Controllers\DoctorController.php(290): view('doctor/add_prescription', [...])
 6 SYSTEMPATH\CodeIgniter.php(942): App\Controllers\DoctorController->show_prof_pres('2')
 7 SYSTEMPATH\CodeIgniter.php(502): CodeIgniter\CodeIgniter->runController(Object(App\Controllers\DoctorController))
 8 SYSTEMPATH\CodeIgniter.php(361): CodeIgniter\CodeIgniter->handleRequest(null, Object(Config\Cache), false)
 9 FCPATH\index.php(87): CodeIgniter\CodeIgniter->run()
10 SYSTEMPATH\Commands\Server\rewrite.php(47): require_once('C:\\laragon\\www\\adonbacked\\public\\index.php')
ERROR - 2024-05-25 13:37:34 --> mysqli_sql_exception: Table 'adonai.prescriptions' doesn't exist in C:\laragon\www\adonbacked\system\Database\MySQLi\Connection.php:306
Stack trace:
#0 C:\laragon\www\adonbacked\system\Database\MySQLi\Connection.php(306): mysqli->query('INSERT INTO `pr...', 0)
#1 C:\laragon\www\adonbacked\system\Database\BaseConnection.php(693): CodeIgniter\Database\MySQLi\Connection->execute('INSERT INTO `pr...')
#2 C:\laragon\www\adonbacked\system\Database\BaseConnection.php(607): CodeIgniter\Database\BaseConnection->simpleQuery('INSERT INTO `pr...')
#3 C:\laragon\www\adonbacked\system\Database\BaseBuilder.php(2308): CodeIgniter\Database\BaseConnection->query('INSERT INTO `pr...', Array, false)
#4 C:\laragon\www\adonbacked\system\Model.php(319): CodeIgniter\Database\BaseBuilder->insert()
#5 C:\laragon\www\adonbacked\system\BaseModel.php(788): CodeIgniter\Model->doInsert(Array)
#6 C:\laragon\www\adonbacked\system\Model.php(715): CodeIgniter\BaseModel->insert(Array, true)
#7 C:\laragon\www\adonbacked\app\Controllers\DoctorController.php(388): CodeIgniter\Model->insert(Array)
#8 C:\laragon\www\adonbacked\system\CodeIgniter.php(942): App\Controllers\DoctorController->add_prof_pres('2')
#9 C:\laragon\www\adonbacked\system\CodeIgniter.php(502): CodeIgniter\CodeIgniter->runController(Object(App\Controllers\DoctorController))
#10 C:\laragon\www\adonbacked\system\CodeIgniter.php(361): CodeIgniter\CodeIgniter->handleRequest(NULL, Object(Config\Cache), false)
#11 C:\laragon\www\adonbacked\public\index.php(87): CodeIgniter\CodeIgniter->run()
#12 C:\laragon\www\adonbacked\system\Commands\Server\rewrite.php(47): require_once('C:\\laragon\\www\\...')
#13 {main}
CRITICAL - 2024-05-25 13:37:34 --> Table 'adonai.prescriptions' doesn't exist
in SYSTEMPATH\Database\BaseConnection.php on line 647.
 1 SYSTEMPATH\Database\BaseBuilder.php(2308): CodeIgniter\Database\BaseConnection->query('INSERT INTO `prescriptions` (`DoctorID`, `PatientID`, `Name`, `Gender`, `Date`, `Address`, `Age`, `DateOfBirth`, `Occupation`, `Phone`, `B_OD_SPH`, `B_OD_CYL`, `B_OD_AX`, `B_OD_ADD`, `B_OD_VA`, `B_OD_PD`, `B_OS_SPH`, `B_OS_CYL`, `B_OS_AX`, `B_OS_ADD`, `B_OS_VA`, `B_OS_PD`, `Ocular_History`, `L_OD_SPH`, `L_OD_CYL`, `L_OD_AX`, `L_OD_ADD`, `L_OD_PD`, `L_OS_SPH`, `L_OS_CYL`, `L_OS_AX`, `L_OS_ADD`, `L_OS_PD`, `Frame`, `Lens`, `Total`, `Diagnosis`, `Remarks`, `Management`, `Follow_Up`) VALUES (:DoctorID:, :PatientID:, :Name:, :Gender:, :Date:, :Address:, :Age:, :DateOfBirth:, :Occupation:, :Phone:, :B_OD_SPH:, :B_OD_CYL:, :B_OD_AX:, :B_OD_ADD:, :B_OD_VA:, :B_OD_PD:, :B_OS_SPH:, :B_OS_CYL:, :B_OS_AX:, :B_OS_ADD:, :B_OS_VA:, :B_OS_PD:, :Ocular_History:, :L_OD_SPH:, :L_OD_CYL:, :L_OD_AX:, :L_OD_ADD:, :L_OD_PD:, :L_OS_SPH:, :L_OS_CYL:, :L_OS_AX:, :L_OS_ADD:, :L_OS_PD:, :Frame:, :Lens:, :Total:, :Diagnosis:, :Remarks:, :Management:, :Follow_Up:)', [...], false)
 2 SYSTEMPATH\Model.php(319): CodeIgniter\Database\BaseBuilder->insert()
 3 SYSTEMPATH\BaseModel.php(788): CodeIgniter\Model->doInsert([...])
 4 SYSTEMPATH\Model.php(715): CodeIgniter\BaseModel->insert([...], true)
 5 APPPATH\Controllers\DoctorController.php(388): CodeIgniter\Model->insert([...])
 6 SYSTEMPATH\CodeIgniter.php(942): App\Controllers\DoctorController->add_prof_pres('2')
 7 SYSTEMPATH\CodeIgniter.php(502): CodeIgniter\CodeIgniter->runController(Object(App\Controllers\DoctorController))
 8 SYSTEMPATH\CodeIgniter.php(361): CodeIgniter\CodeIgniter->handleRequest(null, Object(Config\Cache), false)
 9 FCPATH\index.php(87): CodeIgniter\CodeIgniter->run()
10 SYSTEMPATH\Commands\Server\rewrite.php(47): require_once('C:\\laragon\\www\\adonbacked\\public\\index.php')
ERROR - 2024-05-25 13:37:41 --> mysqli_sql_exception: Table 'adonai.prescriptions' doesn't exist in C:\laragon\www\adonbacked\system\Database\MySQLi\Connection.php:306
Stack trace:
#0 C:\laragon\www\adonbacked\system\Database\MySQLi\Connection.php(306): mysqli->query('INSERT INTO `pr...', 0)
#1 C:\laragon\www\adonbacked\system\Database\BaseConnection.php(693): CodeIgniter\Database\MySQLi\Connection->execute('INSERT INTO `pr...')
#2 C:\laragon\www\adonbacked\system\Database\BaseConnection.php(607): CodeIgniter\Database\BaseConnection->simpleQuery('INSERT INTO `pr...')
#3 C:\laragon\www\adonbacked\system\Database\BaseBuilder.php(2308): CodeIgniter\Database\BaseConnection->query('INSERT INTO `pr...', Array, false)
#4 C:\laragon\www\adonbacked\system\Model.php(319): CodeIgniter\Database\BaseBuilder->insert()
#5 C:\laragon\www\adonbacked\system\BaseModel.php(788): CodeIgniter\Model->doInsert(Array)
#6 C:\laragon\www\adonbacked\system\Model.php(715): CodeIgniter\BaseModel->insert(Array, true)
#7 C:\laragon\www\adonbacked\app\Controllers\DoctorController.php(388): CodeIgniter\Model->insert(Array)
#8 C:\laragon\www\adonbacked\system\CodeIgniter.php(942): App\Controllers\DoctorController->add_prof_pres('2')
#9 C:\laragon\www\adonbacked\system\CodeIgniter.php(502): CodeIgniter\CodeIgniter->runController(Object(App\Controllers\DoctorController))
#10 C:\laragon\www\adonbacked\system\CodeIgniter.php(361): CodeIgniter\CodeIgniter->handleRequest(NULL, Object(Config\Cache), false)
#11 C:\laragon\www\adonbacked\public\index.php(87): CodeIgniter\CodeIgniter->run()
#12 C:\laragon\www\adonbacked\system\Commands\Server\rewrite.php(47): require_once('C:\\laragon\\www\\...')
#13 {main}
CRITICAL - 2024-05-25 13:37:41 --> Table 'adonai.prescriptions' doesn't exist
in SYSTEMPATH\Database\BaseConnection.php on line 647.
 1 SYSTEMPATH\Database\BaseBuilder.php(2308): CodeIgniter\Database\BaseConnection->query('INSERT INTO `prescriptions` (`DoctorID`, `PatientID`, `Name`, `Gender`, `Date`, `Address`, `Age`, `DateOfBirth`, `Occupation`, `Phone`, `B_OD_SPH`, `B_OD_CYL`, `B_OD_AX`, `B_OD_ADD`, `B_OD_VA`, `B_OD_PD`, `B_OS_SPH`, `B_OS_CYL`, `B_OS_AX`, `B_OS_ADD`, `B_OS_VA`, `B_OS_PD`, `Ocular_History`, `L_OD_SPH`, `L_OD_CYL`, `L_OD_AX`, `L_OD_ADD`, `L_OD_PD`, `L_OS_SPH`, `L_OS_CYL`, `L_OS_AX`, `L_OS_ADD`, `L_OS_PD`, `Frame`, `Lens`, `Total`, `Diagnosis`, `Remarks`, `Management`, `Follow_Up`) VALUES (:DoctorID:, :PatientID:, :Name:, :Gender:, :Date:, :Address:, :Age:, :DateOfBirth:, :Occupation:, :Phone:, :B_OD_SPH:, :B_OD_CYL:, :B_OD_AX:, :B_OD_ADD:, :B_OD_VA:, :B_OD_PD:, :B_OS_SPH:, :B_OS_CYL:, :B_OS_AX:, :B_OS_ADD:, :B_OS_VA:, :B_OS_PD:, :Ocular_History:, :L_OD_SPH:, :L_OD_CYL:, :L_OD_AX:, :L_OD_ADD:, :L_OD_PD:, :L_OS_SPH:, :L_OS_CYL:, :L_OS_AX:, :L_OS_ADD:, :L_OS_PD:, :Frame:, :Lens:, :Total:, :Diagnosis:, :Remarks:, :Management:, :Follow_Up:)', [...], false)
 2 SYSTEMPATH\Model.php(319): CodeIgniter\Database\BaseBuilder->insert()
 3 SYSTEMPATH\BaseModel.php(788): CodeIgniter\Model->doInsert([...])
 4 SYSTEMPATH\Model.php(715): CodeIgniter\BaseModel->insert([...], true)
 5 APPPATH\Controllers\DoctorController.php(388): CodeIgniter\Model->insert([...])
 6 SYSTEMPATH\CodeIgniter.php(942): App\Controllers\DoctorController->add_prof_pres('2')
 7 SYSTEMPATH\CodeIgniter.php(502): CodeIgniter\CodeIgniter->runController(Object(App\Controllers\DoctorController))
 8 SYSTEMPATH\CodeIgniter.php(361): CodeIgniter\CodeIgniter->handleRequest(null, Object(Config\Cache), false)
 9 FCPATH\index.php(87): CodeIgniter\CodeIgniter->run()
10 SYSTEMPATH\Commands\Server\rewrite.php(47): require_once('C:\\laragon\\www\\adonbacked\\public\\index.php')
ERROR - 2024-05-25 13:42:12 --> mysqli_sql_exception: Table 'adonai.prescriptions' doesn't exist in C:\laragon\www\adonbacked\system\Database\MySQLi\Connection.php:306
Stack trace:
#0 C:\laragon\www\adonbacked\system\Database\MySQLi\Connection.php(306): mysqli->query('INSERT INTO `pr...', 0)
#1 C:\laragon\www\adonbacked\system\Database\BaseConnection.php(693): CodeIgniter\Database\MySQLi\Connection->execute('INSERT INTO `pr...')
#2 C:\laragon\www\adonbacked\system\Database\BaseConnection.php(607): CodeIgniter\Database\BaseConnection->simpleQuery('INSERT INTO `pr...')
#3 C:\laragon\www\adonbacked\system\Database\BaseBuilder.php(2308): CodeIgniter\Database\BaseConnection->query('INSERT INTO `pr...', Array, false)
#4 C:\laragon\www\adonbacked\system\Model.php(319): CodeIgniter\Database\BaseBuilder->insert()
#5 C:\laragon\www\adonbacked\system\BaseModel.php(788): CodeIgniter\Model->doInsert(Array)
#6 C:\laragon\www\adonbacked\system\Model.php(715): CodeIgniter\BaseModel->insert(Array, true)
#7 C:\laragon\www\adonbacked\app\Controllers\DoctorController.php(388): CodeIgniter\Model->insert(Array)
#8 C:\laragon\www\adonbacked\system\CodeIgniter.php(942): App\Controllers\DoctorController->insert_prof_pres('2')
#9 C:\laragon\www\adonbacked\system\CodeIgniter.php(502): CodeIgniter\CodeIgniter->runController(Object(App\Controllers\DoctorController))
#10 C:\laragon\www\adonbacked\system\CodeIgniter.php(361): CodeIgniter\CodeIgniter->handleRequest(NULL, Object(Config\Cache), false)
#11 C:\laragon\www\adonbacked\public\index.php(87): CodeIgniter\CodeIgniter->run()
#12 C:\laragon\www\adonbacked\system\Commands\Server\rewrite.php(47): require_once('C:\\laragon\\www\\...')
#13 {main}
CRITICAL - 2024-05-25 13:42:12 --> Table 'adonai.prescriptions' doesn't exist
in SYSTEMPATH\Database\BaseConnection.php on line 647.
 1 SYSTEMPATH\Database\BaseBuilder.php(2308): CodeIgniter\Database\BaseConnection->query('INSERT INTO `prescriptions` (`DoctorID`, `PatientID`, `Name`, `Gender`, `Date`, `Address`, `Age`, `DateOfBirth`, `Occupation`, `Phone`, `B_OD_SPH`, `B_OD_CYL`, `B_OD_AX`, `B_OD_ADD`, `B_OD_VA`, `B_OD_PD`, `B_OS_SPH`, `B_OS_CYL`, `B_OS_AX`, `B_OS_ADD`, `B_OS_VA`, `B_OS_PD`, `Ocular_History`, `L_OD_SPH`, `L_OD_CYL`, `L_OD_AX`, `L_OD_ADD`, `L_OD_PD`, `L_OS_SPH`, `L_OS_CYL`, `L_OS_AX`, `L_OS_ADD`, `L_OS_PD`, `Frame`, `Lens`, `Total`, `Diagnosis`, `Remarks`, `Management`, `Follow_Up`) VALUES (:DoctorID:, :PatientID:, :Name:, :Gender:, :Date:, :Address:, :Age:, :DateOfBirth:, :Occupation:, :Phone:, :B_OD_SPH:, :B_OD_CYL:, :B_OD_AX:, :B_OD_ADD:, :B_OD_VA:, :B_OD_PD:, :B_OS_SPH:, :B_OS_CYL:, :B_OS_AX:, :B_OS_ADD:, :B_OS_VA:, :B_OS_PD:, :Ocular_History:, :L_OD_SPH:, :L_OD_CYL:, :L_OD_AX:, :L_OD_ADD:, :L_OD_PD:, :L_OS_SPH:, :L_OS_CYL:, :L_OS_AX:, :L_OS_ADD:, :L_OS_PD:, :Frame:, :Lens:, :Total:, :Diagnosis:, :Remarks:, :Management:, :Follow_Up:)', [...], false)
 2 SYSTEMPATH\Model.php(319): CodeIgniter\Database\BaseBuilder->insert()
 3 SYSTEMPATH\BaseModel.php(788): CodeIgniter\Model->doInsert([...])
 4 SYSTEMPATH\Model.php(715): CodeIgniter\BaseModel->insert([...], true)
 5 APPPATH\Controllers\DoctorController.php(388): CodeIgniter\Model->insert([...])
 6 SYSTEMPATH\CodeIgniter.php(942): App\Controllers\DoctorController->insert_prof_pres('2')
 7 SYSTEMPATH\CodeIgniter.php(502): CodeIgniter\CodeIgniter->runController(Object(App\Controllers\DoctorController))
 8 SYSTEMPATH\CodeIgniter.php(361): CodeIgniter\CodeIgniter->handleRequest(null, Object(Config\Cache), false)
 9 FCPATH\index.php(87): CodeIgniter\CodeIgniter->run()
10 SYSTEMPATH\Commands\Server\rewrite.php(47): require_once('C:\\laragon\\www\\adonbacked\\public\\index.php')
CRITICAL - 2024-05-25 14:02:15 --> Cannot access offset of type string on string
in APPPATH\Views\doctor\patients_profile.php on line 125.
 1 SYSTEMPATH\View\View.php(228): include()
 2 SYSTEMPATH\View\View.php(231): CodeIgniter\View\View->CodeIgniter\View\{closure}()
 3 SYSTEMPATH\Common.php(1190): CodeIgniter\View\View->render('doctor/patients_profile', [], true)
 4 APPPATH\Controllers\DoctorController.php(227): view('doctor/patients_profile', [...])
 5 SYSTEMPATH\CodeIgniter.php(942): App\Controllers\DoctorController->getPatients_Profile('2')
 6 SYSTEMPATH\CodeIgniter.php(502): CodeIgniter\CodeIgniter->runController(Object(App\Controllers\DoctorController))
 7 SYSTEMPATH\CodeIgniter.php(361): CodeIgniter\CodeIgniter->handleRequest(null, Object(Config\Cache), false)
 8 FCPATH\index.php(87): CodeIgniter\CodeIgniter->run()
 9 SYSTEMPATH\Commands\Server\rewrite.php(47): require_once('C:\\laragon\\www\\adonbacked\\public\\index.php')
CRITICAL - 2024-05-25 14:02:36 --> Cannot access offset of type string on string
in APPPATH\Views\doctor\patients_profile.php on line 125.
 1 SYSTEMPATH\View\View.php(228): include()
 2 SYSTEMPATH\View\View.php(231): CodeIgniter\View\View->CodeIgniter\View\{closure}()
 3 SYSTEMPATH\Common.php(1190): CodeIgniter\View\View->render('doctor/patients_profile', [], true)
 4 APPPATH\Controllers\DoctorController.php(227): view('doctor/patients_profile', [...])
 5 SYSTEMPATH\CodeIgniter.php(942): App\Controllers\DoctorController->getPatients_Profile('2')
 6 SYSTEMPATH\CodeIgniter.php(502): CodeIgniter\CodeIgniter->runController(Object(App\Controllers\DoctorController))
 7 SYSTEMPATH\CodeIgniter.php(361): CodeIgniter\CodeIgniter->handleRequest(null, Object(Config\Cache), false)
 8 FCPATH\index.php(87): CodeIgniter\CodeIgniter->run()
 9 SYSTEMPATH\Commands\Server\rewrite.php(47): require_once('C:\\laragon\\www\\adonbacked\\public\\index.php')
CRITICAL - 2024-05-25 14:03:10 --> Cannot access offset of type string on string
in APPPATH\Views\doctor\patients_profile.php on line 125.
 1 SYSTEMPATH\View\View.php(228): include()
 2 SYSTEMPATH\View\View.php(231): CodeIgniter\View\View->CodeIgniter\View\{closure}()
 3 SYSTEMPATH\Common.php(1190): CodeIgniter\View\View->render('doctor/patients_profile', [], true)
 4 APPPATH\Controllers\DoctorController.php(227): view('doctor/patients_profile', [...])
 5 SYSTEMPATH\CodeIgniter.php(942): App\Controllers\DoctorController->getPatients_Profile('2')
 6 SYSTEMPATH\CodeIgniter.php(502): CodeIgniter\CodeIgniter->runController(Object(App\Controllers\DoctorController))
 7 SYSTEMPATH\CodeIgniter.php(361): CodeIgniter\CodeIgniter->handleRequest(null, Object(Config\Cache), false)
 8 FCPATH\index.php(87): CodeIgniter\CodeIgniter->run()
 9 SYSTEMPATH\Commands\Server\rewrite.php(47): require_once('C:\\laragon\\www\\adonbacked\\public\\index.php')
CRITICAL - 2024-05-25 14:03:24 --> Cannot access offset of type string on string
in APPPATH\Views\doctor\patients_profile.php on line 125.
 1 SYSTEMPATH\View\View.php(228): include()
 2 SYSTEMPATH\View\View.php(231): CodeIgniter\View\View->CodeIgniter\View\{closure}()
 3 SYSTEMPATH\Common.php(1190): CodeIgniter\View\View->render('doctor/patients_profile', [], true)
 4 APPPATH\Controllers\DoctorController.php(227): view('doctor/patients_profile', [...])
 5 SYSTEMPATH\CodeIgniter.php(942): App\Controllers\DoctorController->getPatients_Profile('2')
 6 SYSTEMPATH\CodeIgniter.php(502): CodeIgniter\CodeIgniter->runController(Object(App\Controllers\DoctorController))
 7 SYSTEMPATH\CodeIgniter.php(361): CodeIgniter\CodeIgniter->handleRequest(null, Object(Config\Cache), false)
 8 FCPATH\index.php(87): CodeIgniter\CodeIgniter->run()
 9 SYSTEMPATH\Commands\Server\rewrite.php(47): require_once('C:\\laragon\\www\\adonbacked\\public\\index.php')
CRITICAL - 2024-05-25 14:12:18 --> syntax error, unexpected end of file
in APPPATH\Views\doctor\patients_profile.php on line 420.
 1 SYSTEMPATH\View\View.php(231): CodeIgniter\View\View->CodeIgniter\View\{closure}()
 2 SYSTEMPATH\Common.php(1190): CodeIgniter\View\View->render('doctor/patients_profile', [], true)
 3 APPPATH\Controllers\DoctorController.php(245): view('doctor/patients_profile', [...])
 4 SYSTEMPATH\CodeIgniter.php(942): App\Controllers\DoctorController->getPatients_Profile('2')
 5 SYSTEMPATH\CodeIgniter.php(502): CodeIgniter\CodeIgniter->runController(Object(App\Controllers\DoctorController))
 6 SYSTEMPATH\CodeIgniter.php(361): CodeIgniter\CodeIgniter->handleRequest(null, Object(Config\Cache), false)
 7 FCPATH\index.php(87): CodeIgniter\CodeIgniter->run()
 8 SYSTEMPATH\Commands\Server\rewrite.php(47): require_once('C:\\laragon\\www\\adonbacked\\public\\index.php')
CRITICAL - 2024-05-25 14:12:25 --> syntax error, unexpected end of file
in APPPATH\Views\doctor\patients_profile.php on line 420.
 1 SYSTEMPATH\View\View.php(231): CodeIgniter\View\View->CodeIgniter\View\{closure}()
 2 SYSTEMPATH\Common.php(1190): CodeIgniter\View\View->render('doctor/patients_profile', [], true)
 3 APPPATH\Controllers\DoctorController.php(245): view('doctor/patients_profile', [...])
 4 SYSTEMPATH\CodeIgniter.php(942): App\Controllers\DoctorController->getPatients_Profile('2')
 5 SYSTEMPATH\CodeIgniter.php(502): CodeIgniter\CodeIgniter->runController(Object(App\Controllers\DoctorController))
 6 SYSTEMPATH\CodeIgniter.php(361): CodeIgniter\CodeIgniter->handleRequest(null, Object(Config\Cache), false)
 7 FCPATH\index.php(87): CodeIgniter\CodeIgniter->run()
 8 SYSTEMPATH\Commands\Server\rewrite.php(47): require_once('C:\\laragon\\www\\adonbacked\\public\\index.php')
CRITICAL - 2024-05-25 14:12:45 --> syntax error, unexpected end of file
in APPPATH\Views\doctor\patients_profile.php on line 420.
 1 SYSTEMPATH\View\View.php(231): CodeIgniter\View\View->CodeIgniter\View\{closure}()
 2 SYSTEMPATH\Common.php(1190): CodeIgniter\View\View->render('doctor/patients_profile', [], true)
 3 APPPATH\Controllers\DoctorController.php(245): view('doctor/patients_profile', [...])
 4 SYSTEMPATH\CodeIgniter.php(942): App\Controllers\DoctorController->getPatients_Profile('2')
 5 SYSTEMPATH\CodeIgniter.php(502): CodeIgniter\CodeIgniter->runController(Object(App\Controllers\DoctorController))
 6 SYSTEMPATH\CodeIgniter.php(361): CodeIgniter\CodeIgniter->handleRequest(null, Object(Config\Cache), false)
 7 FCPATH\index.php(87): CodeIgniter\CodeIgniter->run()
 8 SYSTEMPATH\Commands\Server\rewrite.php(47): require_once('C:\\laragon\\www\\adonbacked\\public\\index.php')
CRITICAL - 2024-05-25 14:12:47 --> syntax error, unexpected end of file
in APPPATH\Views\doctor\patients_profile.php on line 420.
 1 SYSTEMPATH\View\View.php(231): CodeIgniter\View\View->CodeIgniter\View\{closure}()
 2 SYSTEMPATH\Common.php(1190): CodeIgniter\View\View->render('doctor/patients_profile', [], true)
 3 APPPATH\Controllers\DoctorController.php(245): view('doctor/patients_profile', [...])
 4 SYSTEMPATH\CodeIgniter.php(942): App\Controllers\DoctorController->getPatients_Profile('2')
 5 SYSTEMPATH\CodeIgniter.php(502): CodeIgniter\CodeIgniter->runController(Object(App\Controllers\DoctorController))
 6 SYSTEMPATH\CodeIgniter.php(361): CodeIgniter\CodeIgniter->handleRequest(null, Object(Config\Cache), false)
 7 FCPATH\index.php(87): CodeIgniter\CodeIgniter->run()
 8 SYSTEMPATH\Commands\Server\rewrite.php(47): require_once('C:\\laragon\\www\\adonbacked\\public\\index.php')
CRITICAL - 2024-05-25 14:12:49 --> syntax error, unexpected end of file
in APPPATH\Views\doctor\patients_profile.php on line 420.
 1 SYSTEMPATH\View\View.php(231): CodeIgniter\View\View->CodeIgniter\View\{closure}()
 2 SYSTEMPATH\Common.php(1190): CodeIgniter\View\View->render('doctor/patients_profile', [], true)
 3 APPPATH\Controllers\DoctorController.php(245): view('doctor/patients_profile', [...])
 4 SYSTEMPATH\CodeIgniter.php(942): App\Controllers\DoctorController->getPatients_Profile('2')
 5 SYSTEMPATH\CodeIgniter.php(502): CodeIgniter\CodeIgniter->runController(Object(App\Controllers\DoctorController))
 6 SYSTEMPATH\CodeIgniter.php(361): CodeIgniter\CodeIgniter->handleRequest(null, Object(Config\Cache), false)
 7 FCPATH\index.php(87): CodeIgniter\CodeIgniter->run()
 8 SYSTEMPATH\Commands\Server\rewrite.php(47): require_once('C:\\laragon\\www\\adonbacked\\public\\index.php')
CRITICAL - 2024-05-25 14:14:15 --> Undefined array key "appointment"
in APPPATH\Views\doctor\patients_profile.php on line 130.
 1 APPPATH\Views\doctor\patients_profile.php(130): CodeIgniter\Debug\Exceptions->errorHandler(2, 'Undefined array key "appointment"', 'C:\\laragon\\www\\adonbacked\\app\\Views\\doctor\\patients_profile.php', 130)
 2 SYSTEMPATH\View\View.php(228): include('C:\\laragon\\www\\adonbacked\\app\\Views\\doctor\\patients_profile.php')
 3 SYSTEMPATH\View\View.php(231): CodeIgniter\View\View->CodeIgniter\View\{closure}()
 4 SYSTEMPATH\Common.php(1190): CodeIgniter\View\View->render('doctor/patients_profile', [], true)
 5 APPPATH\Controllers\DoctorController.php(245): view('doctor/patients_profile', [...])
 6 SYSTEMPATH\CodeIgniter.php(942): App\Controllers\DoctorController->getPatients_Profile('2')
 7 SYSTEMPATH\CodeIgniter.php(502): CodeIgniter\CodeIgniter->runController(Object(App\Controllers\DoctorController))
 8 SYSTEMPATH\CodeIgniter.php(361): CodeIgniter\CodeIgniter->handleRequest(null, Object(Config\Cache), false)
 9 FCPATH\index.php(87): CodeIgniter\CodeIgniter->run()
10 SYSTEMPATH\Commands\Server\rewrite.php(47): require_once('C:\\laragon\\www\\adonbacked\\public\\index.php')
CRITICAL - 2024-05-25 14:14:46 --> Undefined array key "appointment"
in APPPATH\Views\doctor\patients_profile.php on line 130.
 1 APPPATH\Views\doctor\patients_profile.php(130): CodeIgniter\Debug\Exceptions->errorHandler(2, 'Undefined array key "appointment"', 'C:\\laragon\\www\\adonbacked\\app\\Views\\doctor\\patients_profile.php', 130)
 2 SYSTEMPATH\View\View.php(228): include('C:\\laragon\\www\\adonbacked\\app\\Views\\doctor\\patients_profile.php')
 3 SYSTEMPATH\View\View.php(231): CodeIgniter\View\View->CodeIgniter\View\{closure}()
 4 SYSTEMPATH\Common.php(1190): CodeIgniter\View\View->render('doctor/patients_profile', [], true)
 5 APPPATH\Controllers\DoctorController.php(245): view('doctor/patients_profile', [...])
 6 SYSTEMPATH\CodeIgniter.php(942): App\Controllers\DoctorController->getPatients_Profile('2')
 7 SYSTEMPATH\CodeIgniter.php(502): CodeIgniter\CodeIgniter->runController(Object(App\Controllers\DoctorController))
 8 SYSTEMPATH\CodeIgniter.php(361): CodeIgniter\CodeIgniter->handleRequest(null, Object(Config\Cache), false)
 9 FCPATH\index.php(87): CodeIgniter\CodeIgniter->run()
10 SYSTEMPATH\Commands\Server\rewrite.php(47): require_once('C:\\laragon\\www\\adonbacked\\public\\index.php')
CRITICAL - 2024-05-25 14:14:49 --> Undefined array key "appointment"
in APPPATH\Views\doctor\patients_profile.php on line 130.
 1 APPPATH\Views\doctor\patients_profile.php(130): CodeIgniter\Debug\Exceptions->errorHandler(2, 'Undefined array key "appointment"', 'C:\\laragon\\www\\adonbacked\\app\\Views\\doctor\\patients_profile.php', 130)
 2 SYSTEMPATH\View\View.php(228): include('C:\\laragon\\www\\adonbacked\\app\\Views\\doctor\\patients_profile.php')
 3 SYSTEMPATH\View\View.php(231): CodeIgniter\View\View->CodeIgniter\View\{closure}()
 4 SYSTEMPATH\Common.php(1190): CodeIgniter\View\View->render('doctor/patients_profile', [], true)
 5 APPPATH\Controllers\DoctorController.php(245): view('doctor/patients_profile', [...])
 6 SYSTEMPATH\CodeIgniter.php(942): App\Controllers\DoctorController->getPatients_Profile('2')
 7 SYSTEMPATH\CodeIgniter.php(502): CodeIgniter\CodeIgniter->runController(Object(App\Controllers\DoctorController))
 8 SYSTEMPATH\CodeIgniter.php(361): CodeIgniter\CodeIgniter->handleRequest(null, Object(Config\Cache), false)
 9 FCPATH\index.php(87): CodeIgniter\CodeIgniter->run()
10 SYSTEMPATH\Commands\Server\rewrite.php(47): require_once('C:\\laragon\\www\\adonbacked\\public\\index.php')
CRITICAL - 2024-05-25 14:17:01 --> syntax error, unexpected end of file
in APPPATH\Views\doctor\patients_profile.php on line 420.
 1 SYSTEMPATH\View\View.php(231): CodeIgniter\View\View->CodeIgniter\View\{closure}()
 2 SYSTEMPATH\Common.php(1190): CodeIgniter\View\View->render('doctor/patients_profile', [], true)
 3 APPPATH\Controllers\DoctorController.php(245): view('doctor/patients_profile', [...])
 4 SYSTEMPATH\CodeIgniter.php(942): App\Controllers\DoctorController->getPatients_Profile('2')
 5 SYSTEMPATH\CodeIgniter.php(502): CodeIgniter\CodeIgniter->runController(Object(App\Controllers\DoctorController))
 6 SYSTEMPATH\CodeIgniter.php(361): CodeIgniter\CodeIgniter->handleRequest(null, Object(Config\Cache), false)
 7 FCPATH\index.php(87): CodeIgniter\CodeIgniter->run()
 8 SYSTEMPATH\Commands\Server\rewrite.php(47): require_once('C:\\laragon\\www\\adonbacked\\public\\index.php')
CRITICAL - 2024-05-25 14:17:15 --> syntax error, unexpected end of file
in APPPATH\Views\doctor\patients_profile.php on line 420.
 1 SYSTEMPATH\View\View.php(231): CodeIgniter\View\View->CodeIgniter\View\{closure}()
 2 SYSTEMPATH\Common.php(1190): CodeIgniter\View\View->render('doctor/patients_profile', [], true)
 3 APPPATH\Controllers\DoctorController.php(245): view('doctor/patients_profile', [...])
 4 SYSTEMPATH\CodeIgniter.php(942): App\Controllers\DoctorController->getPatients_Profile('2')
 5 SYSTEMPATH\CodeIgniter.php(502): CodeIgniter\CodeIgniter->runController(Object(App\Controllers\DoctorController))
 6 SYSTEMPATH\CodeIgniter.php(361): CodeIgniter\CodeIgniter->handleRequest(null, Object(Config\Cache), false)
 7 FCPATH\index.php(87): CodeIgniter\CodeIgniter->run()
 8 SYSTEMPATH\Commands\Server\rewrite.php(47): require_once('C:\\laragon\\www\\adonbacked\\public\\index.php')
CRITICAL - 2024-05-25 14:21:22 --> Undefined array key "prescription"
in APPPATH\Views\doctor\patients_profile.php on line 172.
 1 APPPATH\Views\doctor\patients_profile.php(172): CodeIgniter\Debug\Exceptions->errorHandler(2, 'Undefined array key "prescription"', 'C:\\laragon\\www\\adonbacked\\app\\Views\\doctor\\patients_profile.php', 172)
 2 SYSTEMPATH\View\View.php(228): include('C:\\laragon\\www\\adonbacked\\app\\Views\\doctor\\patients_profile.php')
 3 SYSTEMPATH\View\View.php(231): CodeIgniter\View\View->CodeIgniter\View\{closure}()
 4 SYSTEMPATH\Common.php(1190): CodeIgniter\View\View->render('doctor/patients_profile', [], true)
 5 APPPATH\Controllers\DoctorController.php(245): view('doctor/patients_profile', [...])
 6 SYSTEMPATH\CodeIgniter.php(942): App\Controllers\DoctorController->getPatients_Profile('2')
 7 SYSTEMPATH\CodeIgniter.php(502): CodeIgniter\CodeIgniter->runController(Object(App\Controllers\DoctorController))
 8 SYSTEMPATH\CodeIgniter.php(361): CodeIgniter\CodeIgniter->handleRequest(null, Object(Config\Cache), false)
 9 FCPATH\index.php(87): CodeIgniter\CodeIgniter->run()
10 SYSTEMPATH\Commands\Server\rewrite.php(47): require_once('C:\\laragon\\www\\adonbacked\\public\\index.php')
CRITICAL - 2024-05-25 14:21:30 --> Undefined array key "prescriptions"
in APPPATH\Views\doctor\patients_profile.php on line 172.
 1 APPPATH\Views\doctor\patients_profile.php(172): CodeIgniter\Debug\Exceptions->errorHandler(2, 'Undefined array key "prescriptions"', 'C:\\laragon\\www\\adonbacked\\app\\Views\\doctor\\patients_profile.php', 172)
 2 SYSTEMPATH\View\View.php(228): include('C:\\laragon\\www\\adonbacked\\app\\Views\\doctor\\patients_profile.php')
 3 SYSTEMPATH\View\View.php(231): CodeIgniter\View\View->CodeIgniter\View\{closure}()
 4 SYSTEMPATH\Common.php(1190): CodeIgniter\View\View->render('doctor/patients_profile', [], true)
 5 APPPATH\Controllers\DoctorController.php(245): view('doctor/patients_profile', [...])
 6 SYSTEMPATH\CodeIgniter.php(942): App\Controllers\DoctorController->getPatients_Profile('2')
 7 SYSTEMPATH\CodeIgniter.php(502): CodeIgniter\CodeIgniter->runController(Object(App\Controllers\DoctorController))
 8 SYSTEMPATH\CodeIgniter.php(361): CodeIgniter\CodeIgniter->handleRequest(null, Object(Config\Cache), false)
 9 FCPATH\index.php(87): CodeIgniter\CodeIgniter->run()
10 SYSTEMPATH\Commands\Server\rewrite.php(47): require_once('C:\\laragon\\www\\adonbacked\\public\\index.php')
CRITICAL - 2024-05-25 14:23:30 --> Undefined array key "appointment"
in APPPATH\Views\doctor\patients_profile.php on line 172.
 1 APPPATH\Views\doctor\patients_profile.php(172): CodeIgniter\Debug\Exceptions->errorHandler(2, 'Undefined array key "appointment"', 'C:\\laragon\\www\\adonbacked\\app\\Views\\doctor\\patients_profile.php', 172)
 2 SYSTEMPATH\View\View.php(228): include('C:\\laragon\\www\\adonbacked\\app\\Views\\doctor\\patients_profile.php')
 3 SYSTEMPATH\View\View.php(231): CodeIgniter\View\View->CodeIgniter\View\{closure}()
 4 SYSTEMPATH\Common.php(1190): CodeIgniter\View\View->render('doctor/patients_profile', [], true)
 5 APPPATH\Controllers\DoctorController.php(245): view('doctor/patients_profile', [...])
 6 SYSTEMPATH\CodeIgniter.php(942): App\Controllers\DoctorController->getPatients_Profile('2')
 7 SYSTEMPATH\CodeIgniter.php(502): CodeIgniter\CodeIgniter->runController(Object(App\Controllers\DoctorController))
 8 SYSTEMPATH\CodeIgniter.php(361): CodeIgniter\CodeIgniter->handleRequest(null, Object(Config\Cache), false)
 9 FCPATH\index.php(87): CodeIgniter\CodeIgniter->run()
10 SYSTEMPATH\Commands\Server\rewrite.php(47): require_once('C:\\laragon\\www\\adonbacked\\public\\index.php')
