ERROR - 2024-01-22 04:56:14 --> mysqli_sql_exception: Column 'Fullname' cannot be null in C:\laragon\www\adonback\system\Database\MySQLi\Connection.php:306
Stack trace:
#0 C:\laragon\www\adonback\system\Database\MySQLi\Connection.php(306): mysqli->query('INSERT INTO `ap...', 0)
#1 C:\laragon\www\adonback\system\Database\BaseConnection.php(693): CodeIgniter\Database\MySQLi\Connection->execute('INSERT INTO `ap...')
#2 C:\laragon\www\adonback\system\Database\BaseConnection.php(607): CodeIgniter\Database\BaseConnection->simpleQuery('INSERT INTO `ap...')
#3 C:\laragon\www\adonback\system\Database\BaseBuilder.php(2308): CodeIgniter\Database\BaseConnection->query('INSERT INTO `ap...', Array, false)
#4 C:\laragon\www\adonback\system\Model.php(319): CodeIgniter\Database\BaseBuilder->insert()
#5 C:\laragon\www\adonback\system\BaseModel.php(788): CodeIgniter\Model->doInsert(Array)
#6 C:\laragon\www\adonback\system\Model.php(715): CodeIgniter\BaseModel->insert(Array, true)
#7 C:\laragon\www\adonback\app\Controllers\PatientController.php(35): CodeIgniter\Model->insert(Array)
#8 C:\laragon\www\adonback\system\CodeIgniter.php(942): App\Controllers\PatientController->insertBooking('1')
#9 C:\laragon\www\adonback\system\CodeIgniter.php(502): CodeIgniter\CodeIgniter->runController(Object(App\Controllers\PatientController))
#10 C:\laragon\www\adonback\system\CodeIgniter.php(361): CodeIgniter\CodeIgniter->handleRequest(NULL, Object(Config\Cache), false)
#11 C:\laragon\www\adonback\public\index.php(87): CodeIgniter\CodeIgniter->run()
#12 {main}
CRITICAL - 2024-01-22 04:56:14 --> Column 'Fullname' cannot be null
in SYSTEMPATH\Database\BaseConnection.php on line 647.
 1 SYSTEMPATH\Database\BaseBuilder.php(2308): CodeIgniter\Database\BaseConnection->query('INSERT INTO `appointments` (`PatientID`, `Fullname`, `Email`, `Phone`, `Pref_Date`, `Pref_Doctor`, `Purpose`, `Add_message`, `Status`) VALUES (:PatientID:, :Fullname:, :Email:, :Phone:, :Pref_Date:, :Pref_Doctor:, :Purpose:, :Add_message:, :Status:)', [...], false)
 2 SYSTEMPATH\Model.php(319): CodeIgniter\Database\BaseBuilder->insert()
 3 SYSTEMPATH\BaseModel.php(788): CodeIgniter\Model->doInsert([...])
 4 SYSTEMPATH\Model.php(715): CodeIgniter\BaseModel->insert([...], true)
 5 APPPATH\Controllers\PatientController.php(35): CodeIgniter\Model->insert([...])
 6 SYSTEMPATH\CodeIgniter.php(942): App\Controllers\PatientController->insertBooking('1')
 7 SYSTEMPATH\CodeIgniter.php(502): CodeIgniter\CodeIgniter->runController(Object(App\Controllers\PatientController))
 8 SYSTEMPATH\CodeIgniter.php(361): CodeIgniter\CodeIgniter->handleRequest(null, Object(Config\Cache), false)
 9 FCPATH\index.php(87): CodeIgniter\CodeIgniter->run()
ERROR - 2024-01-22 05:21:25 --> Email error: SMTP Error: Could not authenticate.
CRITICAL - 2024-01-22 06:47:00 --> Class "Locale" not found
in SYSTEMPATH\CodeIgniter.php on line 218.
 1 ROOTPATH\spark(88): CodeIgniter\CodeIgniter->initialize()
CRITICAL - 2024-01-22 06:47:00 --> Uncaught Error: Class "Locale" not found in C:\laragon\www\adonback\system\I18n\TimeTrait.php:74
Stack trace:
#0 C:\laragon\www\adonback\system\I18n\TimeTrait.php(115): CodeIgniter\I18n\Time->__construct(NULL, NULL, NULL)
#1 C:\laragon\www\adonback\system\HTTP\ResponseTrait.php(468): CodeIgniter\I18n\Time::now()
#2 C:\laragon\www\adonback\system\HTTP\ResponseTrait.php(446): CodeIgniter\HTTP\Response->sendHeaders()
#3 C:\laragon\www\adonback\system\Debug\ExceptionHandler.php(81): CodeIgniter\HTTP\Response->send()
#4 C:\laragon\www\adonback\system\Debug\Exceptions.php(148): CodeIgniter\Debug\ExceptionHandler->handle(Object(Error), Object(CodeIgniter\HTTP\IncomingRequest), Object(CodeIgniter\HTTP\Response), 500, 1)
#5 [internal function]: CodeIgniter\Debug\Exceptions->exceptionHandler(Object(Error))
#6 {main}
  thrown
【Previous Exception】
Error
Class "Locale" not found
#0 C:\laragon\www\adonback\spark(88): CodeIgniter\CodeIgniter->initialize()
#1 {main}
in SYSTEMPATH\I18n\TimeTrait.php on line 74.
 1 [internal function]: CodeIgniter\Debug\Exceptions->shutdownHandler()
ERROR - 2024-01-22 06:46:46 --> Email error: Message body empty
ERROR - 2024-01-22 06:49:51 --> Email error: Message body empty
ERROR - 2024-01-22 06:55:40 --> Email error: Message body empty
