CRITICAL - 2024-05-24 14:30:57 --> Undefined array key "PatientID"
in APPPATH\Controllers\UserController.php on line 762.
 1 APPPATH\Controllers\UserController.php(762): CodeIgniter\Debug\Exceptions->errorHandler(2, 'Undefined array key "PatientID"', 'C:\\laragon\\www\\adonbacked\\app\\Controllers\\UserController.php', 762)
 2 SYSTEMPATH\CodeIgniter.php(942): App\Controllers\UserController->checkSessionData()
 3 SYSTEMPATH\CodeIgniter.php(502): CodeIgniter\CodeIgniter->runController(Object(App\Controllers\UserController))
 4 SYSTEMPATH\CodeIgniter.php(361): CodeIgniter\CodeIgniter->handleRequest(null, Object(Config\Cache), false)
 5 FCPATH\index.php(87): CodeIgniter\CodeIgniter->run()
 6 SYSTEMPATH\Commands\Server\rewrite.php(47): require_once('C:\\laragon\\www\\adonbacked\\public\\index.php')
CRITICAL - 2024-05-24 14:34:43 --> Undefined variable $datas
in APPPATH\Controllers\UserController.php on line 442.
 1 APPPATH\Controllers\UserController.php(442): CodeIgniter\Debug\Exceptions->errorHandler(2, 'Undefined variable $datas', 'C:\\laragon\\www\\adonbacked\\app\\Controllers\\UserController.php', 442)
 2 SYSTEMPATH\CodeIgniter.php(942): App\Controllers\UserController->db_doctor()
 3 SYSTEMPATH\CodeIgniter.php(502): CodeIgniter\CodeIgniter->runController(Object(App\Controllers\UserController))
 4 SYSTEMPATH\CodeIgniter.php(361): CodeIgniter\CodeIgniter->handleRequest(null, Object(Config\Cache), false)
 5 FCPATH\index.php(87): CodeIgniter\CodeIgniter->run()
 6 SYSTEMPATH\Commands\Server\rewrite.php(47): require_once('C:\\laragon\\www\\adonbacked\\public\\index.php')
CRITICAL - 2024-05-24 14:38:02 --> Undefined variable $doctors
in APPPATH\Views\include\navbar_doctor.php on line 50.
 1 APPPATH\Views\include\navbar_doctor.php(50): CodeIgniter\Debug\Exceptions->errorHandler(2, 'Undefined variable $doctors', 'C:\\laragon\\www\\adonbacked\\app\\Views\\include\\navbar_doctor.php', 50)
 2 SYSTEMPATH\View\View.php(228): include('C:\\laragon\\www\\adonbacked\\app\\Views\\include\\navbar_doctor.php')
 3 SYSTEMPATH\View\View.php(231): CodeIgniter\View\View->CodeIgniter\View\{closure}()
 4 SYSTEMPATH\View\View.php(469): CodeIgniter\View\View->render('include/navbar_doctor', null, true)
 5 APPPATH\Views\doctor\patients_profile.php(17): CodeIgniter\View\View->include('include/navbar_doctor')
 6 SYSTEMPATH\View\View.php(228): include('C:\\laragon\\www\\adonbacked\\app\\Views\\doctor\\patients_profile.php')
 7 SYSTEMPATH\View\View.php(231): CodeIgniter\View\View->CodeIgniter\View\{closure}()
 8 SYSTEMPATH\Common.php(1190): CodeIgniter\View\View->render('doctor/patients_profile', [], true)
 9 APPPATH\Controllers\DoctorController.php(207): view('doctor/patients_profile', [...])
10 SYSTEMPATH\CodeIgniter.php(942): App\Controllers\DoctorController->getPatients_Profile('2')
11 SYSTEMPATH\CodeIgniter.php(502): CodeIgniter\CodeIgniter->runController(Object(App\Controllers\DoctorController))
12 SYSTEMPATH\CodeIgniter.php(361): CodeIgniter\CodeIgniter->handleRequest(null, Object(Config\Cache), false)
13 FCPATH\index.php(87): CodeIgniter\CodeIgniter->run()
14 SYSTEMPATH\Commands\Server\rewrite.php(47): require_once('C:\\laragon\\www\\adonbacked\\public\\index.php')
CRITICAL - 2024-05-24 14:40:25 --> Cannot access offset of type string on string
in APPPATH\Views\include\navbar_doctor.php on line 53.
 1 SYSTEMPATH\View\View.php(228): include()
 2 SYSTEMPATH\View\View.php(231): CodeIgniter\View\View->CodeIgniter\View\{closure}()
 3 SYSTEMPATH\View\View.php(469): CodeIgniter\View\View->render('include/navbar_doctor', null, true)
 4 APPPATH\Views\doctor\patients_profile.php(17): CodeIgniter\View\View->include('include/navbar_doctor')
 5 SYSTEMPATH\View\View.php(228): include('C:\\laragon\\www\\adonbacked\\app\\Views\\doctor\\patients_profile.php')
 6 SYSTEMPATH\View\View.php(231): CodeIgniter\View\View->CodeIgniter\View\{closure}()
 7 SYSTEMPATH\Common.php(1190): CodeIgniter\View\View->render('doctor/patients_profile', [], true)
 8 APPPATH\Controllers\DoctorController.php(212): view('doctor/patients_profile', [...])
 9 SYSTEMPATH\CodeIgniter.php(942): App\Controllers\DoctorController->getPatients_Profile('2')
10 SYSTEMPATH\CodeIgniter.php(502): CodeIgniter\CodeIgniter->runController(Object(App\Controllers\DoctorController))
11 SYSTEMPATH\CodeIgniter.php(361): CodeIgniter\CodeIgniter->handleRequest(null, Object(Config\Cache), false)
12 FCPATH\index.php(87): CodeIgniter\CodeIgniter->run()
13 SYSTEMPATH\Commands\Server\rewrite.php(47): require_once('C:\\laragon\\www\\adonbacked\\public\\index.php')
CRITICAL - 2024-05-24 14:40:35 --> Cannot access offset of type string on string
in APPPATH\Views\include\navbar_doctor.php on line 53.
 1 SYSTEMPATH\View\View.php(228): include()
 2 SYSTEMPATH\View\View.php(231): CodeIgniter\View\View->CodeIgniter\View\{closure}()
 3 SYSTEMPATH\View\View.php(469): CodeIgniter\View\View->render('include/navbar_doctor', null, true)
 4 APPPATH\Views\doctor\patients_profile.php(17): CodeIgniter\View\View->include('include/navbar_doctor')
 5 SYSTEMPATH\View\View.php(228): include('C:\\laragon\\www\\adonbacked\\app\\Views\\doctor\\patients_profile.php')
 6 SYSTEMPATH\View\View.php(231): CodeIgniter\View\View->CodeIgniter\View\{closure}()
 7 SYSTEMPATH\Common.php(1190): CodeIgniter\View\View->render('doctor/patients_profile', [], true)
 8 APPPATH\Controllers\DoctorController.php(212): view('doctor/patients_profile', [...])
 9 SYSTEMPATH\CodeIgniter.php(942): App\Controllers\DoctorController->getPatients_Profile('2')
10 SYSTEMPATH\CodeIgniter.php(502): CodeIgniter\CodeIgniter->runController(Object(App\Controllers\DoctorController))
11 SYSTEMPATH\CodeIgniter.php(361): CodeIgniter\CodeIgniter->handleRequest(null, Object(Config\Cache), false)
12 FCPATH\index.php(87): CodeIgniter\CodeIgniter->run()
13 SYSTEMPATH\Commands\Server\rewrite.php(47): require_once('C:\\laragon\\www\\adonbacked\\public\\index.php')
CRITICAL - 2024-05-24 14:41:32 --> Cannot access offset of type string on string
in APPPATH\Views\include\navbar_doctor.php on line 53.
 1 SYSTEMPATH\View\View.php(228): include()
 2 SYSTEMPATH\View\View.php(231): CodeIgniter\View\View->CodeIgniter\View\{closure}()
 3 SYSTEMPATH\View\View.php(469): CodeIgniter\View\View->render('include/navbar_doctor', null, true)
 4 APPPATH\Views\doctor\patients_profile.php(17): CodeIgniter\View\View->include('include/navbar_doctor')
 5 SYSTEMPATH\View\View.php(228): include('C:\\laragon\\www\\adonbacked\\app\\Views\\doctor\\patients_profile.php')
 6 SYSTEMPATH\View\View.php(231): CodeIgniter\View\View->CodeIgniter\View\{closure}()
 7 SYSTEMPATH\Common.php(1190): CodeIgniter\View\View->render('doctor/patients_profile', [], true)
 8 APPPATH\Controllers\DoctorController.php(210): view('doctor/patients_profile', [...])
 9 SYSTEMPATH\CodeIgniter.php(942): App\Controllers\DoctorController->getPatients_Profile('2')
10 SYSTEMPATH\CodeIgniter.php(502): CodeIgniter\CodeIgniter->runController(Object(App\Controllers\DoctorController))
11 SYSTEMPATH\CodeIgniter.php(361): CodeIgniter\CodeIgniter->handleRequest(null, Object(Config\Cache), false)
12 FCPATH\index.php(87): CodeIgniter\CodeIgniter->run()
13 SYSTEMPATH\Commands\Server\rewrite.php(47): require_once('C:\\laragon\\www\\adonbacked\\public\\index.php')
CRITICAL - 2024-05-24 14:46:21 --> syntax error, unexpected token ","
in APPPATH\Controllers\DoctorController.php on line 222.
 1 SYSTEMPATH\Autoloader\Autoloader.php(291): CodeIgniter\Autoloader\Autoloader->includeFile('C:\\laragon\\www\\adonbacked\\app\\Controllers\\DoctorController.php')
 2 SYSTEMPATH\Autoloader\Autoloader.php(269): CodeIgniter\Autoloader\Autoloader->loadInNamespace('App\\Controllers\\DoctorController')
 3 [internal function]: CodeIgniter\Autoloader\Autoloader->loadClass('App\\Controllers\\DoctorController')
 4 SYSTEMPATH\CodeIgniter.php(900): class_exists('\\App\\Controllers\\DoctorController', true)
 5 SYSTEMPATH\CodeIgniter.php(489): CodeIgniter\CodeIgniter->startController()
 6 SYSTEMPATH\CodeIgniter.php(361): CodeIgniter\CodeIgniter->handleRequest(null, Object(Config\Cache), false)
 7 FCPATH\index.php(87): CodeIgniter\CodeIgniter->run()
 8 SYSTEMPATH\Commands\Server\rewrite.php(47): require_once('C:\\laragon\\www\\adonbacked\\public\\index.php')
CRITICAL - 2024-05-24 14:51:32 --> Cannot access offset of type string on string
in APPPATH\Views\include\navbar_doctor.php on line 53.
 1 SYSTEMPATH\View\View.php(228): include()
 2 SYSTEMPATH\View\View.php(231): CodeIgniter\View\View->CodeIgniter\View\{closure}()
 3 SYSTEMPATH\View\View.php(469): CodeIgniter\View\View->render('include/navbar_doctor', null, true)
 4 APPPATH\Views\doctor\patients_profile.php(17): CodeIgniter\View\View->include('include/navbar_doctor')
 5 SYSTEMPATH\View\View.php(228): include('C:\\laragon\\www\\adonbacked\\app\\Views\\doctor\\patients_profile.php')
 6 SYSTEMPATH\View\View.php(231): CodeIgniter\View\View->CodeIgniter\View\{closure}()
 7 SYSTEMPATH\Common.php(1190): CodeIgniter\View\View->render('doctor/patients_profile', [], true)
 8 APPPATH\Controllers\DoctorController.php(210): view('doctor/patients_profile', [...])
 9 SYSTEMPATH\CodeIgniter.php(942): App\Controllers\DoctorController->getPatients_Profile('2')
10 SYSTEMPATH\CodeIgniter.php(502): CodeIgniter\CodeIgniter->runController(Object(App\Controllers\DoctorController))
11 SYSTEMPATH\CodeIgniter.php(361): CodeIgniter\CodeIgniter->handleRequest(null, Object(Config\Cache), false)
12 FCPATH\index.php(87): CodeIgniter\CodeIgniter->run()
13 SYSTEMPATH\Commands\Server\rewrite.php(47): require_once('C:\\laragon\\www\\adonbacked\\public\\index.php')
CRITICAL - 2024-05-24 15:00:39 --> Undefined variable $patientData
in APPPATH\Views\doctor\patients_profile.php on line 54.
 1 APPPATH\Views\doctor\patients_profile.php(54): CodeIgniter\Debug\Exceptions->errorHandler(2, 'Undefined variable $patientData', 'C:\\laragon\\www\\adonbacked\\app\\Views\\doctor\\patients_profile.php', 54)
 2 SYSTEMPATH\View\View.php(228): include('C:\\laragon\\www\\adonbacked\\app\\Views\\doctor\\patients_profile.php')
 3 SYSTEMPATH\View\View.php(231): CodeIgniter\View\View->CodeIgniter\View\{closure}()
 4 SYSTEMPATH\Common.php(1190): CodeIgniter\View\View->render('doctor/patients_profile', [], true)
 5 APPPATH\Controllers\DoctorController.php(215): view('doctor/patients_profile', [...])
 6 SYSTEMPATH\CodeIgniter.php(942): App\Controllers\DoctorController->getPatients_Profile('2')
 7 SYSTEMPATH\CodeIgniter.php(502): CodeIgniter\CodeIgniter->runController(Object(App\Controllers\DoctorController))
 8 SYSTEMPATH\CodeIgniter.php(361): CodeIgniter\CodeIgniter->handleRequest(null, Object(Config\Cache), false)
 9 FCPATH\index.php(87): CodeIgniter\CodeIgniter->run()
10 SYSTEMPATH\Commands\Server\rewrite.php(47): require_once('C:\\laragon\\www\\adonbacked\\public\\index.php')
CRITICAL - 2024-05-24 15:06:32 --> Cannot access offset of type string on string
in APPPATH\Views\doctor\patients_profile.php on line 59.
 1 SYSTEMPATH\View\View.php(228): include()
 2 SYSTEMPATH\View\View.php(231): CodeIgniter\View\View->CodeIgniter\View\{closure}()
 3 SYSTEMPATH\Common.php(1190): CodeIgniter\View\View->render('doctor/patients_profile', [], true)
 4 APPPATH\Controllers\DoctorController.php(215): view('doctor/patients_profile', [...])
 5 SYSTEMPATH\CodeIgniter.php(942): App\Controllers\DoctorController->getPatients_Profile('2')
 6 SYSTEMPATH\CodeIgniter.php(502): CodeIgniter\CodeIgniter->runController(Object(App\Controllers\DoctorController))
 7 SYSTEMPATH\CodeIgniter.php(361): CodeIgniter\CodeIgniter->handleRequest(null, Object(Config\Cache), false)
 8 FCPATH\index.php(87): CodeIgniter\CodeIgniter->run()
 9 SYSTEMPATH\Commands\Server\rewrite.php(47): require_once('C:\\laragon\\www\\adonbacked\\public\\index.php')
CRITICAL - 2024-05-24 15:09:15 --> Cannot access offset of type string on string
in APPPATH\Views\doctor\patients_profile.php on line 60.
 1 SYSTEMPATH\View\View.php(228): include()
 2 SYSTEMPATH\View\View.php(231): CodeIgniter\View\View->CodeIgniter\View\{closure}()
 3 SYSTEMPATH\Common.php(1190): CodeIgniter\View\View->render('doctor/patients_profile', [], true)
 4 APPPATH\Controllers\DoctorController.php(215): view('doctor/patients_profile', [...])
 5 SYSTEMPATH\CodeIgniter.php(942): App\Controllers\DoctorController->getPatients_Profile('2')
 6 SYSTEMPATH\CodeIgniter.php(502): CodeIgniter\CodeIgniter->runController(Object(App\Controllers\DoctorController))
 7 SYSTEMPATH\CodeIgniter.php(361): CodeIgniter\CodeIgniter->handleRequest(null, Object(Config\Cache), false)
 8 FCPATH\index.php(87): CodeIgniter\CodeIgniter->run()
 9 SYSTEMPATH\Commands\Server\rewrite.php(47): require_once('C:\\laragon\\www\\adonbacked\\public\\index.php')
CRITICAL - 2024-05-24 15:10:32 --> Cannot access offset of type string on string
in APPPATH\Views\doctor\patients_profile.php on line 60.
 1 SYSTEMPATH\View\View.php(228): include()
 2 SYSTEMPATH\View\View.php(231): CodeIgniter\View\View->CodeIgniter\View\{closure}()
 3 SYSTEMPATH\Common.php(1190): CodeIgniter\View\View->render('doctor/patients_profile', [], true)
 4 APPPATH\Controllers\DoctorController.php(215): view('doctor/patients_profile', [...])
 5 SYSTEMPATH\CodeIgniter.php(942): App\Controllers\DoctorController->getPatients_Profile('2')
 6 SYSTEMPATH\CodeIgniter.php(502): CodeIgniter\CodeIgniter->runController(Object(App\Controllers\DoctorController))
 7 SYSTEMPATH\CodeIgniter.php(361): CodeIgniter\CodeIgniter->handleRequest(null, Object(Config\Cache), false)
 8 FCPATH\index.php(87): CodeIgniter\CodeIgniter->run()
 9 SYSTEMPATH\Commands\Server\rewrite.php(47): require_once('C:\\laragon\\www\\adonbacked\\public\\index.php')
CRITICAL - 2024-05-24 15:10:51 --> Cannot access offset of type string on string
in APPPATH\Views\doctor\patients_profile.php on line 60.
 1 SYSTEMPATH\View\View.php(228): include()
 2 SYSTEMPATH\View\View.php(231): CodeIgniter\View\View->CodeIgniter\View\{closure}()
 3 SYSTEMPATH\Common.php(1190): CodeIgniter\View\View->render('doctor/patients_profile', [], true)
 4 APPPATH\Controllers\DoctorController.php(215): view('doctor/patients_profile', [...])
 5 SYSTEMPATH\CodeIgniter.php(942): App\Controllers\DoctorController->getPatients_Profile('2')
 6 SYSTEMPATH\CodeIgniter.php(502): CodeIgniter\CodeIgniter->runController(Object(App\Controllers\DoctorController))
 7 SYSTEMPATH\CodeIgniter.php(361): CodeIgniter\CodeIgniter->handleRequest(null, Object(Config\Cache), false)
 8 FCPATH\index.php(87): CodeIgniter\CodeIgniter->run()
 9 SYSTEMPATH\Commands\Server\rewrite.php(47): require_once('C:\\laragon\\www\\adonbacked\\public\\index.php')
CRITICAL - 2024-05-24 15:12:09 --> Cannot access offset of type string on string
in APPPATH\Views\doctor\patients_profile.php on line 59.
 1 SYSTEMPATH\View\View.php(228): include()
 2 SYSTEMPATH\View\View.php(231): CodeIgniter\View\View->CodeIgniter\View\{closure}()
 3 SYSTEMPATH\Common.php(1190): CodeIgniter\View\View->render('doctor/patients_profile', [], true)
 4 APPPATH\Controllers\DoctorController.php(215): view('doctor/patients_profile', [...])
 5 SYSTEMPATH\CodeIgniter.php(942): App\Controllers\DoctorController->getPatients_Profile('2')
 6 SYSTEMPATH\CodeIgniter.php(502): CodeIgniter\CodeIgniter->runController(Object(App\Controllers\DoctorController))
 7 SYSTEMPATH\CodeIgniter.php(361): CodeIgniter\CodeIgniter->handleRequest(null, Object(Config\Cache), false)
 8 FCPATH\index.php(87): CodeIgniter\CodeIgniter->run()
 9 SYSTEMPATH\Commands\Server\rewrite.php(47): require_once('C:\\laragon\\www\\adonbacked\\public\\index.php')
CRITICAL - 2024-05-24 15:12:47 --> Cannot access offset of type string on string
in APPPATH\Views\doctor\patients_profile.php on line 66.
 1 SYSTEMPATH\View\View.php(228): include()
 2 SYSTEMPATH\View\View.php(231): CodeIgniter\View\View->CodeIgniter\View\{closure}()
 3 SYSTEMPATH\Common.php(1190): CodeIgniter\View\View->render('doctor/patients_profile', [], true)
 4 APPPATH\Controllers\DoctorController.php(215): view('doctor/patients_profile', [...])
 5 SYSTEMPATH\CodeIgniter.php(942): App\Controllers\DoctorController->getPatients_Profile('2')
 6 SYSTEMPATH\CodeIgniter.php(502): CodeIgniter\CodeIgniter->runController(Object(App\Controllers\DoctorController))
 7 SYSTEMPATH\CodeIgniter.php(361): CodeIgniter\CodeIgniter->handleRequest(null, Object(Config\Cache), false)
 8 FCPATH\index.php(87): CodeIgniter\CodeIgniter->run()
 9 SYSTEMPATH\Commands\Server\rewrite.php(47): require_once('C:\\laragon\\www\\adonbacked\\public\\index.php')
CRITICAL - 2024-05-24 15:16:31 --> Undefined variable $patientData
in APPPATH\Views\doctor\patients_profile.php on line 54.
 1 APPPATH\Views\doctor\patients_profile.php(54): CodeIgniter\Debug\Exceptions->errorHandler(2, 'Undefined variable $patientData', 'C:\\laragon\\www\\adonbacked\\app\\Views\\doctor\\patients_profile.php', 54)
 2 SYSTEMPATH\View\View.php(228): include('C:\\laragon\\www\\adonbacked\\app\\Views\\doctor\\patients_profile.php')
 3 SYSTEMPATH\View\View.php(231): CodeIgniter\View\View->CodeIgniter\View\{closure}()
 4 SYSTEMPATH\Common.php(1190): CodeIgniter\View\View->render('doctor/patients_profile', [], true)
 5 APPPATH\Controllers\DoctorController.php(215): view('doctor/patients_profile', [...])
 6 SYSTEMPATH\CodeIgniter.php(942): App\Controllers\DoctorController->getPatients_Profile('2')
 7 SYSTEMPATH\CodeIgniter.php(502): CodeIgniter\CodeIgniter->runController(Object(App\Controllers\DoctorController))
 8 SYSTEMPATH\CodeIgniter.php(361): CodeIgniter\CodeIgniter->handleRequest(null, Object(Config\Cache), false)
 9 FCPATH\index.php(87): CodeIgniter\CodeIgniter->run()
10 SYSTEMPATH\Commands\Server\rewrite.php(47): require_once('C:\\laragon\\www\\adonbacked\\public\\index.php')
CRITICAL - 2024-05-24 15:16:51 --> Undefined variable $patientData
in APPPATH\Views\doctor\patients_profile.php on line 54.
 1 APPPATH\Views\doctor\patients_profile.php(54): CodeIgniter\Debug\Exceptions->errorHandler(2, 'Undefined variable $patientData', 'C:\\laragon\\www\\adonbacked\\app\\Views\\doctor\\patients_profile.php', 54)
 2 SYSTEMPATH\View\View.php(228): include('C:\\laragon\\www\\adonbacked\\app\\Views\\doctor\\patients_profile.php')
 3 SYSTEMPATH\View\View.php(231): CodeIgniter\View\View->CodeIgniter\View\{closure}()
 4 SYSTEMPATH\Common.php(1190): CodeIgniter\View\View->render('doctor/patients_profile', [], true)
 5 APPPATH\Controllers\DoctorController.php(215): view('doctor/patients_profile', [...])
 6 SYSTEMPATH\CodeIgniter.php(942): App\Controllers\DoctorController->getPatients_Profile('2')
 7 SYSTEMPATH\CodeIgniter.php(502): CodeIgniter\CodeIgniter->runController(Object(App\Controllers\DoctorController))
 8 SYSTEMPATH\CodeIgniter.php(361): CodeIgniter\CodeIgniter->handleRequest(null, Object(Config\Cache), false)
 9 FCPATH\index.php(87): CodeIgniter\CodeIgniter->run()
10 SYSTEMPATH\Commands\Server\rewrite.php(47): require_once('C:\\laragon\\www\\adonbacked\\public\\index.php')
CRITICAL - 2024-05-24 15:16:52 --> Undefined variable $patientData
in APPPATH\Views\doctor\patients_profile.php on line 54.
 1 APPPATH\Views\doctor\patients_profile.php(54): CodeIgniter\Debug\Exceptions->errorHandler(2, 'Undefined variable $patientData', 'C:\\laragon\\www\\adonbacked\\app\\Views\\doctor\\patients_profile.php', 54)
 2 SYSTEMPATH\View\View.php(228): include('C:\\laragon\\www\\adonbacked\\app\\Views\\doctor\\patients_profile.php')
 3 SYSTEMPATH\View\View.php(231): CodeIgniter\View\View->CodeIgniter\View\{closure}()
 4 SYSTEMPATH\Common.php(1190): CodeIgniter\View\View->render('doctor/patients_profile', [], true)
 5 APPPATH\Controllers\DoctorController.php(215): view('doctor/patients_profile', [...])
 6 SYSTEMPATH\CodeIgniter.php(942): App\Controllers\DoctorController->getPatients_Profile('2')
 7 SYSTEMPATH\CodeIgniter.php(502): CodeIgniter\CodeIgniter->runController(Object(App\Controllers\DoctorController))
 8 SYSTEMPATH\CodeIgniter.php(361): CodeIgniter\CodeIgniter->handleRequest(null, Object(Config\Cache), false)
 9 FCPATH\index.php(87): CodeIgniter\CodeIgniter->run()
10 SYSTEMPATH\Commands\Server\rewrite.php(47): require_once('C:\\laragon\\www\\adonbacked\\public\\index.php')
CRITICAL - 2024-05-24 15:16:53 --> Undefined variable $patientData
in APPPATH\Views\doctor\patients_profile.php on line 54.
 1 APPPATH\Views\doctor\patients_profile.php(54): CodeIgniter\Debug\Exceptions->errorHandler(2, 'Undefined variable $patientData', 'C:\\laragon\\www\\adonbacked\\app\\Views\\doctor\\patients_profile.php', 54)
 2 SYSTEMPATH\View\View.php(228): include('C:\\laragon\\www\\adonbacked\\app\\Views\\doctor\\patients_profile.php')
 3 SYSTEMPATH\View\View.php(231): CodeIgniter\View\View->CodeIgniter\View\{closure}()
 4 SYSTEMPATH\Common.php(1190): CodeIgniter\View\View->render('doctor/patients_profile', [], true)
 5 APPPATH\Controllers\DoctorController.php(215): view('doctor/patients_profile', [...])
 6 SYSTEMPATH\CodeIgniter.php(942): App\Controllers\DoctorController->getPatients_Profile('2')
 7 SYSTEMPATH\CodeIgniter.php(502): CodeIgniter\CodeIgniter->runController(Object(App\Controllers\DoctorController))
 8 SYSTEMPATH\CodeIgniter.php(361): CodeIgniter\CodeIgniter->handleRequest(null, Object(Config\Cache), false)
 9 FCPATH\index.php(87): CodeIgniter\CodeIgniter->run()
10 SYSTEMPATH\Commands\Server\rewrite.php(47): require_once('C:\\laragon\\www\\adonbacked\\public\\index.php')
CRITICAL - 2024-05-24 15:16:53 --> Undefined variable $patientData
in APPPATH\Views\doctor\patients_profile.php on line 54.
 1 APPPATH\Views\doctor\patients_profile.php(54): CodeIgniter\Debug\Exceptions->errorHandler(2, 'Undefined variable $patientData', 'C:\\laragon\\www\\adonbacked\\app\\Views\\doctor\\patients_profile.php', 54)
 2 SYSTEMPATH\View\View.php(228): include('C:\\laragon\\www\\adonbacked\\app\\Views\\doctor\\patients_profile.php')
 3 SYSTEMPATH\View\View.php(231): CodeIgniter\View\View->CodeIgniter\View\{closure}()
 4 SYSTEMPATH\Common.php(1190): CodeIgniter\View\View->render('doctor/patients_profile', [], true)
 5 APPPATH\Controllers\DoctorController.php(215): view('doctor/patients_profile', [...])
 6 SYSTEMPATH\CodeIgniter.php(942): App\Controllers\DoctorController->getPatients_Profile('2')
 7 SYSTEMPATH\CodeIgniter.php(502): CodeIgniter\CodeIgniter->runController(Object(App\Controllers\DoctorController))
 8 SYSTEMPATH\CodeIgniter.php(361): CodeIgniter\CodeIgniter->handleRequest(null, Object(Config\Cache), false)
 9 FCPATH\index.php(87): CodeIgniter\CodeIgniter->run()
10 SYSTEMPATH\Commands\Server\rewrite.php(47): require_once('C:\\laragon\\www\\adonbacked\\public\\index.php')
CRITICAL - 2024-05-24 15:16:53 --> Undefined variable $patientData
in APPPATH\Views\doctor\patients_profile.php on line 54.
 1 APPPATH\Views\doctor\patients_profile.php(54): CodeIgniter\Debug\Exceptions->errorHandler(2, 'Undefined variable $patientData', 'C:\\laragon\\www\\adonbacked\\app\\Views\\doctor\\patients_profile.php', 54)
 2 SYSTEMPATH\View\View.php(228): include('C:\\laragon\\www\\adonbacked\\app\\Views\\doctor\\patients_profile.php')
 3 SYSTEMPATH\View\View.php(231): CodeIgniter\View\View->CodeIgniter\View\{closure}()
 4 SYSTEMPATH\Common.php(1190): CodeIgniter\View\View->render('doctor/patients_profile', [], true)
 5 APPPATH\Controllers\DoctorController.php(215): view('doctor/patients_profile', [...])
 6 SYSTEMPATH\CodeIgniter.php(942): App\Controllers\DoctorController->getPatients_Profile('2')
 7 SYSTEMPATH\CodeIgniter.php(502): CodeIgniter\CodeIgniter->runController(Object(App\Controllers\DoctorController))
 8 SYSTEMPATH\CodeIgniter.php(361): CodeIgniter\CodeIgniter->handleRequest(null, Object(Config\Cache), false)
 9 FCPATH\index.php(87): CodeIgniter\CodeIgniter->run()
10 SYSTEMPATH\Commands\Server\rewrite.php(47): require_once('C:\\laragon\\www\\adonbacked\\public\\index.php')
CRITICAL - 2024-05-24 16:24:47 --> Undefined array key "Pref_Date"
in APPPATH\Views\doctor\patients_profile.php on line 139.
 1 APPPATH\Views\doctor\patients_profile.php(139): CodeIgniter\Debug\Exceptions->errorHandler(2, 'Undefined array key "Pref_Date"', 'C:\\laragon\\www\\adonbacked\\app\\Views\\doctor\\patients_profile.php', 139)
 2 SYSTEMPATH\View\View.php(228): include('C:\\laragon\\www\\adonbacked\\app\\Views\\doctor\\patients_profile.php')
 3 SYSTEMPATH\View\View.php(231): CodeIgniter\View\View->CodeIgniter\View\{closure}()
 4 SYSTEMPATH\Common.php(1190): CodeIgniter\View\View->render('doctor/patients_profile', [], true)
 5 APPPATH\Controllers\DoctorController.php(215): view('doctor/patients_profile', [...])
 6 SYSTEMPATH\CodeIgniter.php(942): App\Controllers\DoctorController->getPatients_Profile('2')
 7 SYSTEMPATH\CodeIgniter.php(502): CodeIgniter\CodeIgniter->runController(Object(App\Controllers\DoctorController))
 8 SYSTEMPATH\CodeIgniter.php(361): CodeIgniter\CodeIgniter->handleRequest(null, Object(Config\Cache), false)
 9 FCPATH\index.php(87): CodeIgniter\CodeIgniter->run()
10 SYSTEMPATH\Commands\Server\rewrite.php(47): require_once('C:\\laragon\\www\\adonbacked\\public\\index.php')
CRITICAL - 2024-05-24 16:25:39 --> Undefined array key "Pref_Date"
in APPPATH\Views\doctor\patients_profile.php on line 140.
 1 APPPATH\Views\doctor\patients_profile.php(140): CodeIgniter\Debug\Exceptions->errorHandler(2, 'Undefined array key "Pref_Date"', 'C:\\laragon\\www\\adonbacked\\app\\Views\\doctor\\patients_profile.php', 140)
 2 SYSTEMPATH\View\View.php(228): include('C:\\laragon\\www\\adonbacked\\app\\Views\\doctor\\patients_profile.php')
 3 SYSTEMPATH\View\View.php(231): CodeIgniter\View\View->CodeIgniter\View\{closure}()
 4 SYSTEMPATH\Common.php(1190): CodeIgniter\View\View->render('doctor/patients_profile', [], true)
 5 APPPATH\Controllers\DoctorController.php(215): view('doctor/patients_profile', [...])
 6 SYSTEMPATH\CodeIgniter.php(942): App\Controllers\DoctorController->getPatients_Profile('2')
 7 SYSTEMPATH\CodeIgniter.php(502): CodeIgniter\CodeIgniter->runController(Object(App\Controllers\DoctorController))
 8 SYSTEMPATH\CodeIgniter.php(361): CodeIgniter\CodeIgniter->handleRequest(null, Object(Config\Cache), false)
 9 FCPATH\index.php(87): CodeIgniter\CodeIgniter->run()
10 SYSTEMPATH\Commands\Server\rewrite.php(47): require_once('C:\\laragon\\www\\adonbacked\\public\\index.php')
CRITICAL - 2024-05-24 16:26:24 --> Undefined array key "Pref_Date"
in APPPATH\Views\doctor\patients_profile.php on line 139.
 1 APPPATH\Views\doctor\patients_profile.php(139): CodeIgniter\Debug\Exceptions->errorHandler(2, 'Undefined array key "Pref_Date"', 'C:\\laragon\\www\\adonbacked\\app\\Views\\doctor\\patients_profile.php', 139)
 2 SYSTEMPATH\View\View.php(228): include('C:\\laragon\\www\\adonbacked\\app\\Views\\doctor\\patients_profile.php')
 3 SYSTEMPATH\View\View.php(231): CodeIgniter\View\View->CodeIgniter\View\{closure}()
 4 SYSTEMPATH\Common.php(1190): CodeIgniter\View\View->render('doctor/patients_profile', [], true)
 5 APPPATH\Controllers\DoctorController.php(215): view('doctor/patients_profile', [...])
 6 SYSTEMPATH\CodeIgniter.php(942): App\Controllers\DoctorController->getPatients_Profile('2')
 7 SYSTEMPATH\CodeIgniter.php(502): CodeIgniter\CodeIgniter->runController(Object(App\Controllers\DoctorController))
 8 SYSTEMPATH\CodeIgniter.php(361): CodeIgniter\CodeIgniter->handleRequest(null, Object(Config\Cache), false)
 9 FCPATH\index.php(87): CodeIgniter\CodeIgniter->run()
10 SYSTEMPATH\Commands\Server\rewrite.php(47): require_once('C:\\laragon\\www\\adonbacked\\public\\index.php')
CRITICAL - 2024-05-24 16:29:04 --> Undefined array key "Pref_Date"
in APPPATH\Views\doctor\patients_profile.php on line 139.
 1 APPPATH\Views\doctor\patients_profile.php(139): CodeIgniter\Debug\Exceptions->errorHandler(2, 'Undefined array key "Pref_Date"', 'C:\\laragon\\www\\adonbacked\\app\\Views\\doctor\\patients_profile.php', 139)
 2 SYSTEMPATH\View\View.php(228): include('C:\\laragon\\www\\adonbacked\\app\\Views\\doctor\\patients_profile.php')
 3 SYSTEMPATH\View\View.php(231): CodeIgniter\View\View->CodeIgniter\View\{closure}()
 4 SYSTEMPATH\Common.php(1190): CodeIgniter\View\View->render('doctor/patients_profile', [], true)
 5 APPPATH\Controllers\DoctorController.php(215): view('doctor/patients_profile', [...])
 6 SYSTEMPATH\CodeIgniter.php(942): App\Controllers\DoctorController->getPatients_Profile('2')
 7 SYSTEMPATH\CodeIgniter.php(502): CodeIgniter\CodeIgniter->runController(Object(App\Controllers\DoctorController))
 8 SYSTEMPATH\CodeIgniter.php(361): CodeIgniter\CodeIgniter->handleRequest(null, Object(Config\Cache), false)
 9 FCPATH\index.php(87): CodeIgniter\CodeIgniter->run()
10 SYSTEMPATH\Commands\Server\rewrite.php(47): require_once('C:\\laragon\\www\\adonbacked\\public\\index.php')
CRITICAL - 2024-05-24 16:29:08 --> Undefined array key "Pref_Date"
in APPPATH\Views\doctor\patients_profile.php on line 139.
 1 APPPATH\Views\doctor\patients_profile.php(139): CodeIgniter\Debug\Exceptions->errorHandler(2, 'Undefined array key "Pref_Date"', 'C:\\laragon\\www\\adonbacked\\app\\Views\\doctor\\patients_profile.php', 139)
 2 SYSTEMPATH\View\View.php(228): include('C:\\laragon\\www\\adonbacked\\app\\Views\\doctor\\patients_profile.php')
 3 SYSTEMPATH\View\View.php(231): CodeIgniter\View\View->CodeIgniter\View\{closure}()
 4 SYSTEMPATH\Common.php(1190): CodeIgniter\View\View->render('doctor/patients_profile', [], true)
 5 APPPATH\Controllers\DoctorController.php(215): view('doctor/patients_profile', [...])
 6 SYSTEMPATH\CodeIgniter.php(942): App\Controllers\DoctorController->getPatients_Profile('2')
 7 SYSTEMPATH\CodeIgniter.php(502): CodeIgniter\CodeIgniter->runController(Object(App\Controllers\DoctorController))
 8 SYSTEMPATH\CodeIgniter.php(361): CodeIgniter\CodeIgniter->handleRequest(null, Object(Config\Cache), false)
 9 FCPATH\index.php(87): CodeIgniter\CodeIgniter->run()
10 SYSTEMPATH\Commands\Server\rewrite.php(47): require_once('C:\\laragon\\www\\adonbacked\\public\\index.php')
CRITICAL - 2024-05-24 16:31:29 --> Undefined array key "Pref_Date"
in APPPATH\Views\doctor\patients_profile.php on line 139.
 1 APPPATH\Views\doctor\patients_profile.php(139): CodeIgniter\Debug\Exceptions->errorHandler(2, 'Undefined array key "Pref_Date"', 'C:\\laragon\\www\\adonbacked\\app\\Views\\doctor\\patients_profile.php', 139)
 2 SYSTEMPATH\View\View.php(228): include('C:\\laragon\\www\\adonbacked\\app\\Views\\doctor\\patients_profile.php')
 3 SYSTEMPATH\View\View.php(231): CodeIgniter\View\View->CodeIgniter\View\{closure}()
 4 SYSTEMPATH\Common.php(1190): CodeIgniter\View\View->render('doctor/patients_profile', [], true)
 5 APPPATH\Controllers\DoctorController.php(215): view('doctor/patients_profile', [...])
 6 SYSTEMPATH\CodeIgniter.php(942): App\Controllers\DoctorController->getPatients_Profile('2')
 7 SYSTEMPATH\CodeIgniter.php(502): CodeIgniter\CodeIgniter->runController(Object(App\Controllers\DoctorController))
 8 SYSTEMPATH\CodeIgniter.php(361): CodeIgniter\CodeIgniter->handleRequest(null, Object(Config\Cache), false)
 9 FCPATH\index.php(87): CodeIgniter\CodeIgniter->run()
10 SYSTEMPATH\Commands\Server\rewrite.php(47): require_once('C:\\laragon\\www\\adonbacked\\public\\index.php')
CRITICAL - 2024-05-24 16:33:24 --> Undefined array key "Pref_Date"
in APPPATH\Views\doctor\patients_profile.php on line 137.
 1 APPPATH\Views\doctor\patients_profile.php(137): CodeIgniter\Debug\Exceptions->errorHandler(2, 'Undefined array key "Pref_Date"', 'C:\\laragon\\www\\adonbacked\\app\\Views\\doctor\\patients_profile.php', 137)
 2 SYSTEMPATH\View\View.php(228): include('C:\\laragon\\www\\adonbacked\\app\\Views\\doctor\\patients_profile.php')
 3 SYSTEMPATH\View\View.php(231): CodeIgniter\View\View->CodeIgniter\View\{closure}()
 4 SYSTEMPATH\Common.php(1190): CodeIgniter\View\View->render('doctor/patients_profile', [], true)
 5 APPPATH\Controllers\DoctorController.php(215): view('doctor/patients_profile', [...])
 6 SYSTEMPATH\CodeIgniter.php(942): App\Controllers\DoctorController->getPatients_Profile('2')
 7 SYSTEMPATH\CodeIgniter.php(502): CodeIgniter\CodeIgniter->runController(Object(App\Controllers\DoctorController))
 8 SYSTEMPATH\CodeIgniter.php(361): CodeIgniter\CodeIgniter->handleRequest(null, Object(Config\Cache), false)
 9 FCPATH\index.php(87): CodeIgniter\CodeIgniter->run()
10 SYSTEMPATH\Commands\Server\rewrite.php(47): require_once('C:\\laragon\\www\\adonbacked\\public\\index.php')
CRITICAL - 2024-05-24 17:08:16 --> Attempt to read property "Profile_url" on array
in APPPATH\Views\doctor\patients_profile.php on line 132.
 1 APPPATH\Views\doctor\patients_profile.php(132): CodeIgniter\Debug\Exceptions->errorHandler(2, 'Attempt to read property "Profile_url" on array', 'C:\\laragon\\www\\adonbacked\\app\\Views\\doctor\\patients_profile.php', 132)
 2 SYSTEMPATH\View\View.php(228): include('C:\\laragon\\www\\adonbacked\\app\\Views\\doctor\\patients_profile.php')
 3 SYSTEMPATH\View\View.php(231): CodeIgniter\View\View->CodeIgniter\View\{closure}()
 4 SYSTEMPATH\Common.php(1190): CodeIgniter\View\View->render('doctor/patients_profile', [], true)
 5 APPPATH\Controllers\DoctorController.php(217): view('doctor/patients_profile', [...])
 6 SYSTEMPATH\CodeIgniter.php(942): App\Controllers\DoctorController->getPatients_Profile('2')
 7 SYSTEMPATH\CodeIgniter.php(502): CodeIgniter\CodeIgniter->runController(Object(App\Controllers\DoctorController))
 8 SYSTEMPATH\CodeIgniter.php(361): CodeIgniter\CodeIgniter->handleRequest(null, Object(Config\Cache), false)
 9 FCPATH\index.php(87): CodeIgniter\CodeIgniter->run()
10 SYSTEMPATH\Commands\Server\rewrite.php(47): require_once('C:\\laragon\\www\\adonbacked\\public\\index.php')
CRITICAL - 2024-05-24 17:12:39 --> Undefined variable $doctor
in APPPATH\Views\doctor\patients_profile.php on line 133.
 1 APPPATH\Views\doctor\patients_profile.php(133): CodeIgniter\Debug\Exceptions->errorHandler(2, 'Undefined variable $doctor', 'C:\\laragon\\www\\adonbacked\\app\\Views\\doctor\\patients_profile.php', 133)
 2 SYSTEMPATH\View\View.php(228): include('C:\\laragon\\www\\adonbacked\\app\\Views\\doctor\\patients_profile.php')
 3 SYSTEMPATH\View\View.php(231): CodeIgniter\View\View->CodeIgniter\View\{closure}()
 4 SYSTEMPATH\Common.php(1190): CodeIgniter\View\View->render('doctor/patients_profile', [], true)
 5 APPPATH\Controllers\DoctorController.php(217): view('doctor/patients_profile', [...])
 6 SYSTEMPATH\CodeIgniter.php(942): App\Controllers\DoctorController->getPatients_Profile('2')
 7 SYSTEMPATH\CodeIgniter.php(502): CodeIgniter\CodeIgniter->runController(Object(App\Controllers\DoctorController))
 8 SYSTEMPATH\CodeIgniter.php(361): CodeIgniter\CodeIgniter->handleRequest(null, Object(Config\Cache), false)
 9 FCPATH\index.php(87): CodeIgniter\CodeIgniter->run()
10 SYSTEMPATH\Commands\Server\rewrite.php(47): require_once('C:\\laragon\\www\\adonbacked\\public\\index.php')
CRITICAL - 2024-05-24 17:13:53 --> Undefined variable $doctors
in APPPATH\Views\include\navbar_doctor.php on line 50.
 1 APPPATH\Views\include\navbar_doctor.php(50): CodeIgniter\Debug\Exceptions->errorHandler(2, 'Undefined variable $doctors', 'C:\\laragon\\www\\adonbacked\\app\\Views\\include\\navbar_doctor.php', 50)
 2 SYSTEMPATH\View\View.php(228): include('C:\\laragon\\www\\adonbacked\\app\\Views\\include\\navbar_doctor.php')
 3 SYSTEMPATH\View\View.php(231): CodeIgniter\View\View->CodeIgniter\View\{closure}()
 4 SYSTEMPATH\View\View.php(469): CodeIgniter\View\View->render('include/navbar_doctor', null, true)
 5 APPPATH\Views\doctor\patients_profile.php(17): CodeIgniter\View\View->include('include/navbar_doctor')
 6 SYSTEMPATH\View\View.php(228): include('C:\\laragon\\www\\adonbacked\\app\\Views\\doctor\\patients_profile.php')
 7 SYSTEMPATH\View\View.php(231): CodeIgniter\View\View->CodeIgniter\View\{closure}()
 8 SYSTEMPATH\Common.php(1190): CodeIgniter\View\View->render('doctor/patients_profile', [], true)
 9 APPPATH\Controllers\DoctorController.php(218): view('doctor/patients_profile', [...])
10 SYSTEMPATH\CodeIgniter.php(942): App\Controllers\DoctorController->getPatients_Profile('2')
11 SYSTEMPATH\CodeIgniter.php(502): CodeIgniter\CodeIgniter->runController(Object(App\Controllers\DoctorController))
12 SYSTEMPATH\CodeIgniter.php(361): CodeIgniter\CodeIgniter->handleRequest(null, Object(Config\Cache), false)
13 FCPATH\index.php(87): CodeIgniter\CodeIgniter->run()
14 SYSTEMPATH\Commands\Server\rewrite.php(47): require_once('C:\\laragon\\www\\adonbacked\\public\\index.php')
CRITICAL - 2024-05-24 17:17:36 --> Undefined variable $doctors
in APPPATH\Views\include\navbar_doctor.php on line 50.
 1 APPPATH\Views\include\navbar_doctor.php(50): CodeIgniter\Debug\Exceptions->errorHandler(2, 'Undefined variable $doctors', 'C:\\laragon\\www\\adonbacked\\app\\Views\\include\\navbar_doctor.php', 50)
 2 SYSTEMPATH\View\View.php(228): include('C:\\laragon\\www\\adonbacked\\app\\Views\\include\\navbar_doctor.php')
 3 SYSTEMPATH\View\View.php(231): CodeIgniter\View\View->CodeIgniter\View\{closure}()
 4 SYSTEMPATH\View\View.php(469): CodeIgniter\View\View->render('include/navbar_doctor', null, true)
 5 APPPATH\Views\doctor\patients_profile.php(17): CodeIgniter\View\View->include('include/navbar_doctor')
 6 SYSTEMPATH\View\View.php(228): include('C:\\laragon\\www\\adonbacked\\app\\Views\\doctor\\patients_profile.php')
 7 SYSTEMPATH\View\View.php(231): CodeIgniter\View\View->CodeIgniter\View\{closure}()
 8 SYSTEMPATH\Common.php(1190): CodeIgniter\View\View->render('doctor/patients_profile', [], true)
 9 APPPATH\Controllers\DoctorController.php(225): view('doctor/patients_profile', [...])
10 SYSTEMPATH\CodeIgniter.php(942): App\Controllers\DoctorController->getPatients_Profile('2')
11 SYSTEMPATH\CodeIgniter.php(502): CodeIgniter\CodeIgniter->runController(Object(App\Controllers\DoctorController))
12 SYSTEMPATH\CodeIgniter.php(361): CodeIgniter\CodeIgniter->handleRequest(null, Object(Config\Cache), false)
13 FCPATH\index.php(87): CodeIgniter\CodeIgniter->run()
14 SYSTEMPATH\Commands\Server\rewrite.php(47): require_once('C:\\laragon\\www\\adonbacked\\public\\index.php')
CRITICAL - 2024-05-24 17:17:43 --> Undefined variable $doctors
in APPPATH\Views\include\navbar_doctor.php on line 50.
 1 APPPATH\Views\include\navbar_doctor.php(50): CodeIgniter\Debug\Exceptions->errorHandler(2, 'Undefined variable $doctors', 'C:\\laragon\\www\\adonbacked\\app\\Views\\include\\navbar_doctor.php', 50)
 2 SYSTEMPATH\View\View.php(228): include('C:\\laragon\\www\\adonbacked\\app\\Views\\include\\navbar_doctor.php')
 3 SYSTEMPATH\View\View.php(231): CodeIgniter\View\View->CodeIgniter\View\{closure}()
 4 SYSTEMPATH\View\View.php(469): CodeIgniter\View\View->render('include/navbar_doctor', null, true)
 5 APPPATH\Views\doctor\patients_profile.php(17): CodeIgniter\View\View->include('include/navbar_doctor')
 6 SYSTEMPATH\View\View.php(228): include('C:\\laragon\\www\\adonbacked\\app\\Views\\doctor\\patients_profile.php')
 7 SYSTEMPATH\View\View.php(231): CodeIgniter\View\View->CodeIgniter\View\{closure}()
 8 SYSTEMPATH\Common.php(1190): CodeIgniter\View\View->render('doctor/patients_profile', [], true)
 9 APPPATH\Controllers\DoctorController.php(225): view('doctor/patients_profile', [...])
10 SYSTEMPATH\CodeIgniter.php(942): App\Controllers\DoctorController->getPatients_Profile('2')
11 SYSTEMPATH\CodeIgniter.php(502): CodeIgniter\CodeIgniter->runController(Object(App\Controllers\DoctorController))
12 SYSTEMPATH\CodeIgniter.php(361): CodeIgniter\CodeIgniter->handleRequest(null, Object(Config\Cache), false)
13 FCPATH\index.php(87): CodeIgniter\CodeIgniter->run()
14 SYSTEMPATH\Commands\Server\rewrite.php(47): require_once('C:\\laragon\\www\\adonbacked\\public\\index.php')
CRITICAL - 2024-05-24 17:18:38 --> Undefined variable $patient_data
in APPPATH\Views\doctor\patients_profile.php on line 54.
 1 APPPATH\Views\doctor\patients_profile.php(54): CodeIgniter\Debug\Exceptions->errorHandler(2, 'Undefined variable $patient_data', 'C:\\laragon\\www\\adonbacked\\app\\Views\\doctor\\patients_profile.php', 54)
 2 SYSTEMPATH\View\View.php(228): include('C:\\laragon\\www\\adonbacked\\app\\Views\\doctor\\patients_profile.php')
 3 SYSTEMPATH\View\View.php(231): CodeIgniter\View\View->CodeIgniter\View\{closure}()
 4 SYSTEMPATH\Common.php(1190): CodeIgniter\View\View->render('doctor/patients_profile', [], true)
 5 APPPATH\Controllers\DoctorController.php(226): view('doctor/patients_profile', [...])
 6 SYSTEMPATH\CodeIgniter.php(942): App\Controllers\DoctorController->getPatients_Profile('2')
 7 SYSTEMPATH\CodeIgniter.php(502): CodeIgniter\CodeIgniter->runController(Object(App\Controllers\DoctorController))
 8 SYSTEMPATH\CodeIgniter.php(361): CodeIgniter\CodeIgniter->handleRequest(null, Object(Config\Cache), false)
 9 FCPATH\index.php(87): CodeIgniter\CodeIgniter->run()
10 SYSTEMPATH\Commands\Server\rewrite.php(47): require_once('C:\\laragon\\www\\adonbacked\\public\\index.php')
