CRITICAL - 2024-03-04 05:04:12 --> syntax error, unexpected end of file, expecting "elseif" or "else" or "endif"
in APPPATH\Views\user\booking.php on line 458.
 1 SYSTEMPATH\View\View.php(231): CodeIgniter\View\View->CodeIgniter\View\{closure}()
 2 SYSTEMPATH\Common.php(1190): CodeIgniter\View\View->render('user/booking', [], true)
 3 APPPATH\Controllers\UserController.php(71): view('user/booking', [...])
 4 SYSTEMPATH\CodeIgniter.php(942): App\Controllers\UserController->booking()
 5 SYSTEMPATH\CodeIgniter.php(502): CodeIgniter\CodeIgniter->runController(Object(App\Controllers\UserController))
 6 SYSTEMPATH\CodeIgniter.php(361): CodeIgniter\CodeIgniter->handleRequest(null, Object(Config\Cache), false)
 7 FCPATH\index.php(87): CodeIgniter\CodeIgniter->run()
 8 SYSTEMPATH\Commands\Server\rewrite.php(47): require_once('C:\\laragon\\www\\adonbacked\\public\\index.php')
CRITICAL - 2024-03-04 09:47:08 --> Undefined constant "day"
in APPPATH\Views\user\booking.php on line 264.
 1 SYSTEMPATH\View\View.php(228): include()
 2 SYSTEMPATH\View\View.php(231): CodeIgniter\View\View->CodeIgniter\View\{closure}()
 3 SYSTEMPATH\Common.php(1190): CodeIgniter\View\View->render('user/booking', [], true)
 4 APPPATH\Controllers\UserController.php(71): view('user/booking', [...])
 5 SYSTEMPATH\CodeIgniter.php(942): App\Controllers\UserController->booking()
 6 SYSTEMPATH\CodeIgniter.php(502): CodeIgniter\CodeIgniter->runController(Object(App\Controllers\UserController))
 7 SYSTEMPATH\CodeIgniter.php(361): CodeIgniter\CodeIgniter->handleRequest(null, Object(Config\Cache), false)
 8 FCPATH\index.php(87): CodeIgniter\CodeIgniter->run()
 9 SYSTEMPATH\Commands\Server\rewrite.php(47): require_once('C:\\laragon\\www\\adonbacked\\public\\index.php')
CRITICAL - 2024-03-04 09:47:40 --> Undefined variable $day
in APPPATH\Views\user\booking.php on line 264.
 1 APPPATH\Views\user\booking.php(264): CodeIgniter\Debug\Exceptions->errorHandler(2, 'Undefined variable $day', 'C:\\laragon\\www\\adonbacked\\app\\Views\\user\\booking.php', 264)
 2 SYSTEMPATH\View\View.php(228): include('C:\\laragon\\www\\adonbacked\\app\\Views\\user\\booking.php')
 3 SYSTEMPATH\View\View.php(231): CodeIgniter\View\View->CodeIgniter\View\{closure}()
 4 SYSTEMPATH\Common.php(1190): CodeIgniter\View\View->render('user/booking', [], true)
 5 APPPATH\Controllers\UserController.php(71): view('user/booking', [...])
 6 SYSTEMPATH\CodeIgniter.php(942): App\Controllers\UserController->booking()
 7 SYSTEMPATH\CodeIgniter.php(502): CodeIgniter\CodeIgniter->runController(Object(App\Controllers\UserController))
 8 SYSTEMPATH\CodeIgniter.php(361): CodeIgniter\CodeIgniter->handleRequest(null, Object(Config\Cache), false)
 9 FCPATH\index.php(87): CodeIgniter\CodeIgniter->run()
10 SYSTEMPATH\Commands\Server\rewrite.php(47): require_once('C:\\laragon\\www\\adonbacked\\public\\index.php')
CRITICAL - 2024-03-04 09:47:42 --> Undefined variable $day
in APPPATH\Views\user\booking.php on line 264.
 1 APPPATH\Views\user\booking.php(264): CodeIgniter\Debug\Exceptions->errorHandler(2, 'Undefined variable $day', 'C:\\laragon\\www\\adonbacked\\app\\Views\\user\\booking.php', 264)
 2 SYSTEMPATH\View\View.php(228): include('C:\\laragon\\www\\adonbacked\\app\\Views\\user\\booking.php')
 3 SYSTEMPATH\View\View.php(231): CodeIgniter\View\View->CodeIgniter\View\{closure}()
 4 SYSTEMPATH\Common.php(1190): CodeIgniter\View\View->render('user/booking', [], true)
 5 APPPATH\Controllers\UserController.php(71): view('user/booking', [...])
 6 SYSTEMPATH\CodeIgniter.php(942): App\Controllers\UserController->booking()
 7 SYSTEMPATH\CodeIgniter.php(502): CodeIgniter\CodeIgniter->runController(Object(App\Controllers\UserController))
 8 SYSTEMPATH\CodeIgniter.php(361): CodeIgniter\CodeIgniter->handleRequest(null, Object(Config\Cache), false)
 9 FCPATH\index.php(87): CodeIgniter\CodeIgniter->run()
10 SYSTEMPATH\Commands\Server\rewrite.php(47): require_once('C:\\laragon\\www\\adonbacked\\public\\index.php')
