CRITICAL - 2024-02-24 12:01:43 --> Undefined array key "id"
in APPPATH\Views\user\index.php on line 263.
 1 APPPATH\Views\user\index.php(263): CodeIgniter\Debug\Exceptions->errorHandler(2, 'Undefined array key "id"', 'C:\\laragon\\www\\adonbacked\\app\\Views\\user\\index.php', 263)
 2 SYSTEMPATH\View\View.php(228): include('C:\\laragon\\www\\adonbacked\\app\\Views\\user\\index.php')
 3 SYSTEMPATH\View\View.php(231): CodeIgniter\View\View->CodeIgniter\View\{closure}()
 4 SYSTEMPATH\Common.php(1190): CodeIgniter\View\View->render('user/index', [], true)
 5 APPPATH\Controllers\UserController.php(21): view('user/index', [...])
 6 SYSTEMPATH\CodeIgniter.php(942): App\Controllers\UserController->index()
 7 SYSTEMPATH\CodeIgniter.php(502): CodeIgniter\CodeIgniter->runController(Object(App\Controllers\UserController))
 8 SYSTEMPATH\CodeIgniter.php(361): CodeIgniter\CodeIgniter->handleRequest(null, Object(Config\Cache), false)
 9 FCPATH\index.php(87): CodeIgniter\CodeIgniter->run()
10 SYSTEMPATH\Commands\Server\rewrite.php(47): require_once('C:\\laragon\\www\\adonbacked\\public\\index.php')
CRITICAL - 2024-02-24 12:01:57 --> Undefined array key "image_url"
in APPPATH\Views\user\index.php on line 264.
 1 APPPATH\Views\user\index.php(264): CodeIgniter\Debug\Exceptions->errorHandler(2, 'Undefined array key "image_url"', 'C:\\laragon\\www\\adonbacked\\app\\Views\\user\\index.php', 264)
 2 SYSTEMPATH\View\View.php(228): include('C:\\laragon\\www\\adonbacked\\app\\Views\\user\\index.php')
 3 SYSTEMPATH\View\View.php(231): CodeIgniter\View\View->CodeIgniter\View\{closure}()
 4 SYSTEMPATH\Common.php(1190): CodeIgniter\View\View->render('user/index', [], true)
 5 APPPATH\Controllers\UserController.php(21): view('user/index', [...])
 6 SYSTEMPATH\CodeIgniter.php(942): App\Controllers\UserController->index()
 7 SYSTEMPATH\CodeIgniter.php(502): CodeIgniter\CodeIgniter->runController(Object(App\Controllers\UserController))
 8 SYSTEMPATH\CodeIgniter.php(361): CodeIgniter\CodeIgniter->handleRequest(null, Object(Config\Cache), false)
 9 FCPATH\index.php(87): CodeIgniter\CodeIgniter->run()
10 SYSTEMPATH\Commands\Server\rewrite.php(47): require_once('C:\\laragon\\www\\adonbacked\\public\\index.php')
CRITICAL - 2024-02-24 12:02:21 --> Undefined array key "id"
in APPPATH\Views\user\index.php on line 272.
 1 APPPATH\Views\user\index.php(272): CodeIgniter\Debug\Exceptions->errorHandler(2, 'Undefined array key "id"', 'C:\\laragon\\www\\adonbacked\\app\\Views\\user\\index.php', 272)
 2 SYSTEMPATH\View\View.php(228): include('C:\\laragon\\www\\adonbacked\\app\\Views\\user\\index.php')
 3 SYSTEMPATH\View\View.php(231): CodeIgniter\View\View->CodeIgniter\View\{closure}()
 4 SYSTEMPATH\Common.php(1190): CodeIgniter\View\View->render('user/index', [], true)
 5 APPPATH\Controllers\UserController.php(21): view('user/index', [...])
 6 SYSTEMPATH\CodeIgniter.php(942): App\Controllers\UserController->index()
 7 SYSTEMPATH\CodeIgniter.php(502): CodeIgniter\CodeIgniter->runController(Object(App\Controllers\UserController))
 8 SYSTEMPATH\CodeIgniter.php(361): CodeIgniter\CodeIgniter->handleRequest(null, Object(Config\Cache), false)
 9 FCPATH\index.php(87): CodeIgniter\CodeIgniter->run()
10 SYSTEMPATH\Commands\Server\rewrite.php(47): require_once('C:\\laragon\\www\\adonbacked\\public\\index.php')
CRITICAL - 2024-02-24 12:03:17 --> Undefined array key "verified"
in APPPATH\Views\user\index.php on line 273.
 1 APPPATH\Views\user\index.php(273): CodeIgniter\Debug\Exceptions->errorHandler(2, 'Undefined array key "verified"', 'C:\\laragon\\www\\adonbacked\\app\\Views\\user\\index.php', 273)
 2 SYSTEMPATH\View\View.php(228): include('C:\\laragon\\www\\adonbacked\\app\\Views\\user\\index.php')
 3 SYSTEMPATH\View\View.php(231): CodeIgniter\View\View->CodeIgniter\View\{closure}()
 4 SYSTEMPATH\Common.php(1190): CodeIgniter\View\View->render('user/index', [], true)
 5 APPPATH\Controllers\UserController.php(21): view('user/index', [...])
 6 SYSTEMPATH\CodeIgniter.php(942): App\Controllers\UserController->index()
 7 SYSTEMPATH\CodeIgniter.php(502): CodeIgniter\CodeIgniter->runController(Object(App\Controllers\UserController))
 8 SYSTEMPATH\CodeIgniter.php(361): CodeIgniter\CodeIgniter->handleRequest(null, Object(Config\Cache), false)
 9 FCPATH\index.php(87): CodeIgniter\CodeIgniter->run()
10 SYSTEMPATH\Commands\Server\rewrite.php(47): require_once('C:\\laragon\\www\\adonbacked\\public\\index.php')
CRITICAL - 2024-02-24 12:09:13 --> Undefined array key "qualification"
in APPPATH\Views\user\index.php on line 277.
 1 APPPATH\Views\user\index.php(277): CodeIgniter\Debug\Exceptions->errorHandler(2, 'Undefined array key "qualification"', 'C:\\laragon\\www\\adonbacked\\app\\Views\\user\\index.php', 277)
 2 SYSTEMPATH\View\View.php(228): include('C:\\laragon\\www\\adonbacked\\app\\Views\\user\\index.php')
 3 SYSTEMPATH\View\View.php(231): CodeIgniter\View\View->CodeIgniter\View\{closure}()
 4 SYSTEMPATH\Common.php(1190): CodeIgniter\View\View->render('user/index', [], true)
 5 APPPATH\Controllers\UserController.php(21): view('user/index', [...])
 6 SYSTEMPATH\CodeIgniter.php(942): App\Controllers\UserController->index()
 7 SYSTEMPATH\CodeIgniter.php(502): CodeIgniter\CodeIgniter->runController(Object(App\Controllers\UserController))
 8 SYSTEMPATH\CodeIgniter.php(361): CodeIgniter\CodeIgniter->handleRequest(null, Object(Config\Cache), false)
 9 FCPATH\index.php(87): CodeIgniter\CodeIgniter->run()
10 SYSTEMPATH\Commands\Server\rewrite.php(47): require_once('C:\\laragon\\www\\adonbacked\\public\\index.php')
CRITICAL - 2024-02-24 12:10:25 --> Undefined array key "rating"
in APPPATH\Views\user\index.php on line 279.
 1 APPPATH\Views\user\index.php(279): CodeIgniter\Debug\Exceptions->errorHandler(2, 'Undefined array key "rating"', 'C:\\laragon\\www\\adonbacked\\app\\Views\\user\\index.php', 279)
 2 SYSTEMPATH\View\View.php(228): include('C:\\laragon\\www\\adonbacked\\app\\Views\\user\\index.php')
 3 SYSTEMPATH\View\View.php(231): CodeIgniter\View\View->CodeIgniter\View\{closure}()
 4 SYSTEMPATH\Common.php(1190): CodeIgniter\View\View->render('user/index', [], true)
 5 APPPATH\Controllers\UserController.php(21): view('user/index', [...])
 6 SYSTEMPATH\CodeIgniter.php(942): App\Controllers\UserController->index()
 7 SYSTEMPATH\CodeIgniter.php(502): CodeIgniter\CodeIgniter->runController(Object(App\Controllers\UserController))
 8 SYSTEMPATH\CodeIgniter.php(361): CodeIgniter\CodeIgniter->handleRequest(null, Object(Config\Cache), false)
 9 FCPATH\index.php(87): CodeIgniter\CodeIgniter->run()
10 SYSTEMPATH\Commands\Server\rewrite.php(47): require_once('C:\\laragon\\www\\adonbacked\\public\\index.php')
CRITICAL - 2024-02-24 12:12:32 --> Undefined array key "rating"
in APPPATH\Views\user\index.php on line 279.
 1 APPPATH\Views\user\index.php(279): CodeIgniter\Debug\Exceptions->errorHandler(2, 'Undefined array key "rating"', 'C:\\laragon\\www\\adonbacked\\app\\Views\\user\\index.php', 279)
 2 SYSTEMPATH\View\View.php(228): include('C:\\laragon\\www\\adonbacked\\app\\Views\\user\\index.php')
 3 SYSTEMPATH\View\View.php(231): CodeIgniter\View\View->CodeIgniter\View\{closure}()
 4 SYSTEMPATH\Common.php(1190): CodeIgniter\View\View->render('user/index', [], true)
 5 APPPATH\Controllers\UserController.php(21): view('user/index', [...])
 6 SYSTEMPATH\CodeIgniter.php(942): App\Controllers\UserController->index()
 7 SYSTEMPATH\CodeIgniter.php(502): CodeIgniter\CodeIgniter->runController(Object(App\Controllers\UserController))
 8 SYSTEMPATH\CodeIgniter.php(361): CodeIgniter\CodeIgniter->handleRequest(null, Object(Config\Cache), false)
 9 FCPATH\index.php(87): CodeIgniter\CodeIgniter->run()
10 SYSTEMPATH\Commands\Server\rewrite.php(47): require_once('C:\\laragon\\www\\adonbacked\\public\\index.php')
CRITICAL - 2024-02-24 12:12:33 --> Undefined array key "rating"
in APPPATH\Views\user\index.php on line 279.
 1 APPPATH\Views\user\index.php(279): CodeIgniter\Debug\Exceptions->errorHandler(2, 'Undefined array key "rating"', 'C:\\laragon\\www\\adonbacked\\app\\Views\\user\\index.php', 279)
 2 SYSTEMPATH\View\View.php(228): include('C:\\laragon\\www\\adonbacked\\app\\Views\\user\\index.php')
 3 SYSTEMPATH\View\View.php(231): CodeIgniter\View\View->CodeIgniter\View\{closure}()
 4 SYSTEMPATH\Common.php(1190): CodeIgniter\View\View->render('user/index', [], true)
 5 APPPATH\Controllers\UserController.php(21): view('user/index', [...])
 6 SYSTEMPATH\CodeIgniter.php(942): App\Controllers\UserController->index()
 7 SYSTEMPATH\CodeIgniter.php(502): CodeIgniter\CodeIgniter->runController(Object(App\Controllers\UserController))
 8 SYSTEMPATH\CodeIgniter.php(361): CodeIgniter\CodeIgniter->handleRequest(null, Object(Config\Cache), false)
 9 FCPATH\index.php(87): CodeIgniter\CodeIgniter->run()
10 SYSTEMPATH\Commands\Server\rewrite.php(47): require_once('C:\\laragon\\www\\adonbacked\\public\\index.php')
CRITICAL - 2024-02-24 12:13:12 --> Undefined array key "location"
in APPPATH\Views\user\index.php on line 286.
 1 APPPATH\Views\user\index.php(286): CodeIgniter\Debug\Exceptions->errorHandler(2, 'Undefined array key "location"', 'C:\\laragon\\www\\adonbacked\\app\\Views\\user\\index.php', 286)
 2 SYSTEMPATH\View\View.php(228): include('C:\\laragon\\www\\adonbacked\\app\\Views\\user\\index.php')
 3 SYSTEMPATH\View\View.php(231): CodeIgniter\View\View->CodeIgniter\View\{closure}()
 4 SYSTEMPATH\Common.php(1190): CodeIgniter\View\View->render('user/index', [], true)
 5 APPPATH\Controllers\UserController.php(21): view('user/index', [...])
 6 SYSTEMPATH\CodeIgniter.php(942): App\Controllers\UserController->index()
 7 SYSTEMPATH\CodeIgniter.php(502): CodeIgniter\CodeIgniter->runController(Object(App\Controllers\UserController))
 8 SYSTEMPATH\CodeIgniter.php(361): CodeIgniter\CodeIgniter->handleRequest(null, Object(Config\Cache), false)
 9 FCPATH\index.php(87): CodeIgniter\CodeIgniter->run()
10 SYSTEMPATH\Commands\Server\rewrite.php(47): require_once('C:\\laragon\\www\\adonbacked\\public\\index.php')
CRITICAL - 2024-02-24 12:14:15 --> Undefined array key "availability"
in APPPATH\Views\user\index.php on line 289.
 1 APPPATH\Views\user\index.php(289): CodeIgniter\Debug\Exceptions->errorHandler(2, 'Undefined array key "availability"', 'C:\\laragon\\www\\adonbacked\\app\\Views\\user\\index.php', 289)
 2 SYSTEMPATH\View\View.php(228): include('C:\\laragon\\www\\adonbacked\\app\\Views\\user\\index.php')
 3 SYSTEMPATH\View\View.php(231): CodeIgniter\View\View->CodeIgniter\View\{closure}()
 4 SYSTEMPATH\Common.php(1190): CodeIgniter\View\View->render('user/index', [], true)
 5 APPPATH\Controllers\UserController.php(21): view('user/index', [...])
 6 SYSTEMPATH\CodeIgniter.php(942): App\Controllers\UserController->index()
 7 SYSTEMPATH\CodeIgniter.php(502): CodeIgniter\CodeIgniter->runController(Object(App\Controllers\UserController))
 8 SYSTEMPATH\CodeIgniter.php(361): CodeIgniter\CodeIgniter->handleRequest(null, Object(Config\Cache), false)
 9 FCPATH\index.php(87): CodeIgniter\CodeIgniter->run()
10 SYSTEMPATH\Commands\Server\rewrite.php(47): require_once('C:\\laragon\\www\\adonbacked\\public\\index.php')
CRITICAL - 2024-02-24 12:15:41 --> Undefined array key "availability"
in APPPATH\Views\user\index.php on line 289.
 1 APPPATH\Views\user\index.php(289): CodeIgniter\Debug\Exceptions->errorHandler(2, 'Undefined array key "availability"', 'C:\\laragon\\www\\adonbacked\\app\\Views\\user\\index.php', 289)
 2 SYSTEMPATH\View\View.php(228): include('C:\\laragon\\www\\adonbacked\\app\\Views\\user\\index.php')
 3 SYSTEMPATH\View\View.php(231): CodeIgniter\View\View->CodeIgniter\View\{closure}()
 4 SYSTEMPATH\Common.php(1190): CodeIgniter\View\View->render('user/index', [], true)
 5 APPPATH\Controllers\UserController.php(21): view('user/index', [...])
 6 SYSTEMPATH\CodeIgniter.php(942): App\Controllers\UserController->index()
 7 SYSTEMPATH\CodeIgniter.php(502): CodeIgniter\CodeIgniter->runController(Object(App\Controllers\UserController))
 8 SYSTEMPATH\CodeIgniter.php(361): CodeIgniter\CodeIgniter->handleRequest(null, Object(Config\Cache), false)
 9 FCPATH\index.php(87): CodeIgniter\CodeIgniter->run()
10 SYSTEMPATH\Commands\Server\rewrite.php(47): require_once('C:\\laragon\\www\\adonbacked\\public\\index.php')
CRITICAL - 2024-02-24 12:15:42 --> Undefined array key "availability"
in APPPATH\Views\user\index.php on line 289.
 1 APPPATH\Views\user\index.php(289): CodeIgniter\Debug\Exceptions->errorHandler(2, 'Undefined array key "availability"', 'C:\\laragon\\www\\adonbacked\\app\\Views\\user\\index.php', 289)
 2 SYSTEMPATH\View\View.php(228): include('C:\\laragon\\www\\adonbacked\\app\\Views\\user\\index.php')
 3 SYSTEMPATH\View\View.php(231): CodeIgniter\View\View->CodeIgniter\View\{closure}()
 4 SYSTEMPATH\Common.php(1190): CodeIgniter\View\View->render('user/index', [], true)
 5 APPPATH\Controllers\UserController.php(21): view('user/index', [...])
 6 SYSTEMPATH\CodeIgniter.php(942): App\Controllers\UserController->index()
 7 SYSTEMPATH\CodeIgniter.php(502): CodeIgniter\CodeIgniter->runController(Object(App\Controllers\UserController))
 8 SYSTEMPATH\CodeIgniter.php(361): CodeIgniter\CodeIgniter->handleRequest(null, Object(Config\Cache), false)
 9 FCPATH\index.php(87): CodeIgniter\CodeIgniter->run()
10 SYSTEMPATH\Commands\Server\rewrite.php(47): require_once('C:\\laragon\\www\\adonbacked\\public\\index.php')
CRITICAL - 2024-02-24 12:15:44 --> Undefined array key "availability"
in APPPATH\Views\user\index.php on line 289.
 1 APPPATH\Views\user\index.php(289): CodeIgniter\Debug\Exceptions->errorHandler(2, 'Undefined array key "availability"', 'C:\\laragon\\www\\adonbacked\\app\\Views\\user\\index.php', 289)
 2 SYSTEMPATH\View\View.php(228): include('C:\\laragon\\www\\adonbacked\\app\\Views\\user\\index.php')
 3 SYSTEMPATH\View\View.php(231): CodeIgniter\View\View->CodeIgniter\View\{closure}()
 4 SYSTEMPATH\Common.php(1190): CodeIgniter\View\View->render('user/index', [], true)
 5 APPPATH\Controllers\UserController.php(21): view('user/index', [...])
 6 SYSTEMPATH\CodeIgniter.php(942): App\Controllers\UserController->index()
 7 SYSTEMPATH\CodeIgniter.php(502): CodeIgniter\CodeIgniter->runController(Object(App\Controllers\UserController))
 8 SYSTEMPATH\CodeIgniter.php(361): CodeIgniter\CodeIgniter->handleRequest(null, Object(Config\Cache), false)
 9 FCPATH\index.php(87): CodeIgniter\CodeIgniter->run()
10 SYSTEMPATH\Commands\Server\rewrite.php(47): require_once('C:\\laragon\\www\\adonbacked\\public\\index.php')
CRITICAL - 2024-02-24 12:16:11 --> Undefined array key "fees_range"
in APPPATH\Views\user\index.php on line 292.
 1 APPPATH\Views\user\index.php(292): CodeIgniter\Debug\Exceptions->errorHandler(2, 'Undefined array key "fees_range"', 'C:\\laragon\\www\\adonbacked\\app\\Views\\user\\index.php', 292)
 2 SYSTEMPATH\View\View.php(228): include('C:\\laragon\\www\\adonbacked\\app\\Views\\user\\index.php')
 3 SYSTEMPATH\View\View.php(231): CodeIgniter\View\View->CodeIgniter\View\{closure}()
 4 SYSTEMPATH\Common.php(1190): CodeIgniter\View\View->render('user/index', [], true)
 5 APPPATH\Controllers\UserController.php(21): view('user/index', [...])
 6 SYSTEMPATH\CodeIgniter.php(942): App\Controllers\UserController->index()
 7 SYSTEMPATH\CodeIgniter.php(502): CodeIgniter\CodeIgniter->runController(Object(App\Controllers\UserController))
 8 SYSTEMPATH\CodeIgniter.php(361): CodeIgniter\CodeIgniter->handleRequest(null, Object(Config\Cache), false)
 9 FCPATH\index.php(87): CodeIgniter\CodeIgniter->run()
10 SYSTEMPATH\Commands\Server\rewrite.php(47): require_once('C:\\laragon\\www\\adonbacked\\public\\index.php')
CRITICAL - 2024-02-24 12:18:51 --> Undefined array key "id"
in APPPATH\Views\user\index.php on line 298.
 1 APPPATH\Views\user\index.php(298): CodeIgniter\Debug\Exceptions->errorHandler(2, 'Undefined array key "id"', 'C:\\laragon\\www\\adonbacked\\app\\Views\\user\\index.php', 298)
 2 SYSTEMPATH\View\View.php(228): include('C:\\laragon\\www\\adonbacked\\app\\Views\\user\\index.php')
 3 SYSTEMPATH\View\View.php(231): CodeIgniter\View\View->CodeIgniter\View\{closure}()
 4 SYSTEMPATH\Common.php(1190): CodeIgniter\View\View->render('user/index', [], true)
 5 APPPATH\Controllers\UserController.php(21): view('user/index', [...])
 6 SYSTEMPATH\CodeIgniter.php(942): App\Controllers\UserController->index()
 7 SYSTEMPATH\CodeIgniter.php(502): CodeIgniter\CodeIgniter->runController(Object(App\Controllers\UserController))
 8 SYSTEMPATH\CodeIgniter.php(361): CodeIgniter\CodeIgniter->handleRequest(null, Object(Config\Cache), false)
 9 FCPATH\index.php(87): CodeIgniter\CodeIgniter->run()
10 SYSTEMPATH\Commands\Server\rewrite.php(47): require_once('C:\\laragon\\www\\adonbacked\\public\\index.php')
CRITICAL - 2024-02-24 12:18:55 --> Undefined array key "id"
in APPPATH\Views\user\index.php on line 298.
 1 APPPATH\Views\user\index.php(298): CodeIgniter\Debug\Exceptions->errorHandler(2, 'Undefined array key "id"', 'C:\\laragon\\www\\adonbacked\\app\\Views\\user\\index.php', 298)
 2 SYSTEMPATH\View\View.php(228): include('C:\\laragon\\www\\adonbacked\\app\\Views\\user\\index.php')
 3 SYSTEMPATH\View\View.php(231): CodeIgniter\View\View->CodeIgniter\View\{closure}()
 4 SYSTEMPATH\Common.php(1190): CodeIgniter\View\View->render('user/index', [], true)
 5 APPPATH\Controllers\UserController.php(21): view('user/index', [...])
 6 SYSTEMPATH\CodeIgniter.php(942): App\Controllers\UserController->index()
 7 SYSTEMPATH\CodeIgniter.php(502): CodeIgniter\CodeIgniter->runController(Object(App\Controllers\UserController))
 8 SYSTEMPATH\CodeIgniter.php(361): CodeIgniter\CodeIgniter->handleRequest(null, Object(Config\Cache), false)
 9 FCPATH\index.php(87): CodeIgniter\CodeIgniter->run()
10 SYSTEMPATH\Commands\Server\rewrite.php(47): require_once('C:\\laragon\\www\\adonbacked\\public\\index.php')
CRITICAL - 2024-02-24 12:18:56 --> Undefined array key "id"
in APPPATH\Views\user\index.php on line 298.
 1 APPPATH\Views\user\index.php(298): CodeIgniter\Debug\Exceptions->errorHandler(2, 'Undefined array key "id"', 'C:\\laragon\\www\\adonbacked\\app\\Views\\user\\index.php', 298)
 2 SYSTEMPATH\View\View.php(228): include('C:\\laragon\\www\\adonbacked\\app\\Views\\user\\index.php')
 3 SYSTEMPATH\View\View.php(231): CodeIgniter\View\View->CodeIgniter\View\{closure}()
 4 SYSTEMPATH\Common.php(1190): CodeIgniter\View\View->render('user/index', [], true)
 5 APPPATH\Controllers\UserController.php(21): view('user/index', [...])
 6 SYSTEMPATH\CodeIgniter.php(942): App\Controllers\UserController->index()
 7 SYSTEMPATH\CodeIgniter.php(502): CodeIgniter\CodeIgniter->runController(Object(App\Controllers\UserController))
 8 SYSTEMPATH\CodeIgniter.php(361): CodeIgniter\CodeIgniter->handleRequest(null, Object(Config\Cache), false)
 9 FCPATH\index.php(87): CodeIgniter\CodeIgniter->run()
10 SYSTEMPATH\Commands\Server\rewrite.php(47): require_once('C:\\laragon\\www\\adonbacked\\public\\index.php')
CRITICAL - 2024-02-24 12:20:30 --> Undefined variable $product
in APPPATH\Views\user\index.php on line 264.
 1 APPPATH\Views\user\index.php(264): CodeIgniter\Debug\Exceptions->errorHandler(2, 'Undefined variable $product', 'C:\\laragon\\www\\adonbacked\\app\\Views\\user\\index.php', 264)
 2 SYSTEMPATH\View\View.php(228): include('C:\\laragon\\www\\adonbacked\\app\\Views\\user\\index.php')
 3 SYSTEMPATH\View\View.php(231): CodeIgniter\View\View->CodeIgniter\View\{closure}()
 4 SYSTEMPATH\Common.php(1190): CodeIgniter\View\View->render('user/index', [], true)
 5 APPPATH\Controllers\UserController.php(21): view('user/index', [...])
 6 SYSTEMPATH\CodeIgniter.php(942): App\Controllers\UserController->index()
 7 SYSTEMPATH\CodeIgniter.php(502): CodeIgniter\CodeIgniter->runController(Object(App\Controllers\UserController))
 8 SYSTEMPATH\CodeIgniter.php(361): CodeIgniter\CodeIgniter->handleRequest(null, Object(Config\Cache), false)
 9 FCPATH\index.php(87): CodeIgniter\CodeIgniter->run()
10 SYSTEMPATH\Commands\Server\rewrite.php(47): require_once('C:\\laragon\\www\\adonbacked\\public\\index.php')
CRITICAL - 2024-02-24 12:21:07 --> Undefined array key "LasstName"
in APPPATH\Views\user\index.php on line 272.
 1 APPPATH\Views\user\index.php(272): CodeIgniter\Debug\Exceptions->errorHandler(2, 'Undefined array key "LasstName"', 'C:\\laragon\\www\\adonbacked\\app\\Views\\user\\index.php', 272)
 2 SYSTEMPATH\View\View.php(228): include('C:\\laragon\\www\\adonbacked\\app\\Views\\user\\index.php')
 3 SYSTEMPATH\View\View.php(231): CodeIgniter\View\View->CodeIgniter\View\{closure}()
 4 SYSTEMPATH\Common.php(1190): CodeIgniter\View\View->render('user/index', [], true)
 5 APPPATH\Controllers\UserController.php(21): view('user/index', [...])
 6 SYSTEMPATH\CodeIgniter.php(942): App\Controllers\UserController->index()
 7 SYSTEMPATH\CodeIgniter.php(502): CodeIgniter\CodeIgniter->runController(Object(App\Controllers\UserController))
 8 SYSTEMPATH\CodeIgniter.php(361): CodeIgniter\CodeIgniter->handleRequest(null, Object(Config\Cache), false)
 9 FCPATH\index.php(87): CodeIgniter\CodeIgniter->run()
10 SYSTEMPATH\Commands\Server\rewrite.php(47): require_once('C:\\laragon\\www\\adonbacked\\public\\index.php')
