CRITICAL - 2024-06-11 02:50:05 --> Invalid file: "error.php"
in SYSTEMPATH\Exceptions\FrameworkException.php on line 39.
 1 SYSTEMPATH\View\View.php(216): CodeIgniter\Exceptions\FrameworkException::forInvalidFile('error.php')
 2 SYSTEMPATH\Common.php(1190): CodeIgniter\View\View->render('error', [], true)
 3 APPPATH\Controllers\UserController.php(452): view('error', [...])
 4 SYSTEMPATH\CodeIgniter.php(942): App\Controllers\UserController->db_doctor()
 5 SYSTEMPATH\CodeIgniter.php(502): CodeIgniter\CodeIgniter->runController(Object(App\Controllers\UserController))
 6 SYSTEMPATH\CodeIgniter.php(361): CodeIgniter\CodeIgniter->handleRequest(null, Object(Config\Cache), false)
 7 FCPATH\index.php(87): CodeIgniter\CodeIgniter->run()
 8 SYSTEMPATH\Commands\Server\rewrite.php(47): require_once('C:\\laragon\\www\\adonbacked\\public\\index.php')
CRITICAL - 2024-06-11 02:50:16 --> Undefined variable $token
in APPPATH\Controllers\UserController.php on line 180.
 1 APPPATH\Controllers\UserController.php(180): CodeIgniter\Debug\Exceptions->errorHandler(2, 'Undefined variable $token', 'C:\\laragon\\www\\adonbacked\\app\\Controllers\\UserController.php', 180)
 2 SYSTEMPATH\CodeIgniter.php(942): App\Controllers\UserController->user_db()
 3 SYSTEMPATH\CodeIgniter.php(502): CodeIgniter\CodeIgniter->runController(Object(App\Controllers\UserController))
 4 SYSTEMPATH\CodeIgniter.php(361): CodeIgniter\CodeIgniter->handleRequest(null, Object(Config\Cache), false)
 5 FCPATH\index.php(87): CodeIgniter\CodeIgniter->run()
 6 SYSTEMPATH\Commands\Server\rewrite.php(47): require_once('C:\\laragon\\www\\adonbacked\\public\\index.php')
CRITICAL - 2024-06-11 02:50:36 --> Undefined variable $token
in APPPATH\Controllers\UserController.php on line 180.
 1 APPPATH\Controllers\UserController.php(180): CodeIgniter\Debug\Exceptions->errorHandler(2, 'Undefined variable $token', 'C:\\laragon\\www\\adonbacked\\app\\Controllers\\UserController.php', 180)
 2 SYSTEMPATH\CodeIgniter.php(942): App\Controllers\UserController->user_db()
 3 SYSTEMPATH\CodeIgniter.php(502): CodeIgniter\CodeIgniter->runController(Object(App\Controllers\UserController))
 4 SYSTEMPATH\CodeIgniter.php(361): CodeIgniter\CodeIgniter->handleRequest(null, Object(Config\Cache), false)
 5 FCPATH\index.php(87): CodeIgniter\CodeIgniter->run()
 6 SYSTEMPATH\Commands\Server\rewrite.php(47): require_once('C:\\laragon\\www\\adonbacked\\public\\index.php')
CRITICAL - 2024-06-11 02:51:21 --> cURL error 6: Could not resolve host: api-ap1.pusher.com (see https://curl.haxx.se/libcurl/c/libcurl-errors.html) for https://api-ap1.pusher.com/apps/1816737/events?auth_key=66016c500af8a7ce62eb&auth_timestamp=1718074281&auth_version=1.0&body_md5=fabf00a2f30f481d896ecba545b9fed1&auth_signature=b19b719f14415bf0fc70ed774eb7e45c32fe0c7285dc0fb4abe716c5979c003d
in VENDORPATH\pusher\pusher-php-server\src\Pusher.php on line 785.
 1 VENDORPATH\pusher\pusher-php-server\src\Pusher.php(441): Pusher\Pusher->post('/apps/1816737/events', '{"name":"my-event","data":"{\\"message\\":\\"A new booking has been made by John.\\"}","channel":"my-channel"}')
 2 APPPATH\Controllers\PatientController.php(116): Pusher\Pusher->trigger('my-channel', 'my-event', [...])
 3 SYSTEMPATH\CodeIgniter.php(942): App\Controllers\PatientController->insertBooking()
 4 SYSTEMPATH\CodeIgniter.php(502): CodeIgniter\CodeIgniter->runController(Object(App\Controllers\PatientController))
 5 SYSTEMPATH\CodeIgniter.php(361): CodeIgniter\CodeIgniter->handleRequest(null, Object(Config\Cache), false)
 6 FCPATH\index.php(87): CodeIgniter\CodeIgniter->run()
 7 SYSTEMPATH\Commands\Server\rewrite.php(47): require_once('C:\\laragon\\www\\adonbacked\\public\\index.php')
CRITICAL - 2024-06-11 07:15:05 --> Invalid file: "error.php"
in SYSTEMPATH\Exceptions\FrameworkException.php on line 39.
 1 SYSTEMPATH\View\View.php(216): CodeIgniter\Exceptions\FrameworkException::forInvalidFile('error.php')
 2 SYSTEMPATH\Common.php(1190): CodeIgniter\View\View->render('error', [], true)
 3 APPPATH\Controllers\UserController.php(452): view('error', [...])
 4 SYSTEMPATH\CodeIgniter.php(942): App\Controllers\UserController->db_doctor()
 5 SYSTEMPATH\CodeIgniter.php(502): CodeIgniter\CodeIgniter->runController(Object(App\Controllers\UserController))
 6 SYSTEMPATH\CodeIgniter.php(361): CodeIgniter\CodeIgniter->handleRequest(null, Object(Config\Cache), false)
 7 FCPATH\index.php(87): CodeIgniter\CodeIgniter->run()
 8 SYSTEMPATH\Commands\Server\rewrite.php(47): require_once('C:\\laragon\\www\\adonbacked\\public\\index.php')
CRITICAL - 2024-06-11 07:15:58 --> cURL error 6: Could not resolve host: api-ap1.pusher.com (see https://curl.haxx.se/libcurl/c/libcurl-errors.html) for https://api-ap1.pusher.com/apps/1816737/events?auth_key=66016c500af8a7ce62eb&auth_timestamp=1718090158&auth_version=1.0&body_md5=fabf00a2f30f481d896ecba545b9fed1&auth_signature=8f5b79588ce9f1f352887847657bbb8e043021cc2d400bbe215457a34a63bbf4
in VENDORPATH\pusher\pusher-php-server\src\Pusher.php on line 785.
 1 VENDORPATH\pusher\pusher-php-server\src\Pusher.php(441): Pusher\Pusher->post('/apps/1816737/events', '{"name":"my-event","data":"{\\"message\\":\\"A new booking has been made by John.\\"}","channel":"my-channel"}')
 2 APPPATH\Controllers\PatientController.php(116): Pusher\Pusher->trigger('my-channel', 'my-event', [...])
 3 SYSTEMPATH\CodeIgniter.php(942): App\Controllers\PatientController->insertBooking()
 4 SYSTEMPATH\CodeIgniter.php(502): CodeIgniter\CodeIgniter->runController(Object(App\Controllers\PatientController))
 5 SYSTEMPATH\CodeIgniter.php(361): CodeIgniter\CodeIgniter->handleRequest(null, Object(Config\Cache), false)
 6 FCPATH\index.php(87): CodeIgniter\CodeIgniter->run()
 7 SYSTEMPATH\Commands\Server\rewrite.php(47): require_once('C:\\laragon\\www\\adonbacked\\public\\index.php')
CRITICAL - 2024-06-11 13:20:54 --> Invalid file: "error.php"
in SYSTEMPATH\Exceptions\FrameworkException.php on line 39.
 1 SYSTEMPATH\View\View.php(216): CodeIgniter\Exceptions\FrameworkException::forInvalidFile('error.php')
 2 SYSTEMPATH\Common.php(1190): CodeIgniter\View\View->render('error', [], true)
 3 APPPATH\Controllers\UserController.php(452): view('error', [...])
 4 SYSTEMPATH\CodeIgniter.php(942): App\Controllers\UserController->db_doctor()
 5 SYSTEMPATH\CodeIgniter.php(502): CodeIgniter\CodeIgniter->runController(Object(App\Controllers\UserController))
 6 SYSTEMPATH\CodeIgniter.php(361): CodeIgniter\CodeIgniter->handleRequest(null, Object(Config\Cache), false)
 7 FCPATH\index.php(87): CodeIgniter\CodeIgniter->run()
 8 SYSTEMPATH\Commands\Server\rewrite.php(47): require_once('C:\\laragon\\www\\adonbacked\\public\\index.php')
