ERROR - 2024-01-23 13:45:03 --> Email error: Message body empty
ERROR - 2024-01-23 13:46:56 --> Email error: Message body empty
ERROR - 2024-01-23 13:50:05 --> Email error: Message body empty
CRITICAL - 2024-01-23 13:57:50 --> require(vendor/autoload.php): Failed to open stream: No such file or directory
in APPPATH\Controllers\DoctorController.php on line 19.
 1 APPPATH\Controllers\DoctorController.php(19): CodeIgniter\Debug\Exceptions->errorHandler(2, 'require(vendor/autoload.php): Failed to open stream: No such file or directory', 'C:\\laragon\\www\\adonback\\app\\Controllers\\DoctorController.php', 19)
 2 APPPATH\Controllers\DoctorController.php(19): require()
 3 SYSTEMPATH\Autoloader\Autoloader.php(312): include_once('C:\\laragon\\www\\adonback\\app\\Controllers\\DoctorController.php')
 4 SYSTEMPATH\Autoloader\Autoloader.php(291): CodeIgniter\Autoloader\Autoloader->includeFile('C:\\laragon\\www\\adonback\\app\\Controllers\\DoctorController.php')
 5 SYSTEMPATH\Autoloader\Autoloader.php(269): CodeIgniter\Autoloader\Autoloader->loadInNamespace('App\\Controllers\\DoctorController')
 6 [internal function]: CodeIgniter\Autoloader\Autoloader->loadClass('App\\Controllers\\DoctorController')
 7 SYSTEMPATH\CodeIgniter.php(900): class_exists('\\App\\Controllers\\DoctorController', true)
 8 SYSTEMPATH\CodeIgniter.php(489): CodeIgniter\CodeIgniter->startController()
 9 SYSTEMPATH\CodeIgniter.php(361): CodeIgniter\CodeIgniter->handleRequest(null, Object(Config\Cache), false)
10 FCPATH\index.php(87): CodeIgniter\CodeIgniter->run()
CRITICAL - 2024-01-23 13:57:50 --> require(vendor/autoload.php): Failed to open stream: No such file or directory
in APPPATH\Controllers\DoctorController.php on line 19.
 1 APPPATH\Controllers\DoctorController.php(19): CodeIgniter\Debug\Exceptions->errorHandler(2, 'require(vendor/autoload.php): Failed to open stream: No such file or directory', 'C:\\laragon\\www\\adonback\\app\\Controllers\\DoctorController.php', 19)
 2 APPPATH\Controllers\DoctorController.php(19): require()
 3 SYSTEMPATH\Autoloader\Autoloader.php(312): include_once('C:\\laragon\\www\\adonback\\app\\Controllers\\DoctorController.php')
 4 SYSTEMPATH\Autoloader\Autoloader.php(291): CodeIgniter\Autoloader\Autoloader->includeFile('C:\\laragon\\www\\adonback\\app\\Controllers\\DoctorController.php')
 5 SYSTEMPATH\Autoloader\Autoloader.php(269): CodeIgniter\Autoloader\Autoloader->loadInNamespace('App\\Controllers\\DoctorController')
 6 [internal function]: CodeIgniter\Autoloader\Autoloader->loadClass('App\\Controllers\\DoctorController')
 7 SYSTEMPATH\CodeIgniter.php(900): class_exists('\\App\\Controllers\\DoctorController', true)
 8 SYSTEMPATH\CodeIgniter.php(489): CodeIgniter\CodeIgniter->startController()
 9 SYSTEMPATH\CodeIgniter.php(361): CodeIgniter\CodeIgniter->handleRequest(null, Object(Config\Cache), false)
10 FCPATH\index.php(87): CodeIgniter\CodeIgniter->run()
CRITICAL - 2024-01-23 13:57:50 --> require(vendor/autoload.php): Failed to open stream: No such file or directory
in APPPATH\Controllers\DoctorController.php on line 19.
 1 APPPATH\Controllers\DoctorController.php(19): CodeIgniter\Debug\Exceptions->errorHandler(2, 'require(vendor/autoload.php): Failed to open stream: No such file or directory', 'C:\\laragon\\www\\adonback\\app\\Controllers\\DoctorController.php', 19)
 2 APPPATH\Controllers\DoctorController.php(19): require()
 3 SYSTEMPATH\Autoloader\Autoloader.php(312): include_once('C:\\laragon\\www\\adonback\\app\\Controllers\\DoctorController.php')
 4 SYSTEMPATH\Autoloader\Autoloader.php(291): CodeIgniter\Autoloader\Autoloader->includeFile('C:\\laragon\\www\\adonback\\app\\Controllers\\DoctorController.php')
 5 SYSTEMPATH\Autoloader\Autoloader.php(269): CodeIgniter\Autoloader\Autoloader->loadInNamespace('App\\Controllers\\DoctorController')
 6 [internal function]: CodeIgniter\Autoloader\Autoloader->loadClass('App\\Controllers\\DoctorController')
 7 SYSTEMPATH\CodeIgniter.php(900): class_exists('\\App\\Controllers\\DoctorController', true)
 8 SYSTEMPATH\CodeIgniter.php(489): CodeIgniter\CodeIgniter->startController()
 9 SYSTEMPATH\CodeIgniter.php(361): CodeIgniter\CodeIgniter->handleRequest(null, Object(Config\Cache), false)
10 FCPATH\index.php(87): CodeIgniter\CodeIgniter->run()
CRITICAL - 2024-01-23 13:57:50 --> require(vendor/autoload.php): Failed to open stream: No such file or directory
in APPPATH\Controllers\DoctorController.php on line 19.
 1 APPPATH\Controllers\DoctorController.php(19): CodeIgniter\Debug\Exceptions->errorHandler(2, 'require(vendor/autoload.php): Failed to open stream: No such file or directory', 'C:\\laragon\\www\\adonback\\app\\Controllers\\DoctorController.php', 19)
 2 APPPATH\Controllers\DoctorController.php(19): require()
 3 SYSTEMPATH\Autoloader\Autoloader.php(312): include_once('C:\\laragon\\www\\adonback\\app\\Controllers\\DoctorController.php')
 4 SYSTEMPATH\Autoloader\Autoloader.php(291): CodeIgniter\Autoloader\Autoloader->includeFile('C:\\laragon\\www\\adonback\\app\\Controllers\\DoctorController.php')
 5 SYSTEMPATH\Autoloader\Autoloader.php(269): CodeIgniter\Autoloader\Autoloader->loadInNamespace('App\\Controllers\\DoctorController')
 6 [internal function]: CodeIgniter\Autoloader\Autoloader->loadClass('App\\Controllers\\DoctorController')
 7 SYSTEMPATH\CodeIgniter.php(900): class_exists('\\App\\Controllers\\DoctorController', true)
 8 SYSTEMPATH\CodeIgniter.php(489): CodeIgniter\CodeIgniter->startController()
 9 SYSTEMPATH\CodeIgniter.php(361): CodeIgniter\CodeIgniter->handleRequest(null, Object(Config\Cache), false)
10 FCPATH\index.php(87): CodeIgniter\CodeIgniter->run()
CRITICAL - 2024-01-23 13:58:03 --> require(vendor/autoload.php): Failed to open stream: No such file or directory
in APPPATH\Controllers\DoctorController.php on line 19.
 1 APPPATH\Controllers\DoctorController.php(19): CodeIgniter\Debug\Exceptions->errorHandler(2, 'require(vendor/autoload.php): Failed to open stream: No such file or directory', 'C:\\laragon\\www\\adonback\\app\\Controllers\\DoctorController.php', 19)
 2 APPPATH\Controllers\DoctorController.php(19): require()
 3 SYSTEMPATH\Autoloader\Autoloader.php(312): include_once('C:\\laragon\\www\\adonback\\app\\Controllers\\DoctorController.php')
 4 SYSTEMPATH\Autoloader\Autoloader.php(291): CodeIgniter\Autoloader\Autoloader->includeFile('C:\\laragon\\www\\adonback\\app\\Controllers\\DoctorController.php')
 5 SYSTEMPATH\Autoloader\Autoloader.php(269): CodeIgniter\Autoloader\Autoloader->loadInNamespace('App\\Controllers\\DoctorController')
 6 [internal function]: CodeIgniter\Autoloader\Autoloader->loadClass('App\\Controllers\\DoctorController')
 7 SYSTEMPATH\CodeIgniter.php(900): class_exists('\\App\\Controllers\\DoctorController', true)
 8 SYSTEMPATH\CodeIgniter.php(489): CodeIgniter\CodeIgniter->startController()
 9 SYSTEMPATH\CodeIgniter.php(361): CodeIgniter\CodeIgniter->handleRequest(null, Object(Config\Cache), false)
10 FCPATH\index.php(87): CodeIgniter\CodeIgniter->run()
CRITICAL - 2024-01-23 13:58:03 --> require(vendor/autoload.php): Failed to open stream: No such file or directory
in APPPATH\Controllers\DoctorController.php on line 19.
 1 APPPATH\Controllers\DoctorController.php(19): CodeIgniter\Debug\Exceptions->errorHandler(2, 'require(vendor/autoload.php): Failed to open stream: No such file or directory', 'C:\\laragon\\www\\adonback\\app\\Controllers\\DoctorController.php', 19)
 2 APPPATH\Controllers\DoctorController.php(19): require()
 3 SYSTEMPATH\Autoloader\Autoloader.php(312): include_once('C:\\laragon\\www\\adonback\\app\\Controllers\\DoctorController.php')
 4 SYSTEMPATH\Autoloader\Autoloader.php(291): CodeIgniter\Autoloader\Autoloader->includeFile('C:\\laragon\\www\\adonback\\app\\Controllers\\DoctorController.php')
 5 SYSTEMPATH\Autoloader\Autoloader.php(269): CodeIgniter\Autoloader\Autoloader->loadInNamespace('App\\Controllers\\DoctorController')
 6 [internal function]: CodeIgniter\Autoloader\Autoloader->loadClass('App\\Controllers\\DoctorController')
 7 SYSTEMPATH\CodeIgniter.php(900): class_exists('\\App\\Controllers\\DoctorController', true)
 8 SYSTEMPATH\CodeIgniter.php(489): CodeIgniter\CodeIgniter->startController()
 9 SYSTEMPATH\CodeIgniter.php(361): CodeIgniter\CodeIgniter->handleRequest(null, Object(Config\Cache), false)
10 FCPATH\index.php(87): CodeIgniter\CodeIgniter->run()
CRITICAL - 2024-01-23 13:58:03 --> require(vendor/autoload.php): Failed to open stream: No such file or directory
in APPPATH\Controllers\DoctorController.php on line 19.
 1 APPPATH\Controllers\DoctorController.php(19): CodeIgniter\Debug\Exceptions->errorHandler(2, 'require(vendor/autoload.php): Failed to open stream: No such file or directory', 'C:\\laragon\\www\\adonback\\app\\Controllers\\DoctorController.php', 19)
 2 APPPATH\Controllers\DoctorController.php(19): require()
 3 SYSTEMPATH\Autoloader\Autoloader.php(312): include_once('C:\\laragon\\www\\adonback\\app\\Controllers\\DoctorController.php')
 4 SYSTEMPATH\Autoloader\Autoloader.php(291): CodeIgniter\Autoloader\Autoloader->includeFile('C:\\laragon\\www\\adonback\\app\\Controllers\\DoctorController.php')
 5 SYSTEMPATH\Autoloader\Autoloader.php(269): CodeIgniter\Autoloader\Autoloader->loadInNamespace('App\\Controllers\\DoctorController')
 6 [internal function]: CodeIgniter\Autoloader\Autoloader->loadClass('App\\Controllers\\DoctorController')
 7 SYSTEMPATH\CodeIgniter.php(900): class_exists('\\App\\Controllers\\DoctorController', true)
 8 SYSTEMPATH\CodeIgniter.php(489): CodeIgniter\CodeIgniter->startController()
 9 SYSTEMPATH\CodeIgniter.php(361): CodeIgniter\CodeIgniter->handleRequest(null, Object(Config\Cache), false)
10 FCPATH\index.php(87): CodeIgniter\CodeIgniter->run()
CRITICAL - 2024-01-23 13:58:03 --> require(vendor/autoload.php): Failed to open stream: No such file or directory
in APPPATH\Controllers\DoctorController.php on line 19.
 1 APPPATH\Controllers\DoctorController.php(19): CodeIgniter\Debug\Exceptions->errorHandler(2, 'require(vendor/autoload.php): Failed to open stream: No such file or directory', 'C:\\laragon\\www\\adonback\\app\\Controllers\\DoctorController.php', 19)
 2 APPPATH\Controllers\DoctorController.php(19): require()
 3 SYSTEMPATH\Autoloader\Autoloader.php(312): include_once('C:\\laragon\\www\\adonback\\app\\Controllers\\DoctorController.php')
 4 SYSTEMPATH\Autoloader\Autoloader.php(291): CodeIgniter\Autoloader\Autoloader->includeFile('C:\\laragon\\www\\adonback\\app\\Controllers\\DoctorController.php')
 5 SYSTEMPATH\Autoloader\Autoloader.php(269): CodeIgniter\Autoloader\Autoloader->loadInNamespace('App\\Controllers\\DoctorController')
 6 [internal function]: CodeIgniter\Autoloader\Autoloader->loadClass('App\\Controllers\\DoctorController')
 7 SYSTEMPATH\CodeIgniter.php(900): class_exists('\\App\\Controllers\\DoctorController', true)
 8 SYSTEMPATH\CodeIgniter.php(489): CodeIgniter\CodeIgniter->startController()
 9 SYSTEMPATH\CodeIgniter.php(361): CodeIgniter\CodeIgniter->handleRequest(null, Object(Config\Cache), false)
10 FCPATH\index.php(87): CodeIgniter\CodeIgniter->run()
CRITICAL - 2024-01-23 14:03:10 --> require(vendor/autoload.php): Failed to open stream: No such file or directory
in APPPATH\Controllers\DoctorController.php on line 19.
 1 APPPATH\Controllers\DoctorController.php(19): CodeIgniter\Debug\Exceptions->errorHandler(2, 'require(vendor/autoload.php): Failed to open stream: No such file or directory', 'C:\\laragon\\www\\adonback\\app\\Controllers\\DoctorController.php', 19)
 2 APPPATH\Controllers\DoctorController.php(19): require()
 3 SYSTEMPATH\Autoloader\Autoloader.php(312): include_once('C:\\laragon\\www\\adonback\\app\\Controllers\\DoctorController.php')
 4 SYSTEMPATH\Autoloader\Autoloader.php(291): CodeIgniter\Autoloader\Autoloader->includeFile('C:\\laragon\\www\\adonback\\app\\Controllers\\DoctorController.php')
 5 SYSTEMPATH\Autoloader\Autoloader.php(269): CodeIgniter\Autoloader\Autoloader->loadInNamespace('App\\Controllers\\DoctorController')
 6 [internal function]: CodeIgniter\Autoloader\Autoloader->loadClass('App\\Controllers\\DoctorController')
 7 SYSTEMPATH\CodeIgniter.php(900): class_exists('\\App\\Controllers\\DoctorController', true)
 8 SYSTEMPATH\CodeIgniter.php(489): CodeIgniter\CodeIgniter->startController()
 9 SYSTEMPATH\CodeIgniter.php(361): CodeIgniter\CodeIgniter->handleRequest(null, Object(Config\Cache), false)
10 FCPATH\index.php(87): CodeIgniter\CodeIgniter->run()
CRITICAL - 2024-01-23 14:03:10 --> require(vendor/autoload.php): Failed to open stream: No such file or directory
in APPPATH\Controllers\DoctorController.php on line 19.
 1 APPPATH\Controllers\DoctorController.php(19): CodeIgniter\Debug\Exceptions->errorHandler(2, 'require(vendor/autoload.php): Failed to open stream: No such file or directory', 'C:\\laragon\\www\\adonback\\app\\Controllers\\DoctorController.php', 19)
 2 APPPATH\Controllers\DoctorController.php(19): require()
 3 SYSTEMPATH\Autoloader\Autoloader.php(312): include_once('C:\\laragon\\www\\adonback\\app\\Controllers\\DoctorController.php')
 4 SYSTEMPATH\Autoloader\Autoloader.php(291): CodeIgniter\Autoloader\Autoloader->includeFile('C:\\laragon\\www\\adonback\\app\\Controllers\\DoctorController.php')
 5 SYSTEMPATH\Autoloader\Autoloader.php(269): CodeIgniter\Autoloader\Autoloader->loadInNamespace('App\\Controllers\\DoctorController')
 6 [internal function]: CodeIgniter\Autoloader\Autoloader->loadClass('App\\Controllers\\DoctorController')
 7 SYSTEMPATH\CodeIgniter.php(900): class_exists('\\App\\Controllers\\DoctorController', true)
 8 SYSTEMPATH\CodeIgniter.php(489): CodeIgniter\CodeIgniter->startController()
 9 SYSTEMPATH\CodeIgniter.php(361): CodeIgniter\CodeIgniter->handleRequest(null, Object(Config\Cache), false)
10 FCPATH\index.php(87): CodeIgniter\CodeIgniter->run()
CRITICAL - 2024-01-23 14:03:10 --> require(vendor/autoload.php): Failed to open stream: No such file or directory
in APPPATH\Controllers\DoctorController.php on line 19.
 1 APPPATH\Controllers\DoctorController.php(19): CodeIgniter\Debug\Exceptions->errorHandler(2, 'require(vendor/autoload.php): Failed to open stream: No such file or directory', 'C:\\laragon\\www\\adonback\\app\\Controllers\\DoctorController.php', 19)
 2 APPPATH\Controllers\DoctorController.php(19): require()
 3 SYSTEMPATH\Autoloader\Autoloader.php(312): include_once('C:\\laragon\\www\\adonback\\app\\Controllers\\DoctorController.php')
 4 SYSTEMPATH\Autoloader\Autoloader.php(291): CodeIgniter\Autoloader\Autoloader->includeFile('C:\\laragon\\www\\adonback\\app\\Controllers\\DoctorController.php')
 5 SYSTEMPATH\Autoloader\Autoloader.php(269): CodeIgniter\Autoloader\Autoloader->loadInNamespace('App\\Controllers\\DoctorController')
 6 [internal function]: CodeIgniter\Autoloader\Autoloader->loadClass('App\\Controllers\\DoctorController')
 7 SYSTEMPATH\CodeIgniter.php(900): class_exists('\\App\\Controllers\\DoctorController', true)
 8 SYSTEMPATH\CodeIgniter.php(489): CodeIgniter\CodeIgniter->startController()
 9 SYSTEMPATH\CodeIgniter.php(361): CodeIgniter\CodeIgniter->handleRequest(null, Object(Config\Cache), false)
10 FCPATH\index.php(87): CodeIgniter\CodeIgniter->run()
CRITICAL - 2024-01-23 14:03:10 --> require(vendor/autoload.php): Failed to open stream: No such file or directory
in APPPATH\Controllers\DoctorController.php on line 19.
 1 APPPATH\Controllers\DoctorController.php(19): CodeIgniter\Debug\Exceptions->errorHandler(2, 'require(vendor/autoload.php): Failed to open stream: No such file or directory', 'C:\\laragon\\www\\adonback\\app\\Controllers\\DoctorController.php', 19)
 2 APPPATH\Controllers\DoctorController.php(19): require()
 3 SYSTEMPATH\Autoloader\Autoloader.php(312): include_once('C:\\laragon\\www\\adonback\\app\\Controllers\\DoctorController.php')
 4 SYSTEMPATH\Autoloader\Autoloader.php(291): CodeIgniter\Autoloader\Autoloader->includeFile('C:\\laragon\\www\\adonback\\app\\Controllers\\DoctorController.php')
 5 SYSTEMPATH\Autoloader\Autoloader.php(269): CodeIgniter\Autoloader\Autoloader->loadInNamespace('App\\Controllers\\DoctorController')
 6 [internal function]: CodeIgniter\Autoloader\Autoloader->loadClass('App\\Controllers\\DoctorController')
 7 SYSTEMPATH\CodeIgniter.php(900): class_exists('\\App\\Controllers\\DoctorController', true)
 8 SYSTEMPATH\CodeIgniter.php(489): CodeIgniter\CodeIgniter->startController()
 9 SYSTEMPATH\CodeIgniter.php(361): CodeIgniter\CodeIgniter->handleRequest(null, Object(Config\Cache), false)
10 FCPATH\index.php(87): CodeIgniter\CodeIgniter->run()
CRITICAL - 2024-01-23 14:03:25 --> require(vendor/autoload.php): Failed to open stream: No such file or directory
in APPPATH\Controllers\DoctorController.php on line 19.
 1 APPPATH\Controllers\DoctorController.php(19): CodeIgniter\Debug\Exceptions->errorHandler(2, 'require(vendor/autoload.php): Failed to open stream: No such file or directory', 'C:\\laragon\\www\\adonback\\app\\Controllers\\DoctorController.php', 19)
 2 APPPATH\Controllers\DoctorController.php(19): require()
 3 SYSTEMPATH\Autoloader\Autoloader.php(312): include_once('C:\\laragon\\www\\adonback\\app\\Controllers\\DoctorController.php')
 4 SYSTEMPATH\Autoloader\Autoloader.php(291): CodeIgniter\Autoloader\Autoloader->includeFile('C:\\laragon\\www\\adonback\\app\\Controllers\\DoctorController.php')
 5 SYSTEMPATH\Autoloader\Autoloader.php(269): CodeIgniter\Autoloader\Autoloader->loadInNamespace('App\\Controllers\\DoctorController')
 6 [internal function]: CodeIgniter\Autoloader\Autoloader->loadClass('App\\Controllers\\DoctorController')
 7 SYSTEMPATH\CodeIgniter.php(900): class_exists('\\App\\Controllers\\DoctorController', true)
 8 SYSTEMPATH\CodeIgniter.php(489): CodeIgniter\CodeIgniter->startController()
 9 SYSTEMPATH\CodeIgniter.php(361): CodeIgniter\CodeIgniter->handleRequest(null, Object(Config\Cache), false)
10 FCPATH\index.php(87): CodeIgniter\CodeIgniter->run()
ERROR - 2024-01-23 14:05:49 --> Email error: Message body empty
