ERROR - 2024-03-07 01:19:30 --> mysqli_sql_exception: Column 'Pref_Date' cannot be null in C:\laragon\www\adonbacked\system\Database\MySQLi\Connection.php:306
Stack trace:
#0 C:\laragon\www\adonbacked\system\Database\MySQLi\Connection.php(306): mysqli->query('INSERT INTO `ap...', 0)
#1 C:\laragon\www\adonbacked\system\Database\BaseConnection.php(693): CodeIgniter\Database\MySQLi\Connection->execute('INSERT INTO `ap...')
#2 C:\laragon\www\adonbacked\system\Database\BaseConnection.php(607): CodeIgniter\Database\BaseConnection->simpleQuery('INSERT INTO `ap...')
#3 C:\laragon\www\adonbacked\system\Database\BaseBuilder.php(2308): CodeIgniter\Database\BaseConnection->query('INSERT INTO `ap...', Array, false)
#4 C:\laragon\www\adonbacked\system\Model.php(319): CodeIgniter\Database\BaseBuilder->insert()
#5 C:\laragon\www\adonbacked\system\BaseModel.php(788): CodeIgniter\Model->doInsert(Array)
#6 C:\laragon\www\adonbacked\system\Model.php(715): CodeIgniter\BaseModel->insert(Array, true)
#7 C:\laragon\www\adonbacked\app\Controllers\PatientController.php(82): CodeIgniter\Model->insert(Array)
#8 C:\laragon\www\adonbacked\system\CodeIgniter.php(942): App\Controllers\PatientController->insertBooking()
#9 C:\laragon\www\adonbacked\system\CodeIgniter.php(502): CodeIgniter\CodeIgniter->runController(Object(App\Controllers\PatientController))
#10 C:\laragon\www\adonbacked\system\CodeIgniter.php(361): CodeIgniter\CodeIgniter->handleRequest(NULL, Object(Config\Cache), false)
#11 C:\laragon\www\adonbacked\public\index.php(87): CodeIgniter\CodeIgniter->run()
#12 C:\laragon\www\adonbacked\system\Commands\Server\rewrite.php(47): require_once('C:\\laragon\\www\\...')
#13 {main}
CRITICAL - 2024-03-07 01:19:30 --> Column 'Pref_Date' cannot be null
in SYSTEMPATH\Database\BaseConnection.php on line 647.
 1 SYSTEMPATH\Database\BaseBuilder.php(2308): CodeIgniter\Database\BaseConnection->query('INSERT INTO `appointments` (`PatientID`, `Firstname`, `Lastname`, `Email`, `Phone`, `Pref_Date`, `Pref_Doctor`, `Purpose`, `Pref_Location`, `Add_message`, `Status`) VALUES (:PatientID:, :Firstname:, :Lastname:, :Email:, :Phone:, :Pref_Date:, :Pref_Doctor:, :Purpose:, :Pref_Location:, :Add_message:, :Status:)', [...], false)
 2 SYSTEMPATH\Model.php(319): CodeIgniter\Database\BaseBuilder->insert()
 3 SYSTEMPATH\BaseModel.php(788): CodeIgniter\Model->doInsert([...])
 4 SYSTEMPATH\Model.php(715): CodeIgniter\BaseModel->insert([...], true)
 5 APPPATH\Controllers\PatientController.php(82): CodeIgniter\Model->insert([...])
 6 SYSTEMPATH\CodeIgniter.php(942): App\Controllers\PatientController->insertBooking()
 7 SYSTEMPATH\CodeIgniter.php(502): CodeIgniter\CodeIgniter->runController(Object(App\Controllers\PatientController))
 8 SYSTEMPATH\CodeIgniter.php(361): CodeIgniter\CodeIgniter->handleRequest(null, Object(Config\Cache), false)
 9 FCPATH\index.php(87): CodeIgniter\CodeIgniter->run()
10 SYSTEMPATH\Commands\Server\rewrite.php(47): require_once('C:\\laragon\\www\\adonbacked\\public\\index.php')
ERROR - 2024-03-07 01:20:27 --> mysqli_sql_exception: Column 'Pref_Date' cannot be null in C:\laragon\www\adonbacked\system\Database\MySQLi\Connection.php:306
Stack trace:
#0 C:\laragon\www\adonbacked\system\Database\MySQLi\Connection.php(306): mysqli->query('INSERT INTO `ap...', 0)
#1 C:\laragon\www\adonbacked\system\Database\BaseConnection.php(693): CodeIgniter\Database\MySQLi\Connection->execute('INSERT INTO `ap...')
#2 C:\laragon\www\adonbacked\system\Database\BaseConnection.php(607): CodeIgniter\Database\BaseConnection->simpleQuery('INSERT INTO `ap...')
#3 C:\laragon\www\adonbacked\system\Database\BaseBuilder.php(2308): CodeIgniter\Database\BaseConnection->query('INSERT INTO `ap...', Array, false)
#4 C:\laragon\www\adonbacked\system\Model.php(319): CodeIgniter\Database\BaseBuilder->insert()
#5 C:\laragon\www\adonbacked\system\BaseModel.php(788): CodeIgniter\Model->doInsert(Array)
#6 C:\laragon\www\adonbacked\system\Model.php(715): CodeIgniter\BaseModel->insert(Array, true)
#7 C:\laragon\www\adonbacked\app\Controllers\PatientController.php(82): CodeIgniter\Model->insert(Array)
#8 C:\laragon\www\adonbacked\system\CodeIgniter.php(942): App\Controllers\PatientController->insertBooking()
#9 C:\laragon\www\adonbacked\system\CodeIgniter.php(502): CodeIgniter\CodeIgniter->runController(Object(App\Controllers\PatientController))
#10 C:\laragon\www\adonbacked\system\CodeIgniter.php(361): CodeIgniter\CodeIgniter->handleRequest(NULL, Object(Config\Cache), false)
#11 C:\laragon\www\adonbacked\public\index.php(87): CodeIgniter\CodeIgniter->run()
#12 C:\laragon\www\adonbacked\system\Commands\Server\rewrite.php(47): require_once('C:\\laragon\\www\\...')
#13 {main}
CRITICAL - 2024-03-07 01:20:27 --> Column 'Pref_Date' cannot be null
in SYSTEMPATH\Database\BaseConnection.php on line 647.
 1 SYSTEMPATH\Database\BaseBuilder.php(2308): CodeIgniter\Database\BaseConnection->query('INSERT INTO `appointments` (`PatientID`, `Firstname`, `Lastname`, `Email`, `Phone`, `Pref_Date`, `Pref_Doctor`, `Purpose`, `Pref_Location`, `Add_message`, `Status`) VALUES (:PatientID:, :Firstname:, :Lastname:, :Email:, :Phone:, :Pref_Date:, :Pref_Doctor:, :Purpose:, :Pref_Location:, :Add_message:, :Status:)', [...], false)
 2 SYSTEMPATH\Model.php(319): CodeIgniter\Database\BaseBuilder->insert()
 3 SYSTEMPATH\BaseModel.php(788): CodeIgniter\Model->doInsert([...])
 4 SYSTEMPATH\Model.php(715): CodeIgniter\BaseModel->insert([...], true)
 5 APPPATH\Controllers\PatientController.php(82): CodeIgniter\Model->insert([...])
 6 SYSTEMPATH\CodeIgniter.php(942): App\Controllers\PatientController->insertBooking()
 7 SYSTEMPATH\CodeIgniter.php(502): CodeIgniter\CodeIgniter->runController(Object(App\Controllers\PatientController))
 8 SYSTEMPATH\CodeIgniter.php(361): CodeIgniter\CodeIgniter->handleRequest(null, Object(Config\Cache), false)
 9 FCPATH\index.php(87): CodeIgniter\CodeIgniter->run()
10 SYSTEMPATH\Commands\Server\rewrite.php(47): require_once('C:\\laragon\\www\\adonbacked\\public\\index.php')
ERROR - 2024-03-07 01:20:29 --> mysqli_sql_exception: Column 'Pref_Date' cannot be null in C:\laragon\www\adonbacked\system\Database\MySQLi\Connection.php:306
Stack trace:
#0 C:\laragon\www\adonbacked\system\Database\MySQLi\Connection.php(306): mysqli->query('INSERT INTO `ap...', 0)
#1 C:\laragon\www\adonbacked\system\Database\BaseConnection.php(693): CodeIgniter\Database\MySQLi\Connection->execute('INSERT INTO `ap...')
#2 C:\laragon\www\adonbacked\system\Database\BaseConnection.php(607): CodeIgniter\Database\BaseConnection->simpleQuery('INSERT INTO `ap...')
#3 C:\laragon\www\adonbacked\system\Database\BaseBuilder.php(2308): CodeIgniter\Database\BaseConnection->query('INSERT INTO `ap...', Array, false)
#4 C:\laragon\www\adonbacked\system\Model.php(319): CodeIgniter\Database\BaseBuilder->insert()
#5 C:\laragon\www\adonbacked\system\BaseModel.php(788): CodeIgniter\Model->doInsert(Array)
#6 C:\laragon\www\adonbacked\system\Model.php(715): CodeIgniter\BaseModel->insert(Array, true)
#7 C:\laragon\www\adonbacked\app\Controllers\PatientController.php(82): CodeIgniter\Model->insert(Array)
#8 C:\laragon\www\adonbacked\system\CodeIgniter.php(942): App\Controllers\PatientController->insertBooking()
#9 C:\laragon\www\adonbacked\system\CodeIgniter.php(502): CodeIgniter\CodeIgniter->runController(Object(App\Controllers\PatientController))
#10 C:\laragon\www\adonbacked\system\CodeIgniter.php(361): CodeIgniter\CodeIgniter->handleRequest(NULL, Object(Config\Cache), false)
#11 C:\laragon\www\adonbacked\public\index.php(87): CodeIgniter\CodeIgniter->run()
#12 C:\laragon\www\adonbacked\system\Commands\Server\rewrite.php(47): require_once('C:\\laragon\\www\\...')
#13 {main}
CRITICAL - 2024-03-07 01:20:29 --> Column 'Pref_Date' cannot be null
in SYSTEMPATH\Database\BaseConnection.php on line 647.
 1 SYSTEMPATH\Database\BaseBuilder.php(2308): CodeIgniter\Database\BaseConnection->query('INSERT INTO `appointments` (`PatientID`, `Firstname`, `Lastname`, `Email`, `Phone`, `Pref_Date`, `Pref_Doctor`, `Purpose`, `Pref_Location`, `Add_message`, `Status`) VALUES (:PatientID:, :Firstname:, :Lastname:, :Email:, :Phone:, :Pref_Date:, :Pref_Doctor:, :Purpose:, :Pref_Location:, :Add_message:, :Status:)', [...], false)
 2 SYSTEMPATH\Model.php(319): CodeIgniter\Database\BaseBuilder->insert()
 3 SYSTEMPATH\BaseModel.php(788): CodeIgniter\Model->doInsert([...])
 4 SYSTEMPATH\Model.php(715): CodeIgniter\BaseModel->insert([...], true)
 5 APPPATH\Controllers\PatientController.php(82): CodeIgniter\Model->insert([...])
 6 SYSTEMPATH\CodeIgniter.php(942): App\Controllers\PatientController->insertBooking()
 7 SYSTEMPATH\CodeIgniter.php(502): CodeIgniter\CodeIgniter->runController(Object(App\Controllers\PatientController))
 8 SYSTEMPATH\CodeIgniter.php(361): CodeIgniter\CodeIgniter->handleRequest(null, Object(Config\Cache), false)
 9 FCPATH\index.php(87): CodeIgniter\CodeIgniter->run()
10 SYSTEMPATH\Commands\Server\rewrite.php(47): require_once('C:\\laragon\\www\\adonbacked\\public\\index.php')
ERROR - 2024-03-07 01:46:42 --> mysqli_sql_exception: Column 'Pref_Date' cannot be null in C:\laragon\www\adonbacked\system\Database\MySQLi\Connection.php:306
Stack trace:
#0 C:\laragon\www\adonbacked\system\Database\MySQLi\Connection.php(306): mysqli->query('INSERT INTO `ap...', 0)
#1 C:\laragon\www\adonbacked\system\Database\BaseConnection.php(693): CodeIgniter\Database\MySQLi\Connection->execute('INSERT INTO `ap...')
#2 C:\laragon\www\adonbacked\system\Database\BaseConnection.php(607): CodeIgniter\Database\BaseConnection->simpleQuery('INSERT INTO `ap...')
#3 C:\laragon\www\adonbacked\system\Database\BaseBuilder.php(2308): CodeIgniter\Database\BaseConnection->query('INSERT INTO `ap...', Array, false)
#4 C:\laragon\www\adonbacked\system\Model.php(319): CodeIgniter\Database\BaseBuilder->insert()
#5 C:\laragon\www\adonbacked\system\BaseModel.php(788): CodeIgniter\Model->doInsert(Array)
#6 C:\laragon\www\adonbacked\system\Model.php(715): CodeIgniter\BaseModel->insert(Array, true)
#7 C:\laragon\www\adonbacked\app\Controllers\PatientController.php(82): CodeIgniter\Model->insert(Array)
#8 C:\laragon\www\adonbacked\system\CodeIgniter.php(942): App\Controllers\PatientController->insertBooking()
#9 C:\laragon\www\adonbacked\system\CodeIgniter.php(502): CodeIgniter\CodeIgniter->runController(Object(App\Controllers\PatientController))
#10 C:\laragon\www\adonbacked\system\CodeIgniter.php(361): CodeIgniter\CodeIgniter->handleRequest(NULL, Object(Config\Cache), false)
#11 C:\laragon\www\adonbacked\public\index.php(87): CodeIgniter\CodeIgniter->run()
#12 C:\laragon\www\adonbacked\system\Commands\Server\rewrite.php(47): require_once('C:\\laragon\\www\\...')
#13 {main}
CRITICAL - 2024-03-07 01:46:42 --> Column 'Pref_Date' cannot be null
in SYSTEMPATH\Database\BaseConnection.php on line 647.
 1 SYSTEMPATH\Database\BaseBuilder.php(2308): CodeIgniter\Database\BaseConnection->query('INSERT INTO `appointments` (`PatientID`, `Firstname`, `Lastname`, `Email`, `Phone`, `Pref_Date`, `Pref_Doctor`, `Purpose`, `Pref_Location`, `Add_message`, `Status`) VALUES (:PatientID:, :Firstname:, :Lastname:, :Email:, :Phone:, :Pref_Date:, :Pref_Doctor:, :Purpose:, :Pref_Location:, :Add_message:, :Status:)', [...], false)
 2 SYSTEMPATH\Model.php(319): CodeIgniter\Database\BaseBuilder->insert()
 3 SYSTEMPATH\BaseModel.php(788): CodeIgniter\Model->doInsert([...])
 4 SYSTEMPATH\Model.php(715): CodeIgniter\BaseModel->insert([...], true)
 5 APPPATH\Controllers\PatientController.php(82): CodeIgniter\Model->insert([...])
 6 SYSTEMPATH\CodeIgniter.php(942): App\Controllers\PatientController->insertBooking()
 7 SYSTEMPATH\CodeIgniter.php(502): CodeIgniter\CodeIgniter->runController(Object(App\Controllers\PatientController))
 8 SYSTEMPATH\CodeIgniter.php(361): CodeIgniter\CodeIgniter->handleRequest(null, Object(Config\Cache), false)
 9 FCPATH\index.php(87): CodeIgniter\CodeIgniter->run()
10 SYSTEMPATH\Commands\Server\rewrite.php(47): require_once('C:\\laragon\\www\\adonbacked\\public\\index.php')
ERROR - 2024-03-07 01:46:47 --> mysqli_sql_exception: Column 'Pref_Date' cannot be null in C:\laragon\www\adonbacked\system\Database\MySQLi\Connection.php:306
Stack trace:
#0 C:\laragon\www\adonbacked\system\Database\MySQLi\Connection.php(306): mysqli->query('INSERT INTO `ap...', 0)
#1 C:\laragon\www\adonbacked\system\Database\BaseConnection.php(693): CodeIgniter\Database\MySQLi\Connection->execute('INSERT INTO `ap...')
#2 C:\laragon\www\adonbacked\system\Database\BaseConnection.php(607): CodeIgniter\Database\BaseConnection->simpleQuery('INSERT INTO `ap...')
#3 C:\laragon\www\adonbacked\system\Database\BaseBuilder.php(2308): CodeIgniter\Database\BaseConnection->query('INSERT INTO `ap...', Array, false)
#4 C:\laragon\www\adonbacked\system\Model.php(319): CodeIgniter\Database\BaseBuilder->insert()
#5 C:\laragon\www\adonbacked\system\BaseModel.php(788): CodeIgniter\Model->doInsert(Array)
#6 C:\laragon\www\adonbacked\system\Model.php(715): CodeIgniter\BaseModel->insert(Array, true)
#7 C:\laragon\www\adonbacked\app\Controllers\PatientController.php(82): CodeIgniter\Model->insert(Array)
#8 C:\laragon\www\adonbacked\system\CodeIgniter.php(942): App\Controllers\PatientController->insertBooking()
#9 C:\laragon\www\adonbacked\system\CodeIgniter.php(502): CodeIgniter\CodeIgniter->runController(Object(App\Controllers\PatientController))
#10 C:\laragon\www\adonbacked\system\CodeIgniter.php(361): CodeIgniter\CodeIgniter->handleRequest(NULL, Object(Config\Cache), false)
#11 C:\laragon\www\adonbacked\public\index.php(87): CodeIgniter\CodeIgniter->run()
#12 C:\laragon\www\adonbacked\system\Commands\Server\rewrite.php(47): require_once('C:\\laragon\\www\\...')
#13 {main}
CRITICAL - 2024-03-07 01:46:47 --> Column 'Pref_Date' cannot be null
in SYSTEMPATH\Database\BaseConnection.php on line 647.
 1 SYSTEMPATH\Database\BaseBuilder.php(2308): CodeIgniter\Database\BaseConnection->query('INSERT INTO `appointments` (`PatientID`, `Firstname`, `Lastname`, `Email`, `Phone`, `Pref_Date`, `Pref_Doctor`, `Purpose`, `Pref_Location`, `Add_message`, `Status`) VALUES (:PatientID:, :Firstname:, :Lastname:, :Email:, :Phone:, :Pref_Date:, :Pref_Doctor:, :Purpose:, :Pref_Location:, :Add_message:, :Status:)', [...], false)
 2 SYSTEMPATH\Model.php(319): CodeIgniter\Database\BaseBuilder->insert()
 3 SYSTEMPATH\BaseModel.php(788): CodeIgniter\Model->doInsert([...])
 4 SYSTEMPATH\Model.php(715): CodeIgniter\BaseModel->insert([...], true)
 5 APPPATH\Controllers\PatientController.php(82): CodeIgniter\Model->insert([...])
 6 SYSTEMPATH\CodeIgniter.php(942): App\Controllers\PatientController->insertBooking()
 7 SYSTEMPATH\CodeIgniter.php(502): CodeIgniter\CodeIgniter->runController(Object(App\Controllers\PatientController))
 8 SYSTEMPATH\CodeIgniter.php(361): CodeIgniter\CodeIgniter->handleRequest(null, Object(Config\Cache), false)
 9 FCPATH\index.php(87): CodeIgniter\CodeIgniter->run()
10 SYSTEMPATH\Commands\Server\rewrite.php(47): require_once('C:\\laragon\\www\\adonbacked\\public\\index.php')
ERROR - 2024-03-07 01:47:17 --> mysqli_sql_exception: Column 'Pref_Date' cannot be null in C:\laragon\www\adonbacked\system\Database\MySQLi\Connection.php:306
Stack trace:
#0 C:\laragon\www\adonbacked\system\Database\MySQLi\Connection.php(306): mysqli->query('INSERT INTO `ap...', 0)
#1 C:\laragon\www\adonbacked\system\Database\BaseConnection.php(693): CodeIgniter\Database\MySQLi\Connection->execute('INSERT INTO `ap...')
#2 C:\laragon\www\adonbacked\system\Database\BaseConnection.php(607): CodeIgniter\Database\BaseConnection->simpleQuery('INSERT INTO `ap...')
#3 C:\laragon\www\adonbacked\system\Database\BaseBuilder.php(2308): CodeIgniter\Database\BaseConnection->query('INSERT INTO `ap...', Array, false)
#4 C:\laragon\www\adonbacked\system\Model.php(319): CodeIgniter\Database\BaseBuilder->insert()
#5 C:\laragon\www\adonbacked\system\BaseModel.php(788): CodeIgniter\Model->doInsert(Array)
#6 C:\laragon\www\adonbacked\system\Model.php(715): CodeIgniter\BaseModel->insert(Array, true)
#7 C:\laragon\www\adonbacked\app\Controllers\PatientController.php(82): CodeIgniter\Model->insert(Array)
#8 C:\laragon\www\adonbacked\system\CodeIgniter.php(942): App\Controllers\PatientController->insertBooking()
#9 C:\laragon\www\adonbacked\system\CodeIgniter.php(502): CodeIgniter\CodeIgniter->runController(Object(App\Controllers\PatientController))
#10 C:\laragon\www\adonbacked\system\CodeIgniter.php(361): CodeIgniter\CodeIgniter->handleRequest(NULL, Object(Config\Cache), false)
#11 C:\laragon\www\adonbacked\public\index.php(87): CodeIgniter\CodeIgniter->run()
#12 C:\laragon\www\adonbacked\system\Commands\Server\rewrite.php(47): require_once('C:\\laragon\\www\\...')
#13 {main}
CRITICAL - 2024-03-07 01:47:17 --> Column 'Pref_Date' cannot be null
in SYSTEMPATH\Database\BaseConnection.php on line 647.
 1 SYSTEMPATH\Database\BaseBuilder.php(2308): CodeIgniter\Database\BaseConnection->query('INSERT INTO `appointments` (`PatientID`, `Firstname`, `Lastname`, `Email`, `Phone`, `Pref_Date`, `Pref_Doctor`, `Purpose`, `Pref_Location`, `Add_message`, `Status`) VALUES (:PatientID:, :Firstname:, :Lastname:, :Email:, :Phone:, :Pref_Date:, :Pref_Doctor:, :Purpose:, :Pref_Location:, :Add_message:, :Status:)', [...], false)
 2 SYSTEMPATH\Model.php(319): CodeIgniter\Database\BaseBuilder->insert()
 3 SYSTEMPATH\BaseModel.php(788): CodeIgniter\Model->doInsert([...])
 4 SYSTEMPATH\Model.php(715): CodeIgniter\BaseModel->insert([...], true)
 5 APPPATH\Controllers\PatientController.php(82): CodeIgniter\Model->insert([...])
 6 SYSTEMPATH\CodeIgniter.php(942): App\Controllers\PatientController->insertBooking()
 7 SYSTEMPATH\CodeIgniter.php(502): CodeIgniter\CodeIgniter->runController(Object(App\Controllers\PatientController))
 8 SYSTEMPATH\CodeIgniter.php(361): CodeIgniter\CodeIgniter->handleRequest(null, Object(Config\Cache), false)
 9 FCPATH\index.php(87): CodeIgniter\CodeIgniter->run()
10 SYSTEMPATH\Commands\Server\rewrite.php(47): require_once('C:\\laragon\\www\\adonbacked\\public\\index.php')
ERROR - 2024-03-07 01:48:41 --> mysqli_sql_exception: Column 'Pref_Date' cannot be null in C:\laragon\www\adonbacked\system\Database\MySQLi\Connection.php:306
Stack trace:
#0 C:\laragon\www\adonbacked\system\Database\MySQLi\Connection.php(306): mysqli->query('INSERT INTO `ap...', 0)
#1 C:\laragon\www\adonbacked\system\Database\BaseConnection.php(693): CodeIgniter\Database\MySQLi\Connection->execute('INSERT INTO `ap...')
#2 C:\laragon\www\adonbacked\system\Database\BaseConnection.php(607): CodeIgniter\Database\BaseConnection->simpleQuery('INSERT INTO `ap...')
#3 C:\laragon\www\adonbacked\system\Database\BaseBuilder.php(2308): CodeIgniter\Database\BaseConnection->query('INSERT INTO `ap...', Array, false)
#4 C:\laragon\www\adonbacked\system\Model.php(319): CodeIgniter\Database\BaseBuilder->insert()
#5 C:\laragon\www\adonbacked\system\BaseModel.php(788): CodeIgniter\Model->doInsert(Array)
#6 C:\laragon\www\adonbacked\system\Model.php(715): CodeIgniter\BaseModel->insert(Array, true)
#7 C:\laragon\www\adonbacked\app\Controllers\PatientController.php(82): CodeIgniter\Model->insert(Array)
#8 C:\laragon\www\adonbacked\system\CodeIgniter.php(942): App\Controllers\PatientController->insertBooking()
#9 C:\laragon\www\adonbacked\system\CodeIgniter.php(502): CodeIgniter\CodeIgniter->runController(Object(App\Controllers\PatientController))
#10 C:\laragon\www\adonbacked\system\CodeIgniter.php(361): CodeIgniter\CodeIgniter->handleRequest(NULL, Object(Config\Cache), false)
#11 C:\laragon\www\adonbacked\public\index.php(87): CodeIgniter\CodeIgniter->run()
#12 C:\laragon\www\adonbacked\system\Commands\Server\rewrite.php(47): require_once('C:\\laragon\\www\\...')
#13 {main}
CRITICAL - 2024-03-07 01:48:41 --> Column 'Pref_Date' cannot be null
in SYSTEMPATH\Database\BaseConnection.php on line 647.
 1 SYSTEMPATH\Database\BaseBuilder.php(2308): CodeIgniter\Database\BaseConnection->query('INSERT INTO `appointments` (`PatientID`, `Firstname`, `Lastname`, `Email`, `Phone`, `Pref_Date`, `Pref_Doctor`, `Purpose`, `Pref_Location`, `Add_message`, `Status`) VALUES (:PatientID:, :Firstname:, :Lastname:, :Email:, :Phone:, :Pref_Date:, :Pref_Doctor:, :Purpose:, :Pref_Location:, :Add_message:, :Status:)', [...], false)
 2 SYSTEMPATH\Model.php(319): CodeIgniter\Database\BaseBuilder->insert()
 3 SYSTEMPATH\BaseModel.php(788): CodeIgniter\Model->doInsert([...])
 4 SYSTEMPATH\Model.php(715): CodeIgniter\BaseModel->insert([...], true)
 5 APPPATH\Controllers\PatientController.php(82): CodeIgniter\Model->insert([...])
 6 SYSTEMPATH\CodeIgniter.php(942): App\Controllers\PatientController->insertBooking()
 7 SYSTEMPATH\CodeIgniter.php(502): CodeIgniter\CodeIgniter->runController(Object(App\Controllers\PatientController))
 8 SYSTEMPATH\CodeIgniter.php(361): CodeIgniter\CodeIgniter->handleRequest(null, Object(Config\Cache), false)
 9 FCPATH\index.php(87): CodeIgniter\CodeIgniter->run()
10 SYSTEMPATH\Commands\Server\rewrite.php(47): require_once('C:\\laragon\\www\\adonbacked\\public\\index.php')
ERROR - 2024-03-07 01:48:42 --> mysqli_sql_exception: Column 'Pref_Date' cannot be null in C:\laragon\www\adonbacked\system\Database\MySQLi\Connection.php:306
Stack trace:
#0 C:\laragon\www\adonbacked\system\Database\MySQLi\Connection.php(306): mysqli->query('INSERT INTO `ap...', 0)
#1 C:\laragon\www\adonbacked\system\Database\BaseConnection.php(693): CodeIgniter\Database\MySQLi\Connection->execute('INSERT INTO `ap...')
#2 C:\laragon\www\adonbacked\system\Database\BaseConnection.php(607): CodeIgniter\Database\BaseConnection->simpleQuery('INSERT INTO `ap...')
#3 C:\laragon\www\adonbacked\system\Database\BaseBuilder.php(2308): CodeIgniter\Database\BaseConnection->query('INSERT INTO `ap...', Array, false)
#4 C:\laragon\www\adonbacked\system\Model.php(319): CodeIgniter\Database\BaseBuilder->insert()
#5 C:\laragon\www\adonbacked\system\BaseModel.php(788): CodeIgniter\Model->doInsert(Array)
#6 C:\laragon\www\adonbacked\system\Model.php(715): CodeIgniter\BaseModel->insert(Array, true)
#7 C:\laragon\www\adonbacked\app\Controllers\PatientController.php(82): CodeIgniter\Model->insert(Array)
#8 C:\laragon\www\adonbacked\system\CodeIgniter.php(942): App\Controllers\PatientController->insertBooking()
#9 C:\laragon\www\adonbacked\system\CodeIgniter.php(502): CodeIgniter\CodeIgniter->runController(Object(App\Controllers\PatientController))
#10 C:\laragon\www\adonbacked\system\CodeIgniter.php(361): CodeIgniter\CodeIgniter->handleRequest(NULL, Object(Config\Cache), false)
#11 C:\laragon\www\adonbacked\public\index.php(87): CodeIgniter\CodeIgniter->run()
#12 C:\laragon\www\adonbacked\system\Commands\Server\rewrite.php(47): require_once('C:\\laragon\\www\\...')
#13 {main}
CRITICAL - 2024-03-07 01:48:42 --> Column 'Pref_Date' cannot be null
in SYSTEMPATH\Database\BaseConnection.php on line 647.
 1 SYSTEMPATH\Database\BaseBuilder.php(2308): CodeIgniter\Database\BaseConnection->query('INSERT INTO `appointments` (`PatientID`, `Firstname`, `Lastname`, `Email`, `Phone`, `Pref_Date`, `Pref_Doctor`, `Purpose`, `Pref_Location`, `Add_message`, `Status`) VALUES (:PatientID:, :Firstname:, :Lastname:, :Email:, :Phone:, :Pref_Date:, :Pref_Doctor:, :Purpose:, :Pref_Location:, :Add_message:, :Status:)', [...], false)
 2 SYSTEMPATH\Model.php(319): CodeIgniter\Database\BaseBuilder->insert()
 3 SYSTEMPATH\BaseModel.php(788): CodeIgniter\Model->doInsert([...])
 4 SYSTEMPATH\Model.php(715): CodeIgniter\BaseModel->insert([...], true)
 5 APPPATH\Controllers\PatientController.php(82): CodeIgniter\Model->insert([...])
 6 SYSTEMPATH\CodeIgniter.php(942): App\Controllers\PatientController->insertBooking()
 7 SYSTEMPATH\CodeIgniter.php(502): CodeIgniter\CodeIgniter->runController(Object(App\Controllers\PatientController))
 8 SYSTEMPATH\CodeIgniter.php(361): CodeIgniter\CodeIgniter->handleRequest(null, Object(Config\Cache), false)
 9 FCPATH\index.php(87): CodeIgniter\CodeIgniter->run()
10 SYSTEMPATH\Commands\Server\rewrite.php(47): require_once('C:\\laragon\\www\\adonbacked\\public\\index.php')
ERROR - 2024-03-07 01:48:46 --> mysqli_sql_exception: Column 'Pref_Date' cannot be null in C:\laragon\www\adonbacked\system\Database\MySQLi\Connection.php:306
Stack trace:
#0 C:\laragon\www\adonbacked\system\Database\MySQLi\Connection.php(306): mysqli->query('INSERT INTO `ap...', 0)
#1 C:\laragon\www\adonbacked\system\Database\BaseConnection.php(693): CodeIgniter\Database\MySQLi\Connection->execute('INSERT INTO `ap...')
#2 C:\laragon\www\adonbacked\system\Database\BaseConnection.php(607): CodeIgniter\Database\BaseConnection->simpleQuery('INSERT INTO `ap...')
#3 C:\laragon\www\adonbacked\system\Database\BaseBuilder.php(2308): CodeIgniter\Database\BaseConnection->query('INSERT INTO `ap...', Array, false)
#4 C:\laragon\www\adonbacked\system\Model.php(319): CodeIgniter\Database\BaseBuilder->insert()
#5 C:\laragon\www\adonbacked\system\BaseModel.php(788): CodeIgniter\Model->doInsert(Array)
#6 C:\laragon\www\adonbacked\system\Model.php(715): CodeIgniter\BaseModel->insert(Array, true)
#7 C:\laragon\www\adonbacked\app\Controllers\PatientController.php(82): CodeIgniter\Model->insert(Array)
#8 C:\laragon\www\adonbacked\system\CodeIgniter.php(942): App\Controllers\PatientController->insertBooking()
#9 C:\laragon\www\adonbacked\system\CodeIgniter.php(502): CodeIgniter\CodeIgniter->runController(Object(App\Controllers\PatientController))
#10 C:\laragon\www\adonbacked\system\CodeIgniter.php(361): CodeIgniter\CodeIgniter->handleRequest(NULL, Object(Config\Cache), false)
#11 C:\laragon\www\adonbacked\public\index.php(87): CodeIgniter\CodeIgniter->run()
#12 C:\laragon\www\adonbacked\system\Commands\Server\rewrite.php(47): require_once('C:\\laragon\\www\\...')
#13 {main}
CRITICAL - 2024-03-07 01:48:46 --> Column 'Pref_Date' cannot be null
in SYSTEMPATH\Database\BaseConnection.php on line 647.
 1 SYSTEMPATH\Database\BaseBuilder.php(2308): CodeIgniter\Database\BaseConnection->query('INSERT INTO `appointments` (`PatientID`, `Firstname`, `Lastname`, `Email`, `Phone`, `Pref_Date`, `Pref_Doctor`, `Purpose`, `Pref_Location`, `Add_message`, `Status`) VALUES (:PatientID:, :Firstname:, :Lastname:, :Email:, :Phone:, :Pref_Date:, :Pref_Doctor:, :Purpose:, :Pref_Location:, :Add_message:, :Status:)', [...], false)
 2 SYSTEMPATH\Model.php(319): CodeIgniter\Database\BaseBuilder->insert()
 3 SYSTEMPATH\BaseModel.php(788): CodeIgniter\Model->doInsert([...])
 4 SYSTEMPATH\Model.php(715): CodeIgniter\BaseModel->insert([...], true)
 5 APPPATH\Controllers\PatientController.php(82): CodeIgniter\Model->insert([...])
 6 SYSTEMPATH\CodeIgniter.php(942): App\Controllers\PatientController->insertBooking()
 7 SYSTEMPATH\CodeIgniter.php(502): CodeIgniter\CodeIgniter->runController(Object(App\Controllers\PatientController))
 8 SYSTEMPATH\CodeIgniter.php(361): CodeIgniter\CodeIgniter->handleRequest(null, Object(Config\Cache), false)
 9 FCPATH\index.php(87): CodeIgniter\CodeIgniter->run()
10 SYSTEMPATH\Commands\Server\rewrite.php(47): require_once('C:\\laragon\\www\\adonbacked\\public\\index.php')
ERROR - 2024-03-07 01:50:38 --> mysqli_sql_exception: Column 'Pref_Date' cannot be null in C:\laragon\www\adonbacked\system\Database\MySQLi\Connection.php:306
Stack trace:
#0 C:\laragon\www\adonbacked\system\Database\MySQLi\Connection.php(306): mysqli->query('INSERT INTO `ap...', 0)
#1 C:\laragon\www\adonbacked\system\Database\BaseConnection.php(693): CodeIgniter\Database\MySQLi\Connection->execute('INSERT INTO `ap...')
#2 C:\laragon\www\adonbacked\system\Database\BaseConnection.php(607): CodeIgniter\Database\BaseConnection->simpleQuery('INSERT INTO `ap...')
#3 C:\laragon\www\adonbacked\system\Database\BaseBuilder.php(2308): CodeIgniter\Database\BaseConnection->query('INSERT INTO `ap...', Array, false)
#4 C:\laragon\www\adonbacked\system\Model.php(319): CodeIgniter\Database\BaseBuilder->insert()
#5 C:\laragon\www\adonbacked\system\BaseModel.php(788): CodeIgniter\Model->doInsert(Array)
#6 C:\laragon\www\adonbacked\system\Model.php(715): CodeIgniter\BaseModel->insert(Array, true)
#7 C:\laragon\www\adonbacked\app\Controllers\PatientController.php(82): CodeIgniter\Model->insert(Array)
#8 C:\laragon\www\adonbacked\system\CodeIgniter.php(942): App\Controllers\PatientController->insertBooking()
#9 C:\laragon\www\adonbacked\system\CodeIgniter.php(502): CodeIgniter\CodeIgniter->runController(Object(App\Controllers\PatientController))
#10 C:\laragon\www\adonbacked\system\CodeIgniter.php(361): CodeIgniter\CodeIgniter->handleRequest(NULL, Object(Config\Cache), false)
#11 C:\laragon\www\adonbacked\public\index.php(87): CodeIgniter\CodeIgniter->run()
#12 C:\laragon\www\adonbacked\system\Commands\Server\rewrite.php(47): require_once('C:\\laragon\\www\\...')
#13 {main}
CRITICAL - 2024-03-07 01:50:38 --> Column 'Pref_Date' cannot be null
in SYSTEMPATH\Database\BaseConnection.php on line 647.
 1 SYSTEMPATH\Database\BaseBuilder.php(2308): CodeIgniter\Database\BaseConnection->query('INSERT INTO `appointments` (`PatientID`, `Firstname`, `Lastname`, `Email`, `Phone`, `Pref_Date`, `Pref_Doctor`, `Purpose`, `Pref_Location`, `Add_message`, `Status`) VALUES (:PatientID:, :Firstname:, :Lastname:, :Email:, :Phone:, :Pref_Date:, :Pref_Doctor:, :Purpose:, :Pref_Location:, :Add_message:, :Status:)', [...], false)
 2 SYSTEMPATH\Model.php(319): CodeIgniter\Database\BaseBuilder->insert()
 3 SYSTEMPATH\BaseModel.php(788): CodeIgniter\Model->doInsert([...])
 4 SYSTEMPATH\Model.php(715): CodeIgniter\BaseModel->insert([...], true)
 5 APPPATH\Controllers\PatientController.php(82): CodeIgniter\Model->insert([...])
 6 SYSTEMPATH\CodeIgniter.php(942): App\Controllers\PatientController->insertBooking()
 7 SYSTEMPATH\CodeIgniter.php(502): CodeIgniter\CodeIgniter->runController(Object(App\Controllers\PatientController))
 8 SYSTEMPATH\CodeIgniter.php(361): CodeIgniter\CodeIgniter->handleRequest(null, Object(Config\Cache), false)
 9 FCPATH\index.php(87): CodeIgniter\CodeIgniter->run()
10 SYSTEMPATH\Commands\Server\rewrite.php(47): require_once('C:\\laragon\\www\\adonbacked\\public\\index.php')
ERROR - 2024-03-07 01:53:55 --> mysqli_sql_exception: Column 'Pref_Date' cannot be null in C:\laragon\www\adonbacked\system\Database\MySQLi\Connection.php:306
Stack trace:
#0 C:\laragon\www\adonbacked\system\Database\MySQLi\Connection.php(306): mysqli->query('INSERT INTO `ap...', 0)
#1 C:\laragon\www\adonbacked\system\Database\BaseConnection.php(693): CodeIgniter\Database\MySQLi\Connection->execute('INSERT INTO `ap...')
#2 C:\laragon\www\adonbacked\system\Database\BaseConnection.php(607): CodeIgniter\Database\BaseConnection->simpleQuery('INSERT INTO `ap...')
#3 C:\laragon\www\adonbacked\system\Database\BaseBuilder.php(2308): CodeIgniter\Database\BaseConnection->query('INSERT INTO `ap...', Array, false)
#4 C:\laragon\www\adonbacked\system\Model.php(319): CodeIgniter\Database\BaseBuilder->insert()
#5 C:\laragon\www\adonbacked\system\BaseModel.php(788): CodeIgniter\Model->doInsert(Array)
#6 C:\laragon\www\adonbacked\system\Model.php(715): CodeIgniter\BaseModel->insert(Array, true)
#7 C:\laragon\www\adonbacked\app\Controllers\PatientController.php(82): CodeIgniter\Model->insert(Array)
#8 C:\laragon\www\adonbacked\system\CodeIgniter.php(942): App\Controllers\PatientController->insertBooking()
#9 C:\laragon\www\adonbacked\system\CodeIgniter.php(502): CodeIgniter\CodeIgniter->runController(Object(App\Controllers\PatientController))
#10 C:\laragon\www\adonbacked\system\CodeIgniter.php(361): CodeIgniter\CodeIgniter->handleRequest(NULL, Object(Config\Cache), false)
#11 C:\laragon\www\adonbacked\public\index.php(87): CodeIgniter\CodeIgniter->run()
#12 C:\laragon\www\adonbacked\system\Commands\Server\rewrite.php(47): require_once('C:\\laragon\\www\\...')
#13 {main}
CRITICAL - 2024-03-07 01:53:55 --> Column 'Pref_Date' cannot be null
in SYSTEMPATH\Database\BaseConnection.php on line 647.
 1 SYSTEMPATH\Database\BaseBuilder.php(2308): CodeIgniter\Database\BaseConnection->query('INSERT INTO `appointments` (`PatientID`, `Firstname`, `Lastname`, `Email`, `Phone`, `Pref_Date`, `Pref_Time_Start`, `Pref_Time_End`, `Pref_Doctor`, `Purpose`, `Pref_Location`, `Add_message`, `Status`) VALUES (:PatientID:, :Firstname:, :Lastname:, :Email:, :Phone:, :Pref_Date:, :Pref_Time_Start:, :Pref_Time_End:, :Pref_Doctor:, :Purpose:, :Pref_Location:, :Add_message:, :Status:)', [...], false)
 2 SYSTEMPATH\Model.php(319): CodeIgniter\Database\BaseBuilder->insert()
 3 SYSTEMPATH\BaseModel.php(788): CodeIgniter\Model->doInsert([...])
 4 SYSTEMPATH\Model.php(715): CodeIgniter\BaseModel->insert([...], true)
 5 APPPATH\Controllers\PatientController.php(82): CodeIgniter\Model->insert([...])
 6 SYSTEMPATH\CodeIgniter.php(942): App\Controllers\PatientController->insertBooking()
 7 SYSTEMPATH\CodeIgniter.php(502): CodeIgniter\CodeIgniter->runController(Object(App\Controllers\PatientController))
 8 SYSTEMPATH\CodeIgniter.php(361): CodeIgniter\CodeIgniter->handleRequest(null, Object(Config\Cache), false)
 9 FCPATH\index.php(87): CodeIgniter\CodeIgniter->run()
10 SYSTEMPATH\Commands\Server\rewrite.php(47): require_once('C:\\laragon\\www\\adonbacked\\public\\index.php')
ERROR - 2024-03-07 02:05:55 --> mysqli_sql_exception: Column 'Pref_Date' cannot be null in C:\laragon\www\adonbacked\system\Database\MySQLi\Connection.php:306
Stack trace:
#0 C:\laragon\www\adonbacked\system\Database\MySQLi\Connection.php(306): mysqli->query('INSERT INTO `ap...', 0)
#1 C:\laragon\www\adonbacked\system\Database\BaseConnection.php(693): CodeIgniter\Database\MySQLi\Connection->execute('INSERT INTO `ap...')
#2 C:\laragon\www\adonbacked\system\Database\BaseConnection.php(607): CodeIgniter\Database\BaseConnection->simpleQuery('INSERT INTO `ap...')
#3 C:\laragon\www\adonbacked\system\Database\BaseBuilder.php(2308): CodeIgniter\Database\BaseConnection->query('INSERT INTO `ap...', Array, false)
#4 C:\laragon\www\adonbacked\system\Model.php(319): CodeIgniter\Database\BaseBuilder->insert()
#5 C:\laragon\www\adonbacked\system\BaseModel.php(788): CodeIgniter\Model->doInsert(Array)
#6 C:\laragon\www\adonbacked\system\Model.php(715): CodeIgniter\BaseModel->insert(Array, true)
#7 C:\laragon\www\adonbacked\app\Controllers\PatientController.php(82): CodeIgniter\Model->insert(Array)
#8 C:\laragon\www\adonbacked\system\CodeIgniter.php(942): App\Controllers\PatientController->insertBooking()
#9 C:\laragon\www\adonbacked\system\CodeIgniter.php(502): CodeIgniter\CodeIgniter->runController(Object(App\Controllers\PatientController))
#10 C:\laragon\www\adonbacked\system\CodeIgniter.php(361): CodeIgniter\CodeIgniter->handleRequest(NULL, Object(Config\Cache), false)
#11 C:\laragon\www\adonbacked\public\index.php(87): CodeIgniter\CodeIgniter->run()
#12 C:\laragon\www\adonbacked\system\Commands\Server\rewrite.php(47): require_once('C:\\laragon\\www\\...')
#13 {main}
CRITICAL - 2024-03-07 02:05:55 --> Column 'Pref_Date' cannot be null
in SYSTEMPATH\Database\BaseConnection.php on line 647.
 1 SYSTEMPATH\Database\BaseBuilder.php(2308): CodeIgniter\Database\BaseConnection->query('INSERT INTO `appointments` (`PatientID`, `Firstname`, `Lastname`, `Email`, `Phone`, `Pref_Date`, `Pref_Time_Start`, `Pref_Time_End`, `Pref_Doctor`, `Purpose`, `Pref_Location`, `Add_message`, `Status`) VALUES (:PatientID:, :Firstname:, :Lastname:, :Email:, :Phone:, :Pref_Date:, :Pref_Time_Start:, :Pref_Time_End:, :Pref_Doctor:, :Purpose:, :Pref_Location:, :Add_message:, :Status:)', [...], false)
 2 SYSTEMPATH\Model.php(319): CodeIgniter\Database\BaseBuilder->insert()
 3 SYSTEMPATH\BaseModel.php(788): CodeIgniter\Model->doInsert([...])
 4 SYSTEMPATH\Model.php(715): CodeIgniter\BaseModel->insert([...], true)
 5 APPPATH\Controllers\PatientController.php(82): CodeIgniter\Model->insert([...])
 6 SYSTEMPATH\CodeIgniter.php(942): App\Controllers\PatientController->insertBooking()
 7 SYSTEMPATH\CodeIgniter.php(502): CodeIgniter\CodeIgniter->runController(Object(App\Controllers\PatientController))
 8 SYSTEMPATH\CodeIgniter.php(361): CodeIgniter\CodeIgniter->handleRequest(null, Object(Config\Cache), false)
 9 FCPATH\index.php(87): CodeIgniter\CodeIgniter->run()
10 SYSTEMPATH\Commands\Server\rewrite.php(47): require_once('C:\\laragon\\www\\adonbacked\\public\\index.php')
ERROR - 2024-03-07 02:06:03 --> mysqli_sql_exception: Column 'Pref_Date' cannot be null in C:\laragon\www\adonbacked\system\Database\MySQLi\Connection.php:306
Stack trace:
#0 C:\laragon\www\adonbacked\system\Database\MySQLi\Connection.php(306): mysqli->query('INSERT INTO `ap...', 0)
#1 C:\laragon\www\adonbacked\system\Database\BaseConnection.php(693): CodeIgniter\Database\MySQLi\Connection->execute('INSERT INTO `ap...')
#2 C:\laragon\www\adonbacked\system\Database\BaseConnection.php(607): CodeIgniter\Database\BaseConnection->simpleQuery('INSERT INTO `ap...')
#3 C:\laragon\www\adonbacked\system\Database\BaseBuilder.php(2308): CodeIgniter\Database\BaseConnection->query('INSERT INTO `ap...', Array, false)
#4 C:\laragon\www\adonbacked\system\Model.php(319): CodeIgniter\Database\BaseBuilder->insert()
#5 C:\laragon\www\adonbacked\system\BaseModel.php(788): CodeIgniter\Model->doInsert(Array)
#6 C:\laragon\www\adonbacked\system\Model.php(715): CodeIgniter\BaseModel->insert(Array, true)
#7 C:\laragon\www\adonbacked\app\Controllers\PatientController.php(82): CodeIgniter\Model->insert(Array)
#8 C:\laragon\www\adonbacked\system\CodeIgniter.php(942): App\Controllers\PatientController->insertBooking()
#9 C:\laragon\www\adonbacked\system\CodeIgniter.php(502): CodeIgniter\CodeIgniter->runController(Object(App\Controllers\PatientController))
#10 C:\laragon\www\adonbacked\system\CodeIgniter.php(361): CodeIgniter\CodeIgniter->handleRequest(NULL, Object(Config\Cache), false)
#11 C:\laragon\www\adonbacked\public\index.php(87): CodeIgniter\CodeIgniter->run()
#12 C:\laragon\www\adonbacked\system\Commands\Server\rewrite.php(47): require_once('C:\\laragon\\www\\...')
#13 {main}
CRITICAL - 2024-03-07 02:06:03 --> Column 'Pref_Date' cannot be null
in SYSTEMPATH\Database\BaseConnection.php on line 647.
 1 SYSTEMPATH\Database\BaseBuilder.php(2308): CodeIgniter\Database\BaseConnection->query('INSERT INTO `appointments` (`PatientID`, `Firstname`, `Lastname`, `Email`, `Phone`, `Pref_Date`, `Pref_Time_Start`, `Pref_Time_End`, `Pref_Doctor`, `Purpose`, `Pref_Location`, `Add_message`, `Status`) VALUES (:PatientID:, :Firstname:, :Lastname:, :Email:, :Phone:, :Pref_Date:, :Pref_Time_Start:, :Pref_Time_End:, :Pref_Doctor:, :Purpose:, :Pref_Location:, :Add_message:, :Status:)', [...], false)
 2 SYSTEMPATH\Model.php(319): CodeIgniter\Database\BaseBuilder->insert()
 3 SYSTEMPATH\BaseModel.php(788): CodeIgniter\Model->doInsert([...])
 4 SYSTEMPATH\Model.php(715): CodeIgniter\BaseModel->insert([...], true)
 5 APPPATH\Controllers\PatientController.php(82): CodeIgniter\Model->insert([...])
 6 SYSTEMPATH\CodeIgniter.php(942): App\Controllers\PatientController->insertBooking()
 7 SYSTEMPATH\CodeIgniter.php(502): CodeIgniter\CodeIgniter->runController(Object(App\Controllers\PatientController))
 8 SYSTEMPATH\CodeIgniter.php(361): CodeIgniter\CodeIgniter->handleRequest(null, Object(Config\Cache), false)
 9 FCPATH\index.php(87): CodeIgniter\CodeIgniter->run()
10 SYSTEMPATH\Commands\Server\rewrite.php(47): require_once('C:\\laragon\\www\\adonbacked\\public\\index.php')
