CRITICAL - 2024-05-18 13:57:30 --> Undefined variable $appointments
in APPPATH\Views\doctor\doctor_dashboard.php on line 229.
 1 APPPATH\Views\doctor\doctor_dashboard.php(229): CodeIgniter\Debug\Exceptions->errorHandler(2, 'Undefined variable $appointments', 'C:\\laragon\\www\\adonbacked\\app\\Views\\doctor\\doctor_dashboard.php', 229)
 2 SYSTEMPATH\View\View.php(228): include('C:\\laragon\\www\\adonbacked\\app\\Views\\doctor\\doctor_dashboard.php')
 3 SYSTEMPATH\View\View.php(231): CodeIgniter\View\View->CodeIgniter\View\{closure}()
 4 SYSTEMPATH\Common.php(1190): CodeIgniter\View\View->render('doctor/doctor_dashboard', [], true)
 5 APPPATH\Controllers\UserController.php(424): view('doctor/doctor_dashboard', [...])
 6 SYSTEMPATH\CodeIgniter.php(942): App\Controllers\UserController->db_doctor()
 7 SYSTEMPATH\CodeIgniter.php(502): CodeIgniter\CodeIgniter->runController(Object(App\Controllers\UserController))
 8 SYSTEMPATH\CodeIgniter.php(361): CodeIgniter\CodeIgniter->handleRequest(null, Object(Config\Cache), false)
 9 FCPATH\index.php(87): CodeIgniter\CodeIgniter->run()
10 SYSTEMPATH\Commands\Server\rewrite.php(47): require_once('C:\\laragon\\www\\adonbacked\\public\\index.php')
CRITICAL - 2024-05-18 13:59:54 --> Undefined variable $appointment
in APPPATH\Views\doctor\doctor_dashboard.php on line 229.
 1 APPPATH\Views\doctor\doctor_dashboard.php(229): CodeIgniter\Debug\Exceptions->errorHandler(2, 'Undefined variable $appointment', 'C:\\laragon\\www\\adonbacked\\app\\Views\\doctor\\doctor_dashboard.php', 229)
 2 SYSTEMPATH\View\View.php(228): include('C:\\laragon\\www\\adonbacked\\app\\Views\\doctor\\doctor_dashboard.php')
 3 SYSTEMPATH\View\View.php(231): CodeIgniter\View\View->CodeIgniter\View\{closure}()
 4 SYSTEMPATH\Common.php(1190): CodeIgniter\View\View->render('doctor/doctor_dashboard', [], true)
 5 APPPATH\Controllers\UserController.php(424): view('doctor/doctor_dashboard', [...])
 6 SYSTEMPATH\CodeIgniter.php(942): App\Controllers\UserController->db_doctor()
 7 SYSTEMPATH\CodeIgniter.php(502): CodeIgniter\CodeIgniter->runController(Object(App\Controllers\UserController))
 8 SYSTEMPATH\CodeIgniter.php(361): CodeIgniter\CodeIgniter->handleRequest(null, Object(Config\Cache), false)
 9 FCPATH\index.php(87): CodeIgniter\CodeIgniter->run()
10 SYSTEMPATH\Commands\Server\rewrite.php(47): require_once('C:\\laragon\\www\\adonbacked\\public\\index.php')
CRITICAL - 2024-05-18 14:00:31 --> Undefined variable $appointment
in APPPATH\Views\doctor\doctor_dashboard.php on line 229.
 1 APPPATH\Views\doctor\doctor_dashboard.php(229): CodeIgniter\Debug\Exceptions->errorHandler(2, 'Undefined variable $appointment', 'C:\\laragon\\www\\adonbacked\\app\\Views\\doctor\\doctor_dashboard.php', 229)
 2 SYSTEMPATH\View\View.php(228): include('C:\\laragon\\www\\adonbacked\\app\\Views\\doctor\\doctor_dashboard.php')
 3 SYSTEMPATH\View\View.php(231): CodeIgniter\View\View->CodeIgniter\View\{closure}()
 4 SYSTEMPATH\Common.php(1190): CodeIgniter\View\View->render('doctor/doctor_dashboard', [], true)
 5 APPPATH\Controllers\UserController.php(424): view('doctor/doctor_dashboard', [...])
 6 SYSTEMPATH\CodeIgniter.php(942): App\Controllers\UserController->db_doctor()
 7 SYSTEMPATH\CodeIgniter.php(502): CodeIgniter\CodeIgniter->runController(Object(App\Controllers\UserController))
 8 SYSTEMPATH\CodeIgniter.php(361): CodeIgniter\CodeIgniter->handleRequest(null, Object(Config\Cache), false)
 9 FCPATH\index.php(87): CodeIgniter\CodeIgniter->run()
10 SYSTEMPATH\Commands\Server\rewrite.php(47): require_once('C:\\laragon\\www\\adonbacked\\public\\index.php')
CRITICAL - 2024-05-18 14:00:33 --> Undefined variable $appointment
in APPPATH\Views\doctor\doctor_dashboard.php on line 229.
 1 APPPATH\Views\doctor\doctor_dashboard.php(229): CodeIgniter\Debug\Exceptions->errorHandler(2, 'Undefined variable $appointment', 'C:\\laragon\\www\\adonbacked\\app\\Views\\doctor\\doctor_dashboard.php', 229)
 2 SYSTEMPATH\View\View.php(228): include('C:\\laragon\\www\\adonbacked\\app\\Views\\doctor\\doctor_dashboard.php')
 3 SYSTEMPATH\View\View.php(231): CodeIgniter\View\View->CodeIgniter\View\{closure}()
 4 SYSTEMPATH\Common.php(1190): CodeIgniter\View\View->render('doctor/doctor_dashboard', [], true)
 5 APPPATH\Controllers\UserController.php(424): view('doctor/doctor_dashboard', [...])
 6 SYSTEMPATH\CodeIgniter.php(942): App\Controllers\UserController->db_doctor()
 7 SYSTEMPATH\CodeIgniter.php(502): CodeIgniter\CodeIgniter->runController(Object(App\Controllers\UserController))
 8 SYSTEMPATH\CodeIgniter.php(361): CodeIgniter\CodeIgniter->handleRequest(null, Object(Config\Cache), false)
 9 FCPATH\index.php(87): CodeIgniter\CodeIgniter->run()
10 SYSTEMPATH\Commands\Server\rewrite.php(47): require_once('C:\\laragon\\www\\adonbacked\\public\\index.php')
CRITICAL - 2024-05-18 14:00:52 --> Trying to access array offset on value of type null
in APPPATH\Views\doctor\doctor_dashboard.php on line 248.
 1 APPPATH\Views\doctor\doctor_dashboard.php(248): CodeIgniter\Debug\Exceptions->errorHandler(2, 'Trying to access array offset on value of type null', 'C:\\laragon\\www\\adonbacked\\app\\Views\\doctor\\doctor_dashboard.php', 248)
 2 SYSTEMPATH\View\View.php(228): include('C:\\laragon\\www\\adonbacked\\app\\Views\\doctor\\doctor_dashboard.php')
 3 SYSTEMPATH\View\View.php(231): CodeIgniter\View\View->CodeIgniter\View\{closure}()
 4 SYSTEMPATH\Common.php(1190): CodeIgniter\View\View->render('doctor/doctor_dashboard', [], true)
 5 APPPATH\Controllers\UserController.php(424): view('doctor/doctor_dashboard', [...])
 6 SYSTEMPATH\CodeIgniter.php(942): App\Controllers\UserController->db_doctor()
 7 SYSTEMPATH\CodeIgniter.php(502): CodeIgniter\CodeIgniter->runController(Object(App\Controllers\UserController))
 8 SYSTEMPATH\CodeIgniter.php(361): CodeIgniter\CodeIgniter->handleRequest(null, Object(Config\Cache), false)
 9 FCPATH\index.php(87): CodeIgniter\CodeIgniter->run()
10 SYSTEMPATH\Commands\Server\rewrite.php(47): require_once('C:\\laragon\\www\\adonbacked\\public\\index.php')
CRITICAL - 2024-05-18 14:05:39 --> Undefined array key "FirstName"
in APPPATH\Views\doctor\doctor_dashboard.php on line 248.
 1 APPPATH\Views\doctor\doctor_dashboard.php(248): CodeIgniter\Debug\Exceptions->errorHandler(2, 'Undefined array key "FirstName"', 'C:\\laragon\\www\\adonbacked\\app\\Views\\doctor\\doctor_dashboard.php', 248)
 2 SYSTEMPATH\View\View.php(228): include('C:\\laragon\\www\\adonbacked\\app\\Views\\doctor\\doctor_dashboard.php')
 3 SYSTEMPATH\View\View.php(231): CodeIgniter\View\View->CodeIgniter\View\{closure}()
 4 SYSTEMPATH\Common.php(1190): CodeIgniter\View\View->render('doctor/doctor_dashboard', [], true)
 5 APPPATH\Controllers\UserController.php(426): view('doctor/doctor_dashboard', [...])
 6 SYSTEMPATH\CodeIgniter.php(942): App\Controllers\UserController->db_doctor()
 7 SYSTEMPATH\CodeIgniter.php(502): CodeIgniter\CodeIgniter->runController(Object(App\Controllers\UserController))
 8 SYSTEMPATH\CodeIgniter.php(361): CodeIgniter\CodeIgniter->handleRequest(null, Object(Config\Cache), false)
 9 FCPATH\index.php(87): CodeIgniter\CodeIgniter->run()
10 SYSTEMPATH\Commands\Server\rewrite.php(47): require_once('C:\\laragon\\www\\adonbacked\\public\\index.php')
CRITICAL - 2024-05-18 14:10:26 --> Undefined array key "patient_image"
in APPPATH\Views\doctor\doctor_dashboard.php on line 248.
 1 APPPATH\Views\doctor\doctor_dashboard.php(248): CodeIgniter\Debug\Exceptions->errorHandler(2, 'Undefined array key "patient_image"', 'C:\\laragon\\www\\adonbacked\\app\\Views\\doctor\\doctor_dashboard.php', 248)
 2 SYSTEMPATH\View\View.php(228): include('C:\\laragon\\www\\adonbacked\\app\\Views\\doctor\\doctor_dashboard.php')
 3 SYSTEMPATH\View\View.php(231): CodeIgniter\View\View->CodeIgniter\View\{closure}()
 4 SYSTEMPATH\Common.php(1190): CodeIgniter\View\View->render('doctor/doctor_dashboard', [], true)
 5 APPPATH\Controllers\UserController.php(426): view('doctor/doctor_dashboard', [...])
 6 SYSTEMPATH\CodeIgniter.php(942): App\Controllers\UserController->db_doctor()
 7 SYSTEMPATH\CodeIgniter.php(502): CodeIgniter\CodeIgniter->runController(Object(App\Controllers\UserController))
 8 SYSTEMPATH\CodeIgniter.php(361): CodeIgniter\CodeIgniter->handleRequest(null, Object(Config\Cache), false)
 9 FCPATH\index.php(87): CodeIgniter\CodeIgniter->run()
10 SYSTEMPATH\Commands\Server\rewrite.php(47): require_once('C:\\laragon\\www\\adonbacked\\public\\index.php')
CRITICAL - 2024-05-18 14:17:16 --> Undefined array key "name"
in APPPATH\Views\doctor\doctor_dashboard.php on line 251.
 1 APPPATH\Views\doctor\doctor_dashboard.php(251): CodeIgniter\Debug\Exceptions->errorHandler(2, 'Undefined array key "name"', 'C:\\laragon\\www\\adonbacked\\app\\Views\\doctor\\doctor_dashboard.php', 251)
 2 SYSTEMPATH\View\View.php(228): include('C:\\laragon\\www\\adonbacked\\app\\Views\\doctor\\doctor_dashboard.php')
 3 SYSTEMPATH\View\View.php(231): CodeIgniter\View\View->CodeIgniter\View\{closure}()
 4 SYSTEMPATH\Common.php(1190): CodeIgniter\View\View->render('doctor/doctor_dashboard', [], true)
 5 APPPATH\Controllers\UserController.php(442): view('doctor/doctor_dashboard', [...])
 6 SYSTEMPATH\CodeIgniter.php(942): App\Controllers\UserController->db_doctor()
 7 SYSTEMPATH\CodeIgniter.php(502): CodeIgniter\CodeIgniter->runController(Object(App\Controllers\UserController))
 8 SYSTEMPATH\CodeIgniter.php(361): CodeIgniter\CodeIgniter->handleRequest(null, Object(Config\Cache), false)
 9 FCPATH\index.php(87): CodeIgniter\CodeIgniter->run()
10 SYSTEMPATH\Commands\Server\rewrite.php(47): require_once('C:\\laragon\\www\\adonbacked\\public\\index.php')
CRITICAL - 2024-05-18 14:18:00 --> Undefined array key "patient_id"
in APPPATH\Views\doctor\doctor_dashboard.php on line 251.
 1 APPPATH\Views\doctor\doctor_dashboard.php(251): CodeIgniter\Debug\Exceptions->errorHandler(2, 'Undefined array key "patient_id"', 'C:\\laragon\\www\\adonbacked\\app\\Views\\doctor\\doctor_dashboard.php', 251)
 2 SYSTEMPATH\View\View.php(228): include('C:\\laragon\\www\\adonbacked\\app\\Views\\doctor\\doctor_dashboard.php')
 3 SYSTEMPATH\View\View.php(231): CodeIgniter\View\View->CodeIgniter\View\{closure}()
 4 SYSTEMPATH\Common.php(1190): CodeIgniter\View\View->render('doctor/doctor_dashboard', [], true)
 5 APPPATH\Controllers\UserController.php(442): view('doctor/doctor_dashboard', [...])
 6 SYSTEMPATH\CodeIgniter.php(942): App\Controllers\UserController->db_doctor()
 7 SYSTEMPATH\CodeIgniter.php(502): CodeIgniter\CodeIgniter->runController(Object(App\Controllers\UserController))
 8 SYSTEMPATH\CodeIgniter.php(361): CodeIgniter\CodeIgniter->handleRequest(null, Object(Config\Cache), false)
 9 FCPATH\index.php(87): CodeIgniter\CodeIgniter->run()
10 SYSTEMPATH\Commands\Server\rewrite.php(47): require_once('C:\\laragon\\www\\adonbacked\\public\\index.php')
CRITICAL - 2024-05-18 14:18:15 --> Undefined array key "date"
in APPPATH\Views\doctor\doctor_dashboard.php on line 256.
 1 APPPATH\Views\doctor\doctor_dashboard.php(256): CodeIgniter\Debug\Exceptions->errorHandler(2, 'Undefined array key "date"', 'C:\\laragon\\www\\adonbacked\\app\\Views\\doctor\\doctor_dashboard.php', 256)
 2 SYSTEMPATH\View\View.php(228): include('C:\\laragon\\www\\adonbacked\\app\\Views\\doctor\\doctor_dashboard.php')
 3 SYSTEMPATH\View\View.php(231): CodeIgniter\View\View->CodeIgniter\View\{closure}()
 4 SYSTEMPATH\Common.php(1190): CodeIgniter\View\View->render('doctor/doctor_dashboard', [], true)
 5 APPPATH\Controllers\UserController.php(442): view('doctor/doctor_dashboard', [...])
 6 SYSTEMPATH\CodeIgniter.php(942): App\Controllers\UserController->db_doctor()
 7 SYSTEMPATH\CodeIgniter.php(502): CodeIgniter\CodeIgniter->runController(Object(App\Controllers\UserController))
 8 SYSTEMPATH\CodeIgniter.php(361): CodeIgniter\CodeIgniter->handleRequest(null, Object(Config\Cache), false)
 9 FCPATH\index.php(87): CodeIgniter\CodeIgniter->run()
10 SYSTEMPATH\Commands\Server\rewrite.php(47): require_once('C:\\laragon\\www\\adonbacked\\public\\index.php')
CRITICAL - 2024-05-18 14:18:53 --> Undefined array key "time"
in APPPATH\Views\doctor\doctor_dashboard.php on line 257.
 1 APPPATH\Views\doctor\doctor_dashboard.php(257): CodeIgniter\Debug\Exceptions->errorHandler(2, 'Undefined array key "time"', 'C:\\laragon\\www\\adonbacked\\app\\Views\\doctor\\doctor_dashboard.php', 257)
 2 SYSTEMPATH\View\View.php(228): include('C:\\laragon\\www\\adonbacked\\app\\Views\\doctor\\doctor_dashboard.php')
 3 SYSTEMPATH\View\View.php(231): CodeIgniter\View\View->CodeIgniter\View\{closure}()
 4 SYSTEMPATH\Common.php(1190): CodeIgniter\View\View->render('doctor/doctor_dashboard', [], true)
 5 APPPATH\Controllers\UserController.php(442): view('doctor/doctor_dashboard', [...])
 6 SYSTEMPATH\CodeIgniter.php(942): App\Controllers\UserController->db_doctor()
 7 SYSTEMPATH\CodeIgniter.php(502): CodeIgniter\CodeIgniter->runController(Object(App\Controllers\UserController))
 8 SYSTEMPATH\CodeIgniter.php(361): CodeIgniter\CodeIgniter->handleRequest(null, Object(Config\Cache), false)
 9 FCPATH\index.php(87): CodeIgniter\CodeIgniter->run()
10 SYSTEMPATH\Commands\Server\rewrite.php(47): require_once('C:\\laragon\\www\\adonbacked\\public\\index.php')
CRITICAL - 2024-05-18 14:19:18 --> Undefined array key "purpose"
in APPPATH\Views\doctor\doctor_dashboard.php on line 259.
 1 APPPATH\Views\doctor\doctor_dashboard.php(259): CodeIgniter\Debug\Exceptions->errorHandler(2, 'Undefined array key "purpose"', 'C:\\laragon\\www\\adonbacked\\app\\Views\\doctor\\doctor_dashboard.php', 259)
 2 SYSTEMPATH\View\View.php(228): include('C:\\laragon\\www\\adonbacked\\app\\Views\\doctor\\doctor_dashboard.php')
 3 SYSTEMPATH\View\View.php(231): CodeIgniter\View\View->CodeIgniter\View\{closure}()
 4 SYSTEMPATH\Common.php(1190): CodeIgniter\View\View->render('doctor/doctor_dashboard', [], true)
 5 APPPATH\Controllers\UserController.php(442): view('doctor/doctor_dashboard', [...])
 6 SYSTEMPATH\CodeIgniter.php(942): App\Controllers\UserController->db_doctor()
 7 SYSTEMPATH\CodeIgniter.php(502): CodeIgniter\CodeIgniter->runController(Object(App\Controllers\UserController))
 8 SYSTEMPATH\CodeIgniter.php(361): CodeIgniter\CodeIgniter->handleRequest(null, Object(Config\Cache), false)
 9 FCPATH\index.php(87): CodeIgniter\CodeIgniter->run()
10 SYSTEMPATH\Commands\Server\rewrite.php(47): require_once('C:\\laragon\\www\\adonbacked\\public\\index.php')
CRITICAL - 2024-05-18 14:26:54 --> Undefined variable $patient
in APPPATH\Views\doctor\doctor_dashboard.php on line 246.
 1 APPPATH\Views\doctor\doctor_dashboard.php(246): CodeIgniter\Debug\Exceptions->errorHandler(2, 'Undefined variable $patient', 'C:\\laragon\\www\\adonbacked\\app\\Views\\doctor\\doctor_dashboard.php', 246)
 2 SYSTEMPATH\View\View.php(228): include('C:\\laragon\\www\\adonbacked\\app\\Views\\doctor\\doctor_dashboard.php')
 3 SYSTEMPATH\View\View.php(231): CodeIgniter\View\View->CodeIgniter\View\{closure}()
 4 SYSTEMPATH\Common.php(1190): CodeIgniter\View\View->render('doctor/doctor_dashboard', [], true)
 5 APPPATH\Controllers\UserController.php(442): view('doctor/doctor_dashboard', [...])
 6 SYSTEMPATH\CodeIgniter.php(942): App\Controllers\UserController->db_doctor()
 7 SYSTEMPATH\CodeIgniter.php(502): CodeIgniter\CodeIgniter->runController(Object(App\Controllers\UserController))
 8 SYSTEMPATH\CodeIgniter.php(361): CodeIgniter\CodeIgniter->handleRequest(null, Object(Config\Cache), false)
 9 FCPATH\index.php(87): CodeIgniter\CodeIgniter->run()
10 SYSTEMPATH\Commands\Server\rewrite.php(47): require_once('C:\\laragon\\www\\adonbacked\\public\\index.php')
