CRITICAL - 2024-02-29 01:58:03 --> Undefined variable $daysOfWeek
in APPPATH\Views\user\booking.php on line 247.
 1 APPPATH\Views\user\booking.php(247): CodeIgniter\Debug\Exceptions->errorHandler(2, 'Undefined variable $daysOfWeek', 'C:\\laragon\\www\\adonbacked\\app\\Views\\user\\booking.php', 247)
 2 SYSTEMPATH\View\View.php(228): include('C:\\laragon\\www\\adonbacked\\app\\Views\\user\\booking.php')
 3 SYSTEMPATH\View\View.php(231): CodeIgniter\View\View->CodeIgniter\View\{closure}()
 4 SYSTEMPATH\Common.php(1190): CodeIgniter\View\View->render('user/booking', [], true)
 5 APPPATH\Controllers\UserController.php(58): view('user/booking', [...])
 6 SYSTEMPATH\CodeIgniter.php(942): App\Controllers\UserController->booking()
 7 SYSTEMPATH\CodeIgniter.php(502): CodeIgniter\CodeIgniter->runController(Object(App\Controllers\UserController))
 8 SYSTEMPATH\CodeIgniter.php(361): CodeIgniter\CodeIgniter->handleRequest(null, Object(Config\Cache), false)
 9 FCPATH\index.php(87): CodeIgniter\CodeIgniter->run()
10 SYSTEMPATH\Commands\Server\rewrite.php(47): require_once('C:\\laragon\\www\\adonbacked\\public\\index.php')
CRITICAL - 2024-02-29 01:59:57 --> Undefined variable $mergedTime
in APPPATH\Views\user\booking.php on line 243.
 1 APPPATH\Views\user\booking.php(243): CodeIgniter\Debug\Exceptions->errorHandler(2, 'Undefined variable $mergedTime', 'C:\\laragon\\www\\adonbacked\\app\\Views\\user\\booking.php', 243)
 2 SYSTEMPATH\View\View.php(228): include('C:\\laragon\\www\\adonbacked\\app\\Views\\user\\booking.php')
 3 SYSTEMPATH\View\View.php(231): CodeIgniter\View\View->CodeIgniter\View\{closure}()
 4 SYSTEMPATH\Common.php(1190): CodeIgniter\View\View->render('user/booking', [], true)
 5 APPPATH\Controllers\UserController.php(58): view('user/booking', [...])
 6 SYSTEMPATH\CodeIgniter.php(942): App\Controllers\UserController->booking()
 7 SYSTEMPATH\CodeIgniter.php(502): CodeIgniter\CodeIgniter->runController(Object(App\Controllers\UserController))
 8 SYSTEMPATH\CodeIgniter.php(361): CodeIgniter\CodeIgniter->handleRequest(null, Object(Config\Cache), false)
 9 FCPATH\index.php(87): CodeIgniter\CodeIgniter->run()
10 SYSTEMPATH\Commands\Server\rewrite.php(47): require_once('C:\\laragon\\www\\adonbacked\\public\\index.php')
CRITICAL - 2024-02-29 02:01:40 --> Undefined array key "Monday"
in APPPATH\Views\user\booking.php on line 272.
 1 APPPATH\Views\user\booking.php(272): CodeIgniter\Debug\Exceptions->errorHandler(2, 'Undefined array key "Monday"', 'C:\\laragon\\www\\adonbacked\\app\\Views\\user\\booking.php', 272)
 2 SYSTEMPATH\View\View.php(228): include('C:\\laragon\\www\\adonbacked\\app\\Views\\user\\booking.php')
 3 SYSTEMPATH\View\View.php(231): CodeIgniter\View\View->CodeIgniter\View\{closure}()
 4 SYSTEMPATH\Common.php(1190): CodeIgniter\View\View->render('user/booking', [], true)
 5 APPPATH\Controllers\UserController.php(58): view('user/booking', [...])
 6 SYSTEMPATH\CodeIgniter.php(942): App\Controllers\UserController->booking()
 7 SYSTEMPATH\CodeIgniter.php(502): CodeIgniter\CodeIgniter->runController(Object(App\Controllers\UserController))
 8 SYSTEMPATH\CodeIgniter.php(361): CodeIgniter\CodeIgniter->handleRequest(null, Object(Config\Cache), false)
 9 FCPATH\index.php(87): CodeIgniter\CodeIgniter->run()
10 SYSTEMPATH\Commands\Server\rewrite.php(47): require_once('C:\\laragon\\www\\adonbacked\\public\\index.php')
CRITICAL - 2024-02-29 02:04:21 --> Undefined variable $daysOfWeek
in APPPATH\Views\user\booking.php on line 242.
 1 APPPATH\Views\user\booking.php(242): CodeIgniter\Debug\Exceptions->errorHandler(2, 'Undefined variable $daysOfWeek', 'C:\\laragon\\www\\adonbacked\\app\\Views\\user\\booking.php', 242)
 2 SYSTEMPATH\View\View.php(228): include('C:\\laragon\\www\\adonbacked\\app\\Views\\user\\booking.php')
 3 SYSTEMPATH\View\View.php(231): CodeIgniter\View\View->CodeIgniter\View\{closure}()
 4 SYSTEMPATH\Common.php(1190): CodeIgniter\View\View->render('user/booking', [], true)
 5 APPPATH\Controllers\UserController.php(58): view('user/booking', [...])
 6 SYSTEMPATH\CodeIgniter.php(942): App\Controllers\UserController->booking()
 7 SYSTEMPATH\CodeIgniter.php(502): CodeIgniter\CodeIgniter->runController(Object(App\Controllers\UserController))
 8 SYSTEMPATH\CodeIgniter.php(361): CodeIgniter\CodeIgniter->handleRequest(null, Object(Config\Cache), false)
 9 FCPATH\index.php(87): CodeIgniter\CodeIgniter->run()
10 SYSTEMPATH\Commands\Server\rewrite.php(47): require_once('C:\\laragon\\www\\adonbacked\\public\\index.php')
CRITICAL - 2024-02-29 02:04:59 --> Undefined variable $day
in APPPATH\Views\user\booking.php on line 239.
 1 APPPATH\Views\user\booking.php(239): CodeIgniter\Debug\Exceptions->errorHandler(2, 'Undefined variable $day', 'C:\\laragon\\www\\adonbacked\\app\\Views\\user\\booking.php', 239)
 2 SYSTEMPATH\View\View.php(228): include('C:\\laragon\\www\\adonbacked\\app\\Views\\user\\booking.php')
 3 SYSTEMPATH\View\View.php(231): CodeIgniter\View\View->CodeIgniter\View\{closure}()
 4 SYSTEMPATH\Common.php(1190): CodeIgniter\View\View->render('user/booking', [], true)
 5 APPPATH\Controllers\UserController.php(58): view('user/booking', [...])
 6 SYSTEMPATH\CodeIgniter.php(942): App\Controllers\UserController->booking()
 7 SYSTEMPATH\CodeIgniter.php(502): CodeIgniter\CodeIgniter->runController(Object(App\Controllers\UserController))
 8 SYSTEMPATH\CodeIgniter.php(361): CodeIgniter\CodeIgniter->handleRequest(null, Object(Config\Cache), false)
 9 FCPATH\index.php(87): CodeIgniter\CodeIgniter->run()
10 SYSTEMPATH\Commands\Server\rewrite.php(47): require_once('C:\\laragon\\www\\adonbacked\\public\\index.php')
CRITICAL - 2024-02-29 02:06:26 --> Undefined constant "day"
in APPPATH\Views\user\booking.php on line 239.
 1 SYSTEMPATH\View\View.php(228): include()
 2 SYSTEMPATH\View\View.php(231): CodeIgniter\View\View->CodeIgniter\View\{closure}()
 3 SYSTEMPATH\Common.php(1190): CodeIgniter\View\View->render('user/booking', [], true)
 4 APPPATH\Controllers\UserController.php(58): view('user/booking', [...])
 5 SYSTEMPATH\CodeIgniter.php(942): App\Controllers\UserController->booking()
 6 SYSTEMPATH\CodeIgniter.php(502): CodeIgniter\CodeIgniter->runController(Object(App\Controllers\UserController))
 7 SYSTEMPATH\CodeIgniter.php(361): CodeIgniter\CodeIgniter->handleRequest(null, Object(Config\Cache), false)
 8 FCPATH\index.php(87): CodeIgniter\CodeIgniter->run()
 9 SYSTEMPATH\Commands\Server\rewrite.php(47): require_once('C:\\laragon\\www\\adonbacked\\public\\index.php')
CRITICAL - 2024-02-29 02:16:16 --> Undefined variable $daysOfWeek
in APPPATH\Views\user\booking.php on line 196.
 1 APPPATH\Views\user\booking.php(196): CodeIgniter\Debug\Exceptions->errorHandler(2, 'Undefined variable $daysOfWeek', 'C:\\laragon\\www\\adonbacked\\app\\Views\\user\\booking.php', 196)
 2 SYSTEMPATH\View\View.php(228): include('C:\\laragon\\www\\adonbacked\\app\\Views\\user\\booking.php')
 3 SYSTEMPATH\View\View.php(231): CodeIgniter\View\View->CodeIgniter\View\{closure}()
 4 SYSTEMPATH\Common.php(1190): CodeIgniter\View\View->render('user/booking', [], true)
 5 APPPATH\Controllers\UserController.php(58): view('user/booking', [...])
 6 SYSTEMPATH\CodeIgniter.php(942): App\Controllers\UserController->booking()
 7 SYSTEMPATH\CodeIgniter.php(502): CodeIgniter\CodeIgniter->runController(Object(App\Controllers\UserController))
 8 SYSTEMPATH\CodeIgniter.php(361): CodeIgniter\CodeIgniter->handleRequest(null, Object(Config\Cache), false)
 9 FCPATH\index.php(87): CodeIgniter\CodeIgniter->run()
10 SYSTEMPATH\Commands\Server\rewrite.php(47): require_once('C:\\laragon\\www\\adonbacked\\public\\index.php')
CRITICAL - 2024-02-29 02:31:04 --> Undefined variable $currentDate
in APPPATH\Views\user\booking.php on line 257.
 1 APPPATH\Views\user\booking.php(257): CodeIgniter\Debug\Exceptions->errorHandler(2, 'Undefined variable $currentDate', 'C:\\laragon\\www\\adonbacked\\app\\Views\\user\\booking.php', 257)
 2 SYSTEMPATH\View\View.php(228): include('C:\\laragon\\www\\adonbacked\\app\\Views\\user\\booking.php')
 3 SYSTEMPATH\View\View.php(231): CodeIgniter\View\View->CodeIgniter\View\{closure}()
 4 SYSTEMPATH\Common.php(1190): CodeIgniter\View\View->render('user/booking', [], true)
 5 APPPATH\Controllers\UserController.php(58): view('user/booking', [...])
 6 SYSTEMPATH\CodeIgniter.php(942): App\Controllers\UserController->booking()
 7 SYSTEMPATH\CodeIgniter.php(502): CodeIgniter\CodeIgniter->runController(Object(App\Controllers\UserController))
 8 SYSTEMPATH\CodeIgniter.php(361): CodeIgniter\CodeIgniter->handleRequest(null, Object(Config\Cache), false)
 9 FCPATH\index.php(87): CodeIgniter\CodeIgniter->run()
10 SYSTEMPATH\Commands\Server\rewrite.php(47): require_once('C:\\laragon\\www\\adonbacked\\public\\index.php')
CRITICAL - 2024-02-29 02:42:38 --> Undefined array key "daysOfWeek"
in APPPATH\Views\user\booking.php on line 258.
 1 APPPATH\Views\user\booking.php(258): CodeIgniter\Debug\Exceptions->errorHandler(2, 'Undefined array key "daysOfWeek"', 'C:\\laragon\\www\\adonbacked\\app\\Views\\user\\booking.php', 258)
 2 SYSTEMPATH\View\View.php(228): include('C:\\laragon\\www\\adonbacked\\app\\Views\\user\\booking.php')
 3 SYSTEMPATH\View\View.php(231): CodeIgniter\View\View->CodeIgniter\View\{closure}()
 4 SYSTEMPATH\Common.php(1190): CodeIgniter\View\View->render('user/booking', [], true)
 5 APPPATH\Controllers\UserController.php(58): view('user/booking', [...])
 6 SYSTEMPATH\CodeIgniter.php(942): App\Controllers\UserController->booking()
 7 SYSTEMPATH\CodeIgniter.php(502): CodeIgniter\CodeIgniter->runController(Object(App\Controllers\UserController))
 8 SYSTEMPATH\CodeIgniter.php(361): CodeIgniter\CodeIgniter->handleRequest(null, Object(Config\Cache), false)
 9 FCPATH\index.php(87): CodeIgniter\CodeIgniter->run()
10 SYSTEMPATH\Commands\Server\rewrite.php(47): require_once('C:\\laragon\\www\\adonbacked\\public\\index.php')
CRITICAL - 2024-02-29 02:52:05 --> Undefined variable $timeSlots
in APPPATH\Views\user\booking.php on line 249.
 1 APPPATH\Views\user\booking.php(249): CodeIgniter\Debug\Exceptions->errorHandler(2, 'Undefined variable $timeSlots', 'C:\\laragon\\www\\adonbacked\\app\\Views\\user\\booking.php', 249)
 2 SYSTEMPATH\View\View.php(228): include('C:\\laragon\\www\\adonbacked\\app\\Views\\user\\booking.php')
 3 SYSTEMPATH\View\View.php(231): CodeIgniter\View\View->CodeIgniter\View\{closure}()
 4 SYSTEMPATH\Common.php(1190): CodeIgniter\View\View->render('user/booking', [], true)
 5 APPPATH\Controllers\UserController.php(58): view('user/booking', [...])
 6 SYSTEMPATH\CodeIgniter.php(942): App\Controllers\UserController->booking()
 7 SYSTEMPATH\CodeIgniter.php(502): CodeIgniter\CodeIgniter->runController(Object(App\Controllers\UserController))
 8 SYSTEMPATH\CodeIgniter.php(361): CodeIgniter\CodeIgniter->handleRequest(null, Object(Config\Cache), false)
 9 FCPATH\index.php(87): CodeIgniter\CodeIgniter->run()
10 SYSTEMPATH\Commands\Server\rewrite.php(47): require_once('C:\\laragon\\www\\adonbacked\\public\\index.php')
CRITICAL - 2024-02-29 02:54:04 --> Undefined variable $timeSlots
in APPPATH\Views\user\booking.php on line 260.
 1 APPPATH\Views\user\booking.php(260): CodeIgniter\Debug\Exceptions->errorHandler(2, 'Undefined variable $timeSlots', 'C:\\laragon\\www\\adonbacked\\app\\Views\\user\\booking.php', 260)
 2 SYSTEMPATH\View\View.php(228): include('C:\\laragon\\www\\adonbacked\\app\\Views\\user\\booking.php')
 3 SYSTEMPATH\View\View.php(231): CodeIgniter\View\View->CodeIgniter\View\{closure}()
 4 SYSTEMPATH\Common.php(1190): CodeIgniter\View\View->render('user/booking', [], true)
 5 APPPATH\Controllers\UserController.php(58): view('user/booking', [...])
 6 SYSTEMPATH\CodeIgniter.php(942): App\Controllers\UserController->booking()
 7 SYSTEMPATH\CodeIgniter.php(502): CodeIgniter\CodeIgniter->runController(Object(App\Controllers\UserController))
 8 SYSTEMPATH\CodeIgniter.php(361): CodeIgniter\CodeIgniter->handleRequest(null, Object(Config\Cache), false)
 9 FCPATH\index.php(87): CodeIgniter\CodeIgniter->run()
10 SYSTEMPATH\Commands\Server\rewrite.php(47): require_once('C:\\laragon\\www\\adonbacked\\public\\index.php')
CRITICAL - 2024-02-29 03:08:37 --> Undefined variable $daysOfWeek
in APPPATH\Views\user\booking.php on line 246.
 1 APPPATH\Views\user\booking.php(246): CodeIgniter\Debug\Exceptions->errorHandler(2, 'Undefined variable $daysOfWeek', 'C:\\laragon\\www\\adonbacked\\app\\Views\\user\\booking.php', 246)
 2 SYSTEMPATH\View\View.php(228): include('C:\\laragon\\www\\adonbacked\\app\\Views\\user\\booking.php')
 3 SYSTEMPATH\View\View.php(231): CodeIgniter\View\View->CodeIgniter\View\{closure}()
 4 SYSTEMPATH\Common.php(1190): CodeIgniter\View\View->render('user/booking', [], true)
 5 APPPATH\Controllers\UserController.php(58): view('user/booking', [...])
 6 SYSTEMPATH\CodeIgniter.php(942): App\Controllers\UserController->booking()
 7 SYSTEMPATH\CodeIgniter.php(502): CodeIgniter\CodeIgniter->runController(Object(App\Controllers\UserController))
 8 SYSTEMPATH\CodeIgniter.php(361): CodeIgniter\CodeIgniter->handleRequest(null, Object(Config\Cache), false)
 9 FCPATH\index.php(87): CodeIgniter\CodeIgniter->run()
10 SYSTEMPATH\Commands\Server\rewrite.php(47): require_once('C:\\laragon\\www\\adonbacked\\public\\index.php')
CRITICAL - 2024-02-29 03:09:56 --> Undefined variable $daysOfWeek
in APPPATH\Views\user\booking.php on line 266.
 1 APPPATH\Views\user\booking.php(266): CodeIgniter\Debug\Exceptions->errorHandler(2, 'Undefined variable $daysOfWeek', 'C:\\laragon\\www\\adonbacked\\app\\Views\\user\\booking.php', 266)
 2 SYSTEMPATH\View\View.php(228): include('C:\\laragon\\www\\adonbacked\\app\\Views\\user\\booking.php')
 3 SYSTEMPATH\View\View.php(231): CodeIgniter\View\View->CodeIgniter\View\{closure}()
 4 SYSTEMPATH\Common.php(1190): CodeIgniter\View\View->render('user/booking', [], true)
 5 APPPATH\Controllers\UserController.php(58): view('user/booking', [...])
 6 SYSTEMPATH\CodeIgniter.php(942): App\Controllers\UserController->booking()
 7 SYSTEMPATH\CodeIgniter.php(502): CodeIgniter\CodeIgniter->runController(Object(App\Controllers\UserController))
 8 SYSTEMPATH\CodeIgniter.php(361): CodeIgniter\CodeIgniter->handleRequest(null, Object(Config\Cache), false)
 9 FCPATH\index.php(87): CodeIgniter\CodeIgniter->run()
10 SYSTEMPATH\Commands\Server\rewrite.php(47): require_once('C:\\laragon\\www\\adonbacked\\public\\index.php')
CRITICAL - 2024-02-29 03:12:14 --> Undefined variable $daysOfWeek
in APPPATH\Views\user\booking.php on line 266.
 1 APPPATH\Views\user\booking.php(266): CodeIgniter\Debug\Exceptions->errorHandler(2, 'Undefined variable $daysOfWeek', 'C:\\laragon\\www\\adonbacked\\app\\Views\\user\\booking.php', 266)
 2 SYSTEMPATH\View\View.php(228): include('C:\\laragon\\www\\adonbacked\\app\\Views\\user\\booking.php')
 3 SYSTEMPATH\View\View.php(231): CodeIgniter\View\View->CodeIgniter\View\{closure}()
 4 SYSTEMPATH\Common.php(1190): CodeIgniter\View\View->render('user/booking', [], true)
 5 APPPATH\Controllers\UserController.php(58): view('user/booking', [...])
 6 SYSTEMPATH\CodeIgniter.php(942): App\Controllers\UserController->booking()
 7 SYSTEMPATH\CodeIgniter.php(502): CodeIgniter\CodeIgniter->runController(Object(App\Controllers\UserController))
 8 SYSTEMPATH\CodeIgniter.php(361): CodeIgniter\CodeIgniter->handleRequest(null, Object(Config\Cache), false)
 9 FCPATH\index.php(87): CodeIgniter\CodeIgniter->run()
10 SYSTEMPATH\Commands\Server\rewrite.php(47): require_once('C:\\laragon\\www\\adonbacked\\public\\index.php')
CRITICAL - 2024-02-29 03:12:48 --> Undefined variable $daysOfWeek
in APPPATH\Views\user\booking.php on line 266.
 1 APPPATH\Views\user\booking.php(266): CodeIgniter\Debug\Exceptions->errorHandler(2, 'Undefined variable $daysOfWeek', 'C:\\laragon\\www\\adonbacked\\app\\Views\\user\\booking.php', 266)
 2 SYSTEMPATH\View\View.php(228): include('C:\\laragon\\www\\adonbacked\\app\\Views\\user\\booking.php')
 3 SYSTEMPATH\View\View.php(231): CodeIgniter\View\View->CodeIgniter\View\{closure}()
 4 SYSTEMPATH\Common.php(1190): CodeIgniter\View\View->render('user/booking', [], true)
 5 APPPATH\Controllers\UserController.php(58): view('user/booking', [...])
 6 SYSTEMPATH\CodeIgniter.php(942): App\Controllers\UserController->booking()
 7 SYSTEMPATH\CodeIgniter.php(502): CodeIgniter\CodeIgniter->runController(Object(App\Controllers\UserController))
 8 SYSTEMPATH\CodeIgniter.php(361): CodeIgniter\CodeIgniter->handleRequest(null, Object(Config\Cache), false)
 9 FCPATH\index.php(87): CodeIgniter\CodeIgniter->run()
10 SYSTEMPATH\Commands\Server\rewrite.php(47): require_once('C:\\laragon\\www\\adonbacked\\public\\index.php')
CRITICAL - 2024-02-29 03:12:49 --> Undefined variable $daysOfWeek
in APPPATH\Views\user\booking.php on line 266.
 1 APPPATH\Views\user\booking.php(266): CodeIgniter\Debug\Exceptions->errorHandler(2, 'Undefined variable $daysOfWeek', 'C:\\laragon\\www\\adonbacked\\app\\Views\\user\\booking.php', 266)
 2 SYSTEMPATH\View\View.php(228): include('C:\\laragon\\www\\adonbacked\\app\\Views\\user\\booking.php')
 3 SYSTEMPATH\View\View.php(231): CodeIgniter\View\View->CodeIgniter\View\{closure}()
 4 SYSTEMPATH\Common.php(1190): CodeIgniter\View\View->render('user/booking', [], true)
 5 APPPATH\Controllers\UserController.php(58): view('user/booking', [...])
 6 SYSTEMPATH\CodeIgniter.php(942): App\Controllers\UserController->booking()
 7 SYSTEMPATH\CodeIgniter.php(502): CodeIgniter\CodeIgniter->runController(Object(App\Controllers\UserController))
 8 SYSTEMPATH\CodeIgniter.php(361): CodeIgniter\CodeIgniter->handleRequest(null, Object(Config\Cache), false)
 9 FCPATH\index.php(87): CodeIgniter\CodeIgniter->run()
10 SYSTEMPATH\Commands\Server\rewrite.php(47): require_once('C:\\laragon\\www\\adonbacked\\public\\index.php')
CRITICAL - 2024-02-29 03:12:50 --> Undefined variable $daysOfWeek
in APPPATH\Views\user\booking.php on line 266.
 1 APPPATH\Views\user\booking.php(266): CodeIgniter\Debug\Exceptions->errorHandler(2, 'Undefined variable $daysOfWeek', 'C:\\laragon\\www\\adonbacked\\app\\Views\\user\\booking.php', 266)
 2 SYSTEMPATH\View\View.php(228): include('C:\\laragon\\www\\adonbacked\\app\\Views\\user\\booking.php')
 3 SYSTEMPATH\View\View.php(231): CodeIgniter\View\View->CodeIgniter\View\{closure}()
 4 SYSTEMPATH\Common.php(1190): CodeIgniter\View\View->render('user/booking', [], true)
 5 APPPATH\Controllers\UserController.php(58): view('user/booking', [...])
 6 SYSTEMPATH\CodeIgniter.php(942): App\Controllers\UserController->booking()
 7 SYSTEMPATH\CodeIgniter.php(502): CodeIgniter\CodeIgniter->runController(Object(App\Controllers\UserController))
 8 SYSTEMPATH\CodeIgniter.php(361): CodeIgniter\CodeIgniter->handleRequest(null, Object(Config\Cache), false)
 9 FCPATH\index.php(87): CodeIgniter\CodeIgniter->run()
10 SYSTEMPATH\Commands\Server\rewrite.php(47): require_once('C:\\laragon\\www\\adonbacked\\public\\index.php')
CRITICAL - 2024-02-29 03:12:50 --> Undefined variable $daysOfWeek
in APPPATH\Views\user\booking.php on line 266.
 1 APPPATH\Views\user\booking.php(266): CodeIgniter\Debug\Exceptions->errorHandler(2, 'Undefined variable $daysOfWeek', 'C:\\laragon\\www\\adonbacked\\app\\Views\\user\\booking.php', 266)
 2 SYSTEMPATH\View\View.php(228): include('C:\\laragon\\www\\adonbacked\\app\\Views\\user\\booking.php')
 3 SYSTEMPATH\View\View.php(231): CodeIgniter\View\View->CodeIgniter\View\{closure}()
 4 SYSTEMPATH\Common.php(1190): CodeIgniter\View\View->render('user/booking', [], true)
 5 APPPATH\Controllers\UserController.php(58): view('user/booking', [...])
 6 SYSTEMPATH\CodeIgniter.php(942): App\Controllers\UserController->booking()
 7 SYSTEMPATH\CodeIgniter.php(502): CodeIgniter\CodeIgniter->runController(Object(App\Controllers\UserController))
 8 SYSTEMPATH\CodeIgniter.php(361): CodeIgniter\CodeIgniter->handleRequest(null, Object(Config\Cache), false)
 9 FCPATH\index.php(87): CodeIgniter\CodeIgniter->run()
10 SYSTEMPATH\Commands\Server\rewrite.php(47): require_once('C:\\laragon\\www\\adonbacked\\public\\index.php')
CRITICAL - 2024-02-29 03:12:50 --> Undefined variable $daysOfWeek
in APPPATH\Views\user\booking.php on line 266.
 1 APPPATH\Views\user\booking.php(266): CodeIgniter\Debug\Exceptions->errorHandler(2, 'Undefined variable $daysOfWeek', 'C:\\laragon\\www\\adonbacked\\app\\Views\\user\\booking.php', 266)
 2 SYSTEMPATH\View\View.php(228): include('C:\\laragon\\www\\adonbacked\\app\\Views\\user\\booking.php')
 3 SYSTEMPATH\View\View.php(231): CodeIgniter\View\View->CodeIgniter\View\{closure}()
 4 SYSTEMPATH\Common.php(1190): CodeIgniter\View\View->render('user/booking', [], true)
 5 APPPATH\Controllers\UserController.php(58): view('user/booking', [...])
 6 SYSTEMPATH\CodeIgniter.php(942): App\Controllers\UserController->booking()
 7 SYSTEMPATH\CodeIgniter.php(502): CodeIgniter\CodeIgniter->runController(Object(App\Controllers\UserController))
 8 SYSTEMPATH\CodeIgniter.php(361): CodeIgniter\CodeIgniter->handleRequest(null, Object(Config\Cache), false)
 9 FCPATH\index.php(87): CodeIgniter\CodeIgniter->run()
10 SYSTEMPATH\Commands\Server\rewrite.php(47): require_once('C:\\laragon\\www\\adonbacked\\public\\index.php')
CRITICAL - 2024-02-29 03:12:51 --> Undefined variable $daysOfWeek
in APPPATH\Views\user\booking.php on line 266.
 1 APPPATH\Views\user\booking.php(266): CodeIgniter\Debug\Exceptions->errorHandler(2, 'Undefined variable $daysOfWeek', 'C:\\laragon\\www\\adonbacked\\app\\Views\\user\\booking.php', 266)
 2 SYSTEMPATH\View\View.php(228): include('C:\\laragon\\www\\adonbacked\\app\\Views\\user\\booking.php')
 3 SYSTEMPATH\View\View.php(231): CodeIgniter\View\View->CodeIgniter\View\{closure}()
 4 SYSTEMPATH\Common.php(1190): CodeIgniter\View\View->render('user/booking', [], true)
 5 APPPATH\Controllers\UserController.php(58): view('user/booking', [...])
 6 SYSTEMPATH\CodeIgniter.php(942): App\Controllers\UserController->booking()
 7 SYSTEMPATH\CodeIgniter.php(502): CodeIgniter\CodeIgniter->runController(Object(App\Controllers\UserController))
 8 SYSTEMPATH\CodeIgniter.php(361): CodeIgniter\CodeIgniter->handleRequest(null, Object(Config\Cache), false)
 9 FCPATH\index.php(87): CodeIgniter\CodeIgniter->run()
10 SYSTEMPATH\Commands\Server\rewrite.php(47): require_once('C:\\laragon\\www\\adonbacked\\public\\index.php')
CRITICAL - 2024-02-29 03:12:51 --> Undefined variable $daysOfWeek
in APPPATH\Views\user\booking.php on line 266.
 1 APPPATH\Views\user\booking.php(266): CodeIgniter\Debug\Exceptions->errorHandler(2, 'Undefined variable $daysOfWeek', 'C:\\laragon\\www\\adonbacked\\app\\Views\\user\\booking.php', 266)
 2 SYSTEMPATH\View\View.php(228): include('C:\\laragon\\www\\adonbacked\\app\\Views\\user\\booking.php')
 3 SYSTEMPATH\View\View.php(231): CodeIgniter\View\View->CodeIgniter\View\{closure}()
 4 SYSTEMPATH\Common.php(1190): CodeIgniter\View\View->render('user/booking', [], true)
 5 APPPATH\Controllers\UserController.php(58): view('user/booking', [...])
 6 SYSTEMPATH\CodeIgniter.php(942): App\Controllers\UserController->booking()
 7 SYSTEMPATH\CodeIgniter.php(502): CodeIgniter\CodeIgniter->runController(Object(App\Controllers\UserController))
 8 SYSTEMPATH\CodeIgniter.php(361): CodeIgniter\CodeIgniter->handleRequest(null, Object(Config\Cache), false)
 9 FCPATH\index.php(87): CodeIgniter\CodeIgniter->run()
10 SYSTEMPATH\Commands\Server\rewrite.php(47): require_once('C:\\laragon\\www\\adonbacked\\public\\index.php')
CRITICAL - 2024-02-29 03:12:51 --> Undefined variable $daysOfWeek
in APPPATH\Views\user\booking.php on line 266.
 1 APPPATH\Views\user\booking.php(266): CodeIgniter\Debug\Exceptions->errorHandler(2, 'Undefined variable $daysOfWeek', 'C:\\laragon\\www\\adonbacked\\app\\Views\\user\\booking.php', 266)
 2 SYSTEMPATH\View\View.php(228): include('C:\\laragon\\www\\adonbacked\\app\\Views\\user\\booking.php')
 3 SYSTEMPATH\View\View.php(231): CodeIgniter\View\View->CodeIgniter\View\{closure}()
 4 SYSTEMPATH\Common.php(1190): CodeIgniter\View\View->render('user/booking', [], true)
 5 APPPATH\Controllers\UserController.php(58): view('user/booking', [...])
 6 SYSTEMPATH\CodeIgniter.php(942): App\Controllers\UserController->booking()
 7 SYSTEMPATH\CodeIgniter.php(502): CodeIgniter\CodeIgniter->runController(Object(App\Controllers\UserController))
 8 SYSTEMPATH\CodeIgniter.php(361): CodeIgniter\CodeIgniter->handleRequest(null, Object(Config\Cache), false)
 9 FCPATH\index.php(87): CodeIgniter\CodeIgniter->run()
10 SYSTEMPATH\Commands\Server\rewrite.php(47): require_once('C:\\laragon\\www\\adonbacked\\public\\index.php')
CRITICAL - 2024-02-29 03:12:52 --> Undefined variable $daysOfWeek
in APPPATH\Views\user\booking.php on line 266.
 1 APPPATH\Views\user\booking.php(266): CodeIgniter\Debug\Exceptions->errorHandler(2, 'Undefined variable $daysOfWeek', 'C:\\laragon\\www\\adonbacked\\app\\Views\\user\\booking.php', 266)
 2 SYSTEMPATH\View\View.php(228): include('C:\\laragon\\www\\adonbacked\\app\\Views\\user\\booking.php')
 3 SYSTEMPATH\View\View.php(231): CodeIgniter\View\View->CodeIgniter\View\{closure}()
 4 SYSTEMPATH\Common.php(1190): CodeIgniter\View\View->render('user/booking', [], true)
 5 APPPATH\Controllers\UserController.php(58): view('user/booking', [...])
 6 SYSTEMPATH\CodeIgniter.php(942): App\Controllers\UserController->booking()
 7 SYSTEMPATH\CodeIgniter.php(502): CodeIgniter\CodeIgniter->runController(Object(App\Controllers\UserController))
 8 SYSTEMPATH\CodeIgniter.php(361): CodeIgniter\CodeIgniter->handleRequest(null, Object(Config\Cache), false)
 9 FCPATH\index.php(87): CodeIgniter\CodeIgniter->run()
10 SYSTEMPATH\Commands\Server\rewrite.php(47): require_once('C:\\laragon\\www\\adonbacked\\public\\index.php')
CRITICAL - 2024-02-29 03:12:52 --> Undefined variable $daysOfWeek
in APPPATH\Views\user\booking.php on line 266.
 1 APPPATH\Views\user\booking.php(266): CodeIgniter\Debug\Exceptions->errorHandler(2, 'Undefined variable $daysOfWeek', 'C:\\laragon\\www\\adonbacked\\app\\Views\\user\\booking.php', 266)
 2 SYSTEMPATH\View\View.php(228): include('C:\\laragon\\www\\adonbacked\\app\\Views\\user\\booking.php')
 3 SYSTEMPATH\View\View.php(231): CodeIgniter\View\View->CodeIgniter\View\{closure}()
 4 SYSTEMPATH\Common.php(1190): CodeIgniter\View\View->render('user/booking', [], true)
 5 APPPATH\Controllers\UserController.php(58): view('user/booking', [...])
 6 SYSTEMPATH\CodeIgniter.php(942): App\Controllers\UserController->booking()
 7 SYSTEMPATH\CodeIgniter.php(502): CodeIgniter\CodeIgniter->runController(Object(App\Controllers\UserController))
 8 SYSTEMPATH\CodeIgniter.php(361): CodeIgniter\CodeIgniter->handleRequest(null, Object(Config\Cache), false)
 9 FCPATH\index.php(87): CodeIgniter\CodeIgniter->run()
10 SYSTEMPATH\Commands\Server\rewrite.php(47): require_once('C:\\laragon\\www\\adonbacked\\public\\index.php')
CRITICAL - 2024-02-29 03:12:52 --> Undefined variable $daysOfWeek
in APPPATH\Views\user\booking.php on line 266.
 1 APPPATH\Views\user\booking.php(266): CodeIgniter\Debug\Exceptions->errorHandler(2, 'Undefined variable $daysOfWeek', 'C:\\laragon\\www\\adonbacked\\app\\Views\\user\\booking.php', 266)
 2 SYSTEMPATH\View\View.php(228): include('C:\\laragon\\www\\adonbacked\\app\\Views\\user\\booking.php')
 3 SYSTEMPATH\View\View.php(231): CodeIgniter\View\View->CodeIgniter\View\{closure}()
 4 SYSTEMPATH\Common.php(1190): CodeIgniter\View\View->render('user/booking', [], true)
 5 APPPATH\Controllers\UserController.php(58): view('user/booking', [...])
 6 SYSTEMPATH\CodeIgniter.php(942): App\Controllers\UserController->booking()
 7 SYSTEMPATH\CodeIgniter.php(502): CodeIgniter\CodeIgniter->runController(Object(App\Controllers\UserController))
 8 SYSTEMPATH\CodeIgniter.php(361): CodeIgniter\CodeIgniter->handleRequest(null, Object(Config\Cache), false)
 9 FCPATH\index.php(87): CodeIgniter\CodeIgniter->run()
10 SYSTEMPATH\Commands\Server\rewrite.php(47): require_once('C:\\laragon\\www\\adonbacked\\public\\index.php')
CRITICAL - 2024-02-29 03:12:53 --> Undefined variable $daysOfWeek
in APPPATH\Views\user\booking.php on line 266.
 1 APPPATH\Views\user\booking.php(266): CodeIgniter\Debug\Exceptions->errorHandler(2, 'Undefined variable $daysOfWeek', 'C:\\laragon\\www\\adonbacked\\app\\Views\\user\\booking.php', 266)
 2 SYSTEMPATH\View\View.php(228): include('C:\\laragon\\www\\adonbacked\\app\\Views\\user\\booking.php')
 3 SYSTEMPATH\View\View.php(231): CodeIgniter\View\View->CodeIgniter\View\{closure}()
 4 SYSTEMPATH\Common.php(1190): CodeIgniter\View\View->render('user/booking', [], true)
 5 APPPATH\Controllers\UserController.php(58): view('user/booking', [...])
 6 SYSTEMPATH\CodeIgniter.php(942): App\Controllers\UserController->booking()
 7 SYSTEMPATH\CodeIgniter.php(502): CodeIgniter\CodeIgniter->runController(Object(App\Controllers\UserController))
 8 SYSTEMPATH\CodeIgniter.php(361): CodeIgniter\CodeIgniter->handleRequest(null, Object(Config\Cache), false)
 9 FCPATH\index.php(87): CodeIgniter\CodeIgniter->run()
10 SYSTEMPATH\Commands\Server\rewrite.php(47): require_once('C:\\laragon\\www\\adonbacked\\public\\index.php')
CRITICAL - 2024-02-29 03:12:53 --> Undefined variable $daysOfWeek
in APPPATH\Views\user\booking.php on line 266.
 1 APPPATH\Views\user\booking.php(266): CodeIgniter\Debug\Exceptions->errorHandler(2, 'Undefined variable $daysOfWeek', 'C:\\laragon\\www\\adonbacked\\app\\Views\\user\\booking.php', 266)
 2 SYSTEMPATH\View\View.php(228): include('C:\\laragon\\www\\adonbacked\\app\\Views\\user\\booking.php')
 3 SYSTEMPATH\View\View.php(231): CodeIgniter\View\View->CodeIgniter\View\{closure}()
 4 SYSTEMPATH\Common.php(1190): CodeIgniter\View\View->render('user/booking', [], true)
 5 APPPATH\Controllers\UserController.php(58): view('user/booking', [...])
 6 SYSTEMPATH\CodeIgniter.php(942): App\Controllers\UserController->booking()
 7 SYSTEMPATH\CodeIgniter.php(502): CodeIgniter\CodeIgniter->runController(Object(App\Controllers\UserController))
 8 SYSTEMPATH\CodeIgniter.php(361): CodeIgniter\CodeIgniter->handleRequest(null, Object(Config\Cache), false)
 9 FCPATH\index.php(87): CodeIgniter\CodeIgniter->run()
10 SYSTEMPATH\Commands\Server\rewrite.php(47): require_once('C:\\laragon\\www\\adonbacked\\public\\index.php')
CRITICAL - 2024-02-29 03:13:32 --> Undefined variable $daysOfWeek
in APPPATH\Views\user\booking.php on line 266.
 1 APPPATH\Views\user\booking.php(266): CodeIgniter\Debug\Exceptions->errorHandler(2, 'Undefined variable $daysOfWeek', 'C:\\laragon\\www\\adonbacked\\app\\Views\\user\\booking.php', 266)
 2 SYSTEMPATH\View\View.php(228): include('C:\\laragon\\www\\adonbacked\\app\\Views\\user\\booking.php')
 3 SYSTEMPATH\View\View.php(231): CodeIgniter\View\View->CodeIgniter\View\{closure}()
 4 SYSTEMPATH\Common.php(1190): CodeIgniter\View\View->render('user/booking', [], true)
 5 APPPATH\Controllers\UserController.php(58): view('user/booking', [...])
 6 SYSTEMPATH\CodeIgniter.php(942): App\Controllers\UserController->booking()
 7 SYSTEMPATH\CodeIgniter.php(502): CodeIgniter\CodeIgniter->runController(Object(App\Controllers\UserController))
 8 SYSTEMPATH\CodeIgniter.php(361): CodeIgniter\CodeIgniter->handleRequest(null, Object(Config\Cache), false)
 9 FCPATH\index.php(87): CodeIgniter\CodeIgniter->run()
10 SYSTEMPATH\Commands\Server\rewrite.php(47): require_once('C:\\laragon\\www\\adonbacked\\public\\index.php')
CRITICAL - 2024-02-29 03:17:59 --> Undefined variable $daysOfWeek
in APPPATH\Views\user\booking.php on line 266.
 1 APPPATH\Views\user\booking.php(266): CodeIgniter\Debug\Exceptions->errorHandler(2, 'Undefined variable $daysOfWeek', 'C:\\laragon\\www\\adonbacked\\app\\Views\\user\\booking.php', 266)
 2 SYSTEMPATH\View\View.php(228): include('C:\\laragon\\www\\adonbacked\\app\\Views\\user\\booking.php')
 3 SYSTEMPATH\View\View.php(231): CodeIgniter\View\View->CodeIgniter\View\{closure}()
 4 SYSTEMPATH\Common.php(1190): CodeIgniter\View\View->render('user/booking', [], true)
 5 APPPATH\Controllers\UserController.php(58): view('user/booking', [...])
 6 SYSTEMPATH\CodeIgniter.php(942): App\Controllers\UserController->booking()
 7 SYSTEMPATH\CodeIgniter.php(502): CodeIgniter\CodeIgniter->runController(Object(App\Controllers\UserController))
 8 SYSTEMPATH\CodeIgniter.php(361): CodeIgniter\CodeIgniter->handleRequest(null, Object(Config\Cache), false)
 9 FCPATH\index.php(87): CodeIgniter\CodeIgniter->run()
10 SYSTEMPATH\Commands\Server\rewrite.php(47): require_once('C:\\laragon\\www\\adonbacked\\public\\index.php')
CRITICAL - 2024-02-29 03:18:33 --> Undefined variable $daysOfWeek
in APPPATH\Views\user\booking.php on line 266.
 1 APPPATH\Views\user\booking.php(266): CodeIgniter\Debug\Exceptions->errorHandler(2, 'Undefined variable $daysOfWeek', 'C:\\laragon\\www\\adonbacked\\app\\Views\\user\\booking.php', 266)
 2 SYSTEMPATH\View\View.php(228): include('C:\\laragon\\www\\adonbacked\\app\\Views\\user\\booking.php')
 3 SYSTEMPATH\View\View.php(231): CodeIgniter\View\View->CodeIgniter\View\{closure}()
 4 SYSTEMPATH\Common.php(1190): CodeIgniter\View\View->render('user/booking', [], true)
 5 APPPATH\Controllers\UserController.php(58): view('user/booking', [...])
 6 SYSTEMPATH\CodeIgniter.php(942): App\Controllers\UserController->booking()
 7 SYSTEMPATH\CodeIgniter.php(502): CodeIgniter\CodeIgniter->runController(Object(App\Controllers\UserController))
 8 SYSTEMPATH\CodeIgniter.php(361): CodeIgniter\CodeIgniter->handleRequest(null, Object(Config\Cache), false)
 9 FCPATH\index.php(87): CodeIgniter\CodeIgniter->run()
10 SYSTEMPATH\Commands\Server\rewrite.php(47): require_once('C:\\laragon\\www\\adonbacked\\public\\index.php')
CRITICAL - 2024-02-29 03:21:49 --> Undefined variable $daysOfWeek
in APPPATH\Views\user\booking.php on line 268.
 1 APPPATH\Views\user\booking.php(268): CodeIgniter\Debug\Exceptions->errorHandler(2, 'Undefined variable $daysOfWeek', 'C:\\laragon\\www\\adonbacked\\app\\Views\\user\\booking.php', 268)
 2 SYSTEMPATH\View\View.php(228): include('C:\\laragon\\www\\adonbacked\\app\\Views\\user\\booking.php')
 3 SYSTEMPATH\View\View.php(231): CodeIgniter\View\View->CodeIgniter\View\{closure}()
 4 SYSTEMPATH\Common.php(1190): CodeIgniter\View\View->render('user/booking', [], true)
 5 APPPATH\Controllers\UserController.php(58): view('user/booking', [...])
 6 SYSTEMPATH\CodeIgniter.php(942): App\Controllers\UserController->booking()
 7 SYSTEMPATH\CodeIgniter.php(502): CodeIgniter\CodeIgniter->runController(Object(App\Controllers\UserController))
 8 SYSTEMPATH\CodeIgniter.php(361): CodeIgniter\CodeIgniter->handleRequest(null, Object(Config\Cache), false)
 9 FCPATH\index.php(87): CodeIgniter\CodeIgniter->run()
10 SYSTEMPATH\Commands\Server\rewrite.php(47): require_once('C:\\laragon\\www\\adonbacked\\public\\index.php')
CRITICAL - 2024-02-29 03:29:12 --> Undefined variable $daysOfWeek
in APPPATH\Views\user\booking.php on line 266.
 1 APPPATH\Views\user\booking.php(266): CodeIgniter\Debug\Exceptions->errorHandler(2, 'Undefined variable $daysOfWeek', 'C:\\laragon\\www\\adonbacked\\app\\Views\\user\\booking.php', 266)
 2 SYSTEMPATH\View\View.php(228): include('C:\\laragon\\www\\adonbacked\\app\\Views\\user\\booking.php')
 3 SYSTEMPATH\View\View.php(231): CodeIgniter\View\View->CodeIgniter\View\{closure}()
 4 SYSTEMPATH\Common.php(1190): CodeIgniter\View\View->render('user/booking', [], true)
 5 APPPATH\Controllers\UserController.php(58): view('user/booking', [...])
 6 SYSTEMPATH\CodeIgniter.php(942): App\Controllers\UserController->booking()
 7 SYSTEMPATH\CodeIgniter.php(502): CodeIgniter\CodeIgniter->runController(Object(App\Controllers\UserController))
 8 SYSTEMPATH\CodeIgniter.php(361): CodeIgniter\CodeIgniter->handleRequest(null, Object(Config\Cache), false)
 9 FCPATH\index.php(87): CodeIgniter\CodeIgniter->run()
10 SYSTEMPATH\Commands\Server\rewrite.php(47): require_once('C:\\laragon\\www\\adonbacked\\public\\index.php')
CRITICAL - 2024-02-29 03:29:18 --> Undefined variable $daysOfWeek
in APPPATH\Views\user\booking.php on line 266.
 1 APPPATH\Views\user\booking.php(266): CodeIgniter\Debug\Exceptions->errorHandler(2, 'Undefined variable $daysOfWeek', 'C:\\laragon\\www\\adonbacked\\app\\Views\\user\\booking.php', 266)
 2 SYSTEMPATH\View\View.php(228): include('C:\\laragon\\www\\adonbacked\\app\\Views\\user\\booking.php')
 3 SYSTEMPATH\View\View.php(231): CodeIgniter\View\View->CodeIgniter\View\{closure}()
 4 SYSTEMPATH\Common.php(1190): CodeIgniter\View\View->render('user/booking', [], true)
 5 APPPATH\Controllers\UserController.php(58): view('user/booking', [...])
 6 SYSTEMPATH\CodeIgniter.php(942): App\Controllers\UserController->booking()
 7 SYSTEMPATH\CodeIgniter.php(502): CodeIgniter\CodeIgniter->runController(Object(App\Controllers\UserController))
 8 SYSTEMPATH\CodeIgniter.php(361): CodeIgniter\CodeIgniter->handleRequest(null, Object(Config\Cache), false)
 9 FCPATH\index.php(87): CodeIgniter\CodeIgniter->run()
10 SYSTEMPATH\Commands\Server\rewrite.php(47): require_once('C:\\laragon\\www\\adonbacked\\public\\index.php')
CRITICAL - 2024-02-29 03:29:24 --> Undefined variable $daysOfWeek
in APPPATH\Views\user\booking.php on line 266.
 1 APPPATH\Views\user\booking.php(266): CodeIgniter\Debug\Exceptions->errorHandler(2, 'Undefined variable $daysOfWeek', 'C:\\laragon\\www\\adonbacked\\app\\Views\\user\\booking.php', 266)
 2 SYSTEMPATH\View\View.php(228): include('C:\\laragon\\www\\adonbacked\\app\\Views\\user\\booking.php')
 3 SYSTEMPATH\View\View.php(231): CodeIgniter\View\View->CodeIgniter\View\{closure}()
 4 SYSTEMPATH\Common.php(1190): CodeIgniter\View\View->render('user/booking', [], true)
 5 APPPATH\Controllers\UserController.php(58): view('user/booking', [...])
 6 SYSTEMPATH\CodeIgniter.php(942): App\Controllers\UserController->booking()
 7 SYSTEMPATH\CodeIgniter.php(502): CodeIgniter\CodeIgniter->runController(Object(App\Controllers\UserController))
 8 SYSTEMPATH\CodeIgniter.php(361): CodeIgniter\CodeIgniter->handleRequest(null, Object(Config\Cache), false)
 9 FCPATH\index.php(87): CodeIgniter\CodeIgniter->run()
10 SYSTEMPATH\Commands\Server\rewrite.php(47): require_once('C:\\laragon\\www\\adonbacked\\public\\index.php')
CRITICAL - 2024-02-29 03:29:39 --> Undefined variable $daysOfWeek
in APPPATH\Views\user\booking.php on line 266.
 1 APPPATH\Views\user\booking.php(266): CodeIgniter\Debug\Exceptions->errorHandler(2, 'Undefined variable $daysOfWeek', 'C:\\laragon\\www\\adonbacked\\app\\Views\\user\\booking.php', 266)
 2 SYSTEMPATH\View\View.php(228): include('C:\\laragon\\www\\adonbacked\\app\\Views\\user\\booking.php')
 3 SYSTEMPATH\View\View.php(231): CodeIgniter\View\View->CodeIgniter\View\{closure}()
 4 SYSTEMPATH\Common.php(1190): CodeIgniter\View\View->render('user/booking', [], true)
 5 APPPATH\Controllers\UserController.php(58): view('user/booking', [...])
 6 SYSTEMPATH\CodeIgniter.php(942): App\Controllers\UserController->booking()
 7 SYSTEMPATH\CodeIgniter.php(502): CodeIgniter\CodeIgniter->runController(Object(App\Controllers\UserController))
 8 SYSTEMPATH\CodeIgniter.php(361): CodeIgniter\CodeIgniter->handleRequest(null, Object(Config\Cache), false)
 9 FCPATH\index.php(87): CodeIgniter\CodeIgniter->run()
10 SYSTEMPATH\Commands\Server\rewrite.php(47): require_once('C:\\laragon\\www\\adonbacked\\public\\index.php')
CRITICAL - 2024-02-29 04:29:05 --> Undefined variable $daysOfWeek
in APPPATH\Views\user\booking.php on line 267.
 1 APPPATH\Views\user\booking.php(267): CodeIgniter\Debug\Exceptions->errorHandler(2, 'Undefined variable $daysOfWeek', 'C:\\laragon\\www\\adonbacked\\app\\Views\\user\\booking.php', 267)
 2 SYSTEMPATH\View\View.php(228): include('C:\\laragon\\www\\adonbacked\\app\\Views\\user\\booking.php')
 3 SYSTEMPATH\View\View.php(231): CodeIgniter\View\View->CodeIgniter\View\{closure}()
 4 SYSTEMPATH\Common.php(1190): CodeIgniter\View\View->render('user/booking', [], true)
 5 APPPATH\Controllers\UserController.php(58): view('user/booking', [...])
 6 SYSTEMPATH\CodeIgniter.php(942): App\Controllers\UserController->booking()
 7 SYSTEMPATH\CodeIgniter.php(502): CodeIgniter\CodeIgniter->runController(Object(App\Controllers\UserController))
 8 SYSTEMPATH\CodeIgniter.php(361): CodeIgniter\CodeIgniter->handleRequest(null, Object(Config\Cache), false)
 9 FCPATH\index.php(87): CodeIgniter\CodeIgniter->run()
10 SYSTEMPATH\Commands\Server\rewrite.php(47): require_once('C:\\laragon\\www\\adonbacked\\public\\index.php')
CRITICAL - 2024-02-29 04:29:33 --> Undefined variable $daysOfWeek
in APPPATH\Views\user\booking.php on line 267.
 1 APPPATH\Views\user\booking.php(267): CodeIgniter\Debug\Exceptions->errorHandler(2, 'Undefined variable $daysOfWeek', 'C:\\laragon\\www\\adonbacked\\app\\Views\\user\\booking.php', 267)
 2 SYSTEMPATH\View\View.php(228): include('C:\\laragon\\www\\adonbacked\\app\\Views\\user\\booking.php')
 3 SYSTEMPATH\View\View.php(231): CodeIgniter\View\View->CodeIgniter\View\{closure}()
 4 SYSTEMPATH\Common.php(1190): CodeIgniter\View\View->render('user/booking', [], true)
 5 APPPATH\Controllers\UserController.php(58): view('user/booking', [...])
 6 SYSTEMPATH\CodeIgniter.php(942): App\Controllers\UserController->booking()
 7 SYSTEMPATH\CodeIgniter.php(502): CodeIgniter\CodeIgniter->runController(Object(App\Controllers\UserController))
 8 SYSTEMPATH\CodeIgniter.php(361): CodeIgniter\CodeIgniter->handleRequest(null, Object(Config\Cache), false)
 9 FCPATH\index.php(87): CodeIgniter\CodeIgniter->run()
10 SYSTEMPATH\Commands\Server\rewrite.php(47): require_once('C:\\laragon\\www\\adonbacked\\public\\index.php')
CRITICAL - 2024-02-29 04:29:35 --> Undefined variable $daysOfWeek
in APPPATH\Views\user\booking.php on line 267.
 1 APPPATH\Views\user\booking.php(267): CodeIgniter\Debug\Exceptions->errorHandler(2, 'Undefined variable $daysOfWeek', 'C:\\laragon\\www\\adonbacked\\app\\Views\\user\\booking.php', 267)
 2 SYSTEMPATH\View\View.php(228): include('C:\\laragon\\www\\adonbacked\\app\\Views\\user\\booking.php')
 3 SYSTEMPATH\View\View.php(231): CodeIgniter\View\View->CodeIgniter\View\{closure}()
 4 SYSTEMPATH\Common.php(1190): CodeIgniter\View\View->render('user/booking', [], true)
 5 APPPATH\Controllers\UserController.php(58): view('user/booking', [...])
 6 SYSTEMPATH\CodeIgniter.php(942): App\Controllers\UserController->booking()
 7 SYSTEMPATH\CodeIgniter.php(502): CodeIgniter\CodeIgniter->runController(Object(App\Controllers\UserController))
 8 SYSTEMPATH\CodeIgniter.php(361): CodeIgniter\CodeIgniter->handleRequest(null, Object(Config\Cache), false)
 9 FCPATH\index.php(87): CodeIgniter\CodeIgniter->run()
10 SYSTEMPATH\Commands\Server\rewrite.php(47): require_once('C:\\laragon\\www\\adonbacked\\public\\index.php')
CRITICAL - 2024-02-29 04:29:36 --> Undefined variable $daysOfWeek
in APPPATH\Views\user\booking.php on line 267.
 1 APPPATH\Views\user\booking.php(267): CodeIgniter\Debug\Exceptions->errorHandler(2, 'Undefined variable $daysOfWeek', 'C:\\laragon\\www\\adonbacked\\app\\Views\\user\\booking.php', 267)
 2 SYSTEMPATH\View\View.php(228): include('C:\\laragon\\www\\adonbacked\\app\\Views\\user\\booking.php')
 3 SYSTEMPATH\View\View.php(231): CodeIgniter\View\View->CodeIgniter\View\{closure}()
 4 SYSTEMPATH\Common.php(1190): CodeIgniter\View\View->render('user/booking', [], true)
 5 APPPATH\Controllers\UserController.php(58): view('user/booking', [...])
 6 SYSTEMPATH\CodeIgniter.php(942): App\Controllers\UserController->booking()
 7 SYSTEMPATH\CodeIgniter.php(502): CodeIgniter\CodeIgniter->runController(Object(App\Controllers\UserController))
 8 SYSTEMPATH\CodeIgniter.php(361): CodeIgniter\CodeIgniter->handleRequest(null, Object(Config\Cache), false)
 9 FCPATH\index.php(87): CodeIgniter\CodeIgniter->run()
10 SYSTEMPATH\Commands\Server\rewrite.php(47): require_once('C:\\laragon\\www\\adonbacked\\public\\index.php')
CRITICAL - 2024-02-29 04:32:19 --> Undefined variable $daysOfWeek
in APPPATH\Views\user\booking.php on line 268.
 1 APPPATH\Views\user\booking.php(268): CodeIgniter\Debug\Exceptions->errorHandler(2, 'Undefined variable $daysOfWeek', 'C:\\laragon\\www\\adonbacked\\app\\Views\\user\\booking.php', 268)
 2 SYSTEMPATH\View\View.php(228): include('C:\\laragon\\www\\adonbacked\\app\\Views\\user\\booking.php')
 3 SYSTEMPATH\View\View.php(231): CodeIgniter\View\View->CodeIgniter\View\{closure}()
 4 SYSTEMPATH\Common.php(1190): CodeIgniter\View\View->render('user/booking', [], true)
 5 APPPATH\Controllers\UserController.php(58): view('user/booking', [...])
 6 SYSTEMPATH\CodeIgniter.php(942): App\Controllers\UserController->booking()
 7 SYSTEMPATH\CodeIgniter.php(502): CodeIgniter\CodeIgniter->runController(Object(App\Controllers\UserController))
 8 SYSTEMPATH\CodeIgniter.php(361): CodeIgniter\CodeIgniter->handleRequest(null, Object(Config\Cache), false)
 9 FCPATH\index.php(87): CodeIgniter\CodeIgniter->run()
10 SYSTEMPATH\Commands\Server\rewrite.php(47): require_once('C:\\laragon\\www\\adonbacked\\public\\index.php')
CRITICAL - 2024-02-29 04:32:49 --> Undefined variable $daysOfWeek
in APPPATH\Views\user\booking.php on line 268.
 1 APPPATH\Views\user\booking.php(268): CodeIgniter\Debug\Exceptions->errorHandler(2, 'Undefined variable $daysOfWeek', 'C:\\laragon\\www\\adonbacked\\app\\Views\\user\\booking.php', 268)
 2 SYSTEMPATH\View\View.php(228): include('C:\\laragon\\www\\adonbacked\\app\\Views\\user\\booking.php')
 3 SYSTEMPATH\View\View.php(231): CodeIgniter\View\View->CodeIgniter\View\{closure}()
 4 SYSTEMPATH\Common.php(1190): CodeIgniter\View\View->render('user/booking', [], true)
 5 APPPATH\Controllers\UserController.php(58): view('user/booking', [...])
 6 SYSTEMPATH\CodeIgniter.php(942): App\Controllers\UserController->booking()
 7 SYSTEMPATH\CodeIgniter.php(502): CodeIgniter\CodeIgniter->runController(Object(App\Controllers\UserController))
 8 SYSTEMPATH\CodeIgniter.php(361): CodeIgniter\CodeIgniter->handleRequest(null, Object(Config\Cache), false)
 9 FCPATH\index.php(87): CodeIgniter\CodeIgniter->run()
10 SYSTEMPATH\Commands\Server\rewrite.php(47): require_once('C:\\laragon\\www\\adonbacked\\public\\index.php')
