ERROR - 2024-06-17 01:19:26 --> mysqli_sql_exception: Incorrect DATE value: '17, Jun 2024' in C:\laragon\www\adonbacked\system\Database\MySQLi\Connection.php:306
Stack trace:
#0 C:\laragon\www\adonbacked\system\Database\MySQLi\Connection.php(306): mysqli->query('SELECT COUNT(*)...', 0)
#1 C:\laragon\www\adonbacked\system\Database\BaseConnection.php(693): CodeIgniter\Database\MySQLi\Connection->execute('SELECT COUNT(*)...')
#2 C:\laragon\www\adonbacked\system\Database\BaseConnection.php(607): CodeIgniter\Database\BaseConnection->simpleQuery('SELECT COUNT(*)...')
#3 C:\laragon\www\adonbacked\system\Database\BaseBuilder.php(1699): CodeIgniter\Database\BaseConnection->query('SELECT COUNT(*)...', Array, false)
#4 C:\laragon\www\adonbacked\system\Model.php(599): CodeIgniter\Database\BaseBuilder->countAllResults(true)
#5 C:\laragon\www\adonbacked\app\Controllers\UserController.php(440): CodeIgniter\Model->countAllResults()
#6 C:\laragon\www\adonbacked\system\CodeIgniter.php(942): App\Controllers\UserController->db_doctor()
#7 C:\laragon\www\adonbacked\system\CodeIgniter.php(502): CodeIgniter\CodeIgniter->runController(Object(App\Controllers\UserController))
#8 C:\laragon\www\adonbacked\system\CodeIgniter.php(361): CodeIgniter\CodeIgniter->handleRequest(NULL, Object(Config\Cache), false)
#9 C:\laragon\www\adonbacked\public\index.php(87): CodeIgniter\CodeIgniter->run()
#10 C:\laragon\www\adonbacked\system\Commands\Server\rewrite.php(47): require_once('C:\\laragon\\www\\...')
#11 {main}
CRITICAL - 2024-06-17 01:19:26 --> Incorrect DATE value: '17, Jun 2024'
in SYSTEMPATH\Database\BaseConnection.php on line 647.
 1 SYSTEMPATH\Database\BaseBuilder.php(1699): CodeIgniter\Database\BaseConnection->query('SELECT COUNT(*) AS `numrows`
FROM `patients`
WHERE DATE(created_at) = :DATE(created_at):', [...], false)
 2 SYSTEMPATH\Model.php(599): CodeIgniter\Database\BaseBuilder->countAllResults(true)
 3 APPPATH\Controllers\UserController.php(440): CodeIgniter\Model->countAllResults()
 4 SYSTEMPATH\CodeIgniter.php(942): App\Controllers\UserController->db_doctor()
 5 SYSTEMPATH\CodeIgniter.php(502): CodeIgniter\CodeIgniter->runController(Object(App\Controllers\UserController))
 6 SYSTEMPATH\CodeIgniter.php(361): CodeIgniter\CodeIgniter->handleRequest(null, Object(Config\Cache), false)
 7 FCPATH\index.php(87): CodeIgniter\CodeIgniter->run()
 8 SYSTEMPATH\Commands\Server\rewrite.php(47): require_once('C:\\laragon\\www\\adonbacked\\public\\index.php')
ERROR - 2024-06-17 01:20:01 --> mysqli_sql_exception: Incorrect DATETIME value: '17, Jun 2024' in C:\laragon\www\adonbacked\system\Database\MySQLi\Connection.php:306
Stack trace:
#0 C:\laragon\www\adonbacked\system\Database\MySQLi\Connection.php(306): mysqli->query('SELECT COUNT(*)...', 0)
#1 C:\laragon\www\adonbacked\system\Database\BaseConnection.php(693): CodeIgniter\Database\MySQLi\Connection->execute('SELECT COUNT(*)...')
#2 C:\laragon\www\adonbacked\system\Database\BaseConnection.php(607): CodeIgniter\Database\BaseConnection->simpleQuery('SELECT COUNT(*)...')
#3 C:\laragon\www\adonbacked\system\Database\BaseBuilder.php(1699): CodeIgniter\Database\BaseConnection->query('SELECT COUNT(*)...', Array, false)
#4 C:\laragon\www\adonbacked\system\Model.php(599): CodeIgniter\Database\BaseBuilder->countAllResults(true)
#5 C:\laragon\www\adonbacked\app\Controllers\UserController.php(440): CodeIgniter\Model->countAllResults()
#6 C:\laragon\www\adonbacked\system\CodeIgniter.php(942): App\Controllers\UserController->db_doctor()
#7 C:\laragon\www\adonbacked\system\CodeIgniter.php(502): CodeIgniter\CodeIgniter->runController(Object(App\Controllers\UserController))
#8 C:\laragon\www\adonbacked\system\CodeIgniter.php(361): CodeIgniter\CodeIgniter->handleRequest(NULL, Object(Config\Cache), false)
#9 C:\laragon\www\adonbacked\public\index.php(87): CodeIgniter\CodeIgniter->run()
#10 C:\laragon\www\adonbacked\system\Commands\Server\rewrite.php(47): require_once('C:\\laragon\\www\\...')
#11 {main}
CRITICAL - 2024-06-17 01:20:01 --> Incorrect DATETIME value: '17, Jun 2024'
in SYSTEMPATH\Database\BaseConnection.php on line 647.
 1 SYSTEMPATH\Database\BaseBuilder.php(1699): CodeIgniter\Database\BaseConnection->query('SELECT COUNT(*) AS `numrows`
FROM `patients`
WHERE TIMESTAMP(created_at) = :TIMESTAMP(created_at):', [...], false)
 2 SYSTEMPATH\Model.php(599): CodeIgniter\Database\BaseBuilder->countAllResults(true)
 3 APPPATH\Controllers\UserController.php(440): CodeIgniter\Model->countAllResults()
 4 SYSTEMPATH\CodeIgniter.php(942): App\Controllers\UserController->db_doctor()
 5 SYSTEMPATH\CodeIgniter.php(502): CodeIgniter\CodeIgniter->runController(Object(App\Controllers\UserController))
 6 SYSTEMPATH\CodeIgniter.php(361): CodeIgniter\CodeIgniter->handleRequest(null, Object(Config\Cache), false)
 7 FCPATH\index.php(87): CodeIgniter\CodeIgniter->run()
 8 SYSTEMPATH\Commands\Server\rewrite.php(47): require_once('C:\\laragon\\www\\adonbacked\\public\\index.php')
ERROR - 2024-06-17 01:21:01 --> mysqli_sql_exception: Incorrect DATE value: '17, Jun 2024' in C:\laragon\www\adonbacked\system\Database\MySQLi\Connection.php:306
Stack trace:
#0 C:\laragon\www\adonbacked\system\Database\MySQLi\Connection.php(306): mysqli->query('SELECT COUNT(*)...', 0)
#1 C:\laragon\www\adonbacked\system\Database\BaseConnection.php(693): CodeIgniter\Database\MySQLi\Connection->execute('SELECT COUNT(*)...')
#2 C:\laragon\www\adonbacked\system\Database\BaseConnection.php(607): CodeIgniter\Database\BaseConnection->simpleQuery('SELECT COUNT(*)...')
#3 C:\laragon\www\adonbacked\system\Database\BaseBuilder.php(1699): CodeIgniter\Database\BaseConnection->query('SELECT COUNT(*)...', Array, false)
#4 C:\laragon\www\adonbacked\system\Model.php(599): CodeIgniter\Database\BaseBuilder->countAllResults(true)
#5 C:\laragon\www\adonbacked\app\Controllers\UserController.php(440): CodeIgniter\Model->countAllResults()
#6 C:\laragon\www\adonbacked\system\CodeIgniter.php(942): App\Controllers\UserController->db_doctor()
#7 C:\laragon\www\adonbacked\system\CodeIgniter.php(502): CodeIgniter\CodeIgniter->runController(Object(App\Controllers\UserController))
#8 C:\laragon\www\adonbacked\system\CodeIgniter.php(361): CodeIgniter\CodeIgniter->handleRequest(NULL, Object(Config\Cache), false)
#9 C:\laragon\www\adonbacked\public\index.php(87): CodeIgniter\CodeIgniter->run()
#10 C:\laragon\www\adonbacked\system\Commands\Server\rewrite.php(47): require_once('C:\\laragon\\www\\...')
#11 {main}
CRITICAL - 2024-06-17 01:21:01 --> Incorrect DATE value: '17, Jun 2024'
in SYSTEMPATH\Database\BaseConnection.php on line 647.
 1 SYSTEMPATH\Database\BaseBuilder.php(1699): CodeIgniter\Database\BaseConnection->query('SELECT COUNT(*) AS `numrows`
FROM `patients`
WHERE DATE(created_at) = :DATE(created_at):', [...], false)
 2 SYSTEMPATH\Model.php(599): CodeIgniter\Database\BaseBuilder->countAllResults(true)
 3 APPPATH\Controllers\UserController.php(440): CodeIgniter\Model->countAllResults()
 4 SYSTEMPATH\CodeIgniter.php(942): App\Controllers\UserController->db_doctor()
 5 SYSTEMPATH\CodeIgniter.php(502): CodeIgniter\CodeIgniter->runController(Object(App\Controllers\UserController))
 6 SYSTEMPATH\CodeIgniter.php(361): CodeIgniter\CodeIgniter->handleRequest(null, Object(Config\Cache), false)
 7 FCPATH\index.php(87): CodeIgniter\CodeIgniter->run()
 8 SYSTEMPATH\Commands\Server\rewrite.php(47): require_once('C:\\laragon\\www\\adonbacked\\public\\index.php')
ERROR - 2024-06-17 01:21:04 --> mysqli_sql_exception: Incorrect DATE value: '17, Jun 2024' in C:\laragon\www\adonbacked\system\Database\MySQLi\Connection.php:306
Stack trace:
#0 C:\laragon\www\adonbacked\system\Database\MySQLi\Connection.php(306): mysqli->query('SELECT COUNT(*)...', 0)
#1 C:\laragon\www\adonbacked\system\Database\BaseConnection.php(693): CodeIgniter\Database\MySQLi\Connection->execute('SELECT COUNT(*)...')
#2 C:\laragon\www\adonbacked\system\Database\BaseConnection.php(607): CodeIgniter\Database\BaseConnection->simpleQuery('SELECT COUNT(*)...')
#3 C:\laragon\www\adonbacked\system\Database\BaseBuilder.php(1699): CodeIgniter\Database\BaseConnection->query('SELECT COUNT(*)...', Array, false)
#4 C:\laragon\www\adonbacked\system\Model.php(599): CodeIgniter\Database\BaseBuilder->countAllResults(true)
#5 C:\laragon\www\adonbacked\app\Controllers\UserController.php(440): CodeIgniter\Model->countAllResults()
#6 C:\laragon\www\adonbacked\system\CodeIgniter.php(942): App\Controllers\UserController->db_doctor()
#7 C:\laragon\www\adonbacked\system\CodeIgniter.php(502): CodeIgniter\CodeIgniter->runController(Object(App\Controllers\UserController))
#8 C:\laragon\www\adonbacked\system\CodeIgniter.php(361): CodeIgniter\CodeIgniter->handleRequest(NULL, Object(Config\Cache), false)
#9 C:\laragon\www\adonbacked\public\index.php(87): CodeIgniter\CodeIgniter->run()
#10 C:\laragon\www\adonbacked\system\Commands\Server\rewrite.php(47): require_once('C:\\laragon\\www\\...')
#11 {main}
CRITICAL - 2024-06-17 01:21:04 --> Incorrect DATE value: '17, Jun 2024'
in SYSTEMPATH\Database\BaseConnection.php on line 647.
 1 SYSTEMPATH\Database\BaseBuilder.php(1699): CodeIgniter\Database\BaseConnection->query('SELECT COUNT(*) AS `numrows`
FROM `patients`
WHERE DATE(created_at) = :DATE(created_at):', [...], false)
 2 SYSTEMPATH\Model.php(599): CodeIgniter\Database\BaseBuilder->countAllResults(true)
 3 APPPATH\Controllers\UserController.php(440): CodeIgniter\Model->countAllResults()
 4 SYSTEMPATH\CodeIgniter.php(942): App\Controllers\UserController->db_doctor()
 5 SYSTEMPATH\CodeIgniter.php(502): CodeIgniter\CodeIgniter->runController(Object(App\Controllers\UserController))
 6 SYSTEMPATH\CodeIgniter.php(361): CodeIgniter\CodeIgniter->handleRequest(null, Object(Config\Cache), false)
 7 FCPATH\index.php(87): CodeIgniter\CodeIgniter->run()
 8 SYSTEMPATH\Commands\Server\rewrite.php(47): require_once('C:\\laragon\\www\\adonbacked\\public\\index.php')
