ERROR - 2024-05-31 03:29:08 --> Error connecting to the database: mysqli_sql_exception: No connection could be made because the target machine actively refused it in C:\laragon\www\adonbacked\system\Database\MySQLi\Connection.php:185
Stack trace:
#0 C:\laragon\www\adonbacked\system\Database\MySQLi\Connection.php(185): mysqli->real_connect('localhost', 'root', '', 'adonai', 3306, '', 0)
#1 C:\laragon\www\adonbacked\system\Database\BaseConnection.php(392): CodeIgniter\Database\MySQLi\Connection->connect(false)
#2 C:\laragon\www\adonbacked\system\Database\BaseConnection.php(575): CodeIgniter\Database\BaseConnection->initialize()
#3 C:\laragon\www\adonbacked\system\Database\BaseBuilder.php(1615): CodeIgniter\Database\BaseConnection->query('SELECT *\nFROM `...', Array, false)
#4 C:\laragon\www\adonbacked\system\Model.php(237): CodeIgniter\Database\BaseBuilder->get()
#5 C:\laragon\www\adonbacked\system\BaseModel.php(624): CodeIgniter\Model->doFindAll(0, 0)
#6 C:\laragon\www\adonbacked\app\Controllers\UserController.php(53): CodeIgniter\BaseModel->findAll()
#7 C:\laragon\www\adonbacked\system\CodeIgniter.php(942): App\Controllers\UserController->index()
#8 C:\laragon\www\adonbacked\system\CodeIgniter.php(502): CodeIgniter\CodeIgniter->runController(Object(App\Controllers\UserController))
#9 C:\laragon\www\adonbacked\system\CodeIgniter.php(361): CodeIgniter\CodeIgniter->handleRequest(NULL, Object(Config\Cache), false)
#10 C:\laragon\www\adonbacked\public\index.php(87): CodeIgniter\CodeIgniter->run()
#11 C:\laragon\www\adonbacked\system\Commands\Server\rewrite.php(47): require_once('C:\\laragon\\www\\...')
#12 {main}

Next CodeIgniter\Database\Exceptions\DatabaseException: No connection could be made because the target machine actively refused it in C:\laragon\www\adonbacked\system\Database\MySQLi\Connection.php:229
Stack trace:
#0 C:\laragon\www\adonbacked\system\Database\BaseConnection.php(392): CodeIgniter\Database\MySQLi\Connection->connect(false)
#1 C:\laragon\www\adonbacked\system\Database\BaseConnection.php(575): CodeIgniter\Database\BaseConnection->initialize()
#2 C:\laragon\www\adonbacked\system\Database\BaseBuilder.php(1615): CodeIgniter\Database\BaseConnection->query('SELECT *\nFROM `...', Array, false)
#3 C:\laragon\www\adonbacked\system\Model.php(237): CodeIgniter\Database\BaseBuilder->get()
#4 C:\laragon\www\adonbacked\system\BaseModel.php(624): CodeIgniter\Model->doFindAll(0, 0)
#5 C:\laragon\www\adonbacked\app\Controllers\UserController.php(53): CodeIgniter\BaseModel->findAll()
#6 C:\laragon\www\adonbacked\system\CodeIgniter.php(942): App\Controllers\UserController->index()
#7 C:\laragon\www\adonbacked\system\CodeIgniter.php(502): CodeIgniter\CodeIgniter->runController(Object(App\Controllers\UserController))
#8 C:\laragon\www\adonbacked\system\CodeIgniter.php(361): CodeIgniter\CodeIgniter->handleRequest(NULL, Object(Config\Cache), false)
#9 C:\laragon\www\adonbacked\public\index.php(87): CodeIgniter\CodeIgniter->run()
#10 C:\laragon\www\adonbacked\system\Commands\Server\rewrite.php(47): require_once('C:\\laragon\\www\\...')
#11 {main}
CRITICAL - 2024-05-31 03:29:08 --> Unable to connect to the database.
Main connection [MySQLi]: No connection could be made because the target machine actively refused it
in SYSTEMPATH\Database\BaseConnection.php on line 428.
 1 SYSTEMPATH\Database\BaseConnection.php(575): CodeIgniter\Database\BaseConnection->initialize()
 2 SYSTEMPATH\Database\BaseBuilder.php(1615): CodeIgniter\Database\BaseConnection->query('SELECT *
FROM `doctors`', [], false)
 3 SYSTEMPATH\Model.php(237): CodeIgniter\Database\BaseBuilder->get()
 4 SYSTEMPATH\BaseModel.php(624): CodeIgniter\Model->doFindAll(0, 0)
 5 APPPATH\Controllers\UserController.php(53): CodeIgniter\BaseModel->findAll()
 6 SYSTEMPATH\CodeIgniter.php(942): App\Controllers\UserController->index()
 7 SYSTEMPATH\CodeIgniter.php(502): CodeIgniter\CodeIgniter->runController(Object(App\Controllers\UserController))
 8 SYSTEMPATH\CodeIgniter.php(361): CodeIgniter\CodeIgniter->handleRequest(null, Object(Config\Cache), false)
 9 FCPATH\index.php(87): CodeIgniter\CodeIgniter->run()
10 SYSTEMPATH\Commands\Server\rewrite.php(47): require_once('C:\\laragon\\www\\adonbacked\\public\\index.php')
ERROR - 2024-05-31 03:30:08 --> Error connecting to the database: mysqli_sql_exception: No connection could be made because the target machine actively refused it in C:\laragon\www\adonbacked\system\Database\MySQLi\Connection.php:185
Stack trace:
#0 C:\laragon\www\adonbacked\system\Database\MySQLi\Connection.php(185): mysqli->real_connect('localhost', 'root', '', 'adonai', 3306, '', 0)
#1 C:\laragon\www\adonbacked\system\Database\BaseConnection.php(392): CodeIgniter\Database\MySQLi\Connection->connect(false)
#2 C:\laragon\www\adonbacked\system\Database\BaseConnection.php(575): CodeIgniter\Database\BaseConnection->initialize()
#3 C:\laragon\www\adonbacked\system\Database\BaseBuilder.php(1615): CodeIgniter\Database\BaseConnection->query('SELECT *\nFROM `...', Array, false)
#4 C:\laragon\www\adonbacked\system\Model.php(264): CodeIgniter\Database\BaseBuilder->get()
#5 C:\laragon\www\adonbacked\system\BaseModel.php(662): CodeIgniter\Model->doFirst()
#6 C:\laragon\www\adonbacked\app\Controllers\UserController.php(615): CodeIgniter\BaseModel->first()
#7 C:\laragon\www\adonbacked\system\CodeIgniter.php(942): App\Controllers\UserController->fn_login()
#8 C:\laragon\www\adonbacked\system\CodeIgniter.php(502): CodeIgniter\CodeIgniter->runController(Object(App\Controllers\UserController))
#9 C:\laragon\www\adonbacked\system\CodeIgniter.php(361): CodeIgniter\CodeIgniter->handleRequest(NULL, Object(Config\Cache), false)
#10 C:\laragon\www\adonbacked\public\index.php(87): CodeIgniter\CodeIgniter->run()
#11 C:\laragon\www\adonbacked\system\Commands\Server\rewrite.php(47): require_once('C:\\laragon\\www\\...')
#12 {main}

Next CodeIgniter\Database\Exceptions\DatabaseException: No connection could be made because the target machine actively refused it in C:\laragon\www\adonbacked\system\Database\MySQLi\Connection.php:229
Stack trace:
#0 C:\laragon\www\adonbacked\system\Database\BaseConnection.php(392): CodeIgniter\Database\MySQLi\Connection->connect(false)
#1 C:\laragon\www\adonbacked\system\Database\BaseConnection.php(575): CodeIgniter\Database\BaseConnection->initialize()
#2 C:\laragon\www\adonbacked\system\Database\BaseBuilder.php(1615): CodeIgniter\Database\BaseConnection->query('SELECT *\nFROM `...', Array, false)
#3 C:\laragon\www\adonbacked\system\Model.php(264): CodeIgniter\Database\BaseBuilder->get()
#4 C:\laragon\www\adonbacked\system\BaseModel.php(662): CodeIgniter\Model->doFirst()
#5 C:\laragon\www\adonbacked\app\Controllers\UserController.php(615): CodeIgniter\BaseModel->first()
#6 C:\laragon\www\adonbacked\system\CodeIgniter.php(942): App\Controllers\UserController->fn_login()
#7 C:\laragon\www\adonbacked\system\CodeIgniter.php(502): CodeIgniter\CodeIgniter->runController(Object(App\Controllers\UserController))
#8 C:\laragon\www\adonbacked\system\CodeIgniter.php(361): CodeIgniter\CodeIgniter->handleRequest(NULL, Object(Config\Cache), false)
#9 C:\laragon\www\adonbacked\public\index.php(87): CodeIgniter\CodeIgniter->run()
#10 C:\laragon\www\adonbacked\system\Commands\Server\rewrite.php(47): require_once('C:\\laragon\\www\\...')
#11 {main}
CRITICAL - 2024-05-31 03:30:08 --> Unable to connect to the database.
Main connection [MySQLi]: No connection could be made because the target machine actively refused it
in SYSTEMPATH\Database\BaseConnection.php on line 428.
 1 SYSTEMPATH\Database\BaseConnection.php(575): CodeIgniter\Database\BaseConnection->initialize()
 2 SYSTEMPATH\Database\BaseBuilder.php(1615): CodeIgniter\Database\BaseConnection->query('SELECT *
FROM `users`
WHERE `Username` = :Username:
 LIMIT 1', [...], false)
 3 SYSTEMPATH\Model.php(264): CodeIgniter\Database\BaseBuilder->get()
 4 SYSTEMPATH\BaseModel.php(662): CodeIgniter\Model->doFirst()
 5 APPPATH\Controllers\UserController.php(615): CodeIgniter\BaseModel->first()
 6 SYSTEMPATH\CodeIgniter.php(942): App\Controllers\UserController->fn_login()
 7 SYSTEMPATH\CodeIgniter.php(502): CodeIgniter\CodeIgniter->runController(Object(App\Controllers\UserController))
 8 SYSTEMPATH\CodeIgniter.php(361): CodeIgniter\CodeIgniter->handleRequest(null, Object(Config\Cache), false)
 9 FCPATH\index.php(87): CodeIgniter\CodeIgniter->run()
10 SYSTEMPATH\Commands\Server\rewrite.php(47): require_once('C:\\laragon\\www\\adonbacked\\public\\index.php')
CRITICAL - 2024-05-31 04:26:14 --> Undefined array key "Name"
in APPPATH\Views\doctor\edit_prescription.php on line 103.
 1 APPPATH\Views\doctor\edit_prescription.php(103): CodeIgniter\Debug\Exceptions->errorHandler(2, 'Undefined array key "Name"', 'C:\\laragon\\www\\adonbacked\\app\\Views\\doctor\\edit_prescription.php', 103)
 2 SYSTEMPATH\View\View.php(228): include('C:\\laragon\\www\\adonbacked\\app\\Views\\doctor\\edit_prescription.php')
 3 SYSTEMPATH\View\View.php(231): CodeIgniter\View\View->CodeIgniter\View\{closure}()
 4 SYSTEMPATH\Common.php(1190): CodeIgniter\View\View->render('doctor/edit_prescription', [], true)
 5 APPPATH\Controllers\DoctorController.php(477): view('doctor/edit_prescription', [...])
 6 SYSTEMPATH\CodeIgniter.php(942): App\Controllers\DoctorController->edit_prof_pres('2')
 7 SYSTEMPATH\CodeIgniter.php(502): CodeIgniter\CodeIgniter->runController(Object(App\Controllers\DoctorController))
 8 SYSTEMPATH\CodeIgniter.php(361): CodeIgniter\CodeIgniter->handleRequest(null, Object(Config\Cache), false)
 9 FCPATH\index.php(87): CodeIgniter\CodeIgniter->run()
10 SYSTEMPATH\Commands\Server\rewrite.php(47): require_once('C:\\laragon\\www\\adonbacked\\public\\index.php')
CRITICAL - 2024-05-31 04:27:59 --> Undefined variable $prescription
in APPPATH\Views\doctor\edit_prescription.php on line 95.
 1 APPPATH\Views\doctor\edit_prescription.php(95): CodeIgniter\Debug\Exceptions->errorHandler(2, 'Undefined variable $prescription', 'C:\\laragon\\www\\adonbacked\\app\\Views\\doctor\\edit_prescription.php', 95)
 2 SYSTEMPATH\View\View.php(228): include('C:\\laragon\\www\\adonbacked\\app\\Views\\doctor\\edit_prescription.php')
 3 SYSTEMPATH\View\View.php(231): CodeIgniter\View\View->CodeIgniter\View\{closure}()
 4 SYSTEMPATH\Common.php(1190): CodeIgniter\View\View->render('doctor/edit_prescription', [], true)
 5 APPPATH\Controllers\DoctorController.php(477): view('doctor/edit_prescription', [...])
 6 SYSTEMPATH\CodeIgniter.php(942): App\Controllers\DoctorController->edit_prof_pres('2')
 7 SYSTEMPATH\CodeIgniter.php(502): CodeIgniter\CodeIgniter->runController(Object(App\Controllers\DoctorController))
 8 SYSTEMPATH\CodeIgniter.php(361): CodeIgniter\CodeIgniter->handleRequest(null, Object(Config\Cache), false)
 9 FCPATH\index.php(87): CodeIgniter\CodeIgniter->run()
10 SYSTEMPATH\Commands\Server\rewrite.php(47): require_once('C:\\laragon\\www\\adonbacked\\public\\index.php')
CRITICAL - 2024-05-31 04:28:18 --> Undefined array key "Name"
in APPPATH\Views\doctor\edit_prescription.php on line 103.
 1 APPPATH\Views\doctor\edit_prescription.php(103): CodeIgniter\Debug\Exceptions->errorHandler(2, 'Undefined array key "Name"', 'C:\\laragon\\www\\adonbacked\\app\\Views\\doctor\\edit_prescription.php', 103)
 2 SYSTEMPATH\View\View.php(228): include('C:\\laragon\\www\\adonbacked\\app\\Views\\doctor\\edit_prescription.php')
 3 SYSTEMPATH\View\View.php(231): CodeIgniter\View\View->CodeIgniter\View\{closure}()
 4 SYSTEMPATH\Common.php(1190): CodeIgniter\View\View->render('doctor/edit_prescription', [], true)
 5 APPPATH\Controllers\DoctorController.php(477): view('doctor/edit_prescription', [...])
 6 SYSTEMPATH\CodeIgniter.php(942): App\Controllers\DoctorController->edit_prof_pres('2')
 7 SYSTEMPATH\CodeIgniter.php(502): CodeIgniter\CodeIgniter->runController(Object(App\Controllers\DoctorController))
 8 SYSTEMPATH\CodeIgniter.php(361): CodeIgniter\CodeIgniter->handleRequest(null, Object(Config\Cache), false)
 9 FCPATH\index.php(87): CodeIgniter\CodeIgniter->run()
10 SYSTEMPATH\Commands\Server\rewrite.php(47): require_once('C:\\laragon\\www\\adonbacked\\public\\index.php')
CRITICAL - 2024-05-31 04:28:43 --> Undefined array key "Name"
in APPPATH\Views\doctor\edit_prescription.php on line 103.
 1 APPPATH\Views\doctor\edit_prescription.php(103): CodeIgniter\Debug\Exceptions->errorHandler(2, 'Undefined array key "Name"', 'C:\\laragon\\www\\adonbacked\\app\\Views\\doctor\\edit_prescription.php', 103)
 2 SYSTEMPATH\View\View.php(228): include('C:\\laragon\\www\\adonbacked\\app\\Views\\doctor\\edit_prescription.php')
 3 SYSTEMPATH\View\View.php(231): CodeIgniter\View\View->CodeIgniter\View\{closure}()
 4 SYSTEMPATH\Common.php(1190): CodeIgniter\View\View->render('doctor/edit_prescription', [], true)
 5 APPPATH\Controllers\DoctorController.php(477): view('doctor/edit_prescription', [...])
 6 SYSTEMPATH\CodeIgniter.php(942): App\Controllers\DoctorController->edit_prof_pres('2')
 7 SYSTEMPATH\CodeIgniter.php(502): CodeIgniter\CodeIgniter->runController(Object(App\Controllers\DoctorController))
 8 SYSTEMPATH\CodeIgniter.php(361): CodeIgniter\CodeIgniter->handleRequest(null, Object(Config\Cache), false)
 9 FCPATH\index.php(87): CodeIgniter\CodeIgniter->run()
10 SYSTEMPATH\Commands\Server\rewrite.php(47): require_once('C:\\laragon\\www\\adonbacked\\public\\index.php')
CRITICAL - 2024-05-31 04:28:57 --> Undefined variable $prescription
in APPPATH\Views\doctor\edit_prescription.php on line 95.
 1 APPPATH\Views\doctor\edit_prescription.php(95): CodeIgniter\Debug\Exceptions->errorHandler(2, 'Undefined variable $prescription', 'C:\\laragon\\www\\adonbacked\\app\\Views\\doctor\\edit_prescription.php', 95)
 2 SYSTEMPATH\View\View.php(228): include('C:\\laragon\\www\\adonbacked\\app\\Views\\doctor\\edit_prescription.php')
 3 SYSTEMPATH\View\View.php(231): CodeIgniter\View\View->CodeIgniter\View\{closure}()
 4 SYSTEMPATH\Common.php(1190): CodeIgniter\View\View->render('doctor/edit_prescription', [], true)
 5 APPPATH\Controllers\DoctorController.php(477): view('doctor/edit_prescription', [...])
 6 SYSTEMPATH\CodeIgniter.php(942): App\Controllers\DoctorController->edit_prof_pres('2')
 7 SYSTEMPATH\CodeIgniter.php(502): CodeIgniter\CodeIgniter->runController(Object(App\Controllers\DoctorController))
 8 SYSTEMPATH\CodeIgniter.php(361): CodeIgniter\CodeIgniter->handleRequest(null, Object(Config\Cache), false)
 9 FCPATH\index.php(87): CodeIgniter\CodeIgniter->run()
10 SYSTEMPATH\Commands\Server\rewrite.php(47): require_once('C:\\laragon\\www\\adonbacked\\public\\index.php')
CRITICAL - 2024-05-31 04:29:02 --> Undefined variable $prescription
in APPPATH\Views\doctor\edit_prescription.php on line 95.
 1 APPPATH\Views\doctor\edit_prescription.php(95): CodeIgniter\Debug\Exceptions->errorHandler(2, 'Undefined variable $prescription', 'C:\\laragon\\www\\adonbacked\\app\\Views\\doctor\\edit_prescription.php', 95)
 2 SYSTEMPATH\View\View.php(228): include('C:\\laragon\\www\\adonbacked\\app\\Views\\doctor\\edit_prescription.php')
 3 SYSTEMPATH\View\View.php(231): CodeIgniter\View\View->CodeIgniter\View\{closure}()
 4 SYSTEMPATH\Common.php(1190): CodeIgniter\View\View->render('doctor/edit_prescription', [], true)
 5 APPPATH\Controllers\DoctorController.php(477): view('doctor/edit_prescription', [...])
 6 SYSTEMPATH\CodeIgniter.php(942): App\Controllers\DoctorController->edit_prof_pres('2')
 7 SYSTEMPATH\CodeIgniter.php(502): CodeIgniter\CodeIgniter->runController(Object(App\Controllers\DoctorController))
 8 SYSTEMPATH\CodeIgniter.php(361): CodeIgniter\CodeIgniter->handleRequest(null, Object(Config\Cache), false)
 9 FCPATH\index.php(87): CodeIgniter\CodeIgniter->run()
10 SYSTEMPATH\Commands\Server\rewrite.php(47): require_once('C:\\laragon\\www\\adonbacked\\public\\index.php')
CRITICAL - 2024-05-31 04:29:04 --> Undefined variable $prescription
in APPPATH\Views\doctor\edit_prescription.php on line 95.
 1 APPPATH\Views\doctor\edit_prescription.php(95): CodeIgniter\Debug\Exceptions->errorHandler(2, 'Undefined variable $prescription', 'C:\\laragon\\www\\adonbacked\\app\\Views\\doctor\\edit_prescription.php', 95)
 2 SYSTEMPATH\View\View.php(228): include('C:\\laragon\\www\\adonbacked\\app\\Views\\doctor\\edit_prescription.php')
 3 SYSTEMPATH\View\View.php(231): CodeIgniter\View\View->CodeIgniter\View\{closure}()
 4 SYSTEMPATH\Common.php(1190): CodeIgniter\View\View->render('doctor/edit_prescription', [], true)
 5 APPPATH\Controllers\DoctorController.php(477): view('doctor/edit_prescription', [...])
 6 SYSTEMPATH\CodeIgniter.php(942): App\Controllers\DoctorController->edit_prof_pres('2')
 7 SYSTEMPATH\CodeIgniter.php(502): CodeIgniter\CodeIgniter->runController(Object(App\Controllers\DoctorController))
 8 SYSTEMPATH\CodeIgniter.php(361): CodeIgniter\CodeIgniter->handleRequest(null, Object(Config\Cache), false)
 9 FCPATH\index.php(87): CodeIgniter\CodeIgniter->run()
10 SYSTEMPATH\Commands\Server\rewrite.php(47): require_once('C:\\laragon\\www\\adonbacked\\public\\index.php')
CRITICAL - 2024-05-31 04:29:12 --> Undefined variable $prescription
in APPPATH\Views\doctor\edit_prescription.php on line 95.
 1 APPPATH\Views\doctor\edit_prescription.php(95): CodeIgniter\Debug\Exceptions->errorHandler(2, 'Undefined variable $prescription', 'C:\\laragon\\www\\adonbacked\\app\\Views\\doctor\\edit_prescription.php', 95)
 2 SYSTEMPATH\View\View.php(228): include('C:\\laragon\\www\\adonbacked\\app\\Views\\doctor\\edit_prescription.php')
 3 SYSTEMPATH\View\View.php(231): CodeIgniter\View\View->CodeIgniter\View\{closure}()
 4 SYSTEMPATH\Common.php(1190): CodeIgniter\View\View->render('doctor/edit_prescription', [], true)
 5 APPPATH\Controllers\DoctorController.php(477): view('doctor/edit_prescription', [...])
 6 SYSTEMPATH\CodeIgniter.php(942): App\Controllers\DoctorController->edit_prof_pres('2')
 7 SYSTEMPATH\CodeIgniter.php(502): CodeIgniter\CodeIgniter->runController(Object(App\Controllers\DoctorController))
 8 SYSTEMPATH\CodeIgniter.php(361): CodeIgniter\CodeIgniter->handleRequest(null, Object(Config\Cache), false)
 9 FCPATH\index.php(87): CodeIgniter\CodeIgniter->run()
10 SYSTEMPATH\Commands\Server\rewrite.php(47): require_once('C:\\laragon\\www\\adonbacked\\public\\index.php')
CRITICAL - 2024-05-31 04:29:16 --> Undefined variable $prescription
in APPPATH\Views\doctor\edit_prescription.php on line 95.
 1 APPPATH\Views\doctor\edit_prescription.php(95): CodeIgniter\Debug\Exceptions->errorHandler(2, 'Undefined variable $prescription', 'C:\\laragon\\www\\adonbacked\\app\\Views\\doctor\\edit_prescription.php', 95)
 2 SYSTEMPATH\View\View.php(228): include('C:\\laragon\\www\\adonbacked\\app\\Views\\doctor\\edit_prescription.php')
 3 SYSTEMPATH\View\View.php(231): CodeIgniter\View\View->CodeIgniter\View\{closure}()
 4 SYSTEMPATH\Common.php(1190): CodeIgniter\View\View->render('doctor/edit_prescription', [], true)
 5 APPPATH\Controllers\DoctorController.php(477): view('doctor/edit_prescription', [...])
 6 SYSTEMPATH\CodeIgniter.php(942): App\Controllers\DoctorController->edit_prof_pres('2')
 7 SYSTEMPATH\CodeIgniter.php(502): CodeIgniter\CodeIgniter->runController(Object(App\Controllers\DoctorController))
 8 SYSTEMPATH\CodeIgniter.php(361): CodeIgniter\CodeIgniter->handleRequest(null, Object(Config\Cache), false)
 9 FCPATH\index.php(87): CodeIgniter\CodeIgniter->run()
10 SYSTEMPATH\Commands\Server\rewrite.php(47): require_once('C:\\laragon\\www\\adonbacked\\public\\index.php')
CRITICAL - 2024-05-31 04:29:29 --> Undefined array key "Name"
in APPPATH\Views\doctor\edit_prescription.php on line 103.
 1 APPPATH\Views\doctor\edit_prescription.php(103): CodeIgniter\Debug\Exceptions->errorHandler(2, 'Undefined array key "Name"', 'C:\\laragon\\www\\adonbacked\\app\\Views\\doctor\\edit_prescription.php', 103)
 2 SYSTEMPATH\View\View.php(228): include('C:\\laragon\\www\\adonbacked\\app\\Views\\doctor\\edit_prescription.php')
 3 SYSTEMPATH\View\View.php(231): CodeIgniter\View\View->CodeIgniter\View\{closure}()
 4 SYSTEMPATH\Common.php(1190): CodeIgniter\View\View->render('doctor/edit_prescription', [], true)
 5 APPPATH\Controllers\DoctorController.php(477): view('doctor/edit_prescription', [...])
 6 SYSTEMPATH\CodeIgniter.php(942): App\Controllers\DoctorController->edit_prof_pres('2')
 7 SYSTEMPATH\CodeIgniter.php(502): CodeIgniter\CodeIgniter->runController(Object(App\Controllers\DoctorController))
 8 SYSTEMPATH\CodeIgniter.php(361): CodeIgniter\CodeIgniter->handleRequest(null, Object(Config\Cache), false)
 9 FCPATH\index.php(87): CodeIgniter\CodeIgniter->run()
10 SYSTEMPATH\Commands\Server\rewrite.php(47): require_once('C:\\laragon\\www\\adonbacked\\public\\index.php')
CRITICAL - 2024-05-31 04:34:10 --> Undefined variable $patient
in APPPATH\Views\doctor\edit_prescription.php on line 47.
 1 APPPATH\Views\doctor\edit_prescription.php(47): CodeIgniter\Debug\Exceptions->errorHandler(2, 'Undefined variable $patient', 'C:\\laragon\\www\\adonbacked\\app\\Views\\doctor\\edit_prescription.php', 47)
 2 SYSTEMPATH\View\View.php(228): include('C:\\laragon\\www\\adonbacked\\app\\Views\\doctor\\edit_prescription.php')
 3 SYSTEMPATH\View\View.php(231): CodeIgniter\View\View->CodeIgniter\View\{closure}()
 4 SYSTEMPATH\Common.php(1190): CodeIgniter\View\View->render('doctor/edit_prescription', [], true)
 5 APPPATH\Controllers\DoctorController.php(477): view('doctor/edit_prescription', [...])
 6 SYSTEMPATH\CodeIgniter.php(942): App\Controllers\DoctorController->edit_prof_pres('2')
 7 SYSTEMPATH\CodeIgniter.php(502): CodeIgniter\CodeIgniter->runController(Object(App\Controllers\DoctorController))
 8 SYSTEMPATH\CodeIgniter.php(361): CodeIgniter\CodeIgniter->handleRequest(null, Object(Config\Cache), false)
 9 FCPATH\index.php(87): CodeIgniter\CodeIgniter->run()
10 SYSTEMPATH\Commands\Server\rewrite.php(47): require_once('C:\\laragon\\www\\adonbacked\\public\\index.php')
CRITICAL - 2024-05-31 04:38:46 --> Undefined array key "Name"
in APPPATH\Views\doctor\edit_prescription.php on line 103.
 1 APPPATH\Views\doctor\edit_prescription.php(103): CodeIgniter\Debug\Exceptions->errorHandler(2, 'Undefined array key "Name"', 'C:\\laragon\\www\\adonbacked\\app\\Views\\doctor\\edit_prescription.php', 103)
 2 SYSTEMPATH\View\View.php(228): include('C:\\laragon\\www\\adonbacked\\app\\Views\\doctor\\edit_prescription.php')
 3 SYSTEMPATH\View\View.php(231): CodeIgniter\View\View->CodeIgniter\View\{closure}()
 4 SYSTEMPATH\Common.php(1190): CodeIgniter\View\View->render('doctor/edit_prescription', [], true)
 5 APPPATH\Controllers\DoctorController.php(477): view('doctor/edit_prescription', [...])
 6 SYSTEMPATH\CodeIgniter.php(942): App\Controllers\DoctorController->edit_prof_pres('2')
 7 SYSTEMPATH\CodeIgniter.php(502): CodeIgniter\CodeIgniter->runController(Object(App\Controllers\DoctorController))
 8 SYSTEMPATH\CodeIgniter.php(361): CodeIgniter\CodeIgniter->handleRequest(null, Object(Config\Cache), false)
 9 FCPATH\index.php(87): CodeIgniter\CodeIgniter->run()
10 SYSTEMPATH\Commands\Server\rewrite.php(47): require_once('C:\\laragon\\www\\adonbacked\\public\\index.php')
CRITICAL - 2024-05-31 04:39:52 --> Undefined variable $prescription
in APPPATH\Views\doctor\edit_prescription.php on line 92.
 1 APPPATH\Views\doctor\edit_prescription.php(92): CodeIgniter\Debug\Exceptions->errorHandler(2, 'Undefined variable $prescription', 'C:\\laragon\\www\\adonbacked\\app\\Views\\doctor\\edit_prescription.php', 92)
 2 SYSTEMPATH\View\View.php(228): include('C:\\laragon\\www\\adonbacked\\app\\Views\\doctor\\edit_prescription.php')
 3 SYSTEMPATH\View\View.php(231): CodeIgniter\View\View->CodeIgniter\View\{closure}()
 4 SYSTEMPATH\Common.php(1190): CodeIgniter\View\View->render('doctor/edit_prescription', [], true)
 5 APPPATH\Controllers\DoctorController.php(477): view('doctor/edit_prescription', [...])
 6 SYSTEMPATH\CodeIgniter.php(942): App\Controllers\DoctorController->edit_prof_pres('2')
 7 SYSTEMPATH\CodeIgniter.php(502): CodeIgniter\CodeIgniter->runController(Object(App\Controllers\DoctorController))
 8 SYSTEMPATH\CodeIgniter.php(361): CodeIgniter\CodeIgniter->handleRequest(null, Object(Config\Cache), false)
 9 FCPATH\index.php(87): CodeIgniter\CodeIgniter->run()
10 SYSTEMPATH\Commands\Server\rewrite.php(47): require_once('C:\\laragon\\www\\adonbacked\\public\\index.php')
CRITICAL - 2024-05-31 04:41:11 --> Undefined array key "id"
in APPPATH\Controllers\DoctorController.php on line 577.
 1 APPPATH\Controllers\DoctorController.php(577): CodeIgniter\Debug\Exceptions->errorHandler(2, 'Undefined array key "id"', 'C:\\laragon\\www\\adonbacked\\app\\Controllers\\DoctorController.php', 577)
 2 SYSTEMPATH\CodeIgniter.php(942): App\Controllers\DoctorController->update_prof_pres('2')
 3 SYSTEMPATH\CodeIgniter.php(502): CodeIgniter\CodeIgniter->runController(Object(App\Controllers\DoctorController))
 4 SYSTEMPATH\CodeIgniter.php(361): CodeIgniter\CodeIgniter->handleRequest(null, Object(Config\Cache), false)
 5 FCPATH\index.php(87): CodeIgniter\CodeIgniter->run()
 6 SYSTEMPATH\Commands\Server\rewrite.php(47): require_once('C:\\laragon\\www\\adonbacked\\public\\index.php')
