CRITICAL - 2024-04-08 05:24:45 --> Undefined array key "ProductName"
in APPPATH\Views\user\cart.php on line 58.
 1 APPPATH\Views\user\cart.php(58): CodeIgniter\Debug\Exceptions->errorHandler(2, 'Undefined array key "ProductName"', 'C:\\laragon\\www\\adonbacked\\app\\Views\\user\\cart.php', 58)
 2 SYSTEMPATH\View\View.php(228): include('C:\\laragon\\www\\adonbacked\\app\\Views\\user\\cart.php')
 3 SYSTEMPATH\View\View.php(231): CodeIgniter\View\View->CodeIgniter\View\{closure}()
 4 SYSTEMPATH\Common.php(1190): CodeIgniter\View\View->render('user/cart', [], true)
 5 APPPATH\Controllers\UserController.php(725): view('user/cart', [...])
 6 SYSTEMPATH\CodeIgniter.php(942): App\Controllers\UserController->viewCart()
 7 SYSTEMPATH\CodeIgniter.php(502): CodeIgniter\CodeIgniter->runController(Object(App\Controllers\UserController))
 8 SYSTEMPATH\CodeIgniter.php(361): CodeIgniter\CodeIgniter->handleRequest(null, Object(Config\Cache), false)
 9 FCPATH\index.php(87): CodeIgniter\CodeIgniter->run()
10 SYSTEMPATH\Commands\Server\rewrite.php(47): require_once('C:\\laragon\\www\\adonbacked\\public\\index.php')
CRITICAL - 2024-04-08 05:27:21 --> Undefined array key "ProductName"
in APPPATH\Views\user\cart.php on line 67.
 1 APPPATH\Views\user\cart.php(67): CodeIgniter\Debug\Exceptions->errorHandler(2, 'Undefined array key "ProductName"', 'C:\\laragon\\www\\adonbacked\\app\\Views\\user\\cart.php', 67)
 2 SYSTEMPATH\View\View.php(228): include('C:\\laragon\\www\\adonbacked\\app\\Views\\user\\cart.php')
 3 SYSTEMPATH\View\View.php(231): CodeIgniter\View\View->CodeIgniter\View\{closure}()
 4 SYSTEMPATH\Common.php(1190): CodeIgniter\View\View->render('user/cart', [], true)
 5 APPPATH\Controllers\UserController.php(725): view('user/cart', [...])
 6 SYSTEMPATH\CodeIgniter.php(942): App\Controllers\UserController->viewCart()
 7 SYSTEMPATH\CodeIgniter.php(502): CodeIgniter\CodeIgniter->runController(Object(App\Controllers\UserController))
 8 SYSTEMPATH\CodeIgniter.php(361): CodeIgniter\CodeIgniter->handleRequest(null, Object(Config\Cache), false)
 9 FCPATH\index.php(87): CodeIgniter\CodeIgniter->run()
10 SYSTEMPATH\Commands\Server\rewrite.php(47): require_once('C:\\laragon\\www\\adonbacked\\public\\index.php')
CRITICAL - 2024-04-08 15:13:34 --> syntax error, unexpected token "/"
in APPPATH\Views\user\cart.php on line 73.
 1 SYSTEMPATH\View\View.php(231): CodeIgniter\View\View->CodeIgniter\View\{closure}()
 2 SYSTEMPATH\Common.php(1190): CodeIgniter\View\View->render('user/cart', [], true)
 3 APPPATH\Controllers\UserController.php(725): view('user/cart', [...])
 4 SYSTEMPATH\CodeIgniter.php(942): App\Controllers\UserController->viewCart()
 5 SYSTEMPATH\CodeIgniter.php(502): CodeIgniter\CodeIgniter->runController(Object(App\Controllers\UserController))
 6 SYSTEMPATH\CodeIgniter.php(361): CodeIgniter\CodeIgniter->handleRequest(null, Object(Config\Cache), false)
 7 FCPATH\index.php(87): CodeIgniter\CodeIgniter->run()
 8 SYSTEMPATH\Commands\Server\rewrite.php(47): require_once('C:\\laragon\\www\\adonbacked\\public\\index.php')
CRITICAL - 2024-04-08 15:13:48 --> syntax error, unexpected token "/"
in APPPATH\Views\user\cart.php on line 73.
 1 SYSTEMPATH\View\View.php(231): CodeIgniter\View\View->CodeIgniter\View\{closure}()
 2 SYSTEMPATH\Common.php(1190): CodeIgniter\View\View->render('user/cart', [], true)
 3 APPPATH\Controllers\UserController.php(725): view('user/cart', [...])
 4 SYSTEMPATH\CodeIgniter.php(942): App\Controllers\UserController->viewCart()
 5 SYSTEMPATH\CodeIgniter.php(502): CodeIgniter\CodeIgniter->runController(Object(App\Controllers\UserController))
 6 SYSTEMPATH\CodeIgniter.php(361): CodeIgniter\CodeIgniter->handleRequest(null, Object(Config\Cache), false)
 7 FCPATH\index.php(87): CodeIgniter\CodeIgniter->run()
 8 SYSTEMPATH\Commands\Server\rewrite.php(47): require_once('C:\\laragon\\www\\adonbacked\\public\\index.php')
CRITICAL - 2024-04-08 15:26:06 --> Undefined array key "cart_id"
in APPPATH\Views\user\cart.php on line 82.
 1 APPPATH\Views\user\cart.php(82): CodeIgniter\Debug\Exceptions->errorHandler(2, 'Undefined array key "cart_id"', 'C:\\laragon\\www\\adonbacked\\app\\Views\\user\\cart.php', 82)
 2 SYSTEMPATH\View\View.php(228): include('C:\\laragon\\www\\adonbacked\\app\\Views\\user\\cart.php')
 3 SYSTEMPATH\View\View.php(231): CodeIgniter\View\View->CodeIgniter\View\{closure}()
 4 SYSTEMPATH\Common.php(1190): CodeIgniter\View\View->render('user/cart', [], true)
 5 APPPATH\Controllers\UserController.php(725): view('user/cart', [...])
 6 SYSTEMPATH\CodeIgniter.php(942): App\Controllers\UserController->viewCart()
 7 SYSTEMPATH\CodeIgniter.php(502): CodeIgniter\CodeIgniter->runController(Object(App\Controllers\UserController))
 8 SYSTEMPATH\CodeIgniter.php(361): CodeIgniter\CodeIgniter->handleRequest(null, Object(Config\Cache), false)
 9 FCPATH\index.php(87): CodeIgniter\CodeIgniter->run()
10 SYSTEMPATH\Commands\Server\rewrite.php(47): require_once('C:\\laragon\\www\\adonbacked\\public\\index.php')
CRITICAL - 2024-04-08 15:40:03 --> Undefined array key "cart_id"
in APPPATH\Views\user\cart.php on line 67.
 1 APPPATH\Views\user\cart.php(67): CodeIgniter\Debug\Exceptions->errorHandler(2, 'Undefined array key "cart_id"', 'C:\\laragon\\www\\adonbacked\\app\\Views\\user\\cart.php', 67)
 2 SYSTEMPATH\View\View.php(228): include('C:\\laragon\\www\\adonbacked\\app\\Views\\user\\cart.php')
 3 SYSTEMPATH\View\View.php(231): CodeIgniter\View\View->CodeIgniter\View\{closure}()
 4 SYSTEMPATH\Common.php(1190): CodeIgniter\View\View->render('user/cart', [], true)
 5 APPPATH\Controllers\UserController.php(725): view('user/cart', [...])
 6 SYSTEMPATH\CodeIgniter.php(942): App\Controllers\UserController->viewCart()
 7 SYSTEMPATH\CodeIgniter.php(502): CodeIgniter\CodeIgniter->runController(Object(App\Controllers\UserController))
 8 SYSTEMPATH\CodeIgniter.php(361): CodeIgniter\CodeIgniter->handleRequest(null, Object(Config\Cache), false)
 9 FCPATH\index.php(87): CodeIgniter\CodeIgniter->run()
10 SYSTEMPATH\Commands\Server\rewrite.php(47): require_once('C:\\laragon\\www\\adonbacked\\public\\index.php')
