CRITICAL - 2024-02-05 02:19:53 --> require(vendor/autoload.php): Failed to open stream: No such file or directory
in APPPATH\Controllers\DoctorController.php on line 19.
 1 APPPATH\Controllers\DoctorController.php(19): CodeIgniter\Debug\Exceptions->errorHandler(2, 'require(vendor/autoload.php): Failed to open stream: No such file or directory', 'C:\\laragon\\www\\adonback\\app\\Controllers\\DoctorController.php', 19)
 2 APPPATH\Controllers\DoctorController.php(19): require()
 3 SYSTEMPATH\Autoloader\Autoloader.php(312): include_once('C:\\laragon\\www\\adonback\\app\\Controllers\\DoctorController.php')
 4 SYSTEMPATH\Autoloader\Autoloader.php(291): CodeIgniter\Autoloader\Autoloader->includeFile('C:\\laragon\\www\\adonback\\app\\Controllers\\DoctorController.php')
 5 SYSTEMPATH\Autoloader\Autoloader.php(269): CodeIgniter\Autoloader\Autoloader->loadInNamespace('App\\Controllers\\DoctorController')
 6 [internal function]: CodeIgniter\Autoloader\Autoloader->loadClass('App\\Controllers\\DoctorController')
 7 SYSTEMPATH\CodeIgniter.php(900): class_exists('\\App\\Controllers\\DoctorController', true)
 8 SYSTEMPATH\CodeIgniter.php(489): CodeIgniter\CodeIgniter->startController()
 9 SYSTEMPATH\CodeIgniter.php(361): CodeIgniter\CodeIgniter->handleRequest(null, Object(Config\Cache), false)
10 FCPATH\index.php(87): CodeIgniter\CodeIgniter->run()
CRITICAL - 2024-02-05 02:19:53 --> require(vendor/autoload.php): Failed to open stream: No such file or directory
in APPPATH\Controllers\DoctorController.php on line 19.
 1 APPPATH\Controllers\DoctorController.php(19): CodeIgniter\Debug\Exceptions->errorHandler(2, 'require(vendor/autoload.php): Failed to open stream: No such file or directory', 'C:\\laragon\\www\\adonback\\app\\Controllers\\DoctorController.php', 19)
 2 APPPATH\Controllers\DoctorController.php(19): require()
 3 SYSTEMPATH\Autoloader\Autoloader.php(312): include_once('C:\\laragon\\www\\adonback\\app\\Controllers\\DoctorController.php')
 4 SYSTEMPATH\Autoloader\Autoloader.php(291): CodeIgniter\Autoloader\Autoloader->includeFile('C:\\laragon\\www\\adonback\\app\\Controllers\\DoctorController.php')
 5 SYSTEMPATH\Autoloader\Autoloader.php(269): CodeIgniter\Autoloader\Autoloader->loadInNamespace('App\\Controllers\\DoctorController')
 6 [internal function]: CodeIgniter\Autoloader\Autoloader->loadClass('App\\Controllers\\DoctorController')
 7 SYSTEMPATH\CodeIgniter.php(900): class_exists('\\App\\Controllers\\DoctorController', true)
 8 SYSTEMPATH\CodeIgniter.php(489): CodeIgniter\CodeIgniter->startController()
 9 SYSTEMPATH\CodeIgniter.php(361): CodeIgniter\CodeIgniter->handleRequest(null, Object(Config\Cache), false)
10 FCPATH\index.php(87): CodeIgniter\CodeIgniter->run()
CRITICAL - 2024-02-05 02:19:53 --> require(vendor/autoload.php): Failed to open stream: No such file or directory
in APPPATH\Controllers\DoctorController.php on line 19.
 1 APPPATH\Controllers\DoctorController.php(19): CodeIgniter\Debug\Exceptions->errorHandler(2, 'require(vendor/autoload.php): Failed to open stream: No such file or directory', 'C:\\laragon\\www\\adonback\\app\\Controllers\\DoctorController.php', 19)
 2 APPPATH\Controllers\DoctorController.php(19): require()
 3 SYSTEMPATH\Autoloader\Autoloader.php(312): include_once('C:\\laragon\\www\\adonback\\app\\Controllers\\DoctorController.php')
 4 SYSTEMPATH\Autoloader\Autoloader.php(291): CodeIgniter\Autoloader\Autoloader->includeFile('C:\\laragon\\www\\adonback\\app\\Controllers\\DoctorController.php')
 5 SYSTEMPATH\Autoloader\Autoloader.php(269): CodeIgniter\Autoloader\Autoloader->loadInNamespace('App\\Controllers\\DoctorController')
 6 [internal function]: CodeIgniter\Autoloader\Autoloader->loadClass('App\\Controllers\\DoctorController')
 7 SYSTEMPATH\CodeIgniter.php(900): class_exists('\\App\\Controllers\\DoctorController', true)
 8 SYSTEMPATH\CodeIgniter.php(489): CodeIgniter\CodeIgniter->startController()
 9 SYSTEMPATH\CodeIgniter.php(361): CodeIgniter\CodeIgniter->handleRequest(null, Object(Config\Cache), false)
10 FCPATH\index.php(87): CodeIgniter\CodeIgniter->run()
CRITICAL - 2024-02-05 02:19:53 --> require(vendor/autoload.php): Failed to open stream: No such file or directory
in APPPATH\Controllers\DoctorController.php on line 19.
 1 APPPATH\Controllers\DoctorController.php(19): CodeIgniter\Debug\Exceptions->errorHandler(2, 'require(vendor/autoload.php): Failed to open stream: No such file or directory', 'C:\\laragon\\www\\adonback\\app\\Controllers\\DoctorController.php', 19)
 2 APPPATH\Controllers\DoctorController.php(19): require()
 3 SYSTEMPATH\Autoloader\Autoloader.php(312): include_once('C:\\laragon\\www\\adonback\\app\\Controllers\\DoctorController.php')
 4 SYSTEMPATH\Autoloader\Autoloader.php(291): CodeIgniter\Autoloader\Autoloader->includeFile('C:\\laragon\\www\\adonback\\app\\Controllers\\DoctorController.php')
 5 SYSTEMPATH\Autoloader\Autoloader.php(269): CodeIgniter\Autoloader\Autoloader->loadInNamespace('App\\Controllers\\DoctorController')
 6 [internal function]: CodeIgniter\Autoloader\Autoloader->loadClass('App\\Controllers\\DoctorController')
 7 SYSTEMPATH\CodeIgniter.php(900): class_exists('\\App\\Controllers\\DoctorController', true)
 8 SYSTEMPATH\CodeIgniter.php(489): CodeIgniter\CodeIgniter->startController()
 9 SYSTEMPATH\CodeIgniter.php(361): CodeIgniter\CodeIgniter->handleRequest(null, Object(Config\Cache), false)
10 FCPATH\index.php(87): CodeIgniter\CodeIgniter->run()
CRITICAL - 2024-02-05 03:20:54 --> Class "Locale" not found
in SYSTEMPATH\CodeIgniter.php on line 218.
 1 ROOTPATH\spark(88): CodeIgniter\CodeIgniter->initialize()
CRITICAL - 2024-02-05 03:20:54 --> Uncaught Error: Class "Locale" not found in C:\laragon\www\adonback\system\I18n\TimeTrait.php:74
Stack trace:
#0 C:\laragon\www\adonback\system\I18n\TimeTrait.php(115): CodeIgniter\I18n\Time->__construct(NULL, NULL, NULL)
#1 C:\laragon\www\adonback\system\HTTP\ResponseTrait.php(468): CodeIgniter\I18n\Time::now()
#2 C:\laragon\www\adonback\system\HTTP\ResponseTrait.php(446): CodeIgniter\HTTP\Response->sendHeaders()
#3 C:\laragon\www\adonback\system\Debug\ExceptionHandler.php(81): CodeIgniter\HTTP\Response->send()
#4 C:\laragon\www\adonback\system\Debug\Exceptions.php(148): CodeIgniter\Debug\ExceptionHandler->handle(Object(Error), Object(CodeIgniter\HTTP\IncomingRequest), Object(CodeIgniter\HTTP\Response), 500, 1)
#5 [internal function]: CodeIgniter\Debug\Exceptions->exceptionHandler(Object(Error))
#6 {main}
  thrown
ã€Previous Exceptionã€‘
Error
Class "Locale" not found
#0 C:\laragon\www\adonback\spark(88): CodeIgniter\CodeIgniter->initialize()
#1 {main}
in SYSTEMPATH\I18n\TimeTrait.php on line 74.
 1 [internal function]: CodeIgniter\Debug\Exceptions->shutdownHandler()
CRITICAL - 2024-02-05 02:21:47 --> require(vendor/autoload.php): Failed to open stream: No such file or directory
in APPPATH\Controllers\DoctorController.php on line 19.
 1 APPPATH\Controllers\DoctorController.php(19): CodeIgniter\Debug\Exceptions->errorHandler(2, 'require(vendor/autoload.php): Failed to open stream: No such file or directory', 'C:\\laragon\\www\\adonback\\app\\Controllers\\DoctorController.php', 19)
 2 APPPATH\Controllers\DoctorController.php(19): require()
 3 SYSTEMPATH\Autoloader\Autoloader.php(312): include_once('C:\\laragon\\www\\adonback\\app\\Controllers\\DoctorController.php')
 4 SYSTEMPATH\Autoloader\Autoloader.php(291): CodeIgniter\Autoloader\Autoloader->includeFile('C:\\laragon\\www\\adonback\\app\\Controllers\\DoctorController.php')
 5 SYSTEMPATH\Autoloader\Autoloader.php(269): CodeIgniter\Autoloader\Autoloader->loadInNamespace('App\\Controllers\\DoctorController')
 6 [internal function]: CodeIgniter\Autoloader\Autoloader->loadClass('App\\Controllers\\DoctorController')
 7 SYSTEMPATH\CodeIgniter.php(900): class_exists('\\App\\Controllers\\DoctorController', true)
 8 SYSTEMPATH\CodeIgniter.php(489): CodeIgniter\CodeIgniter->startController()
 9 SYSTEMPATH\CodeIgniter.php(361): CodeIgniter\CodeIgniter->handleRequest(null, Object(Config\Cache), false)
10 FCPATH\index.php(87): CodeIgniter\CodeIgniter->run()
CRITICAL - 2024-02-05 02:21:49 --> require(vendor/autoload.php): Failed to open stream: No such file or directory
in APPPATH\Controllers\DoctorController.php on line 19.
 1 APPPATH\Controllers\DoctorController.php(19): CodeIgniter\Debug\Exceptions->errorHandler(2, 'require(vendor/autoload.php): Failed to open stream: No such file or directory', 'C:\\laragon\\www\\adonback\\app\\Controllers\\DoctorController.php', 19)
 2 APPPATH\Controllers\DoctorController.php(19): require()
 3 SYSTEMPATH\Autoloader\Autoloader.php(312): include_once('C:\\laragon\\www\\adonback\\app\\Controllers\\DoctorController.php')
 4 SYSTEMPATH\Autoloader\Autoloader.php(291): CodeIgniter\Autoloader\Autoloader->includeFile('C:\\laragon\\www\\adonback\\app\\Controllers\\DoctorController.php')
 5 SYSTEMPATH\Autoloader\Autoloader.php(269): CodeIgniter\Autoloader\Autoloader->loadInNamespace('App\\Controllers\\DoctorController')
 6 [internal function]: CodeIgniter\Autoloader\Autoloader->loadClass('App\\Controllers\\DoctorController')
 7 SYSTEMPATH\CodeIgniter.php(900): class_exists('\\App\\Controllers\\DoctorController', true)
 8 SYSTEMPATH\CodeIgniter.php(489): CodeIgniter\CodeIgniter->startController()
 9 SYSTEMPATH\CodeIgniter.php(361): CodeIgniter\CodeIgniter->handleRequest(null, Object(Config\Cache), false)
10 FCPATH\index.php(87): CodeIgniter\CodeIgniter->run()
CRITICAL - 2024-02-05 02:22:25 --> require(vendor/autoload.php): Failed to open stream: No such file or directory
in APPPATH\Controllers\DoctorController.php on line 19.
 1 APPPATH\Controllers\DoctorController.php(19): CodeIgniter\Debug\Exceptions->errorHandler(2, 'require(vendor/autoload.php): Failed to open stream: No such file or directory', 'C:\\laragon\\www\\adonback\\app\\Controllers\\DoctorController.php', 19)
 2 APPPATH\Controllers\DoctorController.php(19): require()
 3 SYSTEMPATH\Autoloader\Autoloader.php(312): include_once('C:\\laragon\\www\\adonback\\app\\Controllers\\DoctorController.php')
 4 SYSTEMPATH\Autoloader\Autoloader.php(291): CodeIgniter\Autoloader\Autoloader->includeFile('C:\\laragon\\www\\adonback\\app\\Controllers\\DoctorController.php')
 5 SYSTEMPATH\Autoloader\Autoloader.php(269): CodeIgniter\Autoloader\Autoloader->loadInNamespace('App\\Controllers\\DoctorController')
 6 [internal function]: CodeIgniter\Autoloader\Autoloader->loadClass('App\\Controllers\\DoctorController')
 7 SYSTEMPATH\CodeIgniter.php(900): class_exists('\\App\\Controllers\\DoctorController', true)
 8 SYSTEMPATH\CodeIgniter.php(489): CodeIgniter\CodeIgniter->startController()
 9 SYSTEMPATH\CodeIgniter.php(361): CodeIgniter\CodeIgniter->handleRequest(null, Object(Config\Cache), false)
10 FCPATH\index.php(87): CodeIgniter\CodeIgniter->run()
CRITICAL - 2024-02-05 02:24:01 --> require(vendor/autoload.php): Failed to open stream: No such file or directory
in APPPATH\Controllers\DoctorController.php on line 19.
 1 APPPATH\Controllers\DoctorController.php(19): CodeIgniter\Debug\Exceptions->errorHandler(2, 'require(vendor/autoload.php): Failed to open stream: No such file or directory', 'C:\\laragon\\www\\adonback\\app\\Controllers\\DoctorController.php', 19)
 2 APPPATH\Controllers\DoctorController.php(19): require()
 3 SYSTEMPATH\Autoloader\Autoloader.php(312): include_once('C:\\laragon\\www\\adonback\\app\\Controllers\\DoctorController.php')
 4 SYSTEMPATH\Autoloader\Autoloader.php(291): CodeIgniter\Autoloader\Autoloader->includeFile('C:\\laragon\\www\\adonback\\app\\Controllers\\DoctorController.php')
 5 SYSTEMPATH\Autoloader\Autoloader.php(269): CodeIgniter\Autoloader\Autoloader->loadInNamespace('App\\Controllers\\DoctorController')
 6 [internal function]: CodeIgniter\Autoloader\Autoloader->loadClass('App\\Controllers\\DoctorController')
 7 SYSTEMPATH\CodeIgniter.php(900): class_exists('\\App\\Controllers\\DoctorController', true)
 8 SYSTEMPATH\CodeIgniter.php(489): CodeIgniter\CodeIgniter->startController()
 9 SYSTEMPATH\CodeIgniter.php(361): CodeIgniter\CodeIgniter->handleRequest(null, Object(Config\Cache), false)
10 FCPATH\index.php(87): CodeIgniter\CodeIgniter->run()
CRITICAL - 2024-02-05 02:24:01 --> require(vendor/autoload.php): Failed to open stream: No such file or directory
in APPPATH\Controllers\DoctorController.php on line 19.
 1 APPPATH\Controllers\DoctorController.php(19): CodeIgniter\Debug\Exceptions->errorHandler(2, 'require(vendor/autoload.php): Failed to open stream: No such file or directory', 'C:\\laragon\\www\\adonback\\app\\Controllers\\DoctorController.php', 19)
 2 APPPATH\Controllers\DoctorController.php(19): require()
 3 SYSTEMPATH\Autoloader\Autoloader.php(312): include_once('C:\\laragon\\www\\adonback\\app\\Controllers\\DoctorController.php')
 4 SYSTEMPATH\Autoloader\Autoloader.php(291): CodeIgniter\Autoloader\Autoloader->includeFile('C:\\laragon\\www\\adonback\\app\\Controllers\\DoctorController.php')
 5 SYSTEMPATH\Autoloader\Autoloader.php(269): CodeIgniter\Autoloader\Autoloader->loadInNamespace('App\\Controllers\\DoctorController')
 6 [internal function]: CodeIgniter\Autoloader\Autoloader->loadClass('App\\Controllers\\DoctorController')
 7 SYSTEMPATH\CodeIgniter.php(900): class_exists('\\App\\Controllers\\DoctorController', true)
 8 SYSTEMPATH\CodeIgniter.php(489): CodeIgniter\CodeIgniter->startController()
 9 SYSTEMPATH\CodeIgniter.php(361): CodeIgniter\CodeIgniter->handleRequest(null, Object(Config\Cache), false)
10 FCPATH\index.php(87): CodeIgniter\CodeIgniter->run()
CRITICAL - 2024-02-05 02:24:01 --> require(vendor/autoload.php): Failed to open stream: No such file or directory
in APPPATH\Controllers\DoctorController.php on line 19.
 1 APPPATH\Controllers\DoctorController.php(19): CodeIgniter\Debug\Exceptions->errorHandler(2, 'require(vendor/autoload.php): Failed to open stream: No such file or directory', 'C:\\laragon\\www\\adonback\\app\\Controllers\\DoctorController.php', 19)
 2 APPPATH\Controllers\DoctorController.php(19): require()
 3 SYSTEMPATH\Autoloader\Autoloader.php(312): include_once('C:\\laragon\\www\\adonback\\app\\Controllers\\DoctorController.php')
 4 SYSTEMPATH\Autoloader\Autoloader.php(291): CodeIgniter\Autoloader\Autoloader->includeFile('C:\\laragon\\www\\adonback\\app\\Controllers\\DoctorController.php')
 5 SYSTEMPATH\Autoloader\Autoloader.php(269): CodeIgniter\Autoloader\Autoloader->loadInNamespace('App\\Controllers\\DoctorController')
 6 [internal function]: CodeIgniter\Autoloader\Autoloader->loadClass('App\\Controllers\\DoctorController')
 7 SYSTEMPATH\CodeIgniter.php(900): class_exists('\\App\\Controllers\\DoctorController', true)
 8 SYSTEMPATH\CodeIgniter.php(489): CodeIgniter\CodeIgniter->startController()
 9 SYSTEMPATH\CodeIgniter.php(361): CodeIgniter\CodeIgniter->handleRequest(null, Object(Config\Cache), false)
10 FCPATH\index.php(87): CodeIgniter\CodeIgniter->run()
CRITICAL - 2024-02-05 02:24:01 --> require(vendor/autoload.php): Failed to open stream: No such file or directory
in APPPATH\Controllers\DoctorController.php on line 19.
 1 APPPATH\Controllers\DoctorController.php(19): CodeIgniter\Debug\Exceptions->errorHandler(2, 'require(vendor/autoload.php): Failed to open stream: No such file or directory', 'C:\\laragon\\www\\adonback\\app\\Controllers\\DoctorController.php', 19)
 2 APPPATH\Controllers\DoctorController.php(19): require()
 3 SYSTEMPATH\Autoloader\Autoloader.php(312): include_once('C:\\laragon\\www\\adonback\\app\\Controllers\\DoctorController.php')
 4 SYSTEMPATH\Autoloader\Autoloader.php(291): CodeIgniter\Autoloader\Autoloader->includeFile('C:\\laragon\\www\\adonback\\app\\Controllers\\DoctorController.php')
 5 SYSTEMPATH\Autoloader\Autoloader.php(269): CodeIgniter\Autoloader\Autoloader->loadInNamespace('App\\Controllers\\DoctorController')
 6 [internal function]: CodeIgniter\Autoloader\Autoloader->loadClass('App\\Controllers\\DoctorController')
 7 SYSTEMPATH\CodeIgniter.php(900): class_exists('\\App\\Controllers\\DoctorController', true)
 8 SYSTEMPATH\CodeIgniter.php(489): CodeIgniter\CodeIgniter->startController()
 9 SYSTEMPATH\CodeIgniter.php(361): CodeIgniter\CodeIgniter->handleRequest(null, Object(Config\Cache), false)
10 FCPATH\index.php(87): CodeIgniter\CodeIgniter->run()
CRITICAL - 2024-02-05 03:24:55 --> Class "Locale" not found
in SYSTEMPATH\CodeIgniter.php on line 218.
 1 ROOTPATH\spark(88): CodeIgniter\CodeIgniter->initialize()
CRITICAL - 2024-02-05 03:24:55 --> Uncaught Error: Class "Locale" not found in C:\laragon\www\adonback\system\I18n\TimeTrait.php:74
Stack trace:
#0 C:\laragon\www\adonback\system\I18n\TimeTrait.php(115): CodeIgniter\I18n\Time->__construct(NULL, NULL, NULL)
#1 C:\laragon\www\adonback\system\HTTP\ResponseTrait.php(468): CodeIgniter\I18n\Time::now()
#2 C:\laragon\www\adonback\system\HTTP\ResponseTrait.php(446): CodeIgniter\HTTP\Response->sendHeaders()
#3 C:\laragon\www\adonback\system\Debug\ExceptionHandler.php(81): CodeIgniter\HTTP\Response->send()
#4 C:\laragon\www\adonback\system\Debug\Exceptions.php(148): CodeIgniter\Debug\ExceptionHandler->handle(Object(Error), Object(CodeIgniter\HTTP\IncomingRequest), Object(CodeIgniter\HTTP\Response), 500, 1)
#5 [internal function]: CodeIgniter\Debug\Exceptions->exceptionHandler(Object(Error))
#6 {main}
  thrown
ã€Previous Exceptionã€‘
Error
Class "Locale" not found
#0 C:\laragon\www\adonback\spark(88): CodeIgniter\CodeIgniter->initialize()
#1 {main}
in SYSTEMPATH\I18n\TimeTrait.php on line 74.
 1 [internal function]: CodeIgniter\Debug\Exceptions->shutdownHandler()
CRITICAL - 2024-02-05 02:26:44 --> require(vendor/autoload.php): Failed to open stream: No such file or directory
in APPPATH\Controllers\DoctorController.php on line 19.
 1 APPPATH\Controllers\DoctorController.php(19): CodeIgniter\Debug\Exceptions->errorHandler(2, 'require(vendor/autoload.php): Failed to open stream: No such file or directory', 'C:\\laragon\\www\\adonback\\app\\Controllers\\DoctorController.php', 19)
 2 APPPATH\Controllers\DoctorController.php(19): require()
 3 SYSTEMPATH\Autoloader\Autoloader.php(312): include_once('C:\\laragon\\www\\adonback\\app\\Controllers\\DoctorController.php')
 4 SYSTEMPATH\Autoloader\Autoloader.php(291): CodeIgniter\Autoloader\Autoloader->includeFile('C:\\laragon\\www\\adonback\\app\\Controllers\\DoctorController.php')
 5 SYSTEMPATH\Autoloader\Autoloader.php(269): CodeIgniter\Autoloader\Autoloader->loadInNamespace('App\\Controllers\\DoctorController')
 6 [internal function]: CodeIgniter\Autoloader\Autoloader->loadClass('App\\Controllers\\DoctorController')
 7 SYSTEMPATH\CodeIgniter.php(900): class_exists('\\App\\Controllers\\DoctorController', true)
 8 SYSTEMPATH\CodeIgniter.php(489): CodeIgniter\CodeIgniter->startController()
 9 SYSTEMPATH\CodeIgniter.php(361): CodeIgniter\CodeIgniter->handleRequest(null, Object(Config\Cache), false)
10 FCPATH\index.php(87): CodeIgniter\CodeIgniter->run()
CRITICAL - 2024-02-05 02:26:44 --> require(vendor/autoload.php): Failed to open stream: No such file or directory
in APPPATH\Controllers\DoctorController.php on line 19.
 1 APPPATH\Controllers\DoctorController.php(19): CodeIgniter\Debug\Exceptions->errorHandler(2, 'require(vendor/autoload.php): Failed to open stream: No such file or directory', 'C:\\laragon\\www\\adonback\\app\\Controllers\\DoctorController.php', 19)
 2 APPPATH\Controllers\DoctorController.php(19): require()
 3 SYSTEMPATH\Autoloader\Autoloader.php(312): include_once('C:\\laragon\\www\\adonback\\app\\Controllers\\DoctorController.php')
 4 SYSTEMPATH\Autoloader\Autoloader.php(291): CodeIgniter\Autoloader\Autoloader->includeFile('C:\\laragon\\www\\adonback\\app\\Controllers\\DoctorController.php')
 5 SYSTEMPATH\Autoloader\Autoloader.php(269): CodeIgniter\Autoloader\Autoloader->loadInNamespace('App\\Controllers\\DoctorController')
 6 [internal function]: CodeIgniter\Autoloader\Autoloader->loadClass('App\\Controllers\\DoctorController')
 7 SYSTEMPATH\CodeIgniter.php(900): class_exists('\\App\\Controllers\\DoctorController', true)
 8 SYSTEMPATH\CodeIgniter.php(489): CodeIgniter\CodeIgniter->startController()
 9 SYSTEMPATH\CodeIgniter.php(361): CodeIgniter\CodeIgniter->handleRequest(null, Object(Config\Cache), false)
10 FCPATH\index.php(87): CodeIgniter\CodeIgniter->run()
CRITICAL - 2024-02-05 02:26:44 --> require(vendor/autoload.php): Failed to open stream: No such file or directory
in APPPATH\Controllers\DoctorController.php on line 19.
 1 APPPATH\Controllers\DoctorController.php(19): CodeIgniter\Debug\Exceptions->errorHandler(2, 'require(vendor/autoload.php): Failed to open stream: No such file or directory', 'C:\\laragon\\www\\adonback\\app\\Controllers\\DoctorController.php', 19)
 2 APPPATH\Controllers\DoctorController.php(19): require()
 3 SYSTEMPATH\Autoloader\Autoloader.php(312): include_once('C:\\laragon\\www\\adonback\\app\\Controllers\\DoctorController.php')
 4 SYSTEMPATH\Autoloader\Autoloader.php(291): CodeIgniter\Autoloader\Autoloader->includeFile('C:\\laragon\\www\\adonback\\app\\Controllers\\DoctorController.php')
 5 SYSTEMPATH\Autoloader\Autoloader.php(269): CodeIgniter\Autoloader\Autoloader->loadInNamespace('App\\Controllers\\DoctorController')
 6 [internal function]: CodeIgniter\Autoloader\Autoloader->loadClass('App\\Controllers\\DoctorController')
 7 SYSTEMPATH\CodeIgniter.php(900): class_exists('\\App\\Controllers\\DoctorController', true)
 8 SYSTEMPATH\CodeIgniter.php(489): CodeIgniter\CodeIgniter->startController()
 9 SYSTEMPATH\CodeIgniter.php(361): CodeIgniter\CodeIgniter->handleRequest(null, Object(Config\Cache), false)
10 FCPATH\index.php(87): CodeIgniter\CodeIgniter->run()
CRITICAL - 2024-02-05 02:26:44 --> require(vendor/autoload.php): Failed to open stream: No such file or directory
in APPPATH\Controllers\DoctorController.php on line 19.
 1 APPPATH\Controllers\DoctorController.php(19): CodeIgniter\Debug\Exceptions->errorHandler(2, 'require(vendor/autoload.php): Failed to open stream: No such file or directory', 'C:\\laragon\\www\\adonback\\app\\Controllers\\DoctorController.php', 19)
 2 APPPATH\Controllers\DoctorController.php(19): require()
 3 SYSTEMPATH\Autoloader\Autoloader.php(312): include_once('C:\\laragon\\www\\adonback\\app\\Controllers\\DoctorController.php')
 4 SYSTEMPATH\Autoloader\Autoloader.php(291): CodeIgniter\Autoloader\Autoloader->includeFile('C:\\laragon\\www\\adonback\\app\\Controllers\\DoctorController.php')
 5 SYSTEMPATH\Autoloader\Autoloader.php(269): CodeIgniter\Autoloader\Autoloader->loadInNamespace('App\\Controllers\\DoctorController')
 6 [internal function]: CodeIgniter\Autoloader\Autoloader->loadClass('App\\Controllers\\DoctorController')
 7 SYSTEMPATH\CodeIgniter.php(900): class_exists('\\App\\Controllers\\DoctorController', true)
 8 SYSTEMPATH\CodeIgniter.php(489): CodeIgniter\CodeIgniter->startController()
 9 SYSTEMPATH\CodeIgniter.php(361): CodeIgniter\CodeIgniter->handleRequest(null, Object(Config\Cache), false)
10 FCPATH\index.php(87): CodeIgniter\CodeIgniter->run()
CRITICAL - 2024-02-05 02:29:29 --> require(vendor/autoload.php): Failed to open stream: No such file or directory
in APPPATH\Controllers\DoctorController.php on line 19.
 1 APPPATH\Controllers\DoctorController.php(19): CodeIgniter\Debug\Exceptions->errorHandler(2, 'require(vendor/autoload.php): Failed to open stream: No such file or directory', 'C:\\laragon\\www\\adonback\\app\\Controllers\\DoctorController.php', 19)
 2 APPPATH\Controllers\DoctorController.php(19): require()
 3 SYSTEMPATH\Autoloader\Autoloader.php(312): include_once('C:\\laragon\\www\\adonback\\app\\Controllers\\DoctorController.php')
 4 SYSTEMPATH\Autoloader\Autoloader.php(291): CodeIgniter\Autoloader\Autoloader->includeFile('C:\\laragon\\www\\adonback\\app\\Controllers\\DoctorController.php')
 5 SYSTEMPATH\Autoloader\Autoloader.php(269): CodeIgniter\Autoloader\Autoloader->loadInNamespace('App\\Controllers\\DoctorController')
 6 [internal function]: CodeIgniter\Autoloader\Autoloader->loadClass('App\\Controllers\\DoctorController')
 7 SYSTEMPATH\CodeIgniter.php(900): class_exists('\\App\\Controllers\\DoctorController', true)
 8 SYSTEMPATH\CodeIgniter.php(489): CodeIgniter\CodeIgniter->startController()
 9 SYSTEMPATH\CodeIgniter.php(361): CodeIgniter\CodeIgniter->handleRequest(null, Object(Config\Cache), false)
10 FCPATH\index.php(87): CodeIgniter\CodeIgniter->run()
CRITICAL - 2024-02-05 02:29:29 --> require(vendor/autoload.php): Failed to open stream: No such file or directory
in APPPATH\Controllers\DoctorController.php on line 19.
 1 APPPATH\Controllers\DoctorController.php(19): CodeIgniter\Debug\Exceptions->errorHandler(2, 'require(vendor/autoload.php): Failed to open stream: No such file or directory', 'C:\\laragon\\www\\adonback\\app\\Controllers\\DoctorController.php', 19)
 2 APPPATH\Controllers\DoctorController.php(19): require()
 3 SYSTEMPATH\Autoloader\Autoloader.php(312): include_once('C:\\laragon\\www\\adonback\\app\\Controllers\\DoctorController.php')
 4 SYSTEMPATH\Autoloader\Autoloader.php(291): CodeIgniter\Autoloader\Autoloader->includeFile('C:\\laragon\\www\\adonback\\app\\Controllers\\DoctorController.php')
 5 SYSTEMPATH\Autoloader\Autoloader.php(269): CodeIgniter\Autoloader\Autoloader->loadInNamespace('App\\Controllers\\DoctorController')
 6 [internal function]: CodeIgniter\Autoloader\Autoloader->loadClass('App\\Controllers\\DoctorController')
 7 SYSTEMPATH\CodeIgniter.php(900): class_exists('\\App\\Controllers\\DoctorController', true)
 8 SYSTEMPATH\CodeIgniter.php(489): CodeIgniter\CodeIgniter->startController()
 9 SYSTEMPATH\CodeIgniter.php(361): CodeIgniter\CodeIgniter->handleRequest(null, Object(Config\Cache), false)
10 FCPATH\index.php(87): CodeIgniter\CodeIgniter->run()
CRITICAL - 2024-02-05 02:29:29 --> require(vendor/autoload.php): Failed to open stream: No such file or directory
in APPPATH\Controllers\DoctorController.php on line 19.
 1 APPPATH\Controllers\DoctorController.php(19): CodeIgniter\Debug\Exceptions->errorHandler(2, 'require(vendor/autoload.php): Failed to open stream: No such file or directory', 'C:\\laragon\\www\\adonback\\app\\Controllers\\DoctorController.php', 19)
 2 APPPATH\Controllers\DoctorController.php(19): require()
 3 SYSTEMPATH\Autoloader\Autoloader.php(312): include_once('C:\\laragon\\www\\adonback\\app\\Controllers\\DoctorController.php')
 4 SYSTEMPATH\Autoloader\Autoloader.php(291): CodeIgniter\Autoloader\Autoloader->includeFile('C:\\laragon\\www\\adonback\\app\\Controllers\\DoctorController.php')
 5 SYSTEMPATH\Autoloader\Autoloader.php(269): CodeIgniter\Autoloader\Autoloader->loadInNamespace('App\\Controllers\\DoctorController')
 6 [internal function]: CodeIgniter\Autoloader\Autoloader->loadClass('App\\Controllers\\DoctorController')
 7 SYSTEMPATH\CodeIgniter.php(900): class_exists('\\App\\Controllers\\DoctorController', true)
 8 SYSTEMPATH\CodeIgniter.php(489): CodeIgniter\CodeIgniter->startController()
 9 SYSTEMPATH\CodeIgniter.php(361): CodeIgniter\CodeIgniter->handleRequest(null, Object(Config\Cache), false)
10 FCPATH\index.php(87): CodeIgniter\CodeIgniter->run()
CRITICAL - 2024-02-05 02:29:29 --> require(vendor/autoload.php): Failed to open stream: No such file or directory
in APPPATH\Controllers\DoctorController.php on line 19.
 1 APPPATH\Controllers\DoctorController.php(19): CodeIgniter\Debug\Exceptions->errorHandler(2, 'require(vendor/autoload.php): Failed to open stream: No such file or directory', 'C:\\laragon\\www\\adonback\\app\\Controllers\\DoctorController.php', 19)
 2 APPPATH\Controllers\DoctorController.php(19): require()
 3 SYSTEMPATH\Autoloader\Autoloader.php(312): include_once('C:\\laragon\\www\\adonback\\app\\Controllers\\DoctorController.php')
 4 SYSTEMPATH\Autoloader\Autoloader.php(291): CodeIgniter\Autoloader\Autoloader->includeFile('C:\\laragon\\www\\adonback\\app\\Controllers\\DoctorController.php')
 5 SYSTEMPATH\Autoloader\Autoloader.php(269): CodeIgniter\Autoloader\Autoloader->loadInNamespace('App\\Controllers\\DoctorController')
 6 [internal function]: CodeIgniter\Autoloader\Autoloader->loadClass('App\\Controllers\\DoctorController')
 7 SYSTEMPATH\CodeIgniter.php(900): class_exists('\\App\\Controllers\\DoctorController', true)
 8 SYSTEMPATH\CodeIgniter.php(489): CodeIgniter\CodeIgniter->startController()
 9 SYSTEMPATH\CodeIgniter.php(361): CodeIgniter\CodeIgniter->handleRequest(null, Object(Config\Cache), false)
10 FCPATH\index.php(87): CodeIgniter\CodeIgniter->run()
CRITICAL - 2024-02-05 02:31:50 --> require(vendor/autoload.php): Failed to open stream: No such file or directory
in APPPATH\Controllers\DoctorController.php on line 19.
 1 APPPATH\Controllers\DoctorController.php(19): CodeIgniter\Debug\Exceptions->errorHandler(2, 'require(vendor/autoload.php): Failed to open stream: No such file or directory', 'C:\\laragon\\www\\adonback\\app\\Controllers\\DoctorController.php', 19)
 2 APPPATH\Controllers\DoctorController.php(19): require()
 3 SYSTEMPATH\Autoloader\Autoloader.php(312): include_once('C:\\laragon\\www\\adonback\\app\\Controllers\\DoctorController.php')
 4 SYSTEMPATH\Autoloader\Autoloader.php(291): CodeIgniter\Autoloader\Autoloader->includeFile('C:\\laragon\\www\\adonback\\app\\Controllers\\DoctorController.php')
 5 SYSTEMPATH\Autoloader\Autoloader.php(269): CodeIgniter\Autoloader\Autoloader->loadInNamespace('App\\Controllers\\DoctorController')
 6 [internal function]: CodeIgniter\Autoloader\Autoloader->loadClass('App\\Controllers\\DoctorController')
 7 SYSTEMPATH\CodeIgniter.php(900): class_exists('\\App\\Controllers\\DoctorController', true)
 8 SYSTEMPATH\CodeIgniter.php(489): CodeIgniter\CodeIgniter->startController()
 9 SYSTEMPATH\CodeIgniter.php(361): CodeIgniter\CodeIgniter->handleRequest(null, Object(Config\Cache), false)
10 FCPATH\index.php(87): CodeIgniter\CodeIgniter->run()
CRITICAL - 2024-02-05 02:31:50 --> require(vendor/autoload.php): Failed to open stream: No such file or directory
in APPPATH\Controllers\DoctorController.php on line 19.
 1 APPPATH\Controllers\DoctorController.php(19): CodeIgniter\Debug\Exceptions->errorHandler(2, 'require(vendor/autoload.php): Failed to open stream: No such file or directory', 'C:\\laragon\\www\\adonback\\app\\Controllers\\DoctorController.php', 19)
 2 APPPATH\Controllers\DoctorController.php(19): require()
 3 SYSTEMPATH\Autoloader\Autoloader.php(312): include_once('C:\\laragon\\www\\adonback\\app\\Controllers\\DoctorController.php')
 4 SYSTEMPATH\Autoloader\Autoloader.php(291): CodeIgniter\Autoloader\Autoloader->includeFile('C:\\laragon\\www\\adonback\\app\\Controllers\\DoctorController.php')
 5 SYSTEMPATH\Autoloader\Autoloader.php(269): CodeIgniter\Autoloader\Autoloader->loadInNamespace('App\\Controllers\\DoctorController')
 6 [internal function]: CodeIgniter\Autoloader\Autoloader->loadClass('App\\Controllers\\DoctorController')
 7 SYSTEMPATH\CodeIgniter.php(900): class_exists('\\App\\Controllers\\DoctorController', true)
 8 SYSTEMPATH\CodeIgniter.php(489): CodeIgniter\CodeIgniter->startController()
 9 SYSTEMPATH\CodeIgniter.php(361): CodeIgniter\CodeIgniter->handleRequest(null, Object(Config\Cache), false)
10 FCPATH\index.php(87): CodeIgniter\CodeIgniter->run()
CRITICAL - 2024-02-05 02:31:50 --> require(vendor/autoload.php): Failed to open stream: No such file or directory
in APPPATH\Controllers\DoctorController.php on line 19.
 1 APPPATH\Controllers\DoctorController.php(19): CodeIgniter\Debug\Exceptions->errorHandler(2, 'require(vendor/autoload.php): Failed to open stream: No such file or directory', 'C:\\laragon\\www\\adonback\\app\\Controllers\\DoctorController.php', 19)
 2 APPPATH\Controllers\DoctorController.php(19): require()
 3 SYSTEMPATH\Autoloader\Autoloader.php(312): include_once('C:\\laragon\\www\\adonback\\app\\Controllers\\DoctorController.php')
 4 SYSTEMPATH\Autoloader\Autoloader.php(291): CodeIgniter\Autoloader\Autoloader->includeFile('C:\\laragon\\www\\adonback\\app\\Controllers\\DoctorController.php')
 5 SYSTEMPATH\Autoloader\Autoloader.php(269): CodeIgniter\Autoloader\Autoloader->loadInNamespace('App\\Controllers\\DoctorController')
 6 [internal function]: CodeIgniter\Autoloader\Autoloader->loadClass('App\\Controllers\\DoctorController')
 7 SYSTEMPATH\CodeIgniter.php(900): class_exists('\\App\\Controllers\\DoctorController', true)
 8 SYSTEMPATH\CodeIgniter.php(489): CodeIgniter\CodeIgniter->startController()
 9 SYSTEMPATH\CodeIgniter.php(361): CodeIgniter\CodeIgniter->handleRequest(null, Object(Config\Cache), false)
10 FCPATH\index.php(87): CodeIgniter\CodeIgniter->run()
CRITICAL - 2024-02-05 02:31:50 --> require(vendor/autoload.php): Failed to open stream: No such file or directory
in APPPATH\Controllers\DoctorController.php on line 19.
 1 APPPATH\Controllers\DoctorController.php(19): CodeIgniter\Debug\Exceptions->errorHandler(2, 'require(vendor/autoload.php): Failed to open stream: No such file or directory', 'C:\\laragon\\www\\adonback\\app\\Controllers\\DoctorController.php', 19)
 2 APPPATH\Controllers\DoctorController.php(19): require()
 3 SYSTEMPATH\Autoloader\Autoloader.php(312): include_once('C:\\laragon\\www\\adonback\\app\\Controllers\\DoctorController.php')
 4 SYSTEMPATH\Autoloader\Autoloader.php(291): CodeIgniter\Autoloader\Autoloader->includeFile('C:\\laragon\\www\\adonback\\app\\Controllers\\DoctorController.php')
 5 SYSTEMPATH\Autoloader\Autoloader.php(269): CodeIgniter\Autoloader\Autoloader->loadInNamespace('App\\Controllers\\DoctorController')
 6 [internal function]: CodeIgniter\Autoloader\Autoloader->loadClass('App\\Controllers\\DoctorController')
 7 SYSTEMPATH\CodeIgniter.php(900): class_exists('\\App\\Controllers\\DoctorController', true)
 8 SYSTEMPATH\CodeIgniter.php(489): CodeIgniter\CodeIgniter->startController()
 9 SYSTEMPATH\CodeIgniter.php(361): CodeIgniter\CodeIgniter->handleRequest(null, Object(Config\Cache), false)
10 FCPATH\index.php(87): CodeIgniter\CodeIgniter->run()
CRITICAL - 2024-02-05 02:32:05 --> require(vendor/autoload.php): Failed to open stream: No such file or directory
in APPPATH\Controllers\DoctorController.php on line 19.
 1 APPPATH\Controllers\DoctorController.php(19): CodeIgniter\Debug\Exceptions->errorHandler(2, 'require(vendor/autoload.php): Failed to open stream: No such file or directory', 'C:\\laragon\\www\\adonback\\app\\Controllers\\DoctorController.php', 19)
 2 APPPATH\Controllers\DoctorController.php(19): require()
 3 SYSTEMPATH\Autoloader\Autoloader.php(312): include_once('C:\\laragon\\www\\adonback\\app\\Controllers\\DoctorController.php')
 4 SYSTEMPATH\Autoloader\Autoloader.php(291): CodeIgniter\Autoloader\Autoloader->includeFile('C:\\laragon\\www\\adonback\\app\\Controllers\\DoctorController.php')
 5 SYSTEMPATH\Autoloader\Autoloader.php(269): CodeIgniter\Autoloader\Autoloader->loadInNamespace('App\\Controllers\\DoctorController')
 6 [internal function]: CodeIgniter\Autoloader\Autoloader->loadClass('App\\Controllers\\DoctorController')
 7 SYSTEMPATH\CodeIgniter.php(900): class_exists('\\App\\Controllers\\DoctorController', true)
 8 SYSTEMPATH\CodeIgniter.php(489): CodeIgniter\CodeIgniter->startController()
 9 SYSTEMPATH\CodeIgniter.php(361): CodeIgniter\CodeIgniter->handleRequest(null, Object(Config\Cache), false)
10 FCPATH\index.php(87): CodeIgniter\CodeIgniter->run()
CRITICAL - 2024-02-05 02:32:05 --> require(vendor/autoload.php): Failed to open stream: No such file or directory
in APPPATH\Controllers\DoctorController.php on line 19.
 1 APPPATH\Controllers\DoctorController.php(19): CodeIgniter\Debug\Exceptions->errorHandler(2, 'require(vendor/autoload.php): Failed to open stream: No such file or directory', 'C:\\laragon\\www\\adonback\\app\\Controllers\\DoctorController.php', 19)
 2 APPPATH\Controllers\DoctorController.php(19): require()
 3 SYSTEMPATH\Autoloader\Autoloader.php(312): include_once('C:\\laragon\\www\\adonback\\app\\Controllers\\DoctorController.php')
 4 SYSTEMPATH\Autoloader\Autoloader.php(291): CodeIgniter\Autoloader\Autoloader->includeFile('C:\\laragon\\www\\adonback\\app\\Controllers\\DoctorController.php')
 5 SYSTEMPATH\Autoloader\Autoloader.php(269): CodeIgniter\Autoloader\Autoloader->loadInNamespace('App\\Controllers\\DoctorController')
 6 [internal function]: CodeIgniter\Autoloader\Autoloader->loadClass('App\\Controllers\\DoctorController')
 7 SYSTEMPATH\CodeIgniter.php(900): class_exists('\\App\\Controllers\\DoctorController', true)
 8 SYSTEMPATH\CodeIgniter.php(489): CodeIgniter\CodeIgniter->startController()
 9 SYSTEMPATH\CodeIgniter.php(361): CodeIgniter\CodeIgniter->handleRequest(null, Object(Config\Cache), false)
10 FCPATH\index.php(87): CodeIgniter\CodeIgniter->run()
CRITICAL - 2024-02-05 02:32:05 --> require(vendor/autoload.php): Failed to open stream: No such file or directory
in APPPATH\Controllers\DoctorController.php on line 19.
 1 APPPATH\Controllers\DoctorController.php(19): CodeIgniter\Debug\Exceptions->errorHandler(2, 'require(vendor/autoload.php): Failed to open stream: No such file or directory', 'C:\\laragon\\www\\adonback\\app\\Controllers\\DoctorController.php', 19)
 2 APPPATH\Controllers\DoctorController.php(19): require()
 3 SYSTEMPATH\Autoloader\Autoloader.php(312): include_once('C:\\laragon\\www\\adonback\\app\\Controllers\\DoctorController.php')
 4 SYSTEMPATH\Autoloader\Autoloader.php(291): CodeIgniter\Autoloader\Autoloader->includeFile('C:\\laragon\\www\\adonback\\app\\Controllers\\DoctorController.php')
 5 SYSTEMPATH\Autoloader\Autoloader.php(269): CodeIgniter\Autoloader\Autoloader->loadInNamespace('App\\Controllers\\DoctorController')
 6 [internal function]: CodeIgniter\Autoloader\Autoloader->loadClass('App\\Controllers\\DoctorController')
 7 SYSTEMPATH\CodeIgniter.php(900): class_exists('\\App\\Controllers\\DoctorController', true)
 8 SYSTEMPATH\CodeIgniter.php(489): CodeIgniter\CodeIgniter->startController()
 9 SYSTEMPATH\CodeIgniter.php(361): CodeIgniter\CodeIgniter->handleRequest(null, Object(Config\Cache), false)
10 FCPATH\index.php(87): CodeIgniter\CodeIgniter->run()
CRITICAL - 2024-02-05 02:32:05 --> require(vendor/autoload.php): Failed to open stream: No such file or directory
in APPPATH\Controllers\DoctorController.php on line 19.
 1 APPPATH\Controllers\DoctorController.php(19): CodeIgniter\Debug\Exceptions->errorHandler(2, 'require(vendor/autoload.php): Failed to open stream: No such file or directory', 'C:\\laragon\\www\\adonback\\app\\Controllers\\DoctorController.php', 19)
 2 APPPATH\Controllers\DoctorController.php(19): require()
 3 SYSTEMPATH\Autoloader\Autoloader.php(312): include_once('C:\\laragon\\www\\adonback\\app\\Controllers\\DoctorController.php')
 4 SYSTEMPATH\Autoloader\Autoloader.php(291): CodeIgniter\Autoloader\Autoloader->includeFile('C:\\laragon\\www\\adonback\\app\\Controllers\\DoctorController.php')
 5 SYSTEMPATH\Autoloader\Autoloader.php(269): CodeIgniter\Autoloader\Autoloader->loadInNamespace('App\\Controllers\\DoctorController')
 6 [internal function]: CodeIgniter\Autoloader\Autoloader->loadClass('App\\Controllers\\DoctorController')
 7 SYSTEMPATH\CodeIgniter.php(900): class_exists('\\App\\Controllers\\DoctorController', true)
 8 SYSTEMPATH\CodeIgniter.php(489): CodeIgniter\CodeIgniter->startController()
 9 SYSTEMPATH\CodeIgniter.php(361): CodeIgniter\CodeIgniter->handleRequest(null, Object(Config\Cache), false)
10 FCPATH\index.php(87): CodeIgniter\CodeIgniter->run()
