CRITICAL - 2024-03-15 05:39:03 --> Undefined variable $products
in APPPATH\Views\admin\update_product.php on line 317.
 1 APPPATH\Views\admin\update_product.php(317): CodeIgniter\Debug\Exceptions->errorHandler(2, 'Undefined variable $products', 'C:\\laragon\\www\\adonbacked\\app\\Views\\admin\\update_product.php', 317)
 2 SYSTEMPATH\View\View.php(228): include('C:\\laragon\\www\\adonbacked\\app\\Views\\admin\\update_product.php')
 3 SYSTEMPATH\View\View.php(231): CodeIgniter\View\View->CodeIgniter\View\{closure}()
 4 SYSTEMPATH\Common.php(1190): CodeIgniter\View\View->render('admin/update_product', [], true)
 5 APPPATH\Controllers\AdminController.php(98): view('admin/update_product', [...])
 6 SYSTEMPATH\CodeIgniter.php(942): App\Controllers\AdminController->editProduct('1')
 7 SYSTEMPATH\CodeIgniter.php(502): CodeIgniter\CodeIgniter->runController(Object(App\Controllers\AdminController))
 8 SYSTEMPATH\CodeIgniter.php(361): CodeIgniter\CodeIgniter->handleRequest(null, Object(Config\Cache), false)
 9 FCPATH\index.php(87): CodeIgniter\CodeIgniter->run()
10 SYSTEMPATH\Commands\Server\rewrite.php(47): require_once('C:\\laragon\\www\\adonbacked\\public\\index.php')
CRITICAL - 2024-03-15 05:39:17 --> Undefined variable $products
in APPPATH\Views\admin\update_product.php on line 317.
 1 APPPATH\Views\admin\update_product.php(317): CodeIgniter\Debug\Exceptions->errorHandler(2, 'Undefined variable $products', 'C:\\laragon\\www\\adonbacked\\app\\Views\\admin\\update_product.php', 317)
 2 SYSTEMPATH\View\View.php(228): include('C:\\laragon\\www\\adonbacked\\app\\Views\\admin\\update_product.php')
 3 SYSTEMPATH\View\View.php(231): CodeIgniter\View\View->CodeIgniter\View\{closure}()
 4 SYSTEMPATH\Common.php(1190): CodeIgniter\View\View->render('admin/update_product', [], true)
 5 APPPATH\Controllers\AdminController.php(98): view('admin/update_product', [...])
 6 SYSTEMPATH\CodeIgniter.php(942): App\Controllers\AdminController->editProduct('1')
 7 SYSTEMPATH\CodeIgniter.php(502): CodeIgniter\CodeIgniter->runController(Object(App\Controllers\AdminController))
 8 SYSTEMPATH\CodeIgniter.php(361): CodeIgniter\CodeIgniter->handleRequest(null, Object(Config\Cache), false)
 9 FCPATH\index.php(87): CodeIgniter\CodeIgniter->run()
10 SYSTEMPATH\Commands\Server\rewrite.php(47): require_once('C:\\laragon\\www\\adonbacked\\public\\index.php')
CRITICAL - 2024-03-15 05:40:15 --> Cannot access offset of type string on string
in APPPATH\Views\admin\update_product.php on line 321.
 1 SYSTEMPATH\View\View.php(228): include()
 2 SYSTEMPATH\View\View.php(231): CodeIgniter\View\View->CodeIgniter\View\{closure}()
 3 SYSTEMPATH\Common.php(1190): CodeIgniter\View\View->render('admin/update_product', [], true)
 4 APPPATH\Controllers\AdminController.php(98): view('admin/update_product', [...])
 5 SYSTEMPATH\CodeIgniter.php(942): App\Controllers\AdminController->editProduct('1')
 6 SYSTEMPATH\CodeIgniter.php(502): CodeIgniter\CodeIgniter->runController(Object(App\Controllers\AdminController))
 7 SYSTEMPATH\CodeIgniter.php(361): CodeIgniter\CodeIgniter->handleRequest(null, Object(Config\Cache), false)
 8 FCPATH\index.php(87): CodeIgniter\CodeIgniter->run()
 9 SYSTEMPATH\Commands\Server\rewrite.php(47): require_once('C:\\laragon\\www\\adonbacked\\public\\index.php')
CRITICAL - 2024-03-15 05:54:20 --> Cannot access offset of type string on string
in APPPATH\Views\admin\update_product.php on line 321.
 1 SYSTEMPATH\View\View.php(228): include()
 2 SYSTEMPATH\View\View.php(231): CodeIgniter\View\View->CodeIgniter\View\{closure}()
 3 SYSTEMPATH\Common.php(1190): CodeIgniter\View\View->render('admin/update_product', [], true)
 4 APPPATH\Controllers\AdminController.php(98): view('admin/update_product', [...])
 5 SYSTEMPATH\CodeIgniter.php(942): App\Controllers\AdminController->editProduct('1')
 6 SYSTEMPATH\CodeIgniter.php(502): CodeIgniter\CodeIgniter->runController(Object(App\Controllers\AdminController))
 7 SYSTEMPATH\CodeIgniter.php(361): CodeIgniter\CodeIgniter->handleRequest(null, Object(Config\Cache), false)
 8 FCPATH\index.php(87): CodeIgniter\CodeIgniter->run()
 9 SYSTEMPATH\Commands\Server\rewrite.php(47): require_once('C:\\laragon\\www\\adonbacked\\public\\index.php')
CRITICAL - 2024-03-15 05:55:18 --> Cannot access offset of type string on string
in APPPATH\Views\admin\update_product.php on line 321.
 1 SYSTEMPATH\View\View.php(228): include()
 2 SYSTEMPATH\View\View.php(231): CodeIgniter\View\View->CodeIgniter\View\{closure}()
 3 SYSTEMPATH\Common.php(1190): CodeIgniter\View\View->render('admin/update_product', [], true)
 4 APPPATH\Controllers\AdminController.php(102): view('admin/update_product', [...])
 5 SYSTEMPATH\CodeIgniter.php(942): App\Controllers\AdminController->editProduct('1')
 6 SYSTEMPATH\CodeIgniter.php(502): CodeIgniter\CodeIgniter->runController(Object(App\Controllers\AdminController))
 7 SYSTEMPATH\CodeIgniter.php(361): CodeIgniter\CodeIgniter->handleRequest(null, Object(Config\Cache), false)
 8 FCPATH\index.php(87): CodeIgniter\CodeIgniter->run()
 9 SYSTEMPATH\Commands\Server\rewrite.php(47): require_once('C:\\laragon\\www\\adonbacked\\public\\index.php')
CRITICAL - 2024-03-15 05:55:19 --> Cannot access offset of type string on string
in APPPATH\Views\admin\update_product.php on line 321.
 1 SYSTEMPATH\View\View.php(228): include()
 2 SYSTEMPATH\View\View.php(231): CodeIgniter\View\View->CodeIgniter\View\{closure}()
 3 SYSTEMPATH\Common.php(1190): CodeIgniter\View\View->render('admin/update_product', [], true)
 4 APPPATH\Controllers\AdminController.php(102): view('admin/update_product', [...])
 5 SYSTEMPATH\CodeIgniter.php(942): App\Controllers\AdminController->editProduct('1')
 6 SYSTEMPATH\CodeIgniter.php(502): CodeIgniter\CodeIgniter->runController(Object(App\Controllers\AdminController))
 7 SYSTEMPATH\CodeIgniter.php(361): CodeIgniter\CodeIgniter->handleRequest(null, Object(Config\Cache), false)
 8 FCPATH\index.php(87): CodeIgniter\CodeIgniter->run()
 9 SYSTEMPATH\Commands\Server\rewrite.php(47): require_once('C:\\laragon\\www\\adonbacked\\public\\index.php')
CRITICAL - 2024-03-15 05:57:00 --> Cannot access offset of type string on string
in APPPATH\Views\admin\update_product.php on line 321.
 1 SYSTEMPATH\View\View.php(228): include()
 2 SYSTEMPATH\View\View.php(231): CodeIgniter\View\View->CodeIgniter\View\{closure}()
 3 SYSTEMPATH\Common.php(1190): CodeIgniter\View\View->render('admin/update_product', [], true)
 4 APPPATH\Controllers\AdminController.php(102): view('admin/update_product', [...])
 5 SYSTEMPATH\CodeIgniter.php(942): App\Controllers\AdminController->editProduct('2')
 6 SYSTEMPATH\CodeIgniter.php(502): CodeIgniter\CodeIgniter->runController(Object(App\Controllers\AdminController))
 7 SYSTEMPATH\CodeIgniter.php(361): CodeIgniter\CodeIgniter->handleRequest(null, Object(Config\Cache), false)
 8 FCPATH\index.php(87): CodeIgniter\CodeIgniter->run()
 9 SYSTEMPATH\Commands\Server\rewrite.php(47): require_once('C:\\laragon\\www\\adonbacked\\public\\index.php')
CRITICAL - 2024-03-15 05:57:29 --> Cannot access offset of type string on string
in APPPATH\Views\admin\update_product.php on line 321.
 1 SYSTEMPATH\View\View.php(228): include()
 2 SYSTEMPATH\View\View.php(231): CodeIgniter\View\View->CodeIgniter\View\{closure}()
 3 SYSTEMPATH\Common.php(1190): CodeIgniter\View\View->render('admin/update_product', [], true)
 4 APPPATH\Controllers\AdminController.php(102): view('admin/update_product', [...])
 5 SYSTEMPATH\CodeIgniter.php(942): App\Controllers\AdminController->editProduct('2')
 6 SYSTEMPATH\CodeIgniter.php(502): CodeIgniter\CodeIgniter->runController(Object(App\Controllers\AdminController))
 7 SYSTEMPATH\CodeIgniter.php(361): CodeIgniter\CodeIgniter->handleRequest(null, Object(Config\Cache), false)
 8 FCPATH\index.php(87): CodeIgniter\CodeIgniter->run()
 9 SYSTEMPATH\Commands\Server\rewrite.php(47): require_once('C:\\laragon\\www\\adonbacked\\public\\index.php')
CRITICAL - 2024-03-15 05:57:33 --> Cannot access offset of type string on string
in APPPATH\Views\admin\update_product.php on line 321.
 1 SYSTEMPATH\View\View.php(228): include()
 2 SYSTEMPATH\View\View.php(231): CodeIgniter\View\View->CodeIgniter\View\{closure}()
 3 SYSTEMPATH\Common.php(1190): CodeIgniter\View\View->render('admin/update_product', [], true)
 4 APPPATH\Controllers\AdminController.php(102): view('admin/update_product', [...])
 5 SYSTEMPATH\CodeIgniter.php(942): App\Controllers\AdminController->editProduct('2')
 6 SYSTEMPATH\CodeIgniter.php(502): CodeIgniter\CodeIgniter->runController(Object(App\Controllers\AdminController))
 7 SYSTEMPATH\CodeIgniter.php(361): CodeIgniter\CodeIgniter->handleRequest(null, Object(Config\Cache), false)
 8 FCPATH\index.php(87): CodeIgniter\CodeIgniter->run()
 9 SYSTEMPATH\Commands\Server\rewrite.php(47): require_once('C:\\laragon\\www\\adonbacked\\public\\index.php')
CRITICAL - 2024-03-15 05:57:34 --> Cannot access offset of type string on string
in APPPATH\Views\admin\update_product.php on line 321.
 1 SYSTEMPATH\View\View.php(228): include()
 2 SYSTEMPATH\View\View.php(231): CodeIgniter\View\View->CodeIgniter\View\{closure}()
 3 SYSTEMPATH\Common.php(1190): CodeIgniter\View\View->render('admin/update_product', [], true)
 4 APPPATH\Controllers\AdminController.php(102): view('admin/update_product', [...])
 5 SYSTEMPATH\CodeIgniter.php(942): App\Controllers\AdminController->editProduct('2')
 6 SYSTEMPATH\CodeIgniter.php(502): CodeIgniter\CodeIgniter->runController(Object(App\Controllers\AdminController))
 7 SYSTEMPATH\CodeIgniter.php(361): CodeIgniter\CodeIgniter->handleRequest(null, Object(Config\Cache), false)
 8 FCPATH\index.php(87): CodeIgniter\CodeIgniter->run()
 9 SYSTEMPATH\Commands\Server\rewrite.php(47): require_once('C:\\laragon\\www\\adonbacked\\public\\index.php')
CRITICAL - 2024-03-15 05:57:34 --> Cannot access offset of type string on string
in APPPATH\Views\admin\update_product.php on line 321.
 1 SYSTEMPATH\View\View.php(228): include()
 2 SYSTEMPATH\View\View.php(231): CodeIgniter\View\View->CodeIgniter\View\{closure}()
 3 SYSTEMPATH\Common.php(1190): CodeIgniter\View\View->render('admin/update_product', [], true)
 4 APPPATH\Controllers\AdminController.php(102): view('admin/update_product', [...])
 5 SYSTEMPATH\CodeIgniter.php(942): App\Controllers\AdminController->editProduct('2')
 6 SYSTEMPATH\CodeIgniter.php(502): CodeIgniter\CodeIgniter->runController(Object(App\Controllers\AdminController))
 7 SYSTEMPATH\CodeIgniter.php(361): CodeIgniter\CodeIgniter->handleRequest(null, Object(Config\Cache), false)
 8 FCPATH\index.php(87): CodeIgniter\CodeIgniter->run()
 9 SYSTEMPATH\Commands\Server\rewrite.php(47): require_once('C:\\laragon\\www\\adonbacked\\public\\index.php')
CRITICAL - 2024-03-15 05:57:34 --> Cannot access offset of type string on string
in APPPATH\Views\admin\update_product.php on line 321.
 1 SYSTEMPATH\View\View.php(228): include()
 2 SYSTEMPATH\View\View.php(231): CodeIgniter\View\View->CodeIgniter\View\{closure}()
 3 SYSTEMPATH\Common.php(1190): CodeIgniter\View\View->render('admin/update_product', [], true)
 4 APPPATH\Controllers\AdminController.php(102): view('admin/update_product', [...])
 5 SYSTEMPATH\CodeIgniter.php(942): App\Controllers\AdminController->editProduct('2')
 6 SYSTEMPATH\CodeIgniter.php(502): CodeIgniter\CodeIgniter->runController(Object(App\Controllers\AdminController))
 7 SYSTEMPATH\CodeIgniter.php(361): CodeIgniter\CodeIgniter->handleRequest(null, Object(Config\Cache), false)
 8 FCPATH\index.php(87): CodeIgniter\CodeIgniter->run()
 9 SYSTEMPATH\Commands\Server\rewrite.php(47): require_once('C:\\laragon\\www\\adonbacked\\public\\index.php')
CRITICAL - 2024-03-15 05:57:34 --> Cannot access offset of type string on string
in APPPATH\Views\admin\update_product.php on line 321.
 1 SYSTEMPATH\View\View.php(228): include()
 2 SYSTEMPATH\View\View.php(231): CodeIgniter\View\View->CodeIgniter\View\{closure}()
 3 SYSTEMPATH\Common.php(1190): CodeIgniter\View\View->render('admin/update_product', [], true)
 4 APPPATH\Controllers\AdminController.php(102): view('admin/update_product', [...])
 5 SYSTEMPATH\CodeIgniter.php(942): App\Controllers\AdminController->editProduct('2')
 6 SYSTEMPATH\CodeIgniter.php(502): CodeIgniter\CodeIgniter->runController(Object(App\Controllers\AdminController))
 7 SYSTEMPATH\CodeIgniter.php(361): CodeIgniter\CodeIgniter->handleRequest(null, Object(Config\Cache), false)
 8 FCPATH\index.php(87): CodeIgniter\CodeIgniter->run()
 9 SYSTEMPATH\Commands\Server\rewrite.php(47): require_once('C:\\laragon\\www\\adonbacked\\public\\index.php')
CRITICAL - 2024-03-15 05:59:13 --> Attempt to read property "ProductID" on string
in APPPATH\Views\admin\update_product.php on line 321.
 1 APPPATH\Views\admin\update_product.php(321): CodeIgniter\Debug\Exceptions->errorHandler(2, 'Attempt to read property "ProductID" on string', 'C:\\laragon\\www\\adonbacked\\app\\Views\\admin\\update_product.php', 321)
 2 SYSTEMPATH\View\View.php(228): include('C:\\laragon\\www\\adonbacked\\app\\Views\\admin\\update_product.php')
 3 SYSTEMPATH\View\View.php(231): CodeIgniter\View\View->CodeIgniter\View\{closure}()
 4 SYSTEMPATH\Common.php(1190): CodeIgniter\View\View->render('admin/update_product', [], true)
 5 APPPATH\Controllers\AdminController.php(102): view('admin/update_product', [...])
 6 SYSTEMPATH\CodeIgniter.php(942): App\Controllers\AdminController->editProduct('2')
 7 SYSTEMPATH\CodeIgniter.php(502): CodeIgniter\CodeIgniter->runController(Object(App\Controllers\AdminController))
 8 SYSTEMPATH\CodeIgniter.php(361): CodeIgniter\CodeIgniter->handleRequest(null, Object(Config\Cache), false)
 9 FCPATH\index.php(87): CodeIgniter\CodeIgniter->run()
10 SYSTEMPATH\Commands\Server\rewrite.php(47): require_once('C:\\laragon\\www\\adonbacked\\public\\index.php')
CRITICAL - 2024-03-15 06:02:19 --> Attempt to read property "ProductID" on string
in APPPATH\Views\admin\update_product.php on line 321.
 1 APPPATH\Views\admin\update_product.php(321): CodeIgniter\Debug\Exceptions->errorHandler(2, 'Attempt to read property "ProductID" on string', 'C:\\laragon\\www\\adonbacked\\app\\Views\\admin\\update_product.php', 321)
 2 SYSTEMPATH\View\View.php(228): include('C:\\laragon\\www\\adonbacked\\app\\Views\\admin\\update_product.php')
 3 SYSTEMPATH\View\View.php(231): CodeIgniter\View\View->CodeIgniter\View\{closure}()
 4 SYSTEMPATH\Common.php(1190): CodeIgniter\View\View->render('admin/update_product', [], true)
 5 APPPATH\Controllers\AdminController.php(102): view('admin/update_product', [...])
 6 SYSTEMPATH\CodeIgniter.php(942): App\Controllers\AdminController->editProduct('2')
 7 SYSTEMPATH\CodeIgniter.php(502): CodeIgniter\CodeIgniter->runController(Object(App\Controllers\AdminController))
 8 SYSTEMPATH\CodeIgniter.php(361): CodeIgniter\CodeIgniter->handleRequest(null, Object(Config\Cache), false)
 9 FCPATH\index.php(87): CodeIgniter\CodeIgniter->run()
10 SYSTEMPATH\Commands\Server\rewrite.php(47): require_once('C:\\laragon\\www\\adonbacked\\public\\index.php')
CRITICAL - 2024-03-15 06:02:21 --> Attempt to read property "ProductID" on string
in APPPATH\Views\admin\update_product.php on line 321.
 1 APPPATH\Views\admin\update_product.php(321): CodeIgniter\Debug\Exceptions->errorHandler(2, 'Attempt to read property "ProductID" on string', 'C:\\laragon\\www\\adonbacked\\app\\Views\\admin\\update_product.php', 321)
 2 SYSTEMPATH\View\View.php(228): include('C:\\laragon\\www\\adonbacked\\app\\Views\\admin\\update_product.php')
 3 SYSTEMPATH\View\View.php(231): CodeIgniter\View\View->CodeIgniter\View\{closure}()
 4 SYSTEMPATH\Common.php(1190): CodeIgniter\View\View->render('admin/update_product', [], true)
 5 APPPATH\Controllers\AdminController.php(102): view('admin/update_product', [...])
 6 SYSTEMPATH\CodeIgniter.php(942): App\Controllers\AdminController->editProduct('2')
 7 SYSTEMPATH\CodeIgniter.php(502): CodeIgniter\CodeIgniter->runController(Object(App\Controllers\AdminController))
 8 SYSTEMPATH\CodeIgniter.php(361): CodeIgniter\CodeIgniter->handleRequest(null, Object(Config\Cache), false)
 9 FCPATH\index.php(87): CodeIgniter\CodeIgniter->run()
10 SYSTEMPATH\Commands\Server\rewrite.php(47): require_once('C:\\laragon\\www\\adonbacked\\public\\index.php')
CRITICAL - 2024-03-15 06:03:23 --> Undefined variable $product
in APPPATH\Controllers\AdminController.php on line 102.
 1 APPPATH\Controllers\AdminController.php(102): CodeIgniter\Debug\Exceptions->errorHandler(2, 'Undefined variable $product', 'C:\\laragon\\www\\adonbacked\\app\\Controllers\\AdminController.php', 102)
 2 SYSTEMPATH\CodeIgniter.php(942): App\Controllers\AdminController->editProduct('2')
 3 SYSTEMPATH\CodeIgniter.php(502): CodeIgniter\CodeIgniter->runController(Object(App\Controllers\AdminController))
 4 SYSTEMPATH\CodeIgniter.php(361): CodeIgniter\CodeIgniter->handleRequest(null, Object(Config\Cache), false)
 5 FCPATH\index.php(87): CodeIgniter\CodeIgniter->run()
 6 SYSTEMPATH\Commands\Server\rewrite.php(47): require_once('C:\\laragon\\www\\adonbacked\\public\\index.php')
CRITICAL - 2024-03-15 06:03:44 --> Undefined variable $products
in APPPATH\Views\admin\update_product.php on line 317.
 1 APPPATH\Views\admin\update_product.php(317): CodeIgniter\Debug\Exceptions->errorHandler(2, 'Undefined variable $products', 'C:\\laragon\\www\\adonbacked\\app\\Views\\admin\\update_product.php', 317)
 2 SYSTEMPATH\View\View.php(228): include('C:\\laragon\\www\\adonbacked\\app\\Views\\admin\\update_product.php')
 3 SYSTEMPATH\View\View.php(231): CodeIgniter\View\View->CodeIgniter\View\{closure}()
 4 SYSTEMPATH\Common.php(1190): CodeIgniter\View\View->render('admin/update_product', [], true)
 5 APPPATH\Controllers\AdminController.php(102): view('admin/update_product', [...])
 6 SYSTEMPATH\CodeIgniter.php(942): App\Controllers\AdminController->editProduct('2')
 7 SYSTEMPATH\CodeIgniter.php(502): CodeIgniter\CodeIgniter->runController(Object(App\Controllers\AdminController))
 8 SYSTEMPATH\CodeIgniter.php(361): CodeIgniter\CodeIgniter->handleRequest(null, Object(Config\Cache), false)
 9 FCPATH\index.php(87): CodeIgniter\CodeIgniter->run()
10 SYSTEMPATH\Commands\Server\rewrite.php(47): require_once('C:\\laragon\\www\\adonbacked\\public\\index.php')
CRITICAL - 2024-03-15 06:04:02 --> Attempt to read property "ProductID" on string
in APPPATH\Views\admin\update_product.php on line 321.
 1 APPPATH\Views\admin\update_product.php(321): CodeIgniter\Debug\Exceptions->errorHandler(2, 'Attempt to read property "ProductID" on string', 'C:\\laragon\\www\\adonbacked\\app\\Views\\admin\\update_product.php', 321)
 2 SYSTEMPATH\View\View.php(228): include('C:\\laragon\\www\\adonbacked\\app\\Views\\admin\\update_product.php')
 3 SYSTEMPATH\View\View.php(231): CodeIgniter\View\View->CodeIgniter\View\{closure}()
 4 SYSTEMPATH\Common.php(1190): CodeIgniter\View\View->render('admin/update_product', [], true)
 5 APPPATH\Controllers\AdminController.php(102): view('admin/update_product', [...])
 6 SYSTEMPATH\CodeIgniter.php(942): App\Controllers\AdminController->editProduct('2')
 7 SYSTEMPATH\CodeIgniter.php(502): CodeIgniter\CodeIgniter->runController(Object(App\Controllers\AdminController))
 8 SYSTEMPATH\CodeIgniter.php(361): CodeIgniter\CodeIgniter->handleRequest(null, Object(Config\Cache), false)
 9 FCPATH\index.php(87): CodeIgniter\CodeIgniter->run()
10 SYSTEMPATH\Commands\Server\rewrite.php(47): require_once('C:\\laragon\\www\\adonbacked\\public\\index.php')
CRITICAL - 2024-03-15 06:05:22 --> Attempt to read property "ProductID" on array
in APPPATH\Views\admin\update_product.php on line 320.
 1 APPPATH\Views\admin\update_product.php(320): CodeIgniter\Debug\Exceptions->errorHandler(2, 'Attempt to read property "ProductID" on array', 'C:\\laragon\\www\\adonbacked\\app\\Views\\admin\\update_product.php', 320)
 2 SYSTEMPATH\View\View.php(228): include('C:\\laragon\\www\\adonbacked\\app\\Views\\admin\\update_product.php')
 3 SYSTEMPATH\View\View.php(231): CodeIgniter\View\View->CodeIgniter\View\{closure}()
 4 SYSTEMPATH\Common.php(1190): CodeIgniter\View\View->render('admin/update_product', [], true)
 5 APPPATH\Controllers\AdminController.php(102): view('admin/update_product', [...])
 6 SYSTEMPATH\CodeIgniter.php(942): App\Controllers\AdminController->editProduct('2')
 7 SYSTEMPATH\CodeIgniter.php(502): CodeIgniter\CodeIgniter->runController(Object(App\Controllers\AdminController))
 8 SYSTEMPATH\CodeIgniter.php(361): CodeIgniter\CodeIgniter->handleRequest(null, Object(Config\Cache), false)
 9 FCPATH\index.php(87): CodeIgniter\CodeIgniter->run()
10 SYSTEMPATH\Commands\Server\rewrite.php(47): require_once('C:\\laragon\\www\\adonbacked\\public\\index.php')
CRITICAL - 2024-03-15 06:05:24 --> Attempt to read property "ProductID" on array
in APPPATH\Views\admin\update_product.php on line 320.
 1 APPPATH\Views\admin\update_product.php(320): CodeIgniter\Debug\Exceptions->errorHandler(2, 'Attempt to read property "ProductID" on array', 'C:\\laragon\\www\\adonbacked\\app\\Views\\admin\\update_product.php', 320)
 2 SYSTEMPATH\View\View.php(228): include('C:\\laragon\\www\\adonbacked\\app\\Views\\admin\\update_product.php')
 3 SYSTEMPATH\View\View.php(231): CodeIgniter\View\View->CodeIgniter\View\{closure}()
 4 SYSTEMPATH\Common.php(1190): CodeIgniter\View\View->render('admin/update_product', [], true)
 5 APPPATH\Controllers\AdminController.php(102): view('admin/update_product', [...])
 6 SYSTEMPATH\CodeIgniter.php(942): App\Controllers\AdminController->editProduct('2')
 7 SYSTEMPATH\CodeIgniter.php(502): CodeIgniter\CodeIgniter->runController(Object(App\Controllers\AdminController))
 8 SYSTEMPATH\CodeIgniter.php(361): CodeIgniter\CodeIgniter->handleRequest(null, Object(Config\Cache), false)
 9 FCPATH\index.php(87): CodeIgniter\CodeIgniter->run()
10 SYSTEMPATH\Commands\Server\rewrite.php(47): require_once('C:\\laragon\\www\\adonbacked\\public\\index.php')
CRITICAL - 2024-03-15 06:05:24 --> Attempt to read property "ProductID" on array
in APPPATH\Views\admin\update_product.php on line 320.
 1 APPPATH\Views\admin\update_product.php(320): CodeIgniter\Debug\Exceptions->errorHandler(2, 'Attempt to read property "ProductID" on array', 'C:\\laragon\\www\\adonbacked\\app\\Views\\admin\\update_product.php', 320)
 2 SYSTEMPATH\View\View.php(228): include('C:\\laragon\\www\\adonbacked\\app\\Views\\admin\\update_product.php')
 3 SYSTEMPATH\View\View.php(231): CodeIgniter\View\View->CodeIgniter\View\{closure}()
 4 SYSTEMPATH\Common.php(1190): CodeIgniter\View\View->render('admin/update_product', [], true)
 5 APPPATH\Controllers\AdminController.php(102): view('admin/update_product', [...])
 6 SYSTEMPATH\CodeIgniter.php(942): App\Controllers\AdminController->editProduct('2')
 7 SYSTEMPATH\CodeIgniter.php(502): CodeIgniter\CodeIgniter->runController(Object(App\Controllers\AdminController))
 8 SYSTEMPATH\CodeIgniter.php(361): CodeIgniter\CodeIgniter->handleRequest(null, Object(Config\Cache), false)
 9 FCPATH\index.php(87): CodeIgniter\CodeIgniter->run()
10 SYSTEMPATH\Commands\Server\rewrite.php(47): require_once('C:\\laragon\\www\\adonbacked\\public\\index.php')
CRITICAL - 2024-03-15 06:05:25 --> Attempt to read property "ProductID" on array
in APPPATH\Views\admin\update_product.php on line 320.
 1 APPPATH\Views\admin\update_product.php(320): CodeIgniter\Debug\Exceptions->errorHandler(2, 'Attempt to read property "ProductID" on array', 'C:\\laragon\\www\\adonbacked\\app\\Views\\admin\\update_product.php', 320)
 2 SYSTEMPATH\View\View.php(228): include('C:\\laragon\\www\\adonbacked\\app\\Views\\admin\\update_product.php')
 3 SYSTEMPATH\View\View.php(231): CodeIgniter\View\View->CodeIgniter\View\{closure}()
 4 SYSTEMPATH\Common.php(1190): CodeIgniter\View\View->render('admin/update_product', [], true)
 5 APPPATH\Controllers\AdminController.php(102): view('admin/update_product', [...])
 6 SYSTEMPATH\CodeIgniter.php(942): App\Controllers\AdminController->editProduct('2')
 7 SYSTEMPATH\CodeIgniter.php(502): CodeIgniter\CodeIgniter->runController(Object(App\Controllers\AdminController))
 8 SYSTEMPATH\CodeIgniter.php(361): CodeIgniter\CodeIgniter->handleRequest(null, Object(Config\Cache), false)
 9 FCPATH\index.php(87): CodeIgniter\CodeIgniter->run()
10 SYSTEMPATH\Commands\Server\rewrite.php(47): require_once('C:\\laragon\\www\\adonbacked\\public\\index.php')
CRITICAL - 2024-03-15 06:05:25 --> Attempt to read property "ProductID" on array
in APPPATH\Views\admin\update_product.php on line 320.
 1 APPPATH\Views\admin\update_product.php(320): CodeIgniter\Debug\Exceptions->errorHandler(2, 'Attempt to read property "ProductID" on array', 'C:\\laragon\\www\\adonbacked\\app\\Views\\admin\\update_product.php', 320)
 2 SYSTEMPATH\View\View.php(228): include('C:\\laragon\\www\\adonbacked\\app\\Views\\admin\\update_product.php')
 3 SYSTEMPATH\View\View.php(231): CodeIgniter\View\View->CodeIgniter\View\{closure}()
 4 SYSTEMPATH\Common.php(1190): CodeIgniter\View\View->render('admin/update_product', [], true)
 5 APPPATH\Controllers\AdminController.php(102): view('admin/update_product', [...])
 6 SYSTEMPATH\CodeIgniter.php(942): App\Controllers\AdminController->editProduct('2')
 7 SYSTEMPATH\CodeIgniter.php(502): CodeIgniter\CodeIgniter->runController(Object(App\Controllers\AdminController))
 8 SYSTEMPATH\CodeIgniter.php(361): CodeIgniter\CodeIgniter->handleRequest(null, Object(Config\Cache), false)
 9 FCPATH\index.php(87): CodeIgniter\CodeIgniter->run()
10 SYSTEMPATH\Commands\Server\rewrite.php(47): require_once('C:\\laragon\\www\\adonbacked\\public\\index.php')
CRITICAL - 2024-03-15 06:05:25 --> Attempt to read property "ProductID" on array
in APPPATH\Views\admin\update_product.php on line 320.
 1 APPPATH\Views\admin\update_product.php(320): CodeIgniter\Debug\Exceptions->errorHandler(2, 'Attempt to read property "ProductID" on array', 'C:\\laragon\\www\\adonbacked\\app\\Views\\admin\\update_product.php', 320)
 2 SYSTEMPATH\View\View.php(228): include('C:\\laragon\\www\\adonbacked\\app\\Views\\admin\\update_product.php')
 3 SYSTEMPATH\View\View.php(231): CodeIgniter\View\View->CodeIgniter\View\{closure}()
 4 SYSTEMPATH\Common.php(1190): CodeIgniter\View\View->render('admin/update_product', [], true)
 5 APPPATH\Controllers\AdminController.php(102): view('admin/update_product', [...])
 6 SYSTEMPATH\CodeIgniter.php(942): App\Controllers\AdminController->editProduct('2')
 7 SYSTEMPATH\CodeIgniter.php(502): CodeIgniter\CodeIgniter->runController(Object(App\Controllers\AdminController))
 8 SYSTEMPATH\CodeIgniter.php(361): CodeIgniter\CodeIgniter->handleRequest(null, Object(Config\Cache), false)
 9 FCPATH\index.php(87): CodeIgniter\CodeIgniter->run()
10 SYSTEMPATH\Commands\Server\rewrite.php(47): require_once('C:\\laragon\\www\\adonbacked\\public\\index.php')
CRITICAL - 2024-03-15 06:05:25 --> Attempt to read property "ProductID" on array
in APPPATH\Views\admin\update_product.php on line 320.
 1 APPPATH\Views\admin\update_product.php(320): CodeIgniter\Debug\Exceptions->errorHandler(2, 'Attempt to read property "ProductID" on array', 'C:\\laragon\\www\\adonbacked\\app\\Views\\admin\\update_product.php', 320)
 2 SYSTEMPATH\View\View.php(228): include('C:\\laragon\\www\\adonbacked\\app\\Views\\admin\\update_product.php')
 3 SYSTEMPATH\View\View.php(231): CodeIgniter\View\View->CodeIgniter\View\{closure}()
 4 SYSTEMPATH\Common.php(1190): CodeIgniter\View\View->render('admin/update_product', [], true)
 5 APPPATH\Controllers\AdminController.php(102): view('admin/update_product', [...])
 6 SYSTEMPATH\CodeIgniter.php(942): App\Controllers\AdminController->editProduct('2')
 7 SYSTEMPATH\CodeIgniter.php(502): CodeIgniter\CodeIgniter->runController(Object(App\Controllers\AdminController))
 8 SYSTEMPATH\CodeIgniter.php(361): CodeIgniter\CodeIgniter->handleRequest(null, Object(Config\Cache), false)
 9 FCPATH\index.php(87): CodeIgniter\CodeIgniter->run()
10 SYSTEMPATH\Commands\Server\rewrite.php(47): require_once('C:\\laragon\\www\\adonbacked\\public\\index.php')
CRITICAL - 2024-03-15 06:05:26 --> Attempt to read property "ProductID" on array
in APPPATH\Views\admin\update_product.php on line 320.
 1 APPPATH\Views\admin\update_product.php(320): CodeIgniter\Debug\Exceptions->errorHandler(2, 'Attempt to read property "ProductID" on array', 'C:\\laragon\\www\\adonbacked\\app\\Views\\admin\\update_product.php', 320)
 2 SYSTEMPATH\View\View.php(228): include('C:\\laragon\\www\\adonbacked\\app\\Views\\admin\\update_product.php')
 3 SYSTEMPATH\View\View.php(231): CodeIgniter\View\View->CodeIgniter\View\{closure}()
 4 SYSTEMPATH\Common.php(1190): CodeIgniter\View\View->render('admin/update_product', [], true)
 5 APPPATH\Controllers\AdminController.php(102): view('admin/update_product', [...])
 6 SYSTEMPATH\CodeIgniter.php(942): App\Controllers\AdminController->editProduct('2')
 7 SYSTEMPATH\CodeIgniter.php(502): CodeIgniter\CodeIgniter->runController(Object(App\Controllers\AdminController))
 8 SYSTEMPATH\CodeIgniter.php(361): CodeIgniter\CodeIgniter->handleRequest(null, Object(Config\Cache), false)
 9 FCPATH\index.php(87): CodeIgniter\CodeIgniter->run()
10 SYSTEMPATH\Commands\Server\rewrite.php(47): require_once('C:\\laragon\\www\\adonbacked\\public\\index.php')
CRITICAL - 2024-03-15 06:05:26 --> Attempt to read property "ProductID" on array
in APPPATH\Views\admin\update_product.php on line 320.
 1 APPPATH\Views\admin\update_product.php(320): CodeIgniter\Debug\Exceptions->errorHandler(2, 'Attempt to read property "ProductID" on array', 'C:\\laragon\\www\\adonbacked\\app\\Views\\admin\\update_product.php', 320)
 2 SYSTEMPATH\View\View.php(228): include('C:\\laragon\\www\\adonbacked\\app\\Views\\admin\\update_product.php')
 3 SYSTEMPATH\View\View.php(231): CodeIgniter\View\View->CodeIgniter\View\{closure}()
 4 SYSTEMPATH\Common.php(1190): CodeIgniter\View\View->render('admin/update_product', [], true)
 5 APPPATH\Controllers\AdminController.php(102): view('admin/update_product', [...])
 6 SYSTEMPATH\CodeIgniter.php(942): App\Controllers\AdminController->editProduct('2')
 7 SYSTEMPATH\CodeIgniter.php(502): CodeIgniter\CodeIgniter->runController(Object(App\Controllers\AdminController))
 8 SYSTEMPATH\CodeIgniter.php(361): CodeIgniter\CodeIgniter->handleRequest(null, Object(Config\Cache), false)
 9 FCPATH\index.php(87): CodeIgniter\CodeIgniter->run()
10 SYSTEMPATH\Commands\Server\rewrite.php(47): require_once('C:\\laragon\\www\\adonbacked\\public\\index.php')
CRITICAL - 2024-03-15 06:05:27 --> Attempt to read property "ProductID" on array
in APPPATH\Views\admin\update_product.php on line 320.
 1 APPPATH\Views\admin\update_product.php(320): CodeIgniter\Debug\Exceptions->errorHandler(2, 'Attempt to read property "ProductID" on array', 'C:\\laragon\\www\\adonbacked\\app\\Views\\admin\\update_product.php', 320)
 2 SYSTEMPATH\View\View.php(228): include('C:\\laragon\\www\\adonbacked\\app\\Views\\admin\\update_product.php')
 3 SYSTEMPATH\View\View.php(231): CodeIgniter\View\View->CodeIgniter\View\{closure}()
 4 SYSTEMPATH\Common.php(1190): CodeIgniter\View\View->render('admin/update_product', [], true)
 5 APPPATH\Controllers\AdminController.php(102): view('admin/update_product', [...])
 6 SYSTEMPATH\CodeIgniter.php(942): App\Controllers\AdminController->editProduct('2')
 7 SYSTEMPATH\CodeIgniter.php(502): CodeIgniter\CodeIgniter->runController(Object(App\Controllers\AdminController))
 8 SYSTEMPATH\CodeIgniter.php(361): CodeIgniter\CodeIgniter->handleRequest(null, Object(Config\Cache), false)
 9 FCPATH\index.php(87): CodeIgniter\CodeIgniter->run()
10 SYSTEMPATH\Commands\Server\rewrite.php(47): require_once('C:\\laragon\\www\\adonbacked\\public\\index.php')
CRITICAL - 2024-03-15 06:05:28 --> Attempt to read property "ProductID" on array
in APPPATH\Views\admin\update_product.php on line 320.
 1 APPPATH\Views\admin\update_product.php(320): CodeIgniter\Debug\Exceptions->errorHandler(2, 'Attempt to read property "ProductID" on array', 'C:\\laragon\\www\\adonbacked\\app\\Views\\admin\\update_product.php', 320)
 2 SYSTEMPATH\View\View.php(228): include('C:\\laragon\\www\\adonbacked\\app\\Views\\admin\\update_product.php')
 3 SYSTEMPATH\View\View.php(231): CodeIgniter\View\View->CodeIgniter\View\{closure}()
 4 SYSTEMPATH\Common.php(1190): CodeIgniter\View\View->render('admin/update_product', [], true)
 5 APPPATH\Controllers\AdminController.php(102): view('admin/update_product', [...])
 6 SYSTEMPATH\CodeIgniter.php(942): App\Controllers\AdminController->editProduct('2')
 7 SYSTEMPATH\CodeIgniter.php(502): CodeIgniter\CodeIgniter->runController(Object(App\Controllers\AdminController))
 8 SYSTEMPATH\CodeIgniter.php(361): CodeIgniter\CodeIgniter->handleRequest(null, Object(Config\Cache), false)
 9 FCPATH\index.php(87): CodeIgniter\CodeIgniter->run()
10 SYSTEMPATH\Commands\Server\rewrite.php(47): require_once('C:\\laragon\\www\\adonbacked\\public\\index.php')
CRITICAL - 2024-03-15 06:05:28 --> Attempt to read property "ProductID" on array
in APPPATH\Views\admin\update_product.php on line 320.
 1 APPPATH\Views\admin\update_product.php(320): CodeIgniter\Debug\Exceptions->errorHandler(2, 'Attempt to read property "ProductID" on array', 'C:\\laragon\\www\\adonbacked\\app\\Views\\admin\\update_product.php', 320)
 2 SYSTEMPATH\View\View.php(228): include('C:\\laragon\\www\\adonbacked\\app\\Views\\admin\\update_product.php')
 3 SYSTEMPATH\View\View.php(231): CodeIgniter\View\View->CodeIgniter\View\{closure}()
 4 SYSTEMPATH\Common.php(1190): CodeIgniter\View\View->render('admin/update_product', [], true)
 5 APPPATH\Controllers\AdminController.php(102): view('admin/update_product', [...])
 6 SYSTEMPATH\CodeIgniter.php(942): App\Controllers\AdminController->editProduct('2')
 7 SYSTEMPATH\CodeIgniter.php(502): CodeIgniter\CodeIgniter->runController(Object(App\Controllers\AdminController))
 8 SYSTEMPATH\CodeIgniter.php(361): CodeIgniter\CodeIgniter->handleRequest(null, Object(Config\Cache), false)
 9 FCPATH\index.php(87): CodeIgniter\CodeIgniter->run()
10 SYSTEMPATH\Commands\Server\rewrite.php(47): require_once('C:\\laragon\\www\\adonbacked\\public\\index.php')
CRITICAL - 2024-03-15 06:22:52 --> Call to a member function isValid() on null
in APPPATH\Controllers\AdminController.php on line 113.
 1 SYSTEMPATH\CodeIgniter.php(942): App\Controllers\AdminController->updateProduct()
 2 SYSTEMPATH\CodeIgniter.php(502): CodeIgniter\CodeIgniter->runController(Object(App\Controllers\AdminController))
 3 SYSTEMPATH\CodeIgniter.php(361): CodeIgniter\CodeIgniter->handleRequest(null, Object(Config\Cache), false)
 4 FCPATH\index.php(87): CodeIgniter\CodeIgniter->run()
 5 SYSTEMPATH\Commands\Server\rewrite.php(47): require_once('C:\\laragon\\www\\adonbacked\\public\\index.php')
CRITICAL - 2024-03-15 06:24:04 --> Call to a member function isValid() on null
in APPPATH\Controllers\AdminController.php on line 113.
 1 SYSTEMPATH\CodeIgniter.php(942): App\Controllers\AdminController->updateProduct()
 2 SYSTEMPATH\CodeIgniter.php(502): CodeIgniter\CodeIgniter->runController(Object(App\Controllers\AdminController))
 3 SYSTEMPATH\CodeIgniter.php(361): CodeIgniter\CodeIgniter->handleRequest(null, Object(Config\Cache), false)
 4 FCPATH\index.php(87): CodeIgniter\CodeIgniter->run()
 5 SYSTEMPATH\Commands\Server\rewrite.php(47): require_once('C:\\laragon\\www\\adonbacked\\public\\index.php')
CRITICAL - 2024-03-15 06:25:04 --> Undefined array key 1
in APPPATH\Controllers\AdminController.php on line 130.
 1 APPPATH\Controllers\AdminController.php(130): CodeIgniter\Debug\Exceptions->errorHandler(2, 'Undefined array key 1', 'C:\\laragon\\www\\adonbacked\\app\\Controllers\\AdminController.php', 130)
 2 SYSTEMPATH\CodeIgniter.php(942): App\Controllers\AdminController->updateProduct()
 3 SYSTEMPATH\CodeIgniter.php(502): CodeIgniter\CodeIgniter->runController(Object(App\Controllers\AdminController))
 4 SYSTEMPATH\CodeIgniter.php(361): CodeIgniter\CodeIgniter->handleRequest(null, Object(Config\Cache), false)
 5 FCPATH\index.php(87): CodeIgniter\CodeIgniter->run()
 6 SYSTEMPATH\Commands\Server\rewrite.php(47): require_once('C:\\laragon\\www\\adonbacked\\public\\index.php')
CRITICAL - 2024-03-15 06:29:22 --> Undefined array key 1
in APPPATH\Controllers\AdminController.php on line 131.
 1 APPPATH\Controllers\AdminController.php(131): CodeIgniter\Debug\Exceptions->errorHandler(2, 'Undefined array key 1', 'C:\\laragon\\www\\adonbacked\\app\\Controllers\\AdminController.php', 131)
 2 SYSTEMPATH\CodeIgniter.php(942): App\Controllers\AdminController->updateProduct()
 3 SYSTEMPATH\CodeIgniter.php(502): CodeIgniter\CodeIgniter->runController(Object(App\Controllers\AdminController))
 4 SYSTEMPATH\CodeIgniter.php(361): CodeIgniter\CodeIgniter->handleRequest(null, Object(Config\Cache), false)
 5 FCPATH\index.php(87): CodeIgniter\CodeIgniter->run()
 6 SYSTEMPATH\Commands\Server\rewrite.php(47): require_once('C:\\laragon\\www\\adonbacked\\public\\index.php')
CRITICAL - 2024-03-15 06:30:44 --> Undefined array key 1
in APPPATH\Controllers\AdminController.php on line 132.
 1 APPPATH\Controllers\AdminController.php(132): CodeIgniter\Debug\Exceptions->errorHandler(2, 'Undefined array key 1', 'C:\\laragon\\www\\adonbacked\\app\\Controllers\\AdminController.php', 132)
 2 SYSTEMPATH\CodeIgniter.php(942): App\Controllers\AdminController->updateProduct()
 3 SYSTEMPATH\CodeIgniter.php(502): CodeIgniter\CodeIgniter->runController(Object(App\Controllers\AdminController))
 4 SYSTEMPATH\CodeIgniter.php(361): CodeIgniter\CodeIgniter->handleRequest(null, Object(Config\Cache), false)
 5 FCPATH\index.php(87): CodeIgniter\CodeIgniter->run()
 6 SYSTEMPATH\Commands\Server\rewrite.php(47): require_once('C:\\laragon\\www\\adonbacked\\public\\index.php')
CRITICAL - 2024-03-15 06:30:49 --> Undefined array key 1
in APPPATH\Controllers\AdminController.php on line 132.
 1 APPPATH\Controllers\AdminController.php(132): CodeIgniter\Debug\Exceptions->errorHandler(2, 'Undefined array key 1', 'C:\\laragon\\www\\adonbacked\\app\\Controllers\\AdminController.php', 132)
 2 SYSTEMPATH\CodeIgniter.php(942): App\Controllers\AdminController->updateProduct()
 3 SYSTEMPATH\CodeIgniter.php(502): CodeIgniter\CodeIgniter->runController(Object(App\Controllers\AdminController))
 4 SYSTEMPATH\CodeIgniter.php(361): CodeIgniter\CodeIgniter->handleRequest(null, Object(Config\Cache), false)
 5 FCPATH\index.php(87): CodeIgniter\CodeIgniter->run()
 6 SYSTEMPATH\Commands\Server\rewrite.php(47): require_once('C:\\laragon\\www\\adonbacked\\public\\index.php')
CRITICAL - 2024-03-15 06:30:52 --> Undefined array key 1
in APPPATH\Controllers\AdminController.php on line 132.
 1 APPPATH\Controllers\AdminController.php(132): CodeIgniter\Debug\Exceptions->errorHandler(2, 'Undefined array key 1', 'C:\\laragon\\www\\adonbacked\\app\\Controllers\\AdminController.php', 132)
 2 SYSTEMPATH\CodeIgniter.php(942): App\Controllers\AdminController->updateProduct()
 3 SYSTEMPATH\CodeIgniter.php(502): CodeIgniter\CodeIgniter->runController(Object(App\Controllers\AdminController))
 4 SYSTEMPATH\CodeIgniter.php(361): CodeIgniter\CodeIgniter->handleRequest(null, Object(Config\Cache), false)
 5 FCPATH\index.php(87): CodeIgniter\CodeIgniter->run()
 6 SYSTEMPATH\Commands\Server\rewrite.php(47): require_once('C:\\laragon\\www\\adonbacked\\public\\index.php')
CRITICAL - 2024-03-15 06:31:00 --> Undefined array key 1
in APPPATH\Controllers\AdminController.php on line 132.
 1 APPPATH\Controllers\AdminController.php(132): CodeIgniter\Debug\Exceptions->errorHandler(2, 'Undefined array key 1', 'C:\\laragon\\www\\adonbacked\\app\\Controllers\\AdminController.php', 132)
 2 SYSTEMPATH\CodeIgniter.php(942): App\Controllers\AdminController->updateProduct()
 3 SYSTEMPATH\CodeIgniter.php(502): CodeIgniter\CodeIgniter->runController(Object(App\Controllers\AdminController))
 4 SYSTEMPATH\CodeIgniter.php(361): CodeIgniter\CodeIgniter->handleRequest(null, Object(Config\Cache), false)
 5 FCPATH\index.php(87): CodeIgniter\CodeIgniter->run()
 6 SYSTEMPATH\Commands\Server\rewrite.php(47): require_once('C:\\laragon\\www\\adonbacked\\public\\index.php')
CRITICAL - 2024-03-15 06:31:27 --> Undefined array key 1
in APPPATH\Controllers\AdminController.php on line 132.
 1 APPPATH\Controllers\AdminController.php(132): CodeIgniter\Debug\Exceptions->errorHandler(2, 'Undefined array key 1', 'C:\\laragon\\www\\adonbacked\\app\\Controllers\\AdminController.php', 132)
 2 SYSTEMPATH\CodeIgniter.php(942): App\Controllers\AdminController->updateProduct()
 3 SYSTEMPATH\CodeIgniter.php(502): CodeIgniter\CodeIgniter->runController(Object(App\Controllers\AdminController))
 4 SYSTEMPATH\CodeIgniter.php(361): CodeIgniter\CodeIgniter->handleRequest(null, Object(Config\Cache), false)
 5 FCPATH\index.php(87): CodeIgniter\CodeIgniter->run()
 6 SYSTEMPATH\Commands\Server\rewrite.php(47): require_once('C:\\laragon\\www\\adonbacked\\public\\index.php')
CRITICAL - 2024-03-15 06:32:51 --> Undefined array key 2
in APPPATH\Controllers\AdminController.php on line 132.
 1 APPPATH\Controllers\AdminController.php(132): CodeIgniter\Debug\Exceptions->errorHandler(2, 'Undefined array key 2', 'C:\\laragon\\www\\adonbacked\\app\\Controllers\\AdminController.php', 132)
 2 SYSTEMPATH\CodeIgniter.php(942): App\Controllers\AdminController->updateProduct()
 3 SYSTEMPATH\CodeIgniter.php(502): CodeIgniter\CodeIgniter->runController(Object(App\Controllers\AdminController))
 4 SYSTEMPATH\CodeIgniter.php(361): CodeIgniter\CodeIgniter->handleRequest(null, Object(Config\Cache), false)
 5 FCPATH\index.php(87): CodeIgniter\CodeIgniter->run()
 6 SYSTEMPATH\Commands\Server\rewrite.php(47): require_once('C:\\laragon\\www\\adonbacked\\public\\index.php')
CRITICAL - 2024-03-15 07:39:52 --> Call to a member function isValid() on null
in APPPATH\Controllers\AdminController.php on line 125.
 1 SYSTEMPATH\CodeIgniter.php(942): App\Controllers\AdminController->updateProduct()
 2 SYSTEMPATH\CodeIgniter.php(502): CodeIgniter\CodeIgniter->runController(Object(App\Controllers\AdminController))
 3 SYSTEMPATH\CodeIgniter.php(361): CodeIgniter\CodeIgniter->handleRequest(null, Object(Config\Cache), false)
 4 FCPATH\index.php(87): CodeIgniter\CodeIgniter->run()
 5 SYSTEMPATH\Commands\Server\rewrite.php(47): require_once('C:\\laragon\\www\\adonbacked\\public\\index.php')
CRITICAL - 2024-03-15 07:41:19 --> Call to a member function isValid() on null
in APPPATH\Controllers\AdminController.php on line 125.
 1 SYSTEMPATH\CodeIgniter.php(942): App\Controllers\AdminController->updateProduct()
 2 SYSTEMPATH\CodeIgniter.php(502): CodeIgniter\CodeIgniter->runController(Object(App\Controllers\AdminController))
 3 SYSTEMPATH\CodeIgniter.php(361): CodeIgniter\CodeIgniter->handleRequest(null, Object(Config\Cache), false)
 4 FCPATH\index.php(87): CodeIgniter\CodeIgniter->run()
 5 SYSTEMPATH\Commands\Server\rewrite.php(47): require_once('C:\\laragon\\www\\adonbacked\\public\\index.php')
CRITICAL - 2024-03-15 07:43:37 --> Call to a member function isValid() on null
in APPPATH\Controllers\AdminController.php on line 125.
 1 SYSTEMPATH\CodeIgniter.php(942): App\Controllers\AdminController->updateProduct()
 2 SYSTEMPATH\CodeIgniter.php(502): CodeIgniter\CodeIgniter->runController(Object(App\Controllers\AdminController))
 3 SYSTEMPATH\CodeIgniter.php(361): CodeIgniter\CodeIgniter->handleRequest(null, Object(Config\Cache), false)
 4 FCPATH\index.php(87): CodeIgniter\CodeIgniter->run()
 5 SYSTEMPATH\Commands\Server\rewrite.php(47): require_once('C:\\laragon\\www\\adonbacked\\public\\index.php')
CRITICAL - 2024-03-15 07:52:55 --> Undefined variable $imageName
in APPPATH\Controllers\AdminController.php on line 138.
 1 APPPATH\Controllers\AdminController.php(138): CodeIgniter\Debug\Exceptions->errorHandler(2, 'Undefined variable $imageName', 'C:\\laragon\\www\\adonbacked\\app\\Controllers\\AdminController.php', 138)
 2 SYSTEMPATH\CodeIgniter.php(942): App\Controllers\AdminController->updateProduct()
 3 SYSTEMPATH\CodeIgniter.php(502): CodeIgniter\CodeIgniter->runController(Object(App\Controllers\AdminController))
 4 SYSTEMPATH\CodeIgniter.php(361): CodeIgniter\CodeIgniter->handleRequest(null, Object(Config\Cache), false)
 5 FCPATH\index.php(87): CodeIgniter\CodeIgniter->run()
 6 SYSTEMPATH\Commands\Server\rewrite.php(47): require_once('C:\\laragon\\www\\adonbacked\\public\\index.php')
CRITICAL - 2024-03-15 08:20:08 --> Invalid file: "error.php"
in SYSTEMPATH\Exceptions\FrameworkException.php on line 39.
 1 SYSTEMPATH\View\View.php(216): CodeIgniter\Exceptions\FrameworkException::forInvalidFile('error.php')
 2 SYSTEMPATH\Common.php(1190): CodeIgniter\View\View->render('error', [], true)
 3 APPPATH\Controllers\UserController.php(401): view('error', [...])
 4 SYSTEMPATH\CodeIgniter.php(942): App\Controllers\UserController->db_admin()
 5 SYSTEMPATH\CodeIgniter.php(502): CodeIgniter\CodeIgniter->runController(Object(App\Controllers\UserController))
 6 SYSTEMPATH\CodeIgniter.php(361): CodeIgniter\CodeIgniter->handleRequest(null, Object(Config\Cache), false)
 7 FCPATH\index.php(87): CodeIgniter\CodeIgniter->run()
 8 SYSTEMPATH\Commands\Server\rewrite.php(47): require_once('C:\\laragon\\www\\adonbacked\\public\\index.php')
CRITICAL - 2024-03-15 14:22:07 --> Undefined array key "AdminID"
in APPPATH\Controllers\UserController.php on line 433.
 1 APPPATH\Controllers\UserController.php(433): CodeIgniter\Debug\Exceptions->errorHandler(2, 'Undefined array key "AdminID"', 'C:\\laragon\\www\\adonbacked\\app\\Controllers\\UserController.php', 433)
 2 SYSTEMPATH\CodeIgniter.php(942): App\Controllers\UserController->checkSessionData()
 3 SYSTEMPATH\CodeIgniter.php(502): CodeIgniter\CodeIgniter->runController(Object(App\Controllers\UserController))
 4 SYSTEMPATH\CodeIgniter.php(361): CodeIgniter\CodeIgniter->handleRequest(null, Object(Config\Cache), false)
 5 FCPATH\index.php(87): CodeIgniter\CodeIgniter->run()
 6 SYSTEMPATH\Commands\Server\rewrite.php(47): require_once('C:\\laragon\\www\\adonbacked\\public\\index.php')
CRITICAL - 2024-03-15 14:22:10 --> Undefined array key "AdminID"
in APPPATH\Controllers\UserController.php on line 433.
 1 APPPATH\Controllers\UserController.php(433): CodeIgniter\Debug\Exceptions->errorHandler(2, 'Undefined array key "AdminID"', 'C:\\laragon\\www\\adonbacked\\app\\Controllers\\UserController.php', 433)
 2 SYSTEMPATH\CodeIgniter.php(942): App\Controllers\UserController->checkSessionData()
 3 SYSTEMPATH\CodeIgniter.php(502): CodeIgniter\CodeIgniter->runController(Object(App\Controllers\UserController))
 4 SYSTEMPATH\CodeIgniter.php(361): CodeIgniter\CodeIgniter->handleRequest(null, Object(Config\Cache), false)
 5 FCPATH\index.php(87): CodeIgniter\CodeIgniter->run()
 6 SYSTEMPATH\Commands\Server\rewrite.php(47): require_once('C:\\laragon\\www\\adonbacked\\public\\index.php')
CRITICAL - 2024-03-15 14:22:12 --> Undefined array key "AdminID"
in APPPATH\Controllers\UserController.php on line 433.
 1 APPPATH\Controllers\UserController.php(433): CodeIgniter\Debug\Exceptions->errorHandler(2, 'Undefined array key "AdminID"', 'C:\\laragon\\www\\adonbacked\\app\\Controllers\\UserController.php', 433)
 2 SYSTEMPATH\CodeIgniter.php(942): App\Controllers\UserController->checkSessionData()
 3 SYSTEMPATH\CodeIgniter.php(502): CodeIgniter\CodeIgniter->runController(Object(App\Controllers\UserController))
 4 SYSTEMPATH\CodeIgniter.php(361): CodeIgniter\CodeIgniter->handleRequest(null, Object(Config\Cache), false)
 5 FCPATH\index.php(87): CodeIgniter\CodeIgniter->run()
 6 SYSTEMPATH\Commands\Server\rewrite.php(47): require_once('C:\\laragon\\www\\adonbacked\\public\\index.php')
CRITICAL - 2024-03-15 18:34:24 --> Undefined variable $doctors
in APPPATH\Views\user\show_product.php on line 170.
 1 APPPATH\Views\user\show_product.php(170): CodeIgniter\Debug\Exceptions->errorHandler(2, 'Undefined variable $doctors', 'C:\\laragon\\www\\adonbacked\\app\\Views\\user\\show_product.php', 170)
 2 SYSTEMPATH\View\View.php(228): include('C:\\laragon\\www\\adonbacked\\app\\Views\\user\\show_product.php')
 3 SYSTEMPATH\View\View.php(231): CodeIgniter\View\View->CodeIgniter\View\{closure}()
 4 SYSTEMPATH\Common.php(1190): CodeIgniter\View\View->render('user/show_product', [], true)
 5 APPPATH\Controllers\UserController.php(462): view('user/show_product', [...])
 6 SYSTEMPATH\CodeIgniter.php(942): App\Controllers\UserController->showProdDetails('1')
 7 SYSTEMPATH\CodeIgniter.php(502): CodeIgniter\CodeIgniter->runController(Object(App\Controllers\UserController))
 8 SYSTEMPATH\CodeIgniter.php(361): CodeIgniter\CodeIgniter->handleRequest(null, Object(Config\Cache), false)
 9 FCPATH\index.php(87): CodeIgniter\CodeIgniter->run()
10 SYSTEMPATH\Commands\Server\rewrite.php(47): require_once('C:\\laragon\\www\\adonbacked\\public\\index.php')
CRITICAL - 2024-03-15 18:43:10 --> Undefined variable $products
in APPPATH\Views\user\show_product.php on line 170.
 1 APPPATH\Views\user\show_product.php(170): CodeIgniter\Debug\Exceptions->errorHandler(2, 'Undefined variable $products', 'C:\\laragon\\www\\adonbacked\\app\\Views\\user\\show_product.php', 170)
 2 SYSTEMPATH\View\View.php(228): include('C:\\laragon\\www\\adonbacked\\app\\Views\\user\\show_product.php')
 3 SYSTEMPATH\View\View.php(231): CodeIgniter\View\View->CodeIgniter\View\{closure}()
 4 SYSTEMPATH\Common.php(1190): CodeIgniter\View\View->render('user/show_product', [], true)
 5 APPPATH\Controllers\UserController.php(462): view('user/show_product', [...])
 6 SYSTEMPATH\CodeIgniter.php(942): App\Controllers\UserController->showProdDetails('1')
 7 SYSTEMPATH\CodeIgniter.php(502): CodeIgniter\CodeIgniter->runController(Object(App\Controllers\UserController))
 8 SYSTEMPATH\CodeIgniter.php(361): CodeIgniter\CodeIgniter->handleRequest(null, Object(Config\Cache), false)
 9 FCPATH\index.php(87): CodeIgniter\CodeIgniter->run()
10 SYSTEMPATH\Commands\Server\rewrite.php(47): require_once('C:\\laragon\\www\\adonbacked\\public\\index.php')
CRITICAL - 2024-03-15 18:43:57 --> Cannot access offset of type string on string
in APPPATH\Views\user\show_product.php on line 174.
 1 SYSTEMPATH\View\View.php(228): include()
 2 SYSTEMPATH\View\View.php(231): CodeIgniter\View\View->CodeIgniter\View\{closure}()
 3 SYSTEMPATH\Common.php(1190): CodeIgniter\View\View->render('user/show_product', [], true)
 4 APPPATH\Controllers\UserController.php(462): view('user/show_product', [...])
 5 SYSTEMPATH\CodeIgniter.php(942): App\Controllers\UserController->showProdDetails('1')
 6 SYSTEMPATH\CodeIgniter.php(502): CodeIgniter\CodeIgniter->runController(Object(App\Controllers\UserController))
 7 SYSTEMPATH\CodeIgniter.php(361): CodeIgniter\CodeIgniter->handleRequest(null, Object(Config\Cache), false)
 8 FCPATH\index.php(87): CodeIgniter\CodeIgniter->run()
 9 SYSTEMPATH\Commands\Server\rewrite.php(47): require_once('C:\\laragon\\www\\adonbacked\\public\\index.php')
CRITICAL - 2024-03-15 18:45:35 --> Cannot access offset of type string on string
in APPPATH\Views\user\show_product.php on line 174.
 1 SYSTEMPATH\View\View.php(228): include()
 2 SYSTEMPATH\View\View.php(231): CodeIgniter\View\View->CodeIgniter\View\{closure}()
 3 SYSTEMPATH\Common.php(1190): CodeIgniter\View\View->render('user/show_product', [], true)
 4 APPPATH\Controllers\UserController.php(462): view('user/show_product', [...])
 5 SYSTEMPATH\CodeIgniter.php(942): App\Controllers\UserController->showProdDetails('1')
 6 SYSTEMPATH\CodeIgniter.php(502): CodeIgniter\CodeIgniter->runController(Object(App\Controllers\UserController))
 7 SYSTEMPATH\CodeIgniter.php(361): CodeIgniter\CodeIgniter->handleRequest(null, Object(Config\Cache), false)
 8 FCPATH\index.php(87): CodeIgniter\CodeIgniter->run()
 9 SYSTEMPATH\Commands\Server\rewrite.php(47): require_once('C:\\laragon\\www\\adonbacked\\public\\index.php')
CRITICAL - 2024-03-15 18:45:41 --> Cannot access offset of type string on string
in APPPATH\Views\user\show_product.php on line 174.
 1 SYSTEMPATH\View\View.php(228): include()
 2 SYSTEMPATH\View\View.php(231): CodeIgniter\View\View->CodeIgniter\View\{closure}()
 3 SYSTEMPATH\Common.php(1190): CodeIgniter\View\View->render('user/show_product', [], true)
 4 APPPATH\Controllers\UserController.php(462): view('user/show_product', [...])
 5 SYSTEMPATH\CodeIgniter.php(942): App\Controllers\UserController->showProdDetails('1')
 6 SYSTEMPATH\CodeIgniter.php(502): CodeIgniter\CodeIgniter->runController(Object(App\Controllers\UserController))
 7 SYSTEMPATH\CodeIgniter.php(361): CodeIgniter\CodeIgniter->handleRequest(null, Object(Config\Cache), false)
 8 FCPATH\index.php(87): CodeIgniter\CodeIgniter->run()
 9 SYSTEMPATH\Commands\Server\rewrite.php(47): require_once('C:\\laragon\\www\\adonbacked\\public\\index.php')
CRITICAL - 2024-03-15 18:47:32 --> Undefined variable $product
in APPPATH\Views\user\show_product.php on line 174.
 1 APPPATH\Views\user\show_product.php(174): CodeIgniter\Debug\Exceptions->errorHandler(2, 'Undefined variable $product', 'C:\\laragon\\www\\adonbacked\\app\\Views\\user\\show_product.php', 174)
 2 SYSTEMPATH\View\View.php(228): include('C:\\laragon\\www\\adonbacked\\app\\Views\\user\\show_product.php')
 3 SYSTEMPATH\View\View.php(231): CodeIgniter\View\View->CodeIgniter\View\{closure}()
 4 SYSTEMPATH\Common.php(1190): CodeIgniter\View\View->render('user/show_product', [], true)
 5 APPPATH\Controllers\UserController.php(462): view('user/show_product', [...])
 6 SYSTEMPATH\CodeIgniter.php(942): App\Controllers\UserController->showProdDetails('1')
 7 SYSTEMPATH\CodeIgniter.php(502): CodeIgniter\CodeIgniter->runController(Object(App\Controllers\UserController))
 8 SYSTEMPATH\CodeIgniter.php(361): CodeIgniter\CodeIgniter->handleRequest(null, Object(Config\Cache), false)
 9 FCPATH\index.php(87): CodeIgniter\CodeIgniter->run()
10 SYSTEMPATH\Commands\Server\rewrite.php(47): require_once('C:\\laragon\\www\\adonbacked\\public\\index.php')
CRITICAL - 2024-03-15 18:47:41 --> Undefined variable $product
in APPPATH\Views\user\show_product.php on line 174.
 1 APPPATH\Views\user\show_product.php(174): CodeIgniter\Debug\Exceptions->errorHandler(2, 'Undefined variable $product', 'C:\\laragon\\www\\adonbacked\\app\\Views\\user\\show_product.php', 174)
 2 SYSTEMPATH\View\View.php(228): include('C:\\laragon\\www\\adonbacked\\app\\Views\\user\\show_product.php')
 3 SYSTEMPATH\View\View.php(231): CodeIgniter\View\View->CodeIgniter\View\{closure}()
 4 SYSTEMPATH\Common.php(1190): CodeIgniter\View\View->render('user/show_product', [], true)
 5 APPPATH\Controllers\UserController.php(462): view('user/show_product', [...])
 6 SYSTEMPATH\CodeIgniter.php(942): App\Controllers\UserController->showProdDetails('1')
 7 SYSTEMPATH\CodeIgniter.php(502): CodeIgniter\CodeIgniter->runController(Object(App\Controllers\UserController))
 8 SYSTEMPATH\CodeIgniter.php(361): CodeIgniter\CodeIgniter->handleRequest(null, Object(Config\Cache), false)
 9 FCPATH\index.php(87): CodeIgniter\CodeIgniter->run()
10 SYSTEMPATH\Commands\Server\rewrite.php(47): require_once('C:\\laragon\\www\\adonbacked\\public\\index.php')
CRITICAL - 2024-03-15 18:48:12 --> Undefined array key "ProductName"
in APPPATH\Views\user\show_product.php on line 178.
 1 APPPATH\Views\user\show_product.php(178): CodeIgniter\Debug\Exceptions->errorHandler(2, 'Undefined array key "ProductName"', 'C:\\laragon\\www\\adonbacked\\app\\Views\\user\\show_product.php', 178)
 2 SYSTEMPATH\View\View.php(228): include('C:\\laragon\\www\\adonbacked\\app\\Views\\user\\show_product.php')
 3 SYSTEMPATH\View\View.php(231): CodeIgniter\View\View->CodeIgniter\View\{closure}()
 4 SYSTEMPATH\Common.php(1190): CodeIgniter\View\View->render('user/show_product', [], true)
 5 APPPATH\Controllers\UserController.php(462): view('user/show_product', [...])
 6 SYSTEMPATH\CodeIgniter.php(942): App\Controllers\UserController->showProdDetails('1')
 7 SYSTEMPATH\CodeIgniter.php(502): CodeIgniter\CodeIgniter->runController(Object(App\Controllers\UserController))
 8 SYSTEMPATH\CodeIgniter.php(361): CodeIgniter\CodeIgniter->handleRequest(null, Object(Config\Cache), false)
 9 FCPATH\index.php(87): CodeIgniter\CodeIgniter->run()
10 SYSTEMPATH\Commands\Server\rewrite.php(47): require_once('C:\\laragon\\www\\adonbacked\\public\\index.php')
CRITICAL - 2024-03-15 18:48:51 --> Undefined array key "Description"
in APPPATH\Views\user\show_product.php on line 180.
 1 APPPATH\Views\user\show_product.php(180): CodeIgniter\Debug\Exceptions->errorHandler(2, 'Undefined array key "Description"', 'C:\\laragon\\www\\adonbacked\\app\\Views\\user\\show_product.php', 180)
 2 SYSTEMPATH\View\View.php(228): include('C:\\laragon\\www\\adonbacked\\app\\Views\\user\\show_product.php')
 3 SYSTEMPATH\View\View.php(231): CodeIgniter\View\View->CodeIgniter\View\{closure}()
 4 SYSTEMPATH\Common.php(1190): CodeIgniter\View\View->render('user/show_product', [], true)
 5 APPPATH\Controllers\UserController.php(462): view('user/show_product', [...])
 6 SYSTEMPATH\CodeIgniter.php(942): App\Controllers\UserController->showProdDetails('1')
 7 SYSTEMPATH\CodeIgniter.php(502): CodeIgniter\CodeIgniter->runController(Object(App\Controllers\UserController))
 8 SYSTEMPATH\CodeIgniter.php(361): CodeIgniter\CodeIgniter->handleRequest(null, Object(Config\Cache), false)
 9 FCPATH\index.php(87): CodeIgniter\CodeIgniter->run()
10 SYSTEMPATH\Commands\Server\rewrite.php(47): require_once('C:\\laragon\\www\\adonbacked\\public\\index.php')
CRITICAL - 2024-03-15 19:02:19 --> Undefined array key "Stock"
in APPPATH\Views\user\show_product.php on line 189.
 1 APPPATH\Views\user\show_product.php(189): CodeIgniter\Debug\Exceptions->errorHandler(2, 'Undefined array key "Stock"', 'C:\\laragon\\www\\adonbacked\\app\\Views\\user\\show_product.php', 189)
 2 SYSTEMPATH\View\View.php(228): include('C:\\laragon\\www\\adonbacked\\app\\Views\\user\\show_product.php')
 3 SYSTEMPATH\View\View.php(231): CodeIgniter\View\View->CodeIgniter\View\{closure}()
 4 SYSTEMPATH\Common.php(1190): CodeIgniter\View\View->render('user/show_product', [], true)
 5 APPPATH\Controllers\UserController.php(462): view('user/show_product', [...])
 6 SYSTEMPATH\CodeIgniter.php(942): App\Controllers\UserController->showProdDetails('1')
 7 SYSTEMPATH\CodeIgniter.php(502): CodeIgniter\CodeIgniter->runController(Object(App\Controllers\UserController))
 8 SYSTEMPATH\CodeIgniter.php(361): CodeIgniter\CodeIgniter->handleRequest(null, Object(Config\Cache), false)
 9 FCPATH\index.php(87): CodeIgniter\CodeIgniter->run()
10 SYSTEMPATH\Commands\Server\rewrite.php(47): require_once('C:\\laragon\\www\\adonbacked\\public\\index.php')
